{"total": {"lines":{"total":2321,"covered":374,"skipped":0,"pct":16.11},"statements":{"total":2421,"covered":383,"skipped":0,"pct":15.81},"functions":{"total":387,"covered":61,"skipped":0,"pct":15.76},"branches":{"total":930,"covered":150,"skipped":0,"pct":16.12},"branchesTrue":{"total":0,"covered":0,"skipped":0,"pct":100}}
,"C:\\Projects\\randomly-read\\server\\src\\index.ts": {"lines":{"total":49,"covered":0,"skipped":0,"pct":0},"functions":{"total":7,"covered":0,"skipped":0,"pct":0},"statements":{"total":50,"covered":0,"skipped":0,"pct":0},"branches":{"total":4,"covered":0,"skipped":0,"pct":0}}
,"C:\\Projects\\randomly-read\\server\\src\\config\\index.ts": {"lines":{"total":8,"covered":4,"skipped":0,"pct":50},"functions":{"total":0,"covered":0,"skipped":0,"pct":100},"statements":{"total":8,"covered":4,"skipped":0,"pct":50},"branches":{"total":34,"covered":29,"skipped":0,"pct":85.29}}
,"C:\\Projects\\randomly-read\\server\\src\\database\\connection.ts": {"lines":{"total":22,"covered":0,"skipped":0,"pct":0},"functions":{"total":5,"covered":0,"skipped":0,"pct":0},"statements":{"total":22,"covered":0,"skipped":0,"pct":0},"branches":{"total":0,"covered":0,"skipped":0,"pct":100}}
,"C:\\Projects\\randomly-read\\server\\src\\graphql\\context.ts": {"lines":{"total":5,"covered":0,"skipped":0,"pct":0},"functions":{"total":1,"covered":0,"skipped":0,"pct":0},"statements":{"total":5,"covered":0,"skipped":0,"pct":0},"branches":{"total":0,"covered":0,"skipped":0,"pct":100}}
,"C:\\Projects\\randomly-read\\server\\src\\graphql\\resolvers.ts": {"lines":{"total":211,"covered":0,"skipped":0,"pct":0},"functions":{"total":36,"covered":0,"skipped":0,"pct":0},"statements":{"total":235,"covered":0,"skipped":0,"pct":0},"branches":{"total":54,"covered":0,"skipped":0,"pct":0}}
,"C:\\Projects\\randomly-read\\server\\src\\graphql\\schema.ts": {"lines":{"total":2,"covered":0,"skipped":0,"pct":0},"functions":{"total":0,"covered":0,"skipped":0,"pct":100},"statements":{"total":2,"covered":0,"skipped":0,"pct":0},"branches":{"total":0,"covered":0,"skipped":0,"pct":100}}
,"C:\\Projects\\randomly-read\\server\\src\\graphql\\resolvers\\wordResolvers.ts": {"lines":{"total":140,"covered":0,"skipped":0,"pct":0},"functions":{"total":18,"covered":0,"skipped":0,"pct":0},"statements":{"total":145,"covered":0,"skipped":0,"pct":0},"branches":{"total":88,"covered":0,"skipped":0,"pct":0}}
,"C:\\Projects\\randomly-read\\server\\src\\middleware\\auth.ts": {"lines":{"total":9,"covered":0,"skipped":0,"pct":0},"functions":{"total":3,"covered":0,"skipped":0,"pct":0},"statements":{"total":9,"covered":0,"skipped":0,"pct":0},"branches":{"total":0,"covered":0,"skipped":0,"pct":100}}
,"C:\\Projects\\randomly-read\\server\\src\\middleware\\errorHandler.ts": {"lines":{"total":57,"covered":0,"skipped":0,"pct":0},"functions":{"total":9,"covered":0,"skipped":0,"pct":0},"statements":{"total":57,"covered":0,"skipped":0,"pct":0},"branches":{"total":26,"covered":0,"skipped":0,"pct":0}}
,"C:\\Projects\\randomly-read\\server\\src\\models\\Progress.ts": {"lines":{"total":47,"covered":0,"skipped":0,"pct":0},"functions":{"total":9,"covered":0,"skipped":0,"pct":0},"statements":{"total":51,"covered":0,"skipped":0,"pct":0},"branches":{"total":3,"covered":0,"skipped":0,"pct":0}}
,"C:\\Projects\\randomly-read\\server\\src\\models\\Routine.ts": {"lines":{"total":26,"covered":0,"skipped":0,"pct":0},"functions":{"total":9,"covered":0,"skipped":0,"pct":0},"statements":{"total":26,"covered":0,"skipped":0,"pct":0},"branches":{"total":5,"covered":0,"skipped":0,"pct":0}}
,"C:\\Projects\\randomly-read\\server\\src\\models\\User.ts": {"lines":{"total":24,"covered":0,"skipped":0,"pct":0},"functions":{"total":4,"covered":0,"skipped":0,"pct":0},"statements":{"total":25,"covered":0,"skipped":0,"pct":0},"branches":{"total":1,"covered":0,"skipped":0,"pct":0}}
,"C:\\Projects\\randomly-read\\server\\src\\models\\Word.ts": {"lines":{"total":38,"covered":16,"skipped":0,"pct":42.1},"functions":{"total":9,"covered":0,"skipped":0,"pct":0},"statements":{"total":44,"covered":16,"skipped":0,"pct":36.36},"branches":{"total":7,"covered":0,"skipped":0,"pct":0}}
,"C:\\Projects\\randomly-read\\server\\src\\routes\\auth.ts": {"lines":{"total":30,"covered":0,"skipped":0,"pct":0},"functions":{"total":2,"covered":0,"skipped":0,"pct":0},"statements":{"total":30,"covered":0,"skipped":0,"pct":0},"branches":{"total":2,"covered":0,"skipped":0,"pct":0}}
,"C:\\Projects\\randomly-read\\server\\src\\routes\\index.ts": {"lines":{"total":7,"covered":0,"skipped":0,"pct":0},"functions":{"total":1,"covered":0,"skipped":0,"pct":0},"statements":{"total":7,"covered":0,"skipped":0,"pct":0},"branches":{"total":4,"covered":0,"skipped":0,"pct":0}}
,"C:\\Projects\\randomly-read\\server\\src\\scripts\\createIndexes.ts": {"lines":{"total":74,"covered":0,"skipped":0,"pct":0},"functions":{"total":6,"covered":0,"skipped":0,"pct":0},"statements":{"total":74,"covered":0,"skipped":0,"pct":0},"branches":{"total":15,"covered":0,"skipped":0,"pct":0}}
,"C:\\Projects\\randomly-read\\server\\src\\services\\CacheService.ts": {"lines":{"total":191,"covered":17,"skipped":0,"pct":8.9},"functions":{"total":30,"covered":4,"skipped":0,"pct":13.33},"statements":{"total":193,"covered":17,"skipped":0,"pct":8.8},"branches":{"total":41,"covered":2,"skipped":0,"pct":4.87}}
,"C:\\Projects\\randomly-read\\server\\src\\services\\DefaultRoutineService.ts": {"lines":{"total":47,"covered":0,"skipped":0,"pct":0},"functions":{"total":14,"covered":0,"skipped":0,"pct":0},"statements":{"total":50,"covered":0,"skipped":0,"pct":0},"branches":{"total":34,"covered":0,"skipped":0,"pct":0}}
,"C:\\Projects\\randomly-read\\server\\src\\services\\ProgressService.ts": {"lines":{"total":171,"covered":0,"skipped":0,"pct":0},"functions":{"total":21,"covered":0,"skipped":0,"pct":0},"statements":{"total":185,"covered":0,"skipped":0,"pct":0},"branches":{"total":72,"covered":0,"skipped":0,"pct":0}}
,"C:\\Projects\\randomly-read\\server\\src\\services\\RoutineService.ts": {"lines":{"total":162,"covered":0,"skipped":0,"pct":0},"functions":{"total":19,"covered":0,"skipped":0,"pct":0},"statements":{"total":165,"covered":0,"skipped":0,"pct":0},"branches":{"total":92,"covered":0,"skipped":0,"pct":0}}
,"C:\\Projects\\randomly-read\\server\\src\\services\\SentenceService.ts": {"lines":{"total":73,"covered":0,"skipped":0,"pct":0},"functions":{"total":14,"covered":0,"skipped":0,"pct":0},"statements":{"total":76,"covered":0,"skipped":0,"pct":0},"branches":{"total":49,"covered":0,"skipped":0,"pct":0}}
,"C:\\Projects\\randomly-read\\server\\src\\services\\UserService.ts": {"lines":{"total":114,"covered":0,"skipped":0,"pct":0},"functions":{"total":12,"covered":0,"skipped":0,"pct":0},"statements":{"total":114,"covered":0,"skipped":0,"pct":0},"branches":{"total":32,"covered":0,"skipped":0,"pct":0}}
,"C:\\Projects\\randomly-read\\server\\src\\services\\WordQueryPerformanceService.ts": {"lines":{"total":129,"covered":46,"skipped":0,"pct":35.65},"functions":{"total":32,"covered":8,"skipped":0,"pct":25},"statements":{"total":137,"covered":46,"skipped":0,"pct":33.57},"branches":{"total":55,"covered":9,"skipped":0,"pct":16.36}}
,"C:\\Projects\\randomly-read\\server\\src\\services\\WordServiceOptimized.ts": {"lines":{"total":319,"covered":115,"skipped":0,"pct":36.05},"functions":{"total":52,"covered":20,"skipped":0,"pct":38.46},"statements":{"total":328,"covered":116,"skipped":0,"pct":35.36},"branches":{"total":112,"covered":16,"skipped":0,"pct":14.28}}
,"C:\\Projects\\randomly-read\\server\\src\\utils\\errorHandler.ts": {"lines":{"total":94,"covered":0,"skipped":0,"pct":0},"functions":{"total":21,"covered":0,"skipped":0,"pct":0},"statements":{"total":97,"covered":0,"skipped":0,"pct":0},"branches":{"total":60,"covered":0,"skipped":0,"pct":0}}
,"C:\\Projects\\randomly-read\\server\\src\\utils\\logger.ts": {"lines":{"total":13,"covered":10,"skipped":0,"pct":76.92},"functions":{"total":1,"covered":1,"skipped":0,"pct":100},"statements":{"total":13,"covered":10,"skipped":0,"pct":76.92},"branches":{"total":3,"covered":1,"skipped":0,"pct":33.33}}
,"C:\\Projects\\randomly-read\\server\\src\\utils\\performanceMonitor.ts": {"lines":{"total":66,"covered":21,"skipped":0,"pct":31.81},"functions":{"total":21,"covered":5,"skipped":0,"pct":23.8},"statements":{"total":70,"covered":21,"skipped":0,"pct":30},"branches":{"total":19,"covered":4,"skipped":0,"pct":21.05}}
,"C:\\Projects\\randomly-read\\server\\src\\utils\\phoneticFiltering.ts": {"lines":{"total":193,"covered":145,"skipped":0,"pct":75.12},"functions":{"total":31,"covered":23,"skipped":0,"pct":74.19},"statements":{"total":203,"covered":153,"skipped":0,"pct":75.36},"branches":{"total":118,"covered":89,"skipped":0,"pct":75.42}}
}
