TN:
SF:src\config\index.ts
FNF:0
FNH:0
DA:1,2
DA:4,2
DA:6,2
DA:65,2
DA:66,0
DA:68,0
DA:69,0
DA:70,0
LF:8
LH:4
BRDA:8,0,0,2
BRDA:8,0,1,2
BRDA:9,1,0,2
BRDA:9,1,1,0
BRDA:13,2,0,2
BRDA:13,2,1,2
BRDA:26,3,0,2
BRDA:26,3,1,2
BRDA:27,4,0,2
BRDA:27,4,1,2
BRDA:32,5,0,2
BRDA:32,5,1,2
BRDA:33,6,0,2
BRDA:33,6,1,2
BRDA:35,7,0,2
BRDA:35,7,1,2
BRDA:40,8,0,2
BRDA:40,8,1,2
BRDA:41,9,0,2
BRDA:41,9,1,2
BRDA:46,10,0,2
BRDA:46,10,1,0
BRDA:47,11,0,2
BRDA:47,11,1,2
BRDA:52,12,0,2
BRDA:52,12,1,0
BRDA:53,13,0,2
BRDA:53,13,1,2
BRDA:54,14,0,2
BRDA:54,14,1,2
BRDA:59,15,0,2
BRDA:59,15,1,2
BRDA:65,16,0,0
BRDA:69,17,0,0
BRF:34
BRH:29
end_of_record
TN:
SF:src\database\connection.ts
FN:5,connectDatabase
FN:14,(anonymous_2)
FN:18,(anonymous_3)
FN:22,(anonymous_4)
FN:32,disconnectDatabase
FNF:5
FNH:0
FNDA:0,connectDatabase
FNDA:0,(anonymous_2)
FNDA:0,(anonymous_3)
FNDA:0,(anonymous_4)
FNDA:0,disconnectDatabase
DA:1,0
DA:2,0
DA:3,0
DA:5,0
DA:6,0
DA:7,0
DA:9,0
DA:11,0
DA:14,0
DA:15,0
DA:18,0
DA:19,0
DA:22,0
DA:23,0
DA:27,0
DA:28,0
DA:32,0
DA:33,0
DA:34,0
DA:35,0
DA:37,0
DA:38,0
LF:22
LH:0
BRF:0
BRH:0
end_of_record
TN:
SF:src\graphql\context.ts
FN:14,createContext
FNF:1
FNH:0
FNDA:0,createContext
DA:2,0
DA:3,0
DA:14,0
DA:16,0
DA:18,0
LF:5
LH:0
BRF:0
BRH:0
end_of_record
TN:
SF:src\graphql\resolvers.ts
FN:14,(anonymous_0)
FN:17,(anonymous_1)
FN:20,(anonymous_2)
FN:33,(anonymous_3)
FN:43,(anonymous_4)
FN:59,(anonymous_5)
FN:70,(anonymous_6)
FN:81,(anonymous_7)
FN:93,(anonymous_8)
FN:105,(anonymous_9)
FN:130,(anonymous_10)
FN:147,(anonymous_11)
FN:167,(anonymous_12)
FN:184,(anonymous_13)
FN:202,(anonymous_14)
FN:207,(anonymous_15)
FN:219,(anonymous_16)
FN:237,(anonymous_17)
FN:247,(anonymous_18)
FN:261,(anonymous_19)
FN:274,(anonymous_20)
FN:287,(anonymous_21)
FN:299,(anonymous_22)
FN:311,(anonymous_23)
FN:323,(anonymous_24)
FN:336,(anonymous_25)
FN:349,(anonymous_26)
FN:363,(anonymous_27)
FN:375,(anonymous_28)
FN:387,(anonymous_29)
FN:399,(anonymous_30)
FN:412,(anonymous_31)
FN:427,(anonymous_32)
FN:430,(anonymous_33)
FN:436,(anonymous_34)
FN:442,(anonymous_35)
FNF:36
FNH:0
FNDA:0,(anonymous_0)
FNDA:0,(anonymous_1)
FNDA:0,(anonymous_2)
FNDA:0,(anonymous_3)
FNDA:0,(anonymous_4)
FNDA:0,(anonymous_5)
FNDA:0,(anonymous_6)
FNDA:0,(anonymous_7)
FNDA:0,(anonymous_8)
FNDA:0,(anonymous_9)
FNDA:0,(anonymous_10)
FNDA:0,(anonymous_11)
FNDA:0,(anonymous_12)
FNDA:0,(anonymous_13)
FNDA:0,(anonymous_14)
FNDA:0,(anonymous_15)
FNDA:0,(anonymous_16)
FNDA:0,(anonymous_17)
FNDA:0,(anonymous_18)
FNDA:0,(anonymous_19)
FNDA:0,(anonymous_20)
FNDA:0,(anonymous_21)
FNDA:0,(anonymous_22)
FNDA:0,(anonymous_23)
FNDA:0,(anonymous_24)
FNDA:0,(anonymous_25)
FNDA:0,(anonymous_26)
FNDA:0,(anonymous_27)
FNDA:0,(anonymous_28)
FNDA:0,(anonymous_29)
FNDA:0,(anonymous_30)
FNDA:0,(anonymous_31)
FNDA:0,(anonymous_32)
FNDA:0,(anonymous_33)
FNDA:0,(anonymous_34)
FNDA:0,(anonymous_35)
DA:1,0
DA:2,0
DA:3,0
DA:4,0
DA:5,0
DA:6,0
DA:7,0
DA:8,0
DA:11,0
DA:15,0
DA:18,0
DA:21,0
DA:22,0
DA:24,0
DA:28,0
DA:34,0
DA:35,0
DA:36,0
DA:38,0
DA:39,0
DA:44,0
DA:45,0
DA:46,0
DA:47,0
DA:48,0
DA:50,0
DA:52,0
DA:53,0
DA:55,0
DA:60,0
DA:61,0
DA:62,0
DA:64,0
DA:65,0
DA:71,0
DA:72,0
DA:73,0
DA:75,0
DA:76,0
DA:82,0
DA:84,0
DA:85,0
DA:86,0
DA:88,0
DA:89,0
DA:94,0
DA:95,0
DA:96,0
DA:97,0
DA:98,0
DA:100,0
DA:101,0
DA:106,0
DA:109,0
DA:110,0
DA:113,0
DA:114,0
DA:116,0
DA:117,0
DA:120,0
DA:121,0
DA:122,0
DA:124,0
DA:125,0
DA:131,0
DA:134,0
DA:135,0
DA:138,0
DA:139,0
DA:140,0
DA:142,0
DA:143,0
DA:148,0
DA:150,0
DA:151,0
DA:152,0
DA:153,0
DA:156,0
DA:157,0
DA:160,0
DA:162,0
DA:163,0
DA:168,0
DA:171,0
DA:172,0
DA:175,0
DA:176,0
DA:177,0
DA:179,0
DA:180,0
DA:185,0
DA:188,0
DA:189,0
DA:192,0
DA:193,0
DA:194,0
DA:196,0
DA:197,0
DA:203,0
DA:204,0
DA:208,0
DA:210,0
DA:211,0
DA:212,0
DA:214,0
DA:215,0
DA:220,0
DA:223,0
DA:224,0
DA:227,0
DA:228,0
DA:229,0
DA:231,0
DA:232,0
DA:238,0
DA:239,0
DA:240,0
DA:242,0
DA:243,0
DA:248,0
DA:249,0
DA:250,0
DA:251,0
DA:252,0
DA:254,0
DA:256,0
DA:257,0
DA:262,0
DA:263,0
DA:264,0
DA:266,0
DA:267,0
DA:275,0
DA:277,0
DA:278,0
DA:279,0
DA:281,0
DA:282,0
DA:288,0
DA:290,0
DA:291,0
DA:292,0
DA:294,0
DA:295,0
DA:300,0
DA:302,0
DA:303,0
DA:304,0
DA:306,0
DA:307,0
DA:312,0
DA:314,0
DA:315,0
DA:316,0
DA:318,0
DA:319,0
DA:324,0
DA:326,0
DA:327,0
DA:328,0
DA:329,0
DA:331,0
DA:332,0
DA:337,0
DA:339,0
DA:340,0
DA:341,0
DA:342,0
DA:344,0
DA:345,0
DA:350,0
DA:352,0
DA:353,0
DA:354,0
DA:355,0
DA:357,0
DA:358,0
DA:364,0
DA:366,0
DA:367,0
DA:368,0
DA:370,0
DA:371,0
DA:376,0
DA:378,0
DA:379,0
DA:380,0
DA:382,0
DA:383,0
DA:388,0
DA:390,0
DA:391,0
DA:392,0
DA:394,0
DA:395,0
DA:400,0
DA:402,0
DA:403,0
DA:404,0
DA:406,0
DA:407,0
DA:413,0
DA:415,0
DA:416,0
DA:417,0
DA:419,0
DA:420,0
DA:428,0
DA:431,0
DA:437,0
DA:443,0
LF:211
LH:0
BRDA:15,0,0,0
BRDA:15,0,1,0
BRDA:21,1,0,0
BRDA:47,2,0,0
BRDA:52,3,0,0
BRDA:82,4,0,0
BRDA:86,5,0,0
BRDA:86,5,1,0
BRDA:97,6,0,0
BRDA:106,7,0,0
BRDA:109,8,0,0
BRDA:109,8,1,0
BRDA:109,8,2,0
BRDA:110,9,0,0
BRDA:110,9,1,0
BRDA:116,10,0,0
BRDA:131,11,0,0
BRDA:134,12,0,0
BRDA:148,13,0,0
BRDA:153,14,0,0
BRDA:156,15,0,0
BRDA:168,16,0,0
BRDA:171,17,0,0
BRDA:185,18,0,0
BRDA:188,19,0,0
BRDA:203,20,0,0
BRDA:208,21,0,0
BRDA:220,22,0,0
BRDA:223,23,0,0
BRDA:251,24,0,0
BRDA:275,25,0,0
BRDA:288,26,0,0
BRDA:295,27,0,0
BRDA:295,27,1,0
BRDA:300,28,0,0
BRDA:307,29,0,0
BRDA:307,29,1,0
BRDA:312,30,0,0
BRDA:319,31,0,0
BRDA:319,31,1,0
BRDA:324,32,0,0
BRDA:332,33,0,0
BRDA:332,33,1,0
BRDA:337,34,0,0
BRDA:345,35,0,0
BRDA:345,35,1,0
BRDA:350,36,0,0
BRDA:358,37,0,0
BRDA:358,37,1,0
BRDA:364,38,0,0
BRDA:376,39,0,0
BRDA:388,40,0,0
BRDA:400,41,0,0
BRDA:413,42,0,0
BRF:54
BRH:0
end_of_record
TN:
SF:src\graphql\schema.ts
FNF:0
FNH:0
DA:1,0
DA:3,0
LF:2
LH:0
BRF:0
BRH:0
end_of_record
TN:
SF:src\graphql\resolvers\wordResolvers.ts
FN:16,(anonymous_0)
FN:40,(anonymous_1)
FN:85,(anonymous_2)
FN:133,(anonymous_3)
FN:173,(anonymous_4)
FN:186,(anonymous_5)
FN:203,(anonymous_6)
FN:207,(anonymous_7)
FN:233,(anonymous_8)
FN:289,(anonymous_9)
FN:302,(anonymous_10)
FN:316,(anonymous_11)
FN:317,(anonymous_12)
FN:324,(anonymous_13)
FN:359,(anonymous_14)
FN:364,(anonymous_15)
FN:371,(anonymous_16)
FN:394,(anonymous_17)
FNF:18
FNH:0
FNDA:0,(anonymous_0)
FNDA:0,(anonymous_1)
FNDA:0,(anonymous_2)
FNDA:0,(anonymous_3)
FNDA:0,(anonymous_4)
FNDA:0,(anonymous_5)
FNDA:0,(anonymous_6)
FNDA:0,(anonymous_7)
FNDA:0,(anonymous_8)
FNDA:0,(anonymous_9)
FNDA:0,(anonymous_10)
FNDA:0,(anonymous_11)
FNDA:0,(anonymous_12)
FNDA:0,(anonymous_13)
FNDA:0,(anonymous_14)
FNDA:0,(anonymous_15)
FNDA:0,(anonymous_16)
FNDA:0,(anonymous_17)
DA:1,0
DA:2,0
DA:3,0
DA:4,0
DA:11,0
DA:17,0
DA:19,0
DA:21,0
DA:22,0
DA:26,0
DA:27,0
DA:30,0
DA:31,0
DA:35,0
DA:36,0
DA:40,0
DA:41,0
DA:44,0
DA:45,0
DA:47,0
DA:50,0
DA:63,0
DA:65,0
DA:67,0
DA:74,0
DA:75,0
DA:78,0
DA:86,0
DA:88,0
DA:89,0
DA:90,0
DA:94,0
DA:95,0
DA:98,0
DA:99,0
DA:101,0
DA:102,0
DA:105,0
DA:107,0
DA:112,0
DA:114,0
DA:116,0
DA:122,0
DA:123,0
DA:126,0
DA:134,0
DA:136,0
DA:137,0
DA:138,0
DA:141,0
DA:142,0
DA:144,0
DA:146,0
DA:156,0
DA:158,0
DA:160,0
DA:166,0
DA:174,0
DA:176,0
DA:177,0
DA:178,0
DA:181,0
DA:182,0
DA:186,0
DA:187,0
DA:188,0
DA:190,0
DA:191,0
DA:195,0
DA:196,0
DA:198,0
DA:200,0
DA:203,0
DA:207,0
DA:212,0
DA:214,0
DA:220,0
DA:221,0
DA:224,0
DA:234,0
DA:236,0
DA:237,0
DA:240,0
DA:242,0
DA:243,0
DA:246,0
DA:247,0
DA:250,0
DA:251,0
DA:254,0
DA:255,0
DA:257,0
DA:259,0
DA:266,0
DA:268,0
DA:270,0
DA:278,0
DA:279,0
DA:282,0
DA:290,0
DA:292,0
DA:293,0
DA:294,0
DA:297,0
DA:298,0
DA:302,0
DA:303,0
DA:304,0
DA:308,0
DA:311,0
DA:312,0
DA:314,0
DA:315,0
DA:316,0
DA:317,0
DA:318,0
DA:319,0
DA:323,0
DA:324,0
DA:327,0
DA:329,0
DA:335,0
DA:337,0
DA:339,0
DA:345,0
DA:346,0
DA:349,0
DA:360,0
DA:361,0
DA:364,0
DA:365,0
DA:373,0
DA:374,0
DA:378,0
DA:379,0
DA:380,0
DA:381,0
DA:383,0
DA:384,0
DA:395,0
LF:140
LH:0
BRDA:21,0,0,0
BRDA:26,1,0,0
BRDA:26,2,0,0
BRDA:26,2,1,0
BRDA:30,3,0,0
BRDA:30,4,0,0
BRDA:30,4,1,0
BRDA:35,5,0,0
BRDA:35,6,0,0
BRDA:35,6,1,0
BRDA:35,6,2,0
BRDA:40,7,0,0
BRDA:40,8,0,0
BRDA:40,8,1,0
BRDA:40,9,0,0
BRDA:40,9,1,0
BRDA:54,10,0,0
BRDA:54,10,1,0
BRDA:56,11,0,0
BRDA:56,11,1,0
BRDA:57,12,0,0
BRDA:57,12,1,0
BRDA:58,13,0,0
BRDA:58,13,1,0
BRDA:59,14,0,0
BRDA:59,14,1,0
BRDA:68,15,0,0
BRDA:68,15,1,0
BRDA:74,16,0,0
BRDA:89,17,0,0
BRDA:94,18,0,0
BRDA:101,19,0,0
BRDA:117,20,0,0
BRDA:117,20,1,0
BRDA:122,21,0,0
BRDA:137,22,0,0
BRDA:150,23,0,0
BRDA:150,23,1,0
BRDA:151,24,0,0
BRDA:151,24,1,0
BRDA:152,25,0,0
BRDA:152,25,1,0
BRDA:161,26,0,0
BRDA:161,26,1,0
BRDA:177,27,0,0
BRDA:177,28,0,0
BRDA:177,28,1,0
BRDA:181,29,0,0
BRDA:187,30,0,0
BRDA:190,31,0,0
BRDA:215,32,0,0
BRDA:215,32,1,0
BRDA:217,33,0,0
BRDA:217,33,1,0
BRDA:220,34,0,0
BRDA:236,35,0,0
BRDA:242,36,0,0
BRDA:246,37,0,0
BRDA:250,38,0,0
BRDA:271,39,0,0
BRDA:271,39,1,0
BRDA:278,40,0,0
BRDA:293,41,0,0
BRDA:293,42,0,0
BRDA:293,42,1,0
BRDA:297,43,0,0
BRDA:303,44,0,0
BRDA:340,45,0,0
BRDA:340,45,1,0
BRDA:341,46,0,0
BRDA:341,46,1,0
BRDA:345,47,0,0
BRDA:360,48,0,0
BRDA:360,49,0,0
BRDA:360,49,1,0
BRDA:373,50,0,0
BRDA:373,51,0,0
BRDA:373,51,1,0
BRDA:380,52,0,0
BRDA:380,52,1,0
BRDA:381,53,0,0
BRDA:381,53,1,0
BRDA:396,54,0,0
BRDA:396,54,1,0
BRDA:397,55,0,0
BRDA:397,55,1,0
BRDA:398,56,0,0
BRDA:398,56,1,0
BRF:88
BRH:0
end_of_record
TN:
SF:src\middleware\auth.ts
FN:11,authMiddleware
FN:20,requireAuth
FN:29,optionalAuth
FNF:3
FNH:0
FNDA:0,authMiddleware
FNDA:0,requireAuth
FNDA:0,optionalAuth
DA:11,0
DA:13,0
DA:14,0
DA:20,0
DA:22,0
DA:23,0
DA:29,0
DA:31,0
DA:32,0
LF:9
LH:0
BRF:0
BRH:0
end_of_record
TN:
SF:src\middleware\errorHandler.ts
FN:14,errorHandler
FN:90,notFoundHandler
FN:106,asyncHandler
FN:107,(anonymous_3)
FN:115,createAPIError
FN:131,createValidationError
FN:138,createNotFoundError
FN:145,createForbiddenError
FN:152,createUnauthorizedError
FNF:9
FNH:0
FNDA:0,errorHandler
FNDA:0,notFoundHandler
FNDA:0,asyncHandler
FNDA:0,(anonymous_3)
FNDA:0,createAPIError
FNDA:0,createValidationError
FNDA:0,createNotFoundError
FNDA:0,createForbiddenError
FNDA:0,createUnauthorizedError
DA:2,0
DA:3,0
DA:14,0
DA:21,0
DA:32,0
DA:33,0
DA:34,0
DA:35,0
DA:38,0
DA:39,0
DA:40,0
DA:41,0
DA:42,0
DA:43,0
DA:44,0
DA:45,0
DA:46,0
DA:47,0
DA:48,0
DA:49,0
DA:50,0
DA:53,0
DA:54,0
DA:55,0
DA:56,0
DA:58,0
DA:59,0
DA:60,0
DA:61,0
DA:62,0
DA:63,0
DA:64,0
DA:65,0
DA:69,0
DA:70,0
DA:71,0
DA:75,0
DA:90,0
DA:91,0
DA:93,0
DA:106,0
DA:107,0
DA:108,0
DA:115,0
DA:121,0
DA:122,0
DA:123,0
DA:124,0
DA:125,0
DA:131,0
DA:132,0
DA:138,0
DA:139,0
DA:145,0
DA:146,0
DA:152,0
DA:153,0
LF:57
LH:0
BRDA:32,0,0,0
BRDA:32,0,1,0
BRDA:33,1,0,0
BRDA:33,1,1,0
BRDA:34,2,0,0
BRDA:34,2,1,0
BRDA:38,3,0,0
BRDA:38,3,1,0
BRDA:43,4,0,0
BRDA:43,4,1,0
BRDA:47,5,0,0
BRDA:47,5,1,0
BRDA:47,6,0,0
BRDA:47,6,1,0
BRDA:53,7,0,0
BRDA:58,8,0,0
BRDA:58,8,1,0
BRDA:62,9,0,0
BRDA:69,10,0,0
BRDA:69,11,0,0
BRDA:69,11,1,0
BRDA:82,12,0,0
BRDA:82,12,1,0
BRDA:117,13,0,0
BRDA:145,14,0,0
BRDA:152,15,0,0
BRF:26
BRH:0
end_of_record
TN:
SF:src\models\Progress.ts
FN:166,(anonymous_9)
FN:175,(anonymous_10)
FN:184,(anonymous_11)
FN:192,(anonymous_12)
FN:194,(anonymous_13)
FN:198,(anonymous_14)
FN:203,(anonymous_15)
FN:210,(anonymous_16)
FN:215,(anonymous_17)
FNF:9
FNH:0
FNDA:0,(anonymous_9)
FNDA:0,(anonymous_10)
FNDA:0,(anonymous_11)
FNDA:0,(anonymous_12)
FNDA:0,(anonymous_13)
FNDA:0,(anonymous_14)
FNDA:0,(anonymous_15)
FNDA:0,(anonymous_16)
FNDA:0,(anonymous_17)
DA:1,0
DA:80,0
DA:92,0
DA:107,0
DA:122,0
DA:151,0
DA:152,0
DA:153,0
DA:155,0
DA:156,0
DA:157,0
DA:158,0
DA:160,0
DA:161,0
DA:164,0
DA:167,0
DA:168,0
DA:169,0
DA:173,0
DA:176,0
DA:177,0
DA:178,0
DA:182,0
DA:185,0
DA:186,0
DA:187,0
DA:192,0
DA:193,0
DA:194,0
DA:195,0
DA:198,0
DA:199,0
DA:200,0
DA:203,0
DA:204,0
DA:205,0
DA:206,0
DA:207,0
DA:210,0
DA:211,0
DA:212,0
DA:215,0
DA:216,0
DA:217,0
DA:220,0
DA:221,0
DA:222,0
LF:47
LH:0
BRDA:193,0,0,0
BRDA:199,1,0,0
BRDA:216,2,0,0
BRF:3
BRH:0
end_of_record
TN:
SF:src\models\Routine.ts
FN:90,(anonymous_9)
FN:96,(anonymous_10)
FN:126,(anonymous_11)
FN:159,(anonymous_12)
FN:167,(anonymous_13)
FN:168,(anonymous_14)
FN:176,(anonymous_15)
FN:177,(anonymous_16)
FN:182,(anonymous_17)
FNF:9
FNH:0
FNDA:0,(anonymous_9)
FNDA:0,(anonymous_10)
FNDA:0,(anonymous_11)
FNDA:0,(anonymous_12)
FNDA:0,(anonymous_13)
FNDA:0,(anonymous_14)
FNDA:0,(anonymous_15)
FNDA:0,(anonymous_16)
FNDA:0,(anonymous_17)
DA:1,0
DA:37,0
DA:66,0
DA:91,0
DA:97,0
DA:103,0
DA:127,0
DA:151,0
DA:152,0
DA:153,0
DA:154,0
DA:157,0
DA:160,0
DA:161,0
DA:162,0
DA:167,0
DA:168,0
DA:169,0
DA:170,0
DA:172,0
DA:176,0
DA:177,0
DA:178,0
DA:182,0
DA:183,0
DA:186,0
LF:26
LH:0
BRDA:91,0,0,0
BRDA:91,0,1,0
BRDA:127,1,0,0
BRDA:127,1,1,0
BRDA:169,2,0,0
BRF:5
BRH:0
end_of_record
TN:
SF:src\models\User.ts
FN:134,(anonymous_10)
FN:143,(anonymous_11)
FN:155,(anonymous_12)
FN:159,(anonymous_13)
FNF:4
FNH:0
FNDA:0,(anonymous_10)
FNDA:0,(anonymous_11)
FNDA:0,(anonymous_12)
FNDA:0,(anonymous_13)
DA:1,0
DA:2,0
DA:3,0
DA:31,0
DA:127,0
DA:128,0
DA:129,0
DA:132,0
DA:135,0
DA:136,0
DA:137,0
DA:138,0
DA:143,0
DA:144,0
DA:146,0
DA:147,0
DA:148,0
DA:150,0
DA:155,0
DA:156,0
DA:159,0
DA:160,0
DA:161,0
DA:164,0
LF:24
LH:0
BRDA:144,0,0,0
BRF:1
BRH:0
end_of_record
TN:
SF:src\models\Word.ts
FN:147,(anonymous_9)
FN:155,(anonymous_10)
FN:157,(anonymous_11)
FN:162,(anonymous_12)
FN:163,(anonymous_13)
FN:170,(anonymous_14)
FN:185,(anonymous_15)
FN:187,(anonymous_16)
FN:191,(anonymous_17)
FNF:9
FNH:0
FNDA:0,(anonymous_9)
FNDA:0,(anonymous_10)
FNDA:0,(anonymous_11)
FNDA:0,(anonymous_12)
FNDA:0,(anonymous_13)
FNDA:0,(anonymous_14)
FNDA:0,(anonymous_15)
FNDA:0,(anonymous_16)
FNDA:0,(anonymous_17)
DA:1,1
DA:48,1
DA:63,1
DA:68,1
DA:136,1
DA:137,1
DA:138,1
DA:139,1
DA:140,1
DA:141,1
DA:144,1
DA:148,0
DA:149,0
DA:150,0
DA:155,1
DA:156,0
DA:157,0
DA:158,0
DA:162,1
DA:163,0
DA:165,0
DA:167,0
DA:168,0
DA:170,0
DA:173,0
DA:174,0
DA:176,0
DA:178,0
DA:179,0
DA:182,0
DA:185,1
DA:186,0
DA:187,0
DA:188,0
DA:191,1
DA:192,0
DA:193,0
DA:196,1
LF:38
LH:16
BRDA:156,0,0,0
BRDA:165,1,0,0
BRDA:165,1,1,0
BRDA:168,2,0,0
BRDA:168,2,1,0
BRDA:176,3,0,0
BRDA:186,4,0,0
BRF:7
BRH:0
end_of_record
TN:
SF:src\routes\auth.ts
FN:22,(anonymous_0)
FN:84,(anonymous_1)
FNF:2
FNH:0
FNDA:0,(anonymous_0)
FNDA:0,(anonymous_1)
DA:1,0
DA:2,0
DA:3,0
DA:4,0
DA:5,0
DA:7,0
DA:8,0
DA:14,0
DA:24,0
DA:25,0
DA:26,0
DA:29,0
DA:31,0
DA:32,0
DA:34,0
DA:36,0
DA:44,0
DA:45,0
DA:59,0
DA:86,0
DA:87,0
DA:88,0
DA:91,0
DA:93,0
DA:94,0
DA:102,0
DA:104,0
DA:112,0
DA:113,0
DA:123,0
LF:30
LH:0
BRDA:25,0,0,0
BRDA:87,1,0,0
BRF:2
BRH:0
end_of_record
TN:
SF:src\routes\index.ts
FN:10,(anonymous_0)
FNF:1
FNH:0
FNDA:0,(anonymous_0)
DA:1,0
DA:2,0
DA:4,0
DA:7,0
DA:10,0
DA:11,0
DA:19,0
LF:7
LH:0
BRDA:14,0,0,0
BRDA:14,0,1,0
BRDA:15,1,0,0
BRDA:15,1,1,0
BRF:4
BRH:0
end_of_record
TN:
SF:src\scripts\createIndexes.ts
FN:9,createOptimizedIndexes
FN:44,createWordIndexes
FN:160,createProgressIndexes
FN:240,createRoutineIndexes
FN:289,getIndexInformation
FN:300,(anonymous_6)
FNF:6
FNH:0
FNDA:0,createOptimizedIndexes
FNDA:0,createWordIndexes
FNDA:0,createProgressIndexes
FNDA:0,createRoutineIndexes
FNDA:0,getIndexInformation
FNDA:0,(anonymous_6)
DA:1,0
DA:3,0
DA:4,0
DA:10,0
DA:11,0
DA:14,0
DA:15,0
DA:17,0
DA:20,0
DA:23,0
DA:24,0
DA:26,0
DA:29,0
DA:30,0
DA:33,0
DA:34,0
DA:36,0
DA:37,0
DA:45,0
DA:47,0
DA:49,0
DA:138,0
DA:139,0
DA:140,0
DA:146,0
DA:148,0
DA:149,0
DA:151,0
DA:161,0
DA:163,0
DA:165,0
DA:167,0
DA:182,0
DA:183,0
DA:184,0
DA:188,0
DA:190,0
DA:191,0
DA:193,0
DA:199,0
DA:201,0
DA:216,0
DA:217,0
DA:218,0
DA:222,0
DA:224,0
DA:225,0
DA:227,0
DA:233,0
DA:241,0
DA:243,0
DA:244,0
DA:246,0
DA:265,0
DA:266,0
DA:267,0
DA:271,0
DA:273,0
DA:274,0
DA:276,0
DA:282,0
DA:290,0
DA:291,0
DA:293,0
DA:294,0
DA:295,0
DA:296,0
DA:298,0
DA:300,0
DA:308,0
DA:312,0
DA:316,0
DA:317,0
DA:320,0
LF:74
LH:0
BRDA:143,0,0,0
BRDA:143,0,1,0
BRDA:148,1,0,0
BRDA:148,1,1,0
BRDA:190,2,0,0
BRDA:190,2,1,0
BRDA:224,3,0,0
BRDA:224,3,1,0
BRDA:273,4,0,0
BRDA:273,4,1,0
BRDA:303,5,0,0
BRDA:303,5,1,0
BRDA:304,6,0,0
BRDA:304,6,1,0
BRDA:316,7,0,0
BRF:15
BRH:0
end_of_record
TN:
SF:src\services\CacheService.ts
FN:37,(anonymous_1)
FN:41,(anonymous_2)
FN:51,(anonymous_3)
FN:60,(anonymous_4)
FN:65,(anonymous_5)
FN:70,(anonymous_6)
FN:86,(anonymous_7)
FN:93,(anonymous_8)
FN:96,(anonymous_9)
FN:108,(anonymous_10)
FN:115,(anonymous_11)
FN:146,(anonymous_12)
FN:181,(anonymous_13)
FN:208,(anonymous_14)
FN:238,(anonymous_15)
FN:254,(anonymous_16)
FN:255,(anonymous_17)
FN:265,(anonymous_18)
FN:266,(anonymous_19)
FN:274,(anonymous_20)
FN:302,(anonymous_21)
FN:331,(anonymous_22)
FN:344,(anonymous_23)
FN:358,(anonymous_24)
FN:389,(anonymous_25)
FN:421,(anonymous_26)
FN:449,(anonymous_27)
FN:458,(anonymous_28)
FN:482,(anonymous_29)
FN:511,(anonymous_30)
FNF:30
FNH:4
FNDA:1,(anonymous_1)
FNDA:1,(anonymous_2)
FNDA:1,(anonymous_3)
FNDA:0,(anonymous_4)
FNDA:0,(anonymous_5)
FNDA:0,(anonymous_6)
FNDA:1,(anonymous_7)
FNDA:0,(anonymous_8)
FNDA:0,(anonymous_9)
FNDA:0,(anonymous_10)
FNDA:0,(anonymous_11)
FNDA:0,(anonymous_12)
FNDA:0,(anonymous_13)
FNDA:0,(anonymous_14)
FNDA:0,(anonymous_15)
FNDA:0,(anonymous_16)
FNDA:0,(anonymous_17)
FNDA:0,(anonymous_18)
FNDA:0,(anonymous_19)
FNDA:0,(anonymous_20)
FNDA:0,(anonymous_21)
FNDA:0,(anonymous_22)
FNDA:0,(anonymous_23)
FNDA:0,(anonymous_24)
FNDA:0,(anonymous_25)
FNDA:0,(anonymous_26)
FNDA:0,(anonymous_27)
FNDA:0,(anonymous_28)
FNDA:0,(anonymous_29)
FNDA:0,(anonymous_30)
DA:1,1
DA:2,1
DA:3,1
DA:23,1
DA:25,1
DA:26,1
DA:27,1
DA:38,1
DA:42,1
DA:43,1
DA:45,1
DA:52,1
DA:53,1
DA:60,0
DA:61,0
DA:62,0
DA:65,0
DA:66,0
DA:67,0
DA:70,0
DA:71,0
DA:72,0
DA:75,0
DA:77,1
DA:78,1
DA:79,1
DA:87,1
DA:94,0
DA:97,0
DA:98,0
DA:101,0
DA:102,0
DA:109,0
DA:120,0
DA:121,0
DA:124,0
DA:125,0
DA:126,0
DA:128,0
DA:134,0
DA:135,0
DA:137,0
DA:139,0
DA:147,0
DA:148,0
DA:149,0
DA:152,0
DA:153,0
DA:154,0
DA:156,0
DA:157,0
DA:158,0
DA:161,0
DA:162,0
DA:165,0
DA:166,0
DA:169,0
DA:170,0
DA:172,0
DA:173,0
DA:174,0
DA:182,0
DA:183,0
DA:186,0
DA:187,0
DA:188,0
DA:190,0
DA:196,0
DA:197,0
DA:199,0
DA:201,0
DA:209,0
DA:210,0
DA:211,0
DA:214,0
DA:215,0
DA:216,0
DA:218,0
DA:219,0
DA:220,0
DA:223,0
DA:224,0
DA:226,0
DA:227,0
DA:229,0
DA:230,0
DA:231,0
DA:242,0
DA:243,0
DA:246,0
DA:247,0
DA:253,0
DA:254,0
DA:255,0
DA:265,0
DA:266,0
DA:269,0
DA:274,0
DA:275,0
DA:276,0
DA:278,0
DA:280,0
DA:285,0
DA:289,0
DA:291,0
DA:295,0
DA:303,0
DA:304,0
DA:307,0
DA:308,0
DA:309,0
DA:311,0
DA:312,0
DA:313,0
DA:314,0
DA:315,0
DA:317,0
DA:321,0
DA:323,0
DA:324,0
DA:332,0
DA:333,0
DA:336,0
DA:337,0
DA:338,0
DA:339,0
DA:343,0
DA:344,0
DA:345,0
DA:347,0
DA:349,0
DA:351,0
DA:363,0
DA:364,0
DA:367,0
DA:370,0
DA:372,0
DA:373,0
DA:374,0
DA:376,0
DA:382,0
DA:390,0
DA:391,0
DA:394,0
DA:396,0
DA:397,0
DA:398,0
DA:400,0
DA:403,0
DA:404,0
DA:406,0
DA:413,0
DA:414,0
DA:422,0
DA:423,0
DA:426,0
DA:427,0
DA:430,0
DA:440,0
DA:442,0
DA:450,0
DA:451,0
DA:454,0
DA:455,0
DA:458,0
DA:459,0
DA:460,0
DA:462,0
DA:463,0
DA:471,0
DA:473,0
DA:475,0
DA:483,0
DA:484,0
DA:487,0
DA:488,0
DA:489,0
DA:491,0
DA:492,0
DA:493,0
DA:494,0
DA:495,0
DA:497,0
DA:501,0
DA:503,0
DA:504,0
DA:512,0
DA:513,0
DA:514,0
DA:515,0
DA:517,0
LF:191
LH:17
BRDA:42,0,0,1
BRDA:87,1,0,1
BRDA:87,1,1,0
BRDA:118,2,0,0
BRDA:120,3,0,0
BRDA:126,4,0,0
BRDA:126,4,1,0
BRDA:147,5,0,0
BRDA:156,6,0,0
BRDA:165,7,0,0
BRDA:169,8,0,0
BRDA:169,8,1,0
BRDA:181,9,0,0
BRDA:182,10,0,0
BRDA:188,11,0,0
BRDA:188,11,1,0
BRDA:209,12,0,0
BRDA:218,13,0,0
BRDA:240,14,0,0
BRDA:242,15,0,0
BRDA:278,16,0,0
BRDA:303,17,0,0
BRDA:313,18,0,0
BRDA:332,19,0,0
BRDA:363,20,0,0
BRDA:372,21,0,0
BRDA:390,22,0,0
BRDA:398,23,0,0
BRDA:398,23,1,0
BRDA:398,24,0,0
BRDA:398,24,1,0
BRDA:404,25,0,0
BRDA:404,25,1,0
BRDA:422,26,0,0
BRDA:450,27,0,0
BRDA:462,28,0,0
BRDA:483,29,0,0
BRDA:493,30,0,0
BRDA:512,31,0,0
BRDA:512,32,0,0
BRDA:512,32,1,0
BRF:41
BRH:2
end_of_record
TN:
SF:src\services\DefaultRoutineService.ts
FN:33,(anonymous_1)
FN:38,(anonymous_2)
FN:48,(anonymous_3)
FN:55,(anonymous_4)
FN:56,(anonymous_5)
FN:63,(anonymous_6)
FN:64,(anonymous_7)
FN:70,(anonymous_8)
FN:71,(anonymous_9)
FN:77,(anonymous_10)
FN:86,(anonymous_11)
FN:98,(anonymous_12)
FN:123,(anonymous_13)
FN:138,(anonymous_14)
FNF:14
FNH:0
FNDA:0,(anonymous_1)
FNDA:0,(anonymous_2)
FNDA:0,(anonymous_3)
FNDA:0,(anonymous_4)
FNDA:0,(anonymous_5)
FNDA:0,(anonymous_6)
FNDA:0,(anonymous_7)
FNDA:0,(anonymous_8)
FNDA:0,(anonymous_9)
FNDA:0,(anonymous_10)
FNDA:0,(anonymous_11)
FNDA:0,(anonymous_12)
FNDA:0,(anonymous_13)
FNDA:0,(anonymous_14)
DA:1,0
DA:2,0
DA:29,0
DA:34,0
DA:35,0
DA:39,0
DA:40,0
DA:42,0
DA:49,0
DA:56,0
DA:57,0
DA:64,0
DA:71,0
DA:78,0
DA:86,0
DA:99,0
DA:101,0
DA:102,0
DA:103,0
DA:107,0
DA:108,0
DA:109,0
DA:113,0
DA:114,0
DA:117,0
DA:124,0
DA:126,0
DA:127,0
DA:130,0
DA:131,0
DA:134,0
DA:135,0
DA:138,0
DA:139,0
DA:140,0
DA:143,0
DA:144,0
DA:147,0
DA:148,0
DA:151,0
DA:152,0
DA:155,0
DA:156,0
DA:159,0
DA:160,0
DA:164,0
DA:171,0
LF:47
LH:0
BRDA:39,0,0,0
BRDA:57,1,0,0
BRDA:57,1,1,0
BRDA:99,2,0,0
BRDA:99,2,1,0
BRDA:102,3,0,0
BRDA:108,4,0,0
BRDA:113,5,0,0
BRDA:126,6,0,0
BRDA:126,7,0,0
BRDA:126,7,1,0
BRDA:130,8,0,0
BRDA:130,9,0,0
BRDA:130,9,1,0
BRDA:134,10,0,0
BRDA:134,11,0,0
BRDA:134,11,1,0
BRDA:139,12,0,0
BRDA:139,13,0,0
BRDA:139,13,1,0
BRDA:143,14,0,0
BRDA:147,15,0,0
BRDA:147,16,0,0
BRDA:147,16,1,0
BRDA:151,17,0,0
BRDA:151,18,0,0
BRDA:151,18,1,0
BRDA:155,19,0,0
BRDA:155,20,0,0
BRDA:155,20,1,0
BRDA:155,20,2,0
BRDA:159,21,0,0
BRDA:159,22,0,0
BRDA:159,22,1,0
BRF:34
BRH:0
end_of_record
TN:
SF:src\services\ProgressService.ts
FN:41,(anonymous_0)
FN:51,(anonymous_1)
FN:98,(anonymous_2)
FN:136,(anonymous_3)
FN:188,(anonymous_4)
FN:216,(anonymous_5)
FN:250,(anonymous_6)
FN:264,(anonymous_7)
FN:306,(anonymous_8)
FN:338,(anonymous_9)
FN:341,(anonymous_10)
FN:343,(anonymous_11)
FN:384,(anonymous_12)
FN:388,(anonymous_13)
FN:395,(anonymous_14)
FN:396,(anonymous_15)
FN:408,(anonymous_16)
FN:417,(anonymous_17)
FN:435,(anonymous_18)
FN:456,(anonymous_19)
FN:463,(anonymous_20)
FNF:21
FNH:0
FNDA:0,(anonymous_0)
FNDA:0,(anonymous_1)
FNDA:0,(anonymous_2)
FNDA:0,(anonymous_3)
FNDA:0,(anonymous_4)
FNDA:0,(anonymous_5)
FNDA:0,(anonymous_6)
FNDA:0,(anonymous_7)
FNDA:0,(anonymous_8)
FNDA:0,(anonymous_9)
FNDA:0,(anonymous_10)
FNDA:0,(anonymous_11)
FNDA:0,(anonymous_12)
FNDA:0,(anonymous_13)
FNDA:0,(anonymous_14)
FNDA:0,(anonymous_15)
FNDA:0,(anonymous_16)
FNDA:0,(anonymous_17)
FNDA:0,(anonymous_18)
FNDA:0,(anonymous_19)
FNDA:0,(anonymous_20)
DA:1,0
DA:2,0
DA:3,0
DA:4,0
DA:38,0
DA:42,0
DA:43,0
DA:45,0
DA:52,0
DA:54,0
DA:55,0
DA:56,0
DA:60,0
DA:61,0
DA:62,0
DA:65,0
DA:66,0
DA:70,0
DA:71,0
DA:72,0
DA:75,0
DA:84,0
DA:85,0
DA:87,0
DA:90,0
DA:91,0
DA:99,0
DA:100,0
DA:101,0
DA:102,0
DA:106,0
DA:107,0
DA:111,0
DA:112,0
DA:113,0
DA:115,0
DA:116,0
DA:117,0
DA:118,0
DA:119,0
DA:122,0
DA:123,0
DA:125,0
DA:128,0
DA:129,0
DA:137,0
DA:138,0
DA:139,0
DA:140,0
DA:144,0
DA:145,0
DA:149,0
DA:150,0
DA:154,0
DA:157,0
DA:172,0
DA:174,0
DA:175,0
DA:177,0
DA:180,0
DA:181,0
DA:189,0
DA:190,0
DA:191,0
DA:192,0
DA:196,0
DA:197,0
DA:200,0
DA:202,0
DA:203,0
DA:205,0
DA:208,0
DA:209,0
DA:217,0
DA:218,0
DA:220,0
DA:221,0
DA:224,0
DA:225,0
DA:226,0
DA:227,0
DA:230,0
DA:231,0
DA:233,0
DA:239,0
DA:242,0
DA:243,0
DA:251,0
DA:252,0
DA:256,0
DA:257,0
DA:265,0
DA:266,0
DA:268,0
DA:269,0
DA:272,0
DA:273,0
DA:274,0
DA:275,0
DA:278,0
DA:279,0
DA:282,0
DA:283,0
DA:286,0
DA:287,0
DA:290,0
DA:295,0
DA:298,0
DA:299,0
DA:307,0
DA:309,0
DA:316,0
DA:317,0
DA:321,0
DA:328,0
DA:335,0
DA:336,0
DA:337,0
DA:338,0
DA:341,0
DA:342,0
DA:343,0
DA:347,0
DA:350,0
DA:353,0
DA:356,0
DA:370,0
DA:371,0
DA:373,0
DA:376,0
DA:377,0
DA:385,0
DA:388,0
DA:391,0
DA:392,0
DA:393,0
DA:395,0
DA:396,0
DA:398,0
DA:400,0
DA:401,0
DA:402,0
DA:415,0
DA:417,0
DA:418,0
DA:419,0
DA:421,0
DA:433,0
DA:435,0
DA:436,0
DA:437,0
DA:438,0
DA:439,0
DA:440,0
DA:443,0
DA:444,0
DA:455,0
DA:456,0
DA:464,0
DA:466,0
DA:467,0
DA:468,0
DA:469,0
DA:470,0
DA:472,0
DA:475,0
DA:476,0
DA:477,0
DA:480,0
DA:481,0
DA:484,0
LF:171
LH:0
BRDA:42,0,0,0
BRDA:55,1,0,0
BRDA:61,2,0,0
BRDA:65,3,0,0
BRDA:65,4,0,0
BRDA:65,4,1,0
BRDA:71,5,0,0
BRDA:91,6,0,0
BRDA:91,6,1,0
BRDA:101,7,0,0
BRDA:106,8,0,0
BRDA:111,9,0,0
BRDA:112,10,0,0
BRDA:113,11,0,0
BRDA:115,12,0,0
BRDA:129,13,0,0
BRDA:129,13,1,0
BRDA:139,14,0,0
BRDA:144,15,0,0
BRDA:149,16,0,0
BRDA:181,17,0,0
BRDA:181,17,1,0
BRDA:191,18,0,0
BRDA:196,19,0,0
BRDA:209,20,0,0
BRDA:209,20,1,0
BRDA:216,21,0,0
BRDA:220,22,0,0
BRDA:224,23,0,0
BRDA:224,24,0,0
BRDA:224,24,1,0
BRDA:226,25,0,0
BRDA:227,26,0,0
BRDA:230,27,0,0
BRDA:230,27,1,0
BRDA:231,28,0,0
BRDA:231,28,1,0
BRDA:264,29,0,0
BRDA:268,30,0,0
BRDA:272,31,0,0
BRDA:272,32,0,0
BRDA:272,32,1,0
BRDA:274,33,0,0
BRDA:275,34,0,0
BRDA:278,35,0,0
BRDA:282,36,0,0
BRDA:286,37,0,0
BRDA:316,38,0,0
BRDA:337,39,0,0
BRDA:337,39,1,0
BRDA:342,40,0,0
BRDA:342,40,1,0
BRDA:385,41,0,0
BRDA:400,42,0,0
BRDA:401,43,0,0
BRDA:419,44,0,0
BRDA:419,44,1,0
BRDA:437,45,0,0
BRDA:437,45,1,0
BRDA:438,46,0,0
BRDA:438,46,1,0
BRDA:439,47,0,0
BRDA:439,47,1,0
BRDA:443,48,0,0
BRDA:443,49,0,0
BRDA:443,49,1,0
BRDA:466,50,0,0
BRDA:466,50,1,0
BRDA:469,51,0,0
BRDA:469,51,1,0
BRDA:475,52,0,0
BRDA:480,53,0,0
BRF:72
BRH:0
end_of_record
TN:
SF:src\services\RoutineService.ts
FN:38,(anonymous_1)
FN:48,(anonymous_2)
FN:65,(anonymous_3)
FN:104,(anonymous_4)
FN:130,(anonymous_5)
FN:152,(anonymous_6)
FN:195,(anonymous_7)
FN:228,(anonymous_8)
FN:281,(anonymous_9)
FN:299,(anonymous_10)
FN:340,(anonymous_11)
FN:375,(anonymous_12)
FN:426,(anonymous_13)
FN:429,(anonymous_14)
FN:436,(anonymous_15)
FN:443,(anonymous_16)
FN:450,(anonymous_17)
FN:464,(anonymous_18)
FN:491,(anonymous_19)
FNF:19
FNH:0
FNDA:0,(anonymous_1)
FNDA:0,(anonymous_2)
FNDA:0,(anonymous_3)
FNDA:0,(anonymous_4)
FNDA:0,(anonymous_5)
FNDA:0,(anonymous_6)
FNDA:0,(anonymous_7)
FNDA:0,(anonymous_8)
FNDA:0,(anonymous_9)
FNDA:0,(anonymous_10)
FNDA:0,(anonymous_11)
FNDA:0,(anonymous_12)
FNDA:0,(anonymous_13)
FNDA:0,(anonymous_14)
FNDA:0,(anonymous_15)
FNDA:0,(anonymous_16)
FNDA:0,(anonymous_17)
FNDA:0,(anonymous_18)
FNDA:0,(anonymous_19)
DA:1,0
DA:2,0
DA:3,0
DA:4,0
DA:5,0
DA:35,0
DA:39,0
DA:40,0
DA:42,0
DA:49,0
DA:51,0
DA:52,0
DA:53,0
DA:57,0
DA:58,0
DA:59,0
DA:60,0
DA:65,0
DA:70,0
DA:78,0
DA:79,0
DA:82,0
DA:85,0
DA:86,0
DA:92,0
DA:93,0
DA:96,0
DA:97,0
DA:105,0
DA:106,0
DA:110,0
DA:111,0
DA:115,0
DA:116,0
DA:119,0
DA:122,0
DA:123,0
DA:131,0
DA:132,0
DA:133,0
DA:134,0
DA:138,0
DA:139,0
DA:143,0
DA:144,0
DA:145,0
DA:146,0
DA:151,0
DA:152,0
DA:159,0
DA:162,0
DA:163,0
DA:166,0
DA:169,0
DA:171,0
DA:177,0
DA:183,0
DA:184,0
DA:187,0
DA:188,0
DA:196,0
DA:197,0
DA:198,0
DA:199,0
DA:203,0
DA:204,0
DA:208,0
DA:214,0
DA:215,0
DA:217,0
DA:220,0
DA:221,0
DA:233,0
DA:234,0
DA:236,0
DA:237,0
DA:240,0
DA:241,0
DA:244,0
DA:245,0
DA:248,0
DA:249,0
DA:252,0
DA:253,0
DA:254,0
DA:255,0
DA:257,0
DA:259,0
DA:266,0
DA:273,0
DA:274,0
DA:282,0
DA:283,0
DA:284,0
DA:285,0
DA:288,0
DA:291,0
DA:292,0
DA:300,0
DA:301,0
DA:302,0
DA:303,0
DA:307,0
DA:308,0
DA:312,0
DA:313,0
DA:314,0
DA:318,0
DA:324,0
DA:329,0
DA:332,0
DA:333,0
DA:341,0
DA:342,0
DA:343,0
DA:344,0
DA:348,0
DA:349,0
DA:353,0
DA:359,0
DA:364,0
DA:367,0
DA:368,0
DA:376,0
DA:378,0
DA:379,0
DA:380,0
DA:383,0
DA:384,0
DA:387,0
DA:388,0
DA:390,0
DA:391,0
DA:392,0
DA:395,0
DA:396,0
DA:399,0
DA:400,0
DA:403,0
DA:404,0
DA:407,0
DA:408,0
DA:411,0
DA:412,0
DA:415,0
DA:416,0
DA:420,0
DA:427,0
DA:429,0
DA:437,0
DA:444,0
DA:451,0
DA:452,0
DA:453,0
DA:454,0
DA:457,0
DA:460,0
DA:464,0
DA:480,0
DA:483,0
DA:484,0
DA:492,0
LF:162
LH:0
BRDA:39,0,0,0
BRDA:52,1,0,0
BRDA:57,2,0,0
BRDA:57,3,0,0
BRDA:57,3,1,0
BRDA:59,4,0,0
BRDA:67,5,0,0
BRDA:67,5,1,0
BRDA:74,6,0,0
BRDA:74,6,1,0
BRDA:78,7,0,0
BRDA:85,8,0,0
BRDA:85,9,0,0
BRDA:85,9,1,0
BRDA:97,10,0,0
BRDA:97,10,1,0
BRDA:110,11,0,0
BRDA:115,12,0,0
BRDA:115,13,0,0
BRDA:115,13,1,0
BRDA:133,14,0,0
BRDA:138,15,0,0
BRDA:143,16,0,0
BRDA:145,17,0,0
BRDA:151,18,0,0
BRDA:154,19,0,0
BRDA:154,19,1,0
BRDA:162,20,0,0
BRDA:162,21,0,0
BRDA:162,21,1,0
BRDA:169,22,0,0
BRDA:188,23,0,0
BRDA:188,23,1,0
BRDA:198,24,0,0
BRDA:203,25,0,0
BRDA:221,26,0,0
BRDA:221,26,1,0
BRDA:236,27,0,0
BRDA:240,28,0,0
BRDA:244,29,0,0
BRDA:248,30,0,0
BRDA:252,31,0,0
BRDA:252,31,1,0
BRDA:253,32,0,0
BRDA:253,32,1,0
BRDA:254,33,0,0
BRDA:254,33,1,0
BRDA:255,34,0,0
BRDA:255,34,1,0
BRDA:284,35,0,0
BRDA:288,36,0,0
BRDA:288,36,1,0
BRDA:302,37,0,0
BRDA:307,38,0,0
BRDA:313,39,0,0
BRDA:333,40,0,0
BRDA:333,40,1,0
BRDA:343,41,0,0
BRDA:348,42,0,0
BRDA:368,43,0,0
BRDA:368,43,1,0
BRDA:378,44,0,0
BRDA:378,45,0,0
BRDA:378,45,1,0
BRDA:383,46,0,0
BRDA:390,47,0,0
BRDA:395,48,0,0
BRDA:399,49,0,0
BRDA:403,50,0,0
BRDA:403,51,0,0
BRDA:403,51,1,0
BRDA:407,52,0,0
BRDA:407,53,0,0
BRDA:407,53,1,0
BRDA:411,54,0,0
BRDA:411,55,0,0
BRDA:411,55,1,0
BRDA:411,55,2,0
BRDA:415,56,0,0
BRDA:415,57,0,0
BRDA:415,57,1,0
BRDA:428,58,0,0
BRDA:428,58,1,0
BRDA:429,59,0,0
BRDA:429,59,1,0
BRDA:453,60,0,0
BRDA:469,61,0,0
BRDA:469,61,1,0
BRDA:472,62,0,0
BRDA:472,62,1,0
BRDA:484,63,0,0
BRDA:484,63,1,0
BRF:92
BRH:0
end_of_record
TN:
SF:src\services\SentenceService.ts
FN:86,(anonymous_0)
FN:93,(anonymous_1)
FN:100,(anonymous_2)
FN:121,(anonymous_3)
FN:131,(anonymous_4)
FN:144,(anonymous_5)
FN:177,(anonymous_6)
FN:179,(anonymous_7)
FN:185,(anonymous_8)
FN:192,(anonymous_9)
FN:226,(anonymous_10)
FN:234,(anonymous_11)
FN:253,(anonymous_12)
FN:276,(anonymous_13)
FNF:14
FNH:0
FNDA:0,(anonymous_0)
FNDA:0,(anonymous_1)
FNDA:0,(anonymous_2)
FNDA:0,(anonymous_3)
FNDA:0,(anonymous_4)
FNDA:0,(anonymous_5)
FNDA:0,(anonymous_6)
FNDA:0,(anonymous_7)
FNDA:0,(anonymous_8)
FNDA:0,(anonymous_9)
FNDA:0,(anonymous_10)
FNDA:0,(anonymous_11)
FNDA:0,(anonymous_12)
FNDA:0,(anonymous_13)
DA:1,0
DA:3,0
DA:20,0
DA:25,0
DA:48,0
DA:87,0
DA:88,0
DA:90,0
DA:94,0
DA:101,0
DA:103,0
DA:110,0
DA:113,0
DA:114,0
DA:122,0
DA:125,0
DA:126,0
DA:130,0
DA:131,0
DA:132,0
DA:133,0
DA:138,0
DA:145,0
DA:146,0
DA:147,0
DA:149,0
DA:150,0
DA:151,0
DA:152,0
DA:154,0
DA:160,0
DA:163,0
DA:167,0
DA:171,0
DA:179,0
DA:186,0
DA:193,0
DA:195,0
DA:197,0
DA:201,0
DA:204,0
DA:207,0
DA:210,0
DA:213,0
DA:216,0
DA:219,0
DA:227,0
DA:228,0
DA:235,0
DA:237,0
DA:238,0
DA:239,0
DA:240,0
DA:242,0
DA:247,0
DA:254,0
DA:256,0
DA:257,0
DA:258,0
DA:262,0
DA:263,0
DA:265,0
DA:266,0
DA:270,0
DA:271,0
DA:276,0
DA:277,0
DA:278,0
DA:279,0
DA:284,0
DA:285,0
DA:286,0
DA:289,0
LF:73
LH:0
BRDA:87,0,0,0
BRDA:114,1,0,0
BRDA:114,1,1,0
BRDA:125,2,0,0
BRDA:125,3,0,0
BRDA:125,3,1,0
BRDA:130,4,0,0
BRDA:132,5,0,0
BRDA:132,6,0,0
BRDA:132,6,1,0
BRDA:147,7,0,0
BRDA:147,7,1,0
BRDA:150,8,0,0
BRDA:150,8,1,0
BRDA:152,9,0,0
BRDA:152,9,1,0
BRDA:157,10,0,0
BRDA:157,10,1,0
BRDA:158,11,0,0
BRDA:158,11,1,0
BRDA:186,12,0,0
BRDA:186,12,1,0
BRDA:195,13,0,0
BRDA:195,13,1,0
BRDA:195,13,2,0
BRDA:195,13,3,0
BRDA:195,13,4,0
BRDA:195,13,5,0
BRDA:195,13,6,0
BRDA:195,13,7,0
BRDA:195,13,8,0
BRDA:227,14,0,0
BRDA:227,15,0,0
BRDA:227,15,1,0
BRDA:228,16,0,0
BRDA:228,16,1,0
BRDA:234,17,0,0
BRDA:256,18,0,0
BRDA:256,19,0,0
BRDA:256,19,1,0
BRDA:262,20,0,0
BRDA:262,20,1,0
BRDA:263,21,0,0
BRDA:263,21,1,0
BRDA:265,22,0,0
BRDA:270,23,0,0
BRDA:270,23,1,0
BRDA:278,24,0,0
BRDA:285,25,0,0
BRF:49
BRH:0
end_of_record
TN:
SF:src\services\UserService.ts
FN:51,(anonymous_0)
FN:61,(anonymous_1)
FN:92,(anonymous_2)
FN:125,(anonymous_3)
FN:139,(anonymous_4)
FN:151,(anonymous_5)
FN:184,(anonymous_6)
FN:205,(anonymous_7)
FN:254,(anonymous_8)
FN:286,(anonymous_9)
FN:304,(anonymous_10)
FN:324,(anonymous_11)
FNF:12
FNH:0
FNDA:0,(anonymous_0)
FNDA:0,(anonymous_1)
FNDA:0,(anonymous_2)
FNDA:0,(anonymous_3)
FNDA:0,(anonymous_4)
FNDA:0,(anonymous_5)
FNDA:0,(anonymous_6)
FNDA:0,(anonymous_7)
FNDA:0,(anonymous_8)
FNDA:0,(anonymous_9)
FNDA:0,(anonymous_10)
FNDA:0,(anonymous_11)
DA:1,0
DA:2,0
DA:48,0
DA:52,0
DA:53,0
DA:55,0
DA:62,0
DA:64,0
DA:65,0
DA:66,0
DA:70,0
DA:71,0
DA:72,0
DA:73,0
DA:77,0
DA:78,0
DA:80,0
DA:81,0
DA:84,0
DA:85,0
DA:93,0
DA:95,0
DA:100,0
DA:101,0
DA:105,0
DA:106,0
DA:107,0
DA:110,0
DA:112,0
DA:117,0
DA:118,0
DA:126,0
DA:127,0
DA:131,0
DA:132,0
DA:140,0
DA:141,0
DA:143,0
DA:144,0
DA:152,0
DA:153,0
DA:154,0
DA:155,0
DA:159,0
DA:160,0
DA:164,0
DA:165,0
DA:169,0
DA:170,0
DA:172,0
DA:173,0
DA:176,0
DA:177,0
DA:185,0
DA:186,0
DA:187,0
DA:188,0
DA:191,0
DA:192,0
DA:194,0
DA:197,0
DA:198,0
DA:210,0
DA:211,0
DA:213,0
DA:214,0
DA:216,0
DA:221,0
DA:222,0
DA:225,0
DA:226,0
DA:227,0
DA:228,0
DA:230,0
DA:232,0
DA:239,0
DA:246,0
DA:247,0
DA:255,0
DA:256,0
DA:257,0
DA:259,0
DA:260,0
DA:263,0
DA:264,0
DA:268,0
DA:269,0
DA:275,0
DA:278,0
DA:279,0
DA:287,0
DA:288,0
DA:293,0
DA:296,0
DA:297,0
DA:305,0
DA:306,0
DA:309,0
DA:310,0
DA:313,0
DA:316,0
DA:317,0
DA:325,0
DA:326,0
DA:327,0
DA:328,0
DA:332,0
DA:333,0
DA:334,0
DA:338,0
DA:339,0
DA:341,0
DA:344,0
DA:345,0
LF:114
LH:0
BRDA:52,0,0,0
BRDA:65,1,0,0
BRDA:70,2,0,0
BRDA:72,3,0,0
BRDA:100,4,0,0
BRDA:106,5,0,0
BRDA:154,6,0,0
BRDA:159,7,0,0
BRDA:159,8,0,0
BRDA:159,8,1,0
BRDA:164,9,0,0
BRDA:187,10,0,0
BRDA:205,11,0,0
BRDA:213,12,0,0
BRDA:213,12,1,0
BRDA:221,13,0,0
BRDA:225,14,0,0
BRDA:225,14,1,0
BRDA:226,15,0,0
BRDA:226,15,1,0
BRDA:227,16,0,0
BRDA:227,16,1,0
BRDA:228,17,0,0
BRDA:228,17,1,0
BRDA:259,18,0,0
BRDA:263,19,0,0
BRDA:268,20,0,0
BRDA:309,21,0,0
BRDA:313,22,0,0
BRDA:313,22,1,0
BRDA:327,23,0,0
BRDA:333,24,0,0
BRF:32
BRH:0
end_of_record
TN:
SF:src\services\WordQueryPerformanceService.ts
FN:57,(anonymous_0)
FN:61,(anonymous_1)
FN:64,(anonymous_2)
FN:74,(anonymous_3)
FN:112,(anonymous_4)
FN:168,(anonymous_5)
FN:179,(anonymous_6)
FN:182,(anonymous_7)
FN:186,(anonymous_8)
FN:202,(anonymous_9)
FN:206,(anonymous_10)
FN:212,(anonymous_11)
FN:215,(anonymous_12)
FN:219,(anonymous_13)
FN:224,(anonymous_14)
FN:230,(anonymous_15)
FN:234,(anonymous_16)
FN:261,(anonymous_17)
FN:309,(anonymous_18)
FN:387,(anonymous_19)
FN:399,(anonymous_20)
FN:422,(anonymous_21)
FN:424,(anonymous_22)
FN:430,(anonymous_23)
FN:441,(anonymous_24)
FN:456,(anonymous_25)
FN:461,(anonymous_26)
FN:472,(anonymous_27)
FN:476,(anonymous_28)
FN:479,(anonymous_29)
FN:492,(anonymous_30)
FN:499,(anonymous_31)
FNF:32
FNH:8
FNDA:1,(anonymous_0)
FNDA:0,(anonymous_1)
FNDA:1,(anonymous_2)
FNDA:12,(anonymous_3)
FNDA:0,(anonymous_4)
FNDA:0,(anonymous_5)
FNDA:0,(anonymous_6)
FNDA:0,(anonymous_7)
FNDA:0,(anonymous_8)
FNDA:0,(anonymous_9)
FNDA:0,(anonymous_10)
FNDA:0,(anonymous_11)
FNDA:0,(anonymous_12)
FNDA:0,(anonymous_13)
FNDA:0,(anonymous_14)
FNDA:0,(anonymous_15)
FNDA:0,(anonymous_16)
FNDA:9,(anonymous_17)
FNDA:12,(anonymous_18)
FNDA:12,(anonymous_19)
FNDA:12,(anonymous_20)
FNDA:0,(anonymous_21)
FNDA:0,(anonymous_22)
FNDA:29,(anonymous_23)
FNDA:0,(anonymous_24)
FNDA:0,(anonymous_25)
FNDA:0,(anonymous_26)
FNDA:0,(anonymous_27)
FNDA:0,(anonymous_28)
FNDA:0,(anonymous_29)
FNDA:0,(anonymous_30)
FNDA:0,(anonymous_31)
DA:1,1
DA:2,1
DA:3,1
DA:39,1
DA:42,1
DA:43,1
DA:44,1
DA:45,1
DA:48,1
DA:58,1
DA:61,1
DA:65,1
DA:66,1
DA:68,1
DA:83,12
DA:95,12
DA:98,12
DA:99,0
DA:103,12
DA:106,12
DA:117,0
DA:119,0
DA:121,0
DA:122,0
DA:125,0
DA:126,0
DA:129,0
DA:130,0
DA:133,0
DA:134,0
DA:135,0
DA:139,0
DA:146,0
DA:147,0
DA:150,0
DA:156,0
DA:157,0
DA:175,0
DA:177,0
DA:178,0
DA:179,0
DA:182,0
DA:183,0
DA:185,0
DA:186,0
DA:187,0
DA:190,0
DA:203,0
DA:204,0
DA:206,0
DA:207,0
DA:210,0
DA:211,0
DA:212,0
DA:215,0
DA:216,0
DA:219,0
DA:220,0
DA:223,0
DA:224,0
DA:225,0
DA:229,0
DA:230,0
DA:234,0
DA:235,0
DA:239,0
DA:245,0
DA:266,9
DA:267,9
DA:269,9
DA:271,9
DA:273,8
DA:274,8
DA:277,8
DA:287,8
DA:289,1
DA:292,1
DA:302,1
DA:310,12
DA:313,12
DA:314,0
DA:325,12
DA:326,0
DA:339,12
DA:340,12
DA:351,0
DA:352,0
DA:365,12
DA:366,0
DA:379,12
DA:382,12
DA:383,0
DA:387,12
DA:388,12
DA:389,12
DA:390,0
DA:391,0
DA:400,12
DA:401,0
DA:410,12
DA:423,0
DA:424,0
DA:431,29
DA:432,29
DA:433,29
DA:435,0
DA:446,0
DA:448,0
DA:449,0
DA:452,0
DA:453,0
DA:456,0
DA:457,0
DA:458,0
DA:461,0
DA:462,0
DA:463,0
DA:466,0
DA:473,0
DA:475,0
DA:476,0
DA:478,0
DA:479,0
DA:481,0
DA:482,0
DA:493,0
DA:500,0
DA:501,0
DA:502,0
LF:129
LH:46
BRDA:65,0,0,1
BRDA:81,1,0,0
BRDA:98,2,0,0
BRDA:125,3,0,0
BRDA:129,4,0,0
BRDA:134,5,0,0
BRDA:140,6,0,0
BRDA:140,6,1,0
BRDA:141,7,0,0
BRDA:141,7,1,0
BRDA:142,8,0,0
BRDA:142,8,1,0
BRDA:143,9,0,0
BRDA:143,9,1,0
BRDA:146,10,0,0
BRDA:178,11,0,0
BRDA:178,11,1,0
BRDA:183,12,0,0
BRDA:183,12,1,0
BRDA:202,13,0,0
BRDA:207,14,0,0
BRDA:207,14,1,0
BRDA:211,15,0,0
BRDA:211,15,1,0
BRDA:220,16,0,0
BRDA:220,16,1,0
BRDA:225,17,0,0
BRDA:225,17,1,0
BRDA:235,18,0,0
BRDA:235,18,1,0
BRDA:282,19,0,0
BRDA:282,19,1,8
BRDA:313,20,0,0
BRDA:313,20,1,12
BRDA:325,21,0,0
BRDA:339,22,0,12
BRDA:339,22,1,0
BRDA:351,23,0,0
BRDA:365,24,0,0
BRDA:382,25,0,0
BRDA:388,26,0,12
BRDA:388,26,1,0
BRDA:390,27,0,0
BRDA:400,28,0,0
BRDA:400,28,1,12
BRDA:431,29,0,29
BRDA:431,30,0,29
BRDA:431,30,1,29
BRDA:448,31,0,0
BRDA:452,32,0,0
BRDA:457,33,0,0
BRDA:462,34,0,0
BRDA:481,35,0,0
BRDA:481,36,0,0
BRDA:481,36,1,0
BRF:55
BRH:9
end_of_record
TN:
SF:src\services\WordServiceOptimized.ts
FN:53,(anonymous_1)
FN:61,(anonymous_2)
FN:64,(anonymous_3)
FN:65,(anonymous_4)
FN:68,(anonymous_5)
FN:73,(anonymous_6)
FN:79,(anonymous_7)
FN:106,(anonymous_8)
FN:111,(anonymous_9)
FN:114,(anonymous_10)
FN:124,(anonymous_11)
FN:178,(anonymous_12)
FN:232,(anonymous_13)
FN:299,(anonymous_14)
FN:401,(anonymous_15)
FN:406,(anonymous_16)
FN:413,(anonymous_17)
FN:427,(anonymous_18)
FN:444,(anonymous_19)
FN:473,(anonymous_20)
FN:476,(anonymous_21)
FN:486,(anonymous_22)
FN:514,(anonymous_23)
FN:542,(anonymous_24)
FN:568,(anonymous_25)
FN:608,(anonymous_26)
FN:658,(anonymous_27)
FN:662,(anonymous_28)
FN:673,(anonymous_29)
FN:692,(anonymous_30)
FN:707,(anonymous_31)
FN:717,(anonymous_32)
FN:737,(anonymous_33)
FN:754,(anonymous_34)
FN:770,(anonymous_35)
FN:781,(anonymous_36)
FN:786,(anonymous_37)
FN:787,(anonymous_38)
FN:804,(anonymous_39)
FN:853,(anonymous_40)
FN:870,(anonymous_41)
FN:884,(anonymous_42)
FN:926,(anonymous_43)
FN:949,(anonymous_44)
FN:971,(anonymous_45)
FN:1003,(anonymous_46)
FN:1016,(anonymous_47)
FN:1023,(anonymous_48)
FN:1030,(anonymous_49)
FN:1048,(anonymous_50)
FN:1059,(anonymous_51)
FN:1092,(anonymous_52)
FNF:52
FNH:20
FNDA:1,(anonymous_1)
FNDA:1,(anonymous_2)
FNDA:0,(anonymous_3)
FNDA:0,(anonymous_4)
FNDA:1,(anonymous_5)
FNDA:1,(anonymous_6)
FNDA:11,(anonymous_7)
FNDA:13,(anonymous_8)
FNDA:0,(anonymous_9)
FNDA:15,(anonymous_10)
FNDA:13,(anonymous_11)
FNDA:11,(anonymous_12)
FNDA:9,(anonymous_13)
FNDA:5,(anonymous_14)
FNDA:1,(anonymous_15)
FNDA:2,(anonymous_16)
FNDA:2,(anonymous_17)
FNDA:2,(anonymous_18)
FNDA:1,(anonymous_19)
FNDA:0,(anonymous_20)
FNDA:0,(anonymous_21)
FNDA:0,(anonymous_22)
FNDA:0,(anonymous_23)
FNDA:0,(anonymous_24)
FNDA:0,(anonymous_25)
FNDA:0,(anonymous_26)
FNDA:13,(anonymous_27)
FNDA:30,(anonymous_28)
FNDA:0,(anonymous_29)
FNDA:1,(anonymous_30)
FNDA:1,(anonymous_31)
FNDA:0,(anonymous_32)
FNDA:0,(anonymous_33)
FNDA:0,(anonymous_34)
FNDA:0,(anonymous_35)
FNDA:0,(anonymous_36)
FNDA:0,(anonymous_37)
FNDA:0,(anonymous_38)
FNDA:0,(anonymous_39)
FNDA:0,(anonymous_40)
FNDA:0,(anonymous_41)
FNDA:0,(anonymous_42)
FNDA:0,(anonymous_43)
FNDA:0,(anonymous_44)
FNDA:0,(anonymous_45)
FNDA:0,(anonymous_46)
FNDA:0,(anonymous_47)
FNDA:0,(anonymous_48)
FNDA:0,(anonymous_49)
FNDA:0,(anonymous_50)
FNDA:0,(anonymous_51)
FNDA:0,(anonymous_52)
DA:1,1
DA:2,1
DA:3,1
DA:4,1
DA:5,1
DA:6,1
DA:7,1
DA:43,1
DA:51,1
DA:54,1
DA:55,1
DA:56,1
DA:57,1
DA:60,1
DA:62,1
DA:63,1
DA:64,1
DA:65,0
DA:67,1
DA:68,1
DA:73,1
DA:78,1
DA:80,11
DA:82,11
DA:83,11
DA:84,11
DA:85,11
DA:86,8
DA:88,3
DA:89,3
DA:102,11
DA:106,13
DA:111,1
DA:115,15
DA:116,1
DA:118,15
DA:125,13
DA:127,13
DA:128,0
DA:129,0
DA:130,0
DA:131,0
DA:136,13
DA:137,13
DA:138,0
DA:139,0
DA:140,0
DA:141,0
DA:152,13
DA:155,13
DA:157,0
DA:158,0
DA:162,0
DA:168,13
DA:170,0
DA:171,0
DA:179,11
DA:180,11
DA:182,11
DA:184,11
DA:194,11
DA:195,11
DA:196,2
DA:200,9
DA:201,0
DA:203,9
DA:204,8
DA:208,9
DA:212,9
DA:214,9
DA:218,9
DA:220,9
DA:229,9
DA:234,9
DA:236,8
DA:237,3
DA:251,5
DA:254,5
DA:257,5
DA:259,5
DA:261,5
DA:275,8
DA:278,3
DA:281,3
DA:291,3
DA:292,3
DA:306,5
DA:309,5
DA:310,5
DA:313,5
DA:316,5
DA:318,1
DA:321,4
DA:322,4
DA:324,0
DA:326,0
DA:327,0
DA:329,0
DA:330,0
DA:331,0
DA:333,0
DA:334,0
DA:335,0
DA:338,4
DA:339,4
DA:341,4
DA:344,4
DA:345,0
DA:347,4
DA:351,5
DA:371,5
DA:374,5
DA:393,5
DA:395,5
DA:402,1
DA:403,1
DA:406,1
DA:407,2
DA:408,2
DA:411,1
DA:413,1
DA:414,2
DA:417,1
DA:419,0
DA:420,0
DA:428,2
DA:429,2
DA:434,2
DA:436,0
DA:437,0
DA:445,1
DA:447,1
DA:448,0
DA:449,0
DA:450,0
DA:451,0
DA:456,1
DA:459,1
DA:460,0
DA:463,1
DA:465,0
DA:466,0
DA:474,0
DA:475,0
DA:476,0
DA:478,0
DA:479,0
DA:487,0
DA:488,0
DA:489,0
DA:490,0
DA:493,0
DA:496,0
DA:497,0
DA:498,0
DA:501,0
DA:503,0
DA:504,0
DA:505,0
DA:507,0
DA:515,0
DA:516,0
DA:517,0
DA:518,0
DA:521,0
DA:524,0
DA:525,0
DA:526,0
DA:529,0
DA:531,0
DA:532,0
DA:533,0
DA:535,0
DA:553,0
DA:555,0
DA:567,0
DA:568,0
DA:569,0
DA:580,0
DA:582,0
DA:583,0
DA:585,0
DA:593,0
DA:600,0
DA:601,0
DA:609,0
DA:612,0
DA:613,0
DA:616,0
DA:617,0
DA:620,0
DA:621,0
DA:625,0
DA:626,0
DA:629,0
DA:633,0
DA:634,0
DA:637,0
DA:638,0
DA:642,0
DA:643,0
DA:644,0
DA:645,0
DA:652,0
DA:660,13
DA:663,30
DA:664,30
DA:667,13
DA:674,0
DA:675,0
DA:677,0
DA:678,0
DA:679,0
DA:680,0
DA:684,0
DA:685,0
DA:697,1
DA:708,1
DA:709,1
DA:710,1
DA:711,1
DA:718,0
DA:719,0
DA:720,0
DA:721,0
DA:724,0
DA:727,0
DA:729,0
DA:730,0
DA:733,0
DA:734,0
DA:735,0
DA:737,0
DA:738,0
DA:739,0
DA:740,0
DA:741,0
DA:746,0
DA:750,0
DA:753,0
DA:754,0
DA:758,0
DA:763,0
DA:775,0
DA:776,0
DA:777,0
DA:781,0
DA:782,0
DA:783,0
DA:785,0
DA:786,0
DA:787,0
DA:791,0
DA:793,0
DA:797,0
DA:805,0
DA:806,0
DA:807,0
DA:808,0
DA:812,0
DA:840,0
DA:843,0
DA:845,0
DA:846,0
DA:849,0
DA:850,0
DA:851,0
DA:853,0
DA:854,0
DA:855,0
DA:856,0
DA:857,0
DA:862,0
DA:866,0
DA:869,0
DA:870,0
DA:874,0
DA:877,0
DA:889,0
DA:890,0
DA:894,0
DA:899,0
DA:908,0
DA:914,0
DA:915,0
DA:927,0
DA:929,0
DA:930,0
DA:934,0
DA:937,0
DA:938,0
DA:940,0
DA:942,0
DA:955,0
DA:965,0
DA:976,0
DA:977,0
DA:987,0
DA:989,0
DA:991,0
DA:992,0
DA:1010,0
DA:1017,0
DA:1024,0
DA:1031,0
DA:1041,0
DA:1042,0
DA:1053,0
DA:1064,0
DA:1065,0
DA:1066,0
DA:1067,0
DA:1074,0
DA:1080,0
DA:1081,0
DA:1097,0
DA:1100,0
DA:1106,0
DA:1107,0
LF:319
LH:115
BRDA:65,0,0,0
BRDA:65,0,1,0
BRDA:115,1,0,1
BRDA:127,2,0,0
BRDA:127,3,0,13
BRDA:127,3,1,0
BRDA:129,4,0,0
BRDA:137,5,0,0
BRDA:139,6,0,0
BRDA:139,7,0,0
BRDA:139,7,1,0
BRDA:155,8,0,0
BRDA:157,9,0,0
BRDA:195,10,0,2
BRDA:200,11,0,0
BRDA:203,12,0,8
BRDA:215,13,0,9
BRDA:215,13,1,0
BRDA:218,14,0,9
BRDA:218,14,1,9
BRDA:236,15,0,3
BRDA:268,16,0,5
BRDA:268,16,1,0
BRDA:309,17,0,5
BRDA:316,18,0,1
BRDA:316,18,1,4
BRDA:322,19,0,0
BRDA:322,19,1,0
BRDA:322,19,2,0
BRDA:322,19,3,4
BRDA:324,20,0,0
BRDA:324,20,1,0
BRDA:329,21,0,0
BRDA:329,21,1,0
BRDA:333,22,0,0
BRDA:333,22,1,0
BRDA:344,23,0,0
BRDA:434,24,0,2
BRDA:434,24,1,1
BRDA:447,25,0,0
BRDA:449,26,0,0
BRDA:459,27,0,0
BRDA:459,28,0,1
BRDA:459,28,1,0
BRDA:476,29,0,0
BRDA:476,29,1,0
BRDA:489,30,0,0
BRDA:497,31,0,0
BRDA:504,32,0,0
BRDA:504,33,0,0
BRDA:504,33,1,0
BRDA:517,34,0,0
BRDA:525,35,0,0
BRDA:532,36,0,0
BRDA:532,37,0,0
BRDA:532,37,1,0
BRDA:558,38,0,0
BRDA:558,38,1,0
BRDA:562,39,0,0
BRDA:562,39,1,0
BRDA:575,40,0,0
BRDA:575,40,1,0
BRDA:582,41,0,0
BRDA:582,41,1,0
BRDA:583,42,0,0
BRDA:583,42,1,0
BRDA:586,43,0,0
BRDA:586,43,1,0
BRDA:587,44,0,0
BRDA:587,44,1,0
BRDA:588,45,0,0
BRDA:588,45,1,0
BRDA:589,46,0,0
BRDA:589,46,1,0
BRDA:590,47,0,0
BRDA:590,47,1,0
BRDA:612,48,0,0
BRDA:612,49,0,0
BRDA:612,49,1,0
BRDA:616,50,0,0
BRDA:616,51,0,0
BRDA:616,51,1,0
BRDA:620,52,0,0
BRDA:625,53,0,0
BRDA:625,53,1,0
BRDA:625,54,0,0
BRDA:625,54,1,0
BRDA:633,55,0,0
BRDA:633,56,0,0
BRDA:633,56,1,0
BRDA:637,57,0,0
BRDA:637,58,0,0
BRDA:637,58,1,0
BRDA:642,59,0,0
BRDA:642,60,0,0
BRDA:642,60,1,0
BRDA:644,61,0,0
BRDA:678,62,0,0
BRDA:684,63,0,0
BRDA:719,64,0,0
BRDA:729,65,0,0
BRDA:753,66,0,0
BRDA:773,67,0,0
BRDA:776,68,0,0
BRDA:783,69,0,0
BRDA:806,70,0,0
BRDA:845,71,0,0
BRDA:869,72,0,0
BRDA:890,73,0,0
BRDA:890,73,1,0
BRDA:929,74,0,0
BRDA:1016,75,0,0
BRF:112
BRH:16
end_of_record
TN:
SF:src\utils\errorHandler.ts
FN:5,(anonymous_0)
FN:44,(anonymous_1)
FN:48,(anonymous_2)
FN:58,(anonymous_3)
FN:86,(anonymous_4)
FN:132,(anonymous_5)
FN:148,(anonymous_6)
FN:165,(anonymous_7)
FN:188,(anonymous_8)
FN:227,(anonymous_9)
FN:244,(anonymous_10)
FN:247,(anonymous_11)
FN:248,(anonymous_12)
FN:258,(anonymous_13)
FN:265,(anonymous_14)
FN:271,(anonymous_15)
FN:281,(anonymous_16)
FN:288,(anonymous_17)
FN:306,handleErrors
FN:307,(anonymous_19)
FN:311,(anonymous_20)
FNF:21
FNH:0
FNDA:0,(anonymous_0)
FNDA:0,(anonymous_1)
FNDA:0,(anonymous_2)
FNDA:0,(anonymous_3)
FNDA:0,(anonymous_4)
FNDA:0,(anonymous_5)
FNDA:0,(anonymous_6)
FNDA:0,(anonymous_7)
FNDA:0,(anonymous_8)
FNDA:0,(anonymous_9)
FNDA:0,(anonymous_10)
FNDA:0,(anonymous_11)
FNDA:0,(anonymous_12)
FNDA:0,(anonymous_13)
FNDA:0,(anonymous_14)
FNDA:0,(anonymous_15)
FNDA:0,(anonymous_16)
FNDA:0,(anonymous_17)
FNDA:0,handleErrors
FNDA:0,(anonymous_19)
FNDA:0,(anonymous_20)
DA:1,0
DA:2,0
DA:3,0
DA:5,0
DA:7,0
DA:8,0
DA:9,0
DA:10,0
DA:13,0
DA:14,0
DA:15,0
DA:18,0
DA:19,0
DA:20,0
DA:23,0
DA:24,0
DA:25,0
DA:28,0
DA:29,0
DA:40,0
DA:45,0
DA:49,0
DA:50,0
DA:52,0
DA:59,0
DA:62,0
DA:70,0
DA:71,0
DA:80,0
DA:88,0
DA:92,0
DA:96,0
DA:97,0
DA:105,0
DA:106,0
DA:114,0
DA:115,0
DA:122,0
DA:133,0
DA:134,0
DA:140,0
DA:141,0
DA:142,0
DA:147,0
DA:148,0
DA:149,0
DA:150,0
DA:157,0
DA:158,0
DA:159,0
DA:164,0
DA:165,0
DA:166,0
DA:167,0
DA:174,0
DA:175,0
DA:181,0
DA:182,0
DA:183,0
DA:188,0
DA:189,0
DA:196,0
DA:197,0
DA:198,0
DA:205,0
DA:206,0
DA:207,0
DA:214,0
DA:215,0
DA:216,0
DA:217,0
DA:228,0
DA:229,0
DA:234,0
DA:235,0
DA:245,0
DA:248,0
DA:249,0
DA:259,0
DA:266,0
DA:272,0
DA:282,0
DA:295,0
DA:306,0
DA:307,0
DA:308,0
DA:309,0
DA:311,0
DA:312,0
DA:314,0
DA:315,0
DA:317,0
DA:318,0
DA:320,0
LF:94
LH:0
BRDA:5,0,0,0
BRDA:5,0,1,0
BRDA:49,1,0,0
BRDA:58,2,0,0
BRDA:70,3,0,0
BRDA:73,4,0,0
BRDA:73,4,1,0
BRDA:88,5,0,0
BRDA:88,6,0,0
BRDA:88,6,1,0
BRDA:88,6,2,0
BRDA:88,6,3,0
BRDA:96,7,0,0
BRDA:105,8,0,0
BRDA:114,9,0,0
BRDA:133,10,0,0
BRDA:140,11,0,0
BRDA:141,12,0,0
BRDA:149,13,0,0
BRDA:157,14,0,0
BRDA:158,15,0,0
BRDA:166,16,0,0
BRDA:174,17,0,0
BRDA:174,18,0,0
BRDA:174,18,1,0
BRDA:181,19,0,0
BRDA:182,20,0,0
BRDA:188,21,0,0
BRDA:188,22,0,0
BRDA:188,22,1,0
BRDA:188,22,2,0
BRDA:196,23,0,0
BRDA:197,24,0,0
BRDA:197,25,0,0
BRDA:197,25,1,0
BRDA:197,25,2,0
BRDA:205,26,0,0
BRDA:206,27,0,0
BRDA:206,28,0,0
BRDA:206,28,1,0
BRDA:214,29,0,0
BRDA:216,30,0,0
BRDA:216,31,0,0
BRDA:216,31,1,0
BRDA:216,31,2,0
BRDA:227,32,0,0
BRDA:228,33,0,0
BRDA:234,34,0,0
BRDA:244,35,0,0
BRDA:259,36,0,0
BRDA:259,36,1,0
BRDA:259,36,2,0
BRDA:259,36,3,0
BRDA:266,37,0,0
BRDA:266,37,1,0
BRDA:266,37,2,0
BRDA:272,38,0,0
BRDA:272,38,1,0
BRDA:272,38,2,0
BRDA:272,38,3,0
BRF:60
BRH:0
end_of_record
TN:
SF:src\utils\logger.ts
FN:8,(anonymous_1)
FNF:1
FNH:0
FNDA:0,(anonymous_1)
DA:1,1
DA:2,1
DA:4,1
DA:9,0
DA:11,0
DA:12,0
DA:15,0
DA:16,0
DA:19,0
DA:23,1
DA:38,1
DA:39,0
DA:46,0
LF:13
LH:5
BRDA:11,0,0,0
BRDA:15,1,0,0
BRDA:38,2,0,0
BRF:3
BRH:0
end_of_record
TN:
SF:src\utils\performanceMonitor.ts
FN:14,(anonymous_0)
FN:19,(anonymous_1)
FN:29,(anonymous_2)
FN:32,(anonymous_3)
FN:49,(anonymous_4)
FN:70,(anonymous_5)
FN:79,(anonymous_6)
FN:93,(anonymous_7)
FN:94,(anonymous_8)
FN:95,(anonymous_9)
FN:96,(anonymous_10)
FN:111,(anonymous_11)
FN:114,(anonymous_12)
FN:145,(anonymous_13)
FN:153,(anonymous_14)
FN:161,monitorResolver
FN:162,(anonymous_16)
FN:165,(anonymous_17)
FN:191,createQueryMonitor
FN:195,(anonymous_19)
FN:198,(anonymous_20)
FNF:21
FNH:5
FNDA:1,(anonymous_0)
FNDA:2,(anonymous_1)
FNDA:14,(anonymous_2)
FNDA:14,(anonymous_3)
FNDA:14,(anonymous_4)
FNDA:0,(anonymous_5)
FNDA:0,(anonymous_6)
FNDA:0,(anonymous_7)
FNDA:0,(anonymous_8)
FNDA:0,(anonymous_9)
FNDA:0,(anonymous_10)
FNDA:0,(anonymous_11)
FNDA:0,(anonymous_12)
FNDA:0,(anonymous_13)
FNDA:0,(anonymous_14)
FNDA:0,monitorResolver
FNDA:0,(anonymous_16)
FNDA:0,(anonymous_17)
FNDA:0,createQueryMonitor
FNDA:0,(anonymous_19)
FNDA:0,(anonymous_20)
DA:1,1
DA:2,1
DA:14,1
DA:16,1
DA:17,1
DA:20,2
DA:21,1
DA:23,2
DA:30,14
DA:32,14
DA:33,14
DA:35,14
DA:41,14
DA:42,14
DA:50,14
DA:53,14
DA:54,0
DA:58,14
DA:59,0
DA:60,14
DA:61,0
DA:63,14
DA:78,0
DA:79,0
DA:82,0
DA:83,0
DA:93,0
DA:94,0
DA:95,0
DA:96,0
DA:98,0
DA:112,0
DA:114,0
DA:115,0
DA:116,0
DA:125,0
DA:126,0
DA:127,0
DA:128,0
DA:130,0
DA:131,0
DA:134,0
DA:135,0
DA:139,0
DA:146,0
DA:147,0
DA:154,0
DA:161,1
DA:162,0
DA:163,0
DA:165,0
DA:166,0
DA:167,0
DA:169,0
DA:170,0
DA:173,0
DA:177,0
DA:179,0
DA:181,0
DA:182,0
DA:191,1
DA:194,0
DA:196,0
DA:199,0
DA:200,0
DA:202,0
LF:66
LH:21
BRDA:20,0,0,1
BRDA:32,1,0,14
BRDA:53,2,0,0
BRDA:58,3,0,0
BRDA:58,3,1,14
BRDA:60,4,0,0
BRDA:60,4,1,14
BRDA:78,5,0,0
BRDA:78,5,1,0
BRDA:82,6,0,0
BRDA:115,7,0,0
BRDA:130,8,0,0
BRDA:134,9,0,0
BRDA:173,10,0,0
BRDA:173,10,1,0
BRDA:174,11,0,0
BRDA:174,11,1,0
BRDA:175,12,0,0
BRDA:175,12,1,0
BRF:19
BRH:4
end_of_record
TN:
SF:src\utils\phoneticFiltering.ts
FN:73,(anonymous_0)
FN:77,(anonymous_1)
FN:87,(anonymous_2)
FN:94,(anonymous_3)
FN:107,(anonymous_4)
FN:125,(anonymous_5)
FN:133,(anonymous_6)
FN:141,(anonymous_7)
FN:175,(anonymous_8)
FN:182,(anonymous_9)
FN:193,(anonymous_10)
FN:218,(anonymous_11)
FN:319,(anonymous_12)
FN:327,(anonymous_13)
FN:328,(anonymous_14)
FN:342,(anonymous_15)
FN:343,(anonymous_16)
FN:351,(anonymous_17)
FN:352,(anonymous_18)
FN:357,(anonymous_19)
FN:358,(anonymous_20)
FN:367,(anonymous_21)
FN:372,(anonymous_22)
FN:401,(anonymous_23)
FN:413,(anonymous_24)
FN:414,(anonymous_25)
FN:428,(anonymous_26)
FN:429,(anonymous_27)
FN:430,(anonymous_28)
FN:447,(anonymous_29)
FN:462,(anonymous_30)
FNF:31
FNH:11
FNDA:1,(anonymous_0)
FNDA:1,(anonymous_1)
FNDA:11,(anonymous_2)
FNDA:3,(anonymous_3)
FNDA:7,(anonymous_4)
FNDA:2,(anonymous_5)
FNDA:0,(anonymous_6)
FNDA:0,(anonymous_7)
FNDA:9,(anonymous_8)
FNDA:0,(anonymous_9)
FNDA:0,(anonymous_10)
FNDA:9,(anonymous_11)
FNDA:5,(anonymous_12)
FNDA:9,(anonymous_13)
FNDA:27,(anonymous_14)
FNDA:0,(anonymous_15)
FNDA:0,(anonymous_16)
FNDA:0,(anonymous_17)
FNDA:0,(anonymous_18)
FNDA:0,(anonymous_19)
FNDA:0,(anonymous_20)
FNDA:0,(anonymous_21)
FNDA:0,(anonymous_22)
FNDA:0,(anonymous_23)
FNDA:0,(anonymous_24)
FNDA:0,(anonymous_25)
FNDA:0,(anonymous_26)
FNDA:0,(anonymous_27)
FNDA:0,(anonymous_28)
FNDA:0,(anonymous_29)
FNDA:0,(anonymous_30)
DA:1,1
DA:2,1
DA:32,1
DA:37,1
DA:43,1
DA:50,1
DA:51,1
DA:52,1
DA:55,1
DA:74,1
DA:78,1
DA:79,1
DA:81,1
DA:88,11
DA:89,11
DA:90,11
DA:93,11
DA:94,3
DA:95,3
DA:96,0
DA:99,3
DA:100,0
DA:101,0
DA:106,11
DA:107,7
DA:108,7
DA:109,2
DA:112,7
DA:113,0
DA:114,0
DA:119,11
DA:120,0
DA:124,11
DA:125,2
DA:126,1
DA:127,0
DA:132,11
DA:133,0
DA:134,0
DA:135,0
DA:140,11
DA:141,0
DA:142,0
DA:143,0
DA:148,11
DA:149,0
DA:150,0
DA:151,0
DA:156,11
DA:157,0
DA:160,11
DA:161,10
DA:164,11
DA:176,9
DA:179,9
DA:181,0
DA:182,0
DA:183,0
DA:190,9
DA:192,0
DA:193,0
DA:194,0
DA:201,9
DA:202,8
DA:203,8
DA:207,9
DA:208,9
DA:209,9
DA:212,9
DA:223,9
DA:225,9
DA:226,9
DA:227,9
DA:232,9
DA:233,5
DA:234,5
DA:235,4
DA:236,0
DA:237,0
DA:240,9
DA:241,3
DA:242,3
DA:243,6
DA:244,0
DA:245,0
DA:248,9
DA:249,1
DA:250,1
DA:254,9
DA:255,9
DA:256,9
DA:259,0
DA:260,0
DA:264,9
DA:265,9
DA:266,9
DA:269,9
DA:270,0
DA:271,0
DA:275,9
DA:276,0
DA:277,0
DA:278,0
DA:282,0
DA:289,9
DA:290,0
DA:291,9
DA:292,2
DA:293,7
DA:294,0
DA:295,7
DA:296,7
DA:297,0
DA:298,0
DA:299,0
DA:300,0
DA:303,9
DA:305,9
DA:311,0
DA:312,0
DA:320,5
DA:322,5
DA:323,5
DA:324,5
DA:327,5
DA:328,9
DA:329,27
DA:334,5
DA:335,0
DA:337,0
DA:338,0
DA:342,0
DA:343,0
DA:344,0
DA:347,0
DA:348,0
DA:351,0
DA:352,0
DA:353,0
DA:356,0
DA:357,0
DA:358,0
DA:359,0
DA:366,5
DA:367,0
DA:368,0
DA:371,0
DA:372,0
DA:374,0
DA:378,5
DA:379,5
DA:381,5
DA:383,5
DA:390,5
DA:392,0
DA:393,0
DA:394,0
DA:406,0
DA:407,0
DA:410,0
DA:411,0
DA:413,0
DA:414,0
DA:416,0
DA:417,0
DA:418,0
DA:422,0
DA:428,0
DA:429,0
DA:430,0
DA:433,0
DA:434,0
DA:437,0
DA:448,0
DA:450,0
DA:463,0
DA:466,0
DA:467,0
DA:469,0
DA:470,0
DA:473,0
DA:474,0
DA:479,0
DA:480,0
DA:482,0
DA:483,0
DA:486,0
DA:487,0
DA:492,0
DA:493,0
DA:496,0
DA:497,0
DA:500,0
LF:193
LH:91
BRDA:78,0,0,1
BRDA:93,1,0,3
BRDA:95,2,0,0
BRDA:99,3,0,0
BRDA:106,4,0,7
BRDA:108,5,0,2
BRDA:112,6,0,0
BRDA:119,7,0,0
BRDA:119,8,0,11
BRDA:119,8,1,1
BRDA:124,9,0,1
BRDA:125,10,0,2
BRDA:125,10,1,2
BRDA:125,10,2,2
BRDA:126,11,0,0
BRDA:132,12,0,0
BRDA:134,13,0,0
BRDA:140,14,0,0
BRDA:142,15,0,0
BRDA:148,16,0,0
BRDA:150,17,0,0
BRDA:150,18,0,0
BRDA:150,18,1,0
BRDA:150,18,2,0
BRDA:156,19,0,0
BRDA:156,20,0,11
BRDA:156,20,1,3
BRDA:156,20,2,2
BRDA:156,20,3,0
BRDA:160,21,0,10
BRDA:160,22,0,11
BRDA:160,22,1,1
BRDA:179,23,0,0
BRDA:179,24,0,9
BRDA:179,24,1,3
BRDA:190,25,0,0
BRDA:190,26,0,9
BRDA:190,26,1,5
BRDA:201,27,0,8
BRDA:201,28,0,9
BRDA:201,28,1,1
BRDA:207,29,0,9
BRDA:207,30,0,9
BRDA:207,30,1,9
BRDA:232,31,0,5
BRDA:232,31,1,4
BRDA:232,32,0,9
BRDA:232,32,1,5
BRDA:235,33,0,0
BRDA:240,34,0,3
BRDA:240,34,1,6
BRDA:240,35,0,9
BRDA:240,35,1,3
BRDA:243,36,0,0
BRDA:248,37,0,1
BRDA:254,38,0,9
BRDA:254,38,1,0
BRDA:254,39,0,9
BRDA:254,39,1,9
BRDA:264,40,0,9
BRDA:264,41,0,9
BRDA:264,41,1,9
BRDA:269,42,0,0
BRDA:269,43,0,9
BRDA:269,43,1,0
BRDA:275,44,0,0
BRDA:277,45,0,0
BRDA:289,46,0,0
BRDA:289,46,1,9
BRDA:289,47,0,9
BRDA:289,47,1,5
BRDA:289,47,2,2
BRDA:291,48,0,2
BRDA:291,48,1,7
BRDA:291,49,0,9
BRDA:291,49,1,5
BRDA:293,50,0,0
BRDA:293,50,1,7
BRDA:293,51,0,7
BRDA:293,51,1,1
BRDA:295,52,0,7
BRDA:295,52,1,0
BRDA:295,53,0,7
BRDA:295,53,1,7
BRDA:297,54,0,0
BRDA:297,54,1,0
BRDA:299,55,0,0
BRDA:334,56,0,0
BRDA:337,57,0,0
BRDA:337,57,1,0
BRDA:347,58,0,0
BRDA:347,58,1,0
BRDA:356,59,0,0
BRDA:366,60,0,0
BRDA:366,61,0,5
BRDA:366,61,1,0
BRDA:379,62,0,5
BRDA:379,62,1,0
BRDA:416,63,0,0
BRDA:416,64,0,0
BRDA:416,64,1,0
BRDA:429,65,0,0
BRDA:429,65,1,0
BRDA:433,66,0,0
BRDA:466,67,0,0
BRDA:469,68,0,0
BRDA:473,69,0,0
BRDA:473,70,0,0
BRDA:473,70,1,0
BRDA:479,71,0,0
BRDA:482,72,0,0
BRDA:482,73,0,0
BRDA:482,73,1,0
BRDA:486,74,0,0
BRDA:486,75,0,0
BRDA:486,75,1,0
BRDA:492,76,0,0
BRDA:496,77,0,0
BRF:118
BRH:58
end_of_record
