TN:
SF:src\config\index.ts
FNF:0
FNH:0
DA:1,1
DA:4,1
DA:6,1
DA:70,1
DA:71,0
DA:73,0
DA:74,0
DA:75,0
LF:8
LH:4
BRDA:8,0,0,1
BRDA:8,0,1,1
BRDA:9,1,0,1
BRDA:9,1,1,0
BRDA:13,2,0,1
BRDA:13,2,1,1
BRDA:25,3,0,1
BRDA:25,3,1,0
BRDA:26,4,0,1
BRDA:26,4,1,1
BRDA:31,5,0,1
BRDA:31,5,1,1
BRDA:32,6,0,1
BRDA:32,6,1,1
BRDA:37,7,0,1
BRDA:37,7,1,1
BRDA:38,8,0,1
BRDA:38,8,1,1
BRDA:40,9,0,1
BRDA:40,9,1,1
BRDA:45,10,0,1
BRDA:45,10,1,1
BRDA:46,11,0,1
BRDA:46,11,1,1
BRDA:51,12,0,1
BRDA:51,12,1,0
BRDA:52,13,0,1
BRDA:52,13,1,1
BRDA:57,14,0,1
BRDA:57,14,1,0
BRDA:58,15,0,1
BRDA:58,15,1,1
BRDA:59,16,0,1
BRDA:59,16,1,1
BRDA:64,17,0,1
BRDA:64,17,1,1
BRDA:70,18,0,0
BRDA:74,19,0,0
BRF:38
BRH:32
end_of_record
TN:
SF:src\database\connection.ts
FN:5,connectDatabase
FN:14,(anonymous_2)
FN:18,(anonymous_3)
FN:22,(anonymous_4)
FN:32,disconnectDatabase
FNF:5
FNH:0
FNDA:0,connectDatabase
FNDA:0,(anonymous_2)
FNDA:0,(anonymous_3)
FNDA:0,(anonymous_4)
FNDA:0,disconnectDatabase
DA:1,0
DA:2,0
DA:3,0
DA:5,0
DA:6,0
DA:7,0
DA:9,0
DA:11,0
DA:14,0
DA:15,0
DA:18,0
DA:19,0
DA:22,0
DA:23,0
DA:27,0
DA:28,0
DA:32,0
DA:33,0
DA:34,0
DA:35,0
DA:37,0
DA:38,0
LF:22
LH:0
BRF:0
BRH:0
end_of_record
TN:
SF:src\graphql\context.ts
FN:14,createContext
FNF:1
FNH:0
FNDA:0,createContext
DA:2,0
DA:3,0
DA:14,0
DA:15,0
DA:17,0
DA:19,0
DA:21,0
DA:22,0
DA:23,0
DA:24,0
DA:26,0
DA:27,0
DA:29,0
DA:32,0
DA:35,0
DA:39,0
LF:16
LH:0
BRDA:21,0,0,0
BRDA:21,0,1,0
BRDA:21,1,0,0
BRDA:21,1,1,0
BRDA:26,2,0,0
BRDA:26,2,1,0
BRF:6
BRH:0
end_of_record
TN:
SF:src\graphql\schema.ts
FNF:0
FNH:0
DA:1,0
DA:3,0
LF:2
LH:0
BRF:0
BRH:0
end_of_record
TN:
SF:src\middleware\auth.ts
FN:12,authMiddleware
FN:44,requireAuth
FN:58,requireAdmin
FN:81,requireSuperuser
FN:104,optionalAuth
FNF:5
FNH:0
FNDA:0,authMiddleware
FNDA:0,requireAuth
FNDA:0,requireAdmin
FNDA:0,requireSuperuser
FNDA:0,optionalAuth
DA:2,0
DA:3,0
DA:12,0
DA:13,0
DA:14,0
DA:16,0
DA:17,0
DA:18,0
DA:21,0
DA:22,0
DA:23,0
DA:25,0
DA:26,0
DA:27,0
DA:29,0
DA:30,0
DA:33,0
DA:35,0
DA:36,0
DA:37,0
DA:44,0
DA:45,0
DA:46,0
DA:50,0
DA:52,0
DA:58,0
DA:59,0
DA:60,0
DA:64,0
DA:67,0
DA:68,0
DA:72,0
DA:75,0
DA:81,0
DA:82,0
DA:83,0
DA:87,0
DA:90,0
DA:91,0
DA:95,0
DA:98,0
DA:104,0
DA:105,0
DA:106,0
DA:108,0
DA:109,0
DA:110,0
DA:111,0
DA:113,0
DA:114,0
DA:118,0
DA:120,0
DA:121,0
LF:53
LH:0
BRDA:16,0,0,0
BRDA:16,1,0,0
BRDA:16,1,1,0
BRDA:25,2,0,0
BRDA:25,2,1,0
BRDA:45,3,0,0
BRDA:59,4,0,0
BRDA:67,5,0,0
BRDA:67,6,0,0
BRDA:67,6,1,0
BRDA:82,7,0,0
BRDA:90,8,0,0
BRDA:108,9,0,0
BRDA:108,10,0,0
BRDA:108,10,1,0
BRDA:113,11,0,0
BRF:16
BRH:0
end_of_record
TN:
SF:src\middleware\errorHandler.ts
FN:14,errorHandler
FN:90,notFoundHandler
FN:106,asyncHandler
FN:107,(anonymous_3)
FN:115,createAPIError
FN:131,createValidationError
FN:138,createNotFoundError
FN:145,createForbiddenError
FN:152,createUnauthorizedError
FNF:9
FNH:0
FNDA:0,errorHandler
FNDA:0,notFoundHandler
FNDA:0,asyncHandler
FNDA:0,(anonymous_3)
FNDA:0,createAPIError
FNDA:0,createValidationError
FNDA:0,createNotFoundError
FNDA:0,createForbiddenError
FNDA:0,createUnauthorizedError
DA:2,0
DA:3,0
DA:14,0
DA:21,0
DA:32,0
DA:33,0
DA:34,0
DA:35,0
DA:38,0
DA:39,0
DA:40,0
DA:41,0
DA:42,0
DA:43,0
DA:44,0
DA:45,0
DA:46,0
DA:47,0
DA:48,0
DA:49,0
DA:50,0
DA:53,0
DA:54,0
DA:55,0
DA:56,0
DA:58,0
DA:59,0
DA:60,0
DA:61,0
DA:62,0
DA:63,0
DA:64,0
DA:65,0
DA:69,0
DA:70,0
DA:71,0
DA:75,0
DA:90,0
DA:91,0
DA:93,0
DA:106,0
DA:107,0
DA:108,0
DA:115,0
DA:121,0
DA:122,0
DA:123,0
DA:124,0
DA:125,0
DA:131,0
DA:132,0
DA:138,0
DA:139,0
DA:145,0
DA:146,0
DA:152,0
DA:153,0
LF:57
LH:0
BRDA:32,0,0,0
BRDA:32,0,1,0
BRDA:33,1,0,0
BRDA:33,1,1,0
BRDA:34,2,0,0
BRDA:34,2,1,0
BRDA:38,3,0,0
BRDA:38,3,1,0
BRDA:43,4,0,0
BRDA:43,4,1,0
BRDA:47,5,0,0
BRDA:47,5,1,0
BRDA:47,6,0,0
BRDA:47,6,1,0
BRDA:53,7,0,0
BRDA:58,8,0,0
BRDA:58,8,1,0
BRDA:62,9,0,0
BRDA:69,10,0,0
BRDA:69,11,0,0
BRDA:69,11,1,0
BRDA:82,12,0,0
BRDA:82,12,1,0
BRDA:117,13,0,0
BRDA:145,14,0,0
BRDA:152,15,0,0
BRF:26
BRH:0
end_of_record
TN:
SF:src\models\Routine.ts
FN:90,(anonymous_9)
FN:96,(anonymous_10)
FN:126,(anonymous_11)
FN:159,(anonymous_12)
FN:167,(anonymous_13)
FN:168,(anonymous_14)
FN:176,(anonymous_15)
FN:177,(anonymous_16)
FN:182,(anonymous_17)
FNF:9
FNH:0
FNDA:0,(anonymous_9)
FNDA:0,(anonymous_10)
FNDA:0,(anonymous_11)
FNDA:0,(anonymous_12)
FNDA:0,(anonymous_13)
FNDA:0,(anonymous_14)
FNDA:0,(anonymous_15)
FNDA:0,(anonymous_16)
FNDA:0,(anonymous_17)
DA:1,0
DA:37,0
DA:66,0
DA:91,0
DA:97,0
DA:103,0
DA:127,0
DA:151,0
DA:152,0
DA:153,0
DA:154,0
DA:157,0
DA:160,0
DA:161,0
DA:162,0
DA:167,0
DA:168,0
DA:169,0
DA:170,0
DA:172,0
DA:176,0
DA:177,0
DA:178,0
DA:182,0
DA:183,0
DA:186,0
LF:26
LH:0
BRDA:91,0,0,0
BRDA:91,0,1,0
BRDA:127,1,0,0
BRDA:127,1,1,0
BRDA:169,2,0,0
BRF:5
BRH:0
end_of_record
TN:
SF:src\models\User.ts
FN:147,(anonymous_10)
FN:156,(anonymous_11)
FN:168,(anonymous_12)
FN:172,(anonymous_13)
FNF:4
FNH:4
FNDA:2,(anonymous_10)
FNDA:15,(anonymous_11)
FNDA:4,(anonymous_12)
FNDA:1,(anonymous_13)
DA:1,1
DA:2,1
DA:3,1
DA:33,1
DA:139,1
DA:140,1
DA:141,1
DA:142,1
DA:145,1
DA:148,2
DA:149,2
DA:150,2
DA:151,2
DA:156,1
DA:157,15
DA:159,14
DA:160,14
DA:161,14
DA:163,0
DA:168,1
DA:169,4
DA:172,1
DA:173,1
DA:174,1
DA:177,1
LF:25
LH:24
BRDA:157,0,0,1
BRF:1
BRH:1
end_of_record
TN:
SF:src\services\UserService.ts
FN:58,(anonymous_1)
FN:68,(anonymous_2)
FN:99,(anonymous_3)
FN:145,(anonymous_4)
FN:159,(anonymous_5)
FN:171,(anonymous_6)
FN:204,(anonymous_7)
FN:225,(anonymous_8)
FN:280,(anonymous_9)
FN:312,(anonymous_10)
FN:330,(anonymous_11)
FN:350,(anonymous_12)
FN:378,(anonymous_13)
FNF:13
FNH:0
FNDA:0,(anonymous_1)
FNDA:0,(anonymous_2)
FNDA:0,(anonymous_3)
FNDA:0,(anonymous_4)
FNDA:0,(anonymous_5)
FNDA:0,(anonymous_6)
FNDA:0,(anonymous_7)
FNDA:0,(anonymous_8)
FNDA:0,(anonymous_9)
FNDA:0,(anonymous_10)
FNDA:0,(anonymous_11)
FNDA:0,(anonymous_12)
FNDA:0,(anonymous_13)
DA:1,0
DA:2,0
DA:3,0
DA:4,0
DA:55,0
DA:59,0
DA:60,0
DA:62,0
DA:69,0
DA:71,0
DA:72,0
DA:73,0
DA:77,0
DA:78,0
DA:79,0
DA:80,0
DA:84,0
DA:85,0
DA:87,0
DA:88,0
DA:91,0
DA:92,0
DA:100,0
DA:102,0
DA:107,0
DA:108,0
DA:112,0
DA:113,0
DA:114,0
DA:118,0
DA:129,0
DA:131,0
DA:137,0
DA:138,0
DA:146,0
DA:147,0
DA:151,0
DA:152,0
DA:160,0
DA:161,0
DA:163,0
DA:164,0
DA:172,0
DA:173,0
DA:174,0
DA:175,0
DA:179,0
DA:180,0
DA:184,0
DA:185,0
DA:189,0
DA:190,0
DA:192,0
DA:193,0
DA:196,0
DA:197,0
DA:205,0
DA:206,0
DA:207,0
DA:208,0
DA:211,0
DA:212,0
DA:214,0
DA:217,0
DA:218,0
DA:230,0
DA:231,0
DA:233,0
DA:234,0
DA:236,0
DA:239,0
DA:240,0
DA:243,0
DA:244,0
DA:247,0
DA:248,0
DA:251,0
DA:252,0
DA:253,0
DA:254,0
DA:256,0
DA:258,0
DA:265,0
DA:272,0
DA:273,0
DA:281,0
DA:282,0
DA:283,0
DA:285,0
DA:286,0
DA:289,0
DA:290,0
DA:294,0
DA:295,0
DA:301,0
DA:304,0
DA:305,0
DA:313,0
DA:314,0
DA:319,0
DA:322,0
DA:323,0
DA:331,0
DA:332,0
DA:335,0
DA:336,0
DA:339,0
DA:342,0
DA:343,0
DA:351,0
DA:352,0
DA:353,0
DA:354,0
DA:358,0
DA:359,0
DA:360,0
DA:364,0
DA:365,0
DA:367,0
DA:370,0
DA:371,0
DA:379,0
DA:380,0
DA:381,0
DA:383,0
DA:384,0
DA:387,0
DA:390,0
DA:391,0
LF:129
LH:0
BRDA:59,0,0,0
BRDA:72,1,0,0
BRDA:77,2,0,0
BRDA:79,3,0,0
BRDA:107,4,0,0
BRDA:113,5,0,0
BRDA:174,6,0,0
BRDA:179,7,0,0
BRDA:179,8,0,0
BRDA:179,8,1,0
BRDA:184,9,0,0
BRDA:207,10,0,0
BRDA:225,11,0,0
BRDA:233,12,0,0
BRDA:233,12,1,0
BRDA:239,13,0,0
BRDA:243,14,0,0
BRDA:247,15,0,0
BRDA:251,16,0,0
BRDA:251,16,1,0
BRDA:252,17,0,0
BRDA:252,17,1,0
BRDA:253,18,0,0
BRDA:253,18,1,0
BRDA:254,19,0,0
BRDA:254,19,1,0
BRDA:285,20,0,0
BRDA:289,21,0,0
BRDA:294,22,0,0
BRDA:335,23,0,0
BRDA:339,24,0,0
BRDA:339,24,1,0
BRDA:353,25,0,0
BRDA:359,26,0,0
BRDA:383,27,0,0
BRDA:383,28,0,0
BRDA:383,28,1,0
BRF:37
BRH:0
end_of_record
TN:
SF:src\services\WordService.ts
FN:26,(anonymous_0)
FN:36,(anonymous_1)
FN:108,(anonymous_2)
FN:121,(anonymous_3)
FN:133,(anonymous_4)
FN:150,(anonymous_5)
FN:167,(anonymous_6)
FN:190,(anonymous_7)
FN:191,(anonymous_8)
FN:194,(anonymous_9)
FN:195,(anonymous_10)
FN:196,(anonymous_11)
FN:197,(anonymous_12)
FN:198,(anonymous_13)
FN:216,(anonymous_14)
FN:263,(anonymous_15)
FNF:16
FNH:0
FNDA:0,(anonymous_0)
FNDA:0,(anonymous_1)
FNDA:0,(anonymous_2)
FNDA:0,(anonymous_3)
FNDA:0,(anonymous_4)
FNDA:0,(anonymous_5)
FNDA:0,(anonymous_6)
FNDA:0,(anonymous_7)
FNDA:0,(anonymous_8)
FNDA:0,(anonymous_9)
FNDA:0,(anonymous_10)
FNDA:0,(anonymous_11)
FNDA:0,(anonymous_12)
FNDA:0,(anonymous_13)
FNDA:0,(anonymous_14)
FNDA:0,(anonymous_15)
DA:1,0
DA:2,0
DA:3,0
DA:23,0
DA:27,0
DA:28,0
DA:30,0
DA:37,0
DA:38,0
DA:39,0
DA:41,0
DA:44,0
DA:47,0
DA:93,0
DA:100,0
DA:101,0
DA:109,0
DA:110,0
DA:111,0
DA:113,0
DA:114,0
DA:122,0
DA:123,0
DA:125,0
DA:126,0
DA:134,0
DA:135,0
DA:136,0
DA:137,0
DA:140,0
DA:142,0
DA:143,0
DA:151,0
DA:152,0
DA:153,0
DA:154,0
DA:157,0
DA:159,0
DA:160,0
DA:178,0
DA:179,0
DA:184,0
DA:186,0
DA:190,0
DA:191,0
DA:193,0
DA:194,0
DA:195,0
DA:196,0
DA:197,0
DA:198,0
DA:201,0
DA:208,0
DA:209,0
DA:217,0
DA:220,0
DA:221,0
DA:224,0
DA:225,0
DA:228,0
DA:229,0
DA:233,0
DA:234,0
DA:237,0
DA:238,0
DA:242,0
DA:243,0
DA:246,0
DA:250,0
DA:251,0
DA:257,0
DA:268,0
DA:271,0
DA:277,0
DA:278,0
LF:75
LH:0
BRDA:27,0,0,0
BRDA:39,1,0,0
BRDA:39,1,1,0
BRDA:111,2,0,0
BRDA:111,2,1,0
BRDA:136,3,0,0
BRDA:153,4,0,0
BRDA:184,5,0,0
BRDA:184,5,1,0
BRDA:220,6,0,0
BRDA:220,7,0,0
BRDA:220,7,1,0
BRDA:224,8,0,0
BRDA:224,9,0,0
BRDA:224,9,1,0
BRDA:228,10,0,0
BRDA:233,11,0,0
BRDA:233,12,0,0
BRDA:233,12,1,0
BRDA:237,13,0,0
BRDA:237,14,0,0
BRDA:237,14,1,0
BRDA:242,15,0,0
BRDA:242,15,1,0
BRDA:242,16,0,0
BRDA:242,16,1,0
BRDA:250,17,0,0
BRDA:250,18,0,0
BRDA:250,18,1,0
BRF:29
BRH:0
end_of_record
TN:
SF:src\utils\logger.ts
FN:8,(anonymous_1)
FNF:1
FNH:0
FNDA:0,(anonymous_1)
DA:1,0
DA:2,0
DA:4,0
DA:9,0
DA:11,0
DA:12,0
DA:15,0
DA:16,0
DA:19,0
DA:23,0
DA:38,0
DA:39,0
DA:46,0
LF:13
LH:0
BRDA:11,0,0,0
BRDA:15,1,0,0
BRDA:38,2,0,0
BRF:3
BRH:0
end_of_record
