TN:
SF:src\categories.js
FNF:0
FNH:0
DA:1,0
LF:1
LH:0
BRF:0
BRH:0
end_of_record
TN:
SF:src\exerciseThemeHandler.js
FN:60,(anonymous_0)
FNF:1
FNH:0
FNDA:0,(anonymous_0)
DA:3,0
DA:25,0
DA:27,0
DA:35,0
DA:44,0
DA:51,0
DA:55,0
DA:60,0
LF:8
LH:0
BRF:0
BRH:0
end_of_record
TN:
SF:src\globalStyle.js
FN:5,(anonymous_0)
FNF:1
FNH:0
FNDA:0,(anonymous_0)
DA:3,0
DA:5,0
LF:2
LH:0
BRF:0
BRH:0
end_of_record
TN:
SF:src\index.js
FNF:0
FNH:0
DA:12,0
DA:13,0
DA:15,0
DA:23,0
LF:4
LH:0
BRF:0
BRH:0
end_of_record
TN:
SF:src\serviceWorker.js
FN:23,register
FN:34,(anonymous_1)
FN:43,(anonymous_2)
FN:57,registerValidSW
FN:60,(anonymous_4)
FN:61,(anonymous_5)
FN:66,(anonymous_6)
FN:96,(anonymous_7)
FN:101,checkValidServiceWorker
FN:104,(anonymous_9)
FN:112,(anonymous_10)
FN:113,(anonymous_11)
FN:122,(anonymous_12)
FN:129,unregister
FN:131,(anonymous_14)
FNF:15
FNH:0
FNDA:0,register
FNDA:0,(anonymous_1)
FNDA:0,(anonymous_2)
FNDA:0,registerValidSW
FNDA:0,(anonymous_4)
FNDA:0,(anonymous_5)
FNDA:0,(anonymous_6)
FNDA:0,(anonymous_7)
FNDA:0,checkValidServiceWorker
FNDA:0,(anonymous_9)
FNDA:0,(anonymous_10)
FNDA:0,(anonymous_11)
FNDA:0,(anonymous_12)
FNDA:0,unregister
FNDA:0,(anonymous_14)
DA:13,0
DA:24,0
DA:26,0
DA:27,0
DA:31,0
DA:34,0
DA:35,0
DA:37,0
DA:39,0
DA:43,0
DA:44,0
DA:51,0
DA:58,0
DA:61,0
DA:62,0
DA:63,0
DA:64,0
DA:66,0
DA:67,0
DA:68,0
DA:72,0
DA:78,0
DA:79,0
DA:85,0
DA:88,0
DA:89,0
DA:97,0
DA:103,0
DA:106,0
DA:107,0
DA:112,0
DA:113,0
DA:114,0
DA:119,0
DA:123,0
DA:130,0
DA:131,0
DA:132,0
LF:38
LH:0
BRDA:14,0,0,0
BRDA:14,0,1,0
BRDA:14,0,2,0
BRDA:24,1,0,0
BRDA:24,1,1,0
BRDA:24,2,0,0
BRDA:24,2,1,0
BRDA:27,3,0,0
BRDA:27,3,1,0
BRDA:37,4,0,0
BRDA:37,4,1,0
BRDA:63,5,0,0
BRDA:63,5,1,0
BRDA:67,6,0,0
BRDA:67,6,1,0
BRDA:68,7,0,0
BRDA:68,7,1,0
BRDA:78,8,0,0
BRDA:78,8,1,0
BRDA:78,9,0,0
BRDA:78,9,1,0
BRDA:88,10,0,0
BRDA:88,10,1,0
BRDA:88,11,0,0
BRDA:88,11,1,0
BRDA:107,12,0,0
BRDA:107,12,1,0
BRDA:108,13,0,0
BRDA:108,13,1,0
BRDA:108,13,2,0
BRDA:130,14,0,0
BRDA:130,14,1,0
BRF:32
BRH:0
end_of_record
TN:
SF:src\store.js
FNF:0
FNH:0
DA:23,0
LF:1
LH:0
BRDA:23,0,0,0
BRDA:23,0,1,0
BRF:2
BRH:0
end_of_record
TN:
SF:src\theme.js
FN:50,(anonymous_0)
FNF:1
FNH:0
FNDA:0,(anonymous_0)
DA:1,0
DA:8,0
DA:23,0
DA:50,0
LF:4
LH:0
BRDA:50,0,0,0
BRDA:50,0,1,0
BRF:2
BRH:0
end_of_record
TN:
SF:src\themeHandler.js
FN:28,(anonymous_0)
FN:30,(anonymous_1)
FNF:2
FNH:0
FNDA:0,(anonymous_0)
FNDA:0,(anonymous_1)
DA:3,0
DA:26,0
DA:28,0
DA:30,0
DA:32,0
LF:5
LH:0
BRDA:30,0,0,0
BRDA:30,0,1,0
BRF:2
BRH:0
end_of_record
TN:
SF:src\actions\administration.js
FN:24,(anonymous_0)
FN:25,(anonymous_1)
FN:27,(anonymous_2)
FN:27,(anonymous_3)
FN:43,(anonymous_4)
FN:44,(anonymous_5)
FN:46,(anonymous_6)
FN:46,(anonymous_7)
FN:63,(anonymous_8)
FN:64,(anonymous_9)
FN:66,(anonymous_10)
FN:66,(anonymous_11)
FN:83,(anonymous_12)
FN:84,(anonymous_13)
FN:86,(anonymous_14)
FN:86,(anonymous_15)
FN:98,updateUserId
FN:104,updateNewUsername
FN:110,updateNewPassword
FN:116,updateNewFirstName
FN:122,updateNewLastName
FN:128,updateUsername
FN:134,updatePassword
FN:140,updateFirstName
FN:146,updateLastName
FN:152,updateActive
FN:158,changePassword
FN:164,createNewUser
FN:170,cancelCreateNewUser
FNF:29
FNH:0
FNDA:0,(anonymous_0)
FNDA:0,(anonymous_1)
FNDA:0,(anonymous_2)
FNDA:0,(anonymous_3)
FNDA:0,(anonymous_4)
FNDA:0,(anonymous_5)
FNDA:0,(anonymous_6)
FNDA:0,(anonymous_7)
FNDA:0,(anonymous_8)
FNDA:0,(anonymous_9)
FNDA:0,(anonymous_10)
FNDA:0,(anonymous_11)
FNDA:0,(anonymous_12)
FNDA:0,(anonymous_13)
FNDA:0,(anonymous_14)
FNDA:0,(anonymous_15)
FNDA:0,updateUserId
FNDA:0,updateNewUsername
FNDA:0,updateNewPassword
FNDA:0,updateNewFirstName
FNDA:0,updateNewLastName
FNDA:0,updateUsername
FNDA:0,updatePassword
FNDA:0,updateFirstName
FNDA:0,updateLastName
FNDA:0,updateActive
FNDA:0,changePassword
FNDA:0,createNewUser
FNDA:0,cancelCreateNewUser
DA:3,0
DA:4,0
DA:6,0
DA:7,0
DA:8,0
DA:9,0
DA:11,0
DA:12,0
DA:13,0
DA:14,0
DA:15,0
DA:16,0
DA:17,0
DA:19,0
DA:20,0
DA:21,0
DA:23,0
DA:24,0
DA:25,0
DA:27,0
DA:28,0
DA:29,0
DA:30,0
DA:31,0
DA:32,0
DA:34,0
DA:38,0
DA:39,0
DA:40,0
DA:42,0
DA:43,0
DA:44,0
DA:46,0
DA:47,0
DA:48,0
DA:49,0
DA:50,0
DA:51,0
DA:53,0
DA:58,0
DA:59,0
DA:60,0
DA:62,0
DA:63,0
DA:64,0
DA:66,0
DA:67,0
DA:68,0
DA:69,0
DA:70,0
DA:71,0
DA:73,0
DA:78,0
DA:79,0
DA:80,0
DA:82,0
DA:83,0
DA:84,0
DA:86,0
DA:87,0
DA:88,0
DA:89,0
DA:90,0
DA:91,0
DA:93,0
DA:99,0
DA:105,0
DA:111,0
DA:117,0
DA:123,0
DA:129,0
DA:135,0
DA:141,0
DA:147,0
DA:153,0
DA:159,0
DA:165,0
DA:171,0
LF:78
LH:0
BRF:0
BRH:0
end_of_record
TN:
SF:src\actions\auth.js
FN:8,(anonymous_0)
FN:9,(anonymous_1)
FN:11,(anonymous_2)
FN:11,(anonymous_3)
FN:21,(anonymous_4)
FN:21,(anonymous_5)
FN:31,(anonymous_6)
FN:32,(anonymous_7)
FN:34,(anonymous_8)
FN:34,(anonymous_9)
FN:45,(anonymous_10)
FNF:11
FNH:0
FNDA:0,(anonymous_0)
FNDA:0,(anonymous_1)
FNDA:0,(anonymous_2)
FNDA:0,(anonymous_3)
FNDA:0,(anonymous_4)
FNDA:0,(anonymous_5)
FNDA:0,(anonymous_6)
FNDA:0,(anonymous_7)
FNDA:0,(anonymous_8)
FNDA:0,(anonymous_9)
FNDA:0,(anonymous_10)
DA:3,0
DA:4,0
DA:5,0
DA:7,0
DA:8,0
DA:9,0
DA:11,0
DA:12,0
DA:13,0
DA:14,0
DA:15,0
DA:17,0
DA:21,0
DA:23,0
DA:26,0
DA:27,0
DA:28,0
DA:30,0
DA:31,0
DA:32,0
DA:34,0
DA:35,0
DA:36,0
DA:37,0
DA:38,0
DA:40,0
DA:44,0
DA:45,0
LF:28
LH:0
BRDA:23,0,0,0
BRDA:23,0,1,0
BRF:2
BRH:0
end_of_record
TN:
SF:src\actions\error.js
FN:2,(anonymous_0)
FN:5,(anonymous_1)
FN:8,(anonymous_2)
FN:8,(anonymous_3)
FN:11,(anonymous_4)
FN:14,(anonymous_5)
FN:14,(anonymous_6)
FNF:7
FNH:0
FNDA:0,(anonymous_0)
FNDA:0,(anonymous_1)
FNDA:0,(anonymous_2)
FNDA:0,(anonymous_3)
FNDA:0,(anonymous_4)
FNDA:0,(anonymous_5)
FNDA:0,(anonymous_6)
DA:1,0
DA:2,0
DA:4,0
DA:5,0
DA:8,0
DA:9,0
DA:10,0
DA:11,0
DA:14,0
DA:15,0
DA:16,0
LF:11
LH:0
BRF:0
BRH:0
end_of_record
TN:
SF:src\actions\exerciseHistory.js
FN:15,addExercise
FN:21,addExerciseNumber
FN:27,setExercisePause
FN:33,updateCompleted
FN:39,updateTotal
FN:45,setModalOpen
FN:51,setRange
FN:57,updateTimeLeft
FN:63,updateTime
FN:69,setInProgress
FN:75,setIsCompleted
FN:81,addQueryResult
FN:87,clearQueryResults
FNF:13
FNH:0
FNDA:0,addExercise
FNDA:0,addExerciseNumber
FNDA:0,setExercisePause
FNDA:0,updateCompleted
FNDA:0,updateTotal
FNDA:0,setModalOpen
FNDA:0,setRange
FNDA:0,updateTimeLeft
FNDA:0,updateTime
FNDA:0,setInProgress
FNDA:0,setIsCompleted
FNDA:0,addQueryResult
FNDA:0,clearQueryResults
DA:1,0
DA:2,0
DA:3,0
DA:4,0
DA:5,0
DA:6,0
DA:7,0
DA:8,0
DA:9,0
DA:10,0
DA:11,0
DA:12,0
DA:13,0
DA:16,0
DA:22,0
DA:28,0
DA:34,0
DA:40,0
DA:46,0
DA:52,0
DA:58,0
DA:64,0
DA:70,0
DA:76,0
DA:82,0
DA:88,0
LF:26
LH:0
BRF:0
BRH:0
end_of_record
TN:
SF:src\actions\formData.js
FN:32,setChanged
FN:38,loadSetting1FormData
FN:44,addSetting1FormData
FN:50,deleteSetting1FormData
FN:56,loadSetting2FormData
FN:63,addSetting2FormData
FN:69,deleteSetting2FormData
FN:75,loadSetting3FormData
FN:81,addSetting3FormData
FN:87,deleteSetting3FormData
FN:93,loadSetting4FormData
FN:99,addSetting4FormData
FN:105,deleteSetting4FormData
FN:111,loadSetting5FormData
FN:117,addSetting5FormData
FN:123,deleteSetting5FormData
FN:129,loadSetting6FormData
FN:135,addSetting6FormData
FN:141,deleteSetting6FormData
FN:147,loadCombinedData
FN:153,mutateCombinedData
FN:159,resetFormData
FNF:22
FNH:0
FNDA:0,setChanged
FNDA:0,loadSetting1FormData
FNDA:0,addSetting1FormData
FNDA:0,deleteSetting1FormData
FNDA:0,loadSetting2FormData
FNDA:0,addSetting2FormData
FNDA:0,deleteSetting2FormData
FNDA:0,loadSetting3FormData
FNDA:0,addSetting3FormData
FNDA:0,deleteSetting3FormData
FNDA:0,loadSetting4FormData
FNDA:0,addSetting4FormData
FNDA:0,deleteSetting4FormData
FNDA:0,loadSetting5FormData
FNDA:0,addSetting5FormData
FNDA:0,deleteSetting5FormData
FNDA:0,loadSetting6FormData
FNDA:0,addSetting6FormData
FNDA:0,deleteSetting6FormData
FNDA:0,loadCombinedData
FNDA:0,mutateCombinedData
FNDA:0,resetFormData
DA:1,0
DA:2,0
DA:3,0
DA:5,0
DA:6,0
DA:7,0
DA:9,0
DA:10,0
DA:11,0
DA:13,0
DA:14,0
DA:15,0
DA:17,0
DA:18,0
DA:19,0
DA:21,0
DA:22,0
DA:23,0
DA:25,0
DA:26,0
DA:27,0
DA:29,0
DA:33,0
DA:39,0
DA:45,0
DA:51,0
DA:57,0
DA:64,0
DA:70,0
DA:76,0
DA:82,0
DA:88,0
DA:94,0
DA:100,0
DA:106,0
DA:112,0
DA:118,0
DA:124,0
DA:130,0
DA:136,0
DA:142,0
DA:148,0
DA:154,0
DA:160,0
LF:44
LH:0
BRF:0
BRH:0
end_of_record
TN:
SF:src\actions\interaction.js
FN:8,(anonymous_0)
FN:9,(anonymous_1)
FN:11,(anonymous_2)
FN:11,(anonymous_3)
FN:29,(anonymous_4)
FN:30,(anonymous_5)
FN:32,(anonymous_6)
FN:32,(anonymous_7)
FN:49,(anonymous_8)
FN:50,(anonymous_9)
FN:52,(anonymous_10)
FN:52,(anonymous_11)
FN:69,(anonymous_12)
FN:70,(anonymous_13)
FN:72,(anonymous_14)
FN:72,(anonymous_15)
FNF:16
FNH:0
FNDA:0,(anonymous_0)
FNDA:0,(anonymous_1)
FNDA:0,(anonymous_2)
FNDA:0,(anonymous_3)
FNDA:0,(anonymous_4)
FNDA:0,(anonymous_5)
FNDA:0,(anonymous_6)
FNDA:0,(anonymous_7)
FNDA:0,(anonymous_8)
FNDA:0,(anonymous_9)
FNDA:0,(anonymous_10)
FNDA:0,(anonymous_11)
FNDA:0,(anonymous_12)
FNDA:0,(anonymous_13)
FNDA:0,(anonymous_14)
FNDA:0,(anonymous_15)
DA:3,0
DA:4,0
DA:5,0
DA:7,0
DA:8,0
DA:9,0
DA:11,0
DA:12,0
DA:13,0
DA:14,0
DA:15,0
DA:16,0
DA:18,0
DA:24,0
DA:25,0
DA:26,0
DA:28,0
DA:29,0
DA:30,0
DA:32,0
DA:33,0
DA:34,0
DA:35,0
DA:36,0
DA:37,0
DA:39,0
DA:44,0
DA:45,0
DA:46,0
DA:48,0
DA:49,0
DA:50,0
DA:52,0
DA:53,0
DA:54,0
DA:55,0
DA:56,0
DA:57,0
DA:59,0
DA:64,0
DA:65,0
DA:66,0
DA:68,0
DA:69,0
DA:70,0
DA:72,0
DA:73,0
DA:74,0
DA:75,0
DA:76,0
DA:78,0
DA:79,0
LF:52
LH:0
BRF:0
BRH:0
end_of_record
TN:
SF:src\actions\interactions.js
FN:9,(anonymous_0)
FN:10,(anonymous_1)
FN:12,(anonymous_2)
FN:12,(anonymous_3)
FN:27,(anonymous_4)
FN:28,(anonymous_5)
FN:30,(anonymous_6)
FN:30,(anonymous_7)
FNF:8
FNH:0
FNDA:0,(anonymous_0)
FNDA:0,(anonymous_1)
FNDA:0,(anonymous_2)
FNDA:0,(anonymous_3)
FNDA:0,(anonymous_4)
FNDA:0,(anonymous_5)
FNDA:0,(anonymous_6)
FNDA:0,(anonymous_7)
DA:3,0
DA:4,0
DA:5,0
DA:8,0
DA:9,0
DA:10,0
DA:12,0
DA:13,0
DA:14,0
DA:15,0
DA:16,0
DA:18,0
DA:22,0
DA:23,0
DA:24,0
DA:26,0
DA:27,0
DA:28,0
DA:30,0
DA:31,0
DA:32,0
DA:33,0
DA:34,0
DA:35,0
DA:37,0
LF:25
LH:0
BRF:0
BRH:0
end_of_record
TN:
SF:src\actions\modeSelect.js
FN:4,(anonymous_0)
FN:5,(anonymous_1)
FNF:2
FNH:0
FNDA:0,(anonymous_0)
FNDA:0,(anonymous_1)
DA:1,0
DA:2,0
DA:4,0
DA:5,0
LF:4
LH:0
BRF:0
BRH:0
end_of_record
TN:
SF:src\actions\posts.js
FN:18,(anonymous_0)
FN:19,(anonymous_1)
FN:21,(anonymous_2)
FN:21,(anonymous_3)
FN:36,(anonymous_4)
FN:37,(anonymous_5)
FN:39,(anonymous_6)
FN:39,(anonymous_7)
FN:49,(anonymous_8)
FN:49,(anonymous_9)
FN:64,(anonymous_10)
FN:65,(anonymous_11)
FN:67,(anonymous_12)
FN:67,(anonymous_13)
FN:82,(anonymous_14)
FN:83,(anonymous_15)
FN:85,(anonymous_16)
FN:85,(anonymous_17)
FN:101,(anonymous_18)
FN:102,(anonymous_19)
FN:104,(anonymous_20)
FN:104,(anonymous_21)
FN:121,(anonymous_22)
FN:122,(anonymous_23)
FN:124,(anonymous_24)
FN:124,(anonymous_25)
FN:141,(anonymous_26)
FN:142,(anonymous_27)
FN:144,(anonymous_28)
FN:144,(anonymous_29)
FN:161,(anonymous_30)
FN:162,(anonymous_31)
FN:164,(anonymous_32)
FN:164,(anonymous_33)
FNF:34
FNH:0
FNDA:0,(anonymous_0)
FNDA:0,(anonymous_1)
FNDA:0,(anonymous_2)
FNDA:0,(anonymous_3)
FNDA:0,(anonymous_4)
FNDA:0,(anonymous_5)
FNDA:0,(anonymous_6)
FNDA:0,(anonymous_7)
FNDA:0,(anonymous_8)
FNDA:0,(anonymous_9)
FNDA:0,(anonymous_10)
FNDA:0,(anonymous_11)
FNDA:0,(anonymous_12)
FNDA:0,(anonymous_13)
FNDA:0,(anonymous_14)
FNDA:0,(anonymous_15)
FNDA:0,(anonymous_16)
FNDA:0,(anonymous_17)
FNDA:0,(anonymous_18)
FNDA:0,(anonymous_19)
FNDA:0,(anonymous_20)
FNDA:0,(anonymous_21)
FNDA:0,(anonymous_22)
FNDA:0,(anonymous_23)
FNDA:0,(anonymous_24)
FNDA:0,(anonymous_25)
FNDA:0,(anonymous_26)
FNDA:0,(anonymous_27)
FNDA:0,(anonymous_28)
FNDA:0,(anonymous_29)
FNDA:0,(anonymous_30)
FNDA:0,(anonymous_31)
FNDA:0,(anonymous_32)
FNDA:0,(anonymous_33)
DA:13,0
DA:14,0
DA:15,0
DA:17,0
DA:18,0
DA:19,0
DA:21,0
DA:22,0
DA:23,0
DA:24,0
DA:25,0
DA:27,0
DA:31,0
DA:32,0
DA:33,0
DA:35,0
DA:36,0
DA:37,0
DA:39,0
DA:40,0
DA:41,0
DA:42,0
DA:43,0
DA:45,0
DA:49,0
DA:50,0
DA:51,0
DA:52,0
DA:53,0
DA:55,0
DA:59,0
DA:60,0
DA:61,0
DA:63,0
DA:64,0
DA:65,0
DA:67,0
DA:68,0
DA:69,0
DA:70,0
DA:71,0
DA:73,0
DA:77,0
DA:78,0
DA:79,0
DA:81,0
DA:82,0
DA:83,0
DA:85,0
DA:86,0
DA:87,0
DA:88,0
DA:89,0
DA:90,0
DA:92,0
DA:96,0
DA:97,0
DA:98,0
DA:100,0
DA:101,0
DA:102,0
DA:104,0
DA:105,0
DA:106,0
DA:107,0
DA:108,0
DA:109,0
DA:110,0
DA:112,0
DA:116,0
DA:117,0
DA:118,0
DA:120,0
DA:121,0
DA:122,0
DA:124,0
DA:125,0
DA:126,0
DA:127,0
DA:128,0
DA:129,0
DA:130,0
DA:132,0
DA:136,0
DA:137,0
DA:138,0
DA:140,0
DA:141,0
DA:142,0
DA:144,0
DA:145,0
DA:146,0
DA:147,0
DA:148,0
DA:149,0
DA:150,0
DA:152,0
DA:156,0
DA:157,0
DA:158,0
DA:160,0
DA:161,0
DA:162,0
DA:164,0
DA:165,0
DA:166,0
DA:167,0
DA:168,0
DA:169,0
DA:171,0
LF:110
LH:0
BRDA:21,0,0,0
BRDA:49,1,0,0
BRF:2
BRH:0
end_of_record
TN:
SF:src\actions\routineBuilder.js
FN:32,(anonymous_0)
FN:33,(anonymous_1)
FN:35,(anonymous_2)
FN:35,(anonymous_3)
FN:51,(anonymous_4)
FN:52,(anonymous_5)
FN:54,(anonymous_6)
FN:54,(anonymous_7)
FN:70,(anonymous_8)
FN:71,(anonymous_9)
FN:73,(anonymous_10)
FN:73,(anonymous_11)
FN:89,(anonymous_12)
FN:90,(anonymous_13)
FN:92,(anonymous_14)
FN:92,(anonymous_15)
FN:108,(anonymous_16)
FN:109,(anonymous_17)
FN:111,(anonymous_18)
FN:111,(anonymous_19)
FN:122,updateUserId
FN:128,resetRoutineBuilder
FN:134,resetStepList
FN:140,resetForm
FN:146,updateName
FN:152,updateDescription
FN:158,updateId
FN:164,updateIndex
FN:170,insertStep
FN:176,removeStep
FN:182,updateStep
FN:188,updateVowels
FN:194,updateConsonants
FN:200,addConsonant
FN:206,removeConsonant
FN:212,updateMode
FN:218,updateRangeVal
FN:224,updateRepetitions
FN:230,updateSyllables
FN:236,updatePosition
FN:242,updateGradeLevel
FN:248,updateIntermissionText
FN:254,updateIsIntermission
FNF:43
FNH:0
FNDA:0,(anonymous_0)
FNDA:0,(anonymous_1)
FNDA:0,(anonymous_2)
FNDA:0,(anonymous_3)
FNDA:0,(anonymous_4)
FNDA:0,(anonymous_5)
FNDA:0,(anonymous_6)
FNDA:0,(anonymous_7)
FNDA:0,(anonymous_8)
FNDA:0,(anonymous_9)
FNDA:0,(anonymous_10)
FNDA:0,(anonymous_11)
FNDA:0,(anonymous_12)
FNDA:0,(anonymous_13)
FNDA:0,(anonymous_14)
FNDA:0,(anonymous_15)
FNDA:0,(anonymous_16)
FNDA:0,(anonymous_17)
FNDA:0,(anonymous_18)
FNDA:0,(anonymous_19)
FNDA:0,updateUserId
FNDA:0,resetRoutineBuilder
FNDA:0,resetStepList
FNDA:0,resetForm
FNDA:0,updateName
FNDA:0,updateDescription
FNDA:0,updateId
FNDA:0,updateIndex
FNDA:0,insertStep
FNDA:0,removeStep
FNDA:0,updateStep
FNDA:0,updateVowels
FNDA:0,updateConsonants
FNDA:0,addConsonant
FNDA:0,removeConsonant
FNDA:0,updateMode
FNDA:0,updateRangeVal
FNDA:0,updateRepetitions
FNDA:0,updateSyllables
FNDA:0,updatePosition
FNDA:0,updateGradeLevel
FNDA:0,updateIntermissionText
FNDA:0,updateIsIntermission
DA:3,0
DA:4,0
DA:5,0
DA:6,0
DA:7,0
DA:8,0
DA:9,0
DA:10,0
DA:11,0
DA:12,0
DA:13,0
DA:14,0
DA:15,0
DA:16,0
DA:17,0
DA:18,0
DA:19,0
DA:20,0
DA:21,0
DA:22,0
DA:23,0
DA:24,0
DA:25,0
DA:27,0
DA:28,0
DA:29,0
DA:31,0
DA:32,0
DA:33,0
DA:35,0
DA:36,0
DA:37,0
DA:38,0
DA:39,0
DA:40,0
DA:42,0
DA:46,0
DA:47,0
DA:48,0
DA:50,0
DA:51,0
DA:52,0
DA:54,0
DA:55,0
DA:56,0
DA:57,0
DA:58,0
DA:59,0
DA:61,0
DA:65,0
DA:66,0
DA:67,0
DA:69,0
DA:70,0
DA:71,0
DA:73,0
DA:74,0
DA:75,0
DA:76,0
DA:77,0
DA:78,0
DA:80,0
DA:84,0
DA:85,0
DA:86,0
DA:88,0
DA:89,0
DA:90,0
DA:92,0
DA:93,0
DA:94,0
DA:95,0
DA:96,0
DA:97,0
DA:99,0
DA:103,0
DA:104,0
DA:105,0
DA:107,0
DA:108,0
DA:109,0
DA:111,0
DA:112,0
DA:113,0
DA:114,0
DA:115,0
DA:116,0
DA:118,0
DA:123,0
DA:129,0
DA:135,0
DA:141,0
DA:147,0
DA:153,0
DA:159,0
DA:165,0
DA:171,0
DA:177,0
DA:183,0
DA:189,0
DA:195,0
DA:201,0
DA:207,0
DA:213,0
DA:219,0
DA:225,0
DA:231,0
DA:237,0
DA:243,0
DA:249,0
DA:255,0
LF:111
LH:0
BRF:0
BRH:0
end_of_record
TN:
SF:src\actions\routineSelect.js
FN:14,(anonymous_0)
FN:15,(anonymous_1)
FN:17,(anonymous_2)
FN:17,(anonymous_3)
FN:33,resetRoutineSelect
FN:39,updateId
FN:45,updateName
FN:51,updateDescription
FN:57,updateActiveRoutine
FNF:9
FNH:0
FNDA:0,(anonymous_0)
FNDA:0,(anonymous_1)
FNDA:0,(anonymous_2)
FNDA:0,(anonymous_3)
FNDA:0,resetRoutineSelect
FNDA:0,updateId
FNDA:0,updateName
FNDA:0,updateDescription
FNDA:0,updateActiveRoutine
DA:3,0
DA:4,0
DA:5,0
DA:7,0
DA:8,0
DA:9,0
DA:10,0
DA:11,0
DA:13,0
DA:14,0
DA:15,0
DA:17,0
DA:18,0
DA:19,0
DA:20,0
DA:21,0
DA:22,0
DA:23,0
DA:25,0
DA:26,0
DA:29,0
DA:34,0
DA:40,0
DA:46,0
DA:52,0
DA:58,0
LF:26
LH:0
BRDA:20,0,0,0
BRDA:20,0,1,0
BRF:2
BRH:0
end_of_record
TN:
SF:src\actions\theme.js
FN:2,(anonymous_0)
FNF:1
FNH:0
FNDA:0,(anonymous_0)
DA:1,0
DA:2,0
LF:2
LH:0
BRF:0
BRH:0
end_of_record
TN:
SF:src\actions\viewHistory.js
FN:12,(anonymous_0)
FN:13,(anonymous_1)
FN:15,(anonymous_2)
FN:15,(anonymous_3)
FN:26,updateStartDate
FN:32,updateEndDate
FN:38,updateFilter
FNF:7
FNH:0
FNDA:0,(anonymous_0)
FNDA:0,(anonymous_1)
FNDA:0,(anonymous_2)
FNDA:0,(anonymous_3)
FNDA:0,updateStartDate
FNDA:0,updateEndDate
FNDA:0,updateFilter
DA:3,0
DA:4,0
DA:5,0
DA:7,0
DA:8,0
DA:9,0
DA:11,0
DA:12,0
DA:13,0
DA:15,0
DA:16,0
DA:17,0
DA:18,0
DA:19,0
DA:20,0
DA:22,0
DA:27,0
DA:33,0
DA:39,0
LF:19
LH:0
BRF:0
BRH:0
end_of_record
TN:
SF:src\actions\word.js
FN:20,buildGraphQL
FN:36,resetWordCard
FN:42,addVowel
FN:48,addRoutineVowel
FN:54,addWord
FN:60,removeVowel
FN:66,removeWord
FN:72,addConsonant
FN:78,removeConsonant
FN:84,addSyllables
FN:90,setPosition
FN:96,setAge
FN:102,setLimit
FN:108,setMode
FN:114,setIntermissionText
FNF:15
FNH:0
FNDA:0,buildGraphQL
FNDA:0,resetWordCard
FNDA:0,addVowel
FNDA:0,addRoutineVowel
FNDA:0,addWord
FNDA:0,removeVowel
FNDA:0,removeWord
FNDA:0,addConsonant
FNDA:0,removeConsonant
FNDA:0,addSyllables
FNDA:0,setPosition
FNDA:0,setAge
FNDA:0,setLimit
FNDA:0,setMode
FNDA:0,setIntermissionText
DA:3,0
DA:4,0
DA:5,0
DA:6,0
DA:7,0
DA:8,0
DA:9,0
DA:10,0
DA:11,0
DA:12,0
DA:13,0
DA:14,0
DA:15,0
DA:16,0
DA:18,0
DA:22,0
DA:23,0
DA:28,0
DA:37,0
DA:43,0
DA:49,0
DA:55,0
DA:61,0
DA:67,0
DA:73,0
DA:79,0
DA:85,0
DA:91,0
DA:97,0
DA:103,0
DA:109,0
DA:115,0
LF:32
LH:0
BRF:0
BRH:0
end_of_record
TN:
SF:src\apollo\cacheConfig.ts
FN:23,(anonymous_0)
FN:49,(anonymous_1)
FN:84,(anonymous_2)
FN:90,(anonymous_3)
FN:111,(anonymous_4)
FN:117,(anonymous_5)
FN:133,(anonymous_6)
FN:139,(anonymous_7)
FN:148,(anonymous_8)
FN:153,(anonymous_9)
FN:158,(anonymous_10)
FN:162,(anonymous_11)
FN:172,(anonymous_12)
FN:193,(anonymous_13)
FN:195,(anonymous_14)
FN:205,(anonymous_15)
FN:217,(anonymous_16)
FN:229,(anonymous_17)
FN:245,createApolloCache
FN:274,(anonymous_19)
FN:277,(anonymous_20)
FN:299,(anonymous_21)
FN:306,(anonymous_22)
FN:309,(anonymous_23)
FN:311,(anonymous_24)
FN:344,(anonymous_25)
FN:352,(anonymous_26)
FN:374,(anonymous_27)
FN:398,(anonymous_28)
FN:414,(anonymous_29)
FNF:30
FNH:0
FNDA:0,(anonymous_0)
FNDA:0,(anonymous_1)
FNDA:0,(anonymous_2)
FNDA:0,(anonymous_3)
FNDA:0,(anonymous_4)
FNDA:0,(anonymous_5)
FNDA:0,(anonymous_6)
FNDA:0,(anonymous_7)
FNDA:0,(anonymous_8)
FNDA:0,(anonymous_9)
FNDA:0,(anonymous_10)
FNDA:0,(anonymous_11)
FNDA:0,(anonymous_12)
FNDA:0,(anonymous_13)
FNDA:0,(anonymous_14)
FNDA:0,(anonymous_15)
FNDA:0,(anonymous_16)
FNDA:0,(anonymous_17)
FNDA:0,createApolloCache
FNDA:0,(anonymous_19)
FNDA:0,(anonymous_20)
FNDA:0,(anonymous_21)
FNDA:0,(anonymous_22)
FNDA:0,(anonymous_23)
FNDA:0,(anonymous_24)
FNDA:0,(anonymous_25)
FNDA:0,(anonymous_26)
FNDA:0,(anonymous_27)
FNDA:0,(anonymous_28)
FNDA:0,(anonymous_29)
DA:17,0
DA:25,0
DA:26,0
DA:30,0
DA:31,0
DA:34,0
DA:36,0
DA:38,0
DA:46,0
DA:50,0
DA:53,0
DA:54,0
DA:56,0
DA:57,0
DA:61,0
DA:62,0
DA:63,0
DA:71,0
DA:84,0
DA:91,0
DA:93,0
DA:95,0
DA:96,0
DA:104,0
DA:111,0
DA:118,0
DA:120,0
DA:122,0
DA:123,0
DA:126,0
DA:133,0
DA:139,0
DA:148,0
DA:153,0
DA:159,0
DA:160,0
DA:162,0
DA:163,0
DA:174,0
DA:177,0
DA:179,0
DA:180,0
DA:183,0
DA:194,0
DA:195,0
DA:196,0
DA:197,0
DA:198,0
DA:206,0
DA:207,0
DA:218,0
DA:219,0
DA:221,0
DA:223,0
DA:230,0
DA:231,0
DA:233,0
DA:235,0
DA:246,0
DA:259,0
DA:260,0
DA:261,0
DA:262,0
DA:263,0
DA:264,0
DA:267,0
DA:272,0
DA:276,0
DA:277,0
DA:278,0
DA:279,0
DA:280,0
DA:281,0
DA:283,0
DA:290,0
DA:300,0
DA:307,0
DA:308,0
DA:309,0
DA:312,0
DA:321,0
DA:322,0
DA:328,0
DA:330,0
DA:334,0
DA:335,0
DA:337,0
DA:345,0
DA:346,0
DA:352,0
DA:353,0
DA:354,0
DA:360,0
DA:364,0
DA:365,0
DA:367,0
DA:379,0
DA:380,0
DA:381,0
DA:382,0
DA:384,0
DA:390,0
DA:391,0
DA:399,0
DA:400,0
DA:401,0
DA:402,0
DA:403,0
DA:405,0
DA:407,0
DA:415,0
DA:416,0
DA:419,0
DA:420,0
DA:423,0
DA:425,0
LF:116
LH:0
BRDA:25,0,0,0
BRDA:25,0,1,0
BRDA:30,1,0,0
BRDA:30,1,1,0
BRDA:31,2,0,0
BRDA:31,2,1,0
BRDA:34,3,0,0
BRDA:34,3,1,0
BRDA:36,4,0,0
BRDA:36,4,1,0
BRDA:50,5,0,0
BRDA:50,5,1,0
BRDA:53,6,0,0
BRDA:53,6,1,0
BRDA:54,7,0,0
BRDA:54,7,1,0
BRDA:56,8,0,0
BRDA:56,8,1,0
BRDA:61,9,0,0
BRDA:61,9,1,0
BRDA:62,10,0,0
BRDA:62,10,1,0
BRDA:91,11,0,0
BRDA:91,11,1,0
BRDA:93,12,0,0
BRDA:93,12,1,0
BRDA:95,13,0,0
BRDA:95,13,1,0
BRDA:98,14,0,0
BRDA:98,14,1,0
BRDA:98,15,0,0
BRDA:98,15,1,0
BRDA:118,16,0,0
BRDA:118,16,1,0
BRDA:120,17,0,0
BRDA:120,17,1,0
BRDA:122,18,0,0
BRDA:122,18,1,0
BRDA:159,19,0,0
BRDA:159,19,1,0
BRDA:160,20,0,0
BRDA:160,20,1,0
BRDA:174,21,0,0
BRDA:174,21,1,0
BRDA:177,22,0,0
BRDA:177,22,1,0
BRDA:179,23,0,0
BRDA:179,23,1,0
BRDA:194,24,0,0
BRDA:194,24,1,0
BRDA:196,25,0,0
BRDA:196,25,1,0
BRDA:197,26,0,0
BRDA:197,26,1,0
BRDA:206,27,0,0
BRDA:206,27,1,0
BRDA:221,28,0,0
BRDA:221,28,1,0
BRDA:221,29,0,0
BRDA:221,29,1,0
BRDA:230,30,0,0
BRDA:230,30,1,0
BRDA:231,31,0,0
BRDA:231,31,1,0
BRDA:233,32,0,0
BRDA:233,32,1,0
BRDA:259,33,0,0
BRDA:259,33,1,0
BRDA:262,34,0,0
BRDA:262,34,1,0
BRDA:381,35,0,0
BRDA:381,35,1,0
BRDA:382,36,0,0
BRDA:382,36,1,0
BRDA:419,37,0,0
BRDA:419,37,1,0
BRF:76
BRH:0
end_of_record
TN:
SF:src\components\Administration\Component.js
FN:33,(anonymous_0)
FN:45,(anonymous_1)
FN:49,(anonymous_2)
FN:53,(anonymous_3)
FN:57,(anonymous_4)
FN:76,(anonymous_5)
FN:80,(anonymous_6)
FN:94,(anonymous_7)
FN:100,(anonymous_8)
FN:111,(anonymous_9)
FN:136,(anonymous_10)
FN:139,(anonymous_11)
FN:145,(anonymous_12)
FN:149,(anonymous_13)
FN:153,(anonymous_14)
FN:157,(anonymous_15)
FN:161,(anonymous_16)
FN:444,(anonymous_17)
FN:447,(anonymous_18)
FNF:19
FNH:0
FNDA:0,(anonymous_0)
FNDA:0,(anonymous_1)
FNDA:0,(anonymous_2)
FNDA:0,(anonymous_3)
FNDA:0,(anonymous_4)
FNDA:0,(anonymous_5)
FNDA:0,(anonymous_6)
FNDA:0,(anonymous_7)
FNDA:0,(anonymous_8)
FNDA:0,(anonymous_9)
FNDA:0,(anonymous_10)
FNDA:0,(anonymous_11)
FNDA:0,(anonymous_12)
FNDA:0,(anonymous_13)
FNDA:0,(anonymous_14)
FNDA:0,(anonymous_15)
FNDA:0,(anonymous_16)
FNDA:0,(anonymous_17)
FNDA:0,(anonymous_18)
DA:34,0
DA:36,0
DA:37,0
DA:38,0
DA:40,0
DA:41,0
DA:50,0
DA:54,0
DA:60,0
DA:68,0
DA:69,0
DA:72,0
DA:77,0
DA:82,0
DA:90,0
DA:96,0
DA:101,0
DA:102,0
DA:105,0
DA:112,0
DA:114,0
DA:116,0
DA:117,0
DA:124,0
DA:127,0
DA:128,0
DA:133,0
DA:137,0
DA:139,0
DA:140,0
DA:142,0
DA:146,0
DA:150,0
DA:154,0
DA:158,0
DA:163,0
DA:164,0
DA:165,0
DA:168,0
DA:169,0
DA:170,0
DA:172,0
DA:173,0
DA:175,0
DA:176,0
DA:177,0
DA:178,0
DA:180,0
DA:181,0
DA:182,0
DA:183,0
DA:184,0
DA:186,0
DA:189,0
DA:198,0
DA:206,0
DA:214,0
DA:221,0
DA:222,0
DA:223,0
DA:226,0
DA:227,0
DA:230,0
DA:231,0
DA:234,0
DA:235,0
DA:236,0
DA:239,0
DA:442,0
DA:444,0
DA:445,0
DA:447,0
DA:448,0
DA:449,0
DA:453,0
DA:454,0
DA:457,0
LF:77
LH:0
BRDA:68,0,0,0
BRDA:68,0,1,0
BRDA:102,1,0,0
BRDA:102,1,1,0
BRDA:114,2,0,0
BRDA:114,2,1,0
BRDA:127,3,0,0
BRDA:127,3,1,0
BRDA:127,4,0,0
BRDA:127,4,1,0
BRDA:127,4,2,0
BRDA:140,5,0,0
BRDA:140,5,1,0
BRDA:221,6,0,0
BRDA:221,6,1,0
BRDA:226,7,0,0
BRDA:226,7,1,0
BRDA:230,8,0,0
BRDA:230,8,1,0
BRDA:234,9,0,0
BRDA:234,9,1,0
BRDA:243,10,0,0
BRDA:243,10,1,0
BRDA:292,11,0,0
BRDA:292,11,1,0
BRDA:357,12,0,0
BRDA:357,12,1,0
BRDA:357,13,0,0
BRDA:357,13,1,0
BRDA:382,14,0,0
BRDA:382,14,1,0
BRDA:382,15,0,0
BRDA:382,15,1,0
BRDA:408,16,0,0
BRDA:408,16,1,0
BRDA:448,17,0,0
BRDA:448,17,1,0
BRDA:453,18,0,0
BRDA:453,18,1,0
BRF:39
BRH:0
end_of_record
TN:
SF:src\components\Administration\Container.js
FN:9,(anonymous_0)
FNF:1
FNH:0
FNDA:0,(anonymous_0)
DA:9,0
DA:26,0
DA:28,0
DA:36,0
LF:4
LH:0
BRF:0
BRH:0
end_of_record
TN:
SF:src\components\Administration\elements\CancelButton.js
FN:6,(anonymous_0)
FN:16,CancelButton
FN:21,(anonymous_2)
FNF:3
FNH:0
FNDA:0,(anonymous_0)
FNDA:0,CancelButton
FNDA:0,(anonymous_2)
DA:6,0
DA:17,0
DA:19,0
DA:21,0
LF:4
LH:0
BRF:0
BRH:0
end_of_record
TN:
SF:src\components\Administration\elements\ChangePassword.js
FN:6,(anonymous_0)
FN:16,ChangePasswordButton
FN:21,(anonymous_2)
FNF:3
FNH:0
FNDA:0,(anonymous_0)
FNDA:0,ChangePasswordButton
FNDA:0,(anonymous_2)
DA:6,0
DA:17,0
DA:19,0
DA:21,0
LF:4
LH:0
BRF:0
BRH:0
end_of_record
TN:
SF:src\components\Administration\elements\CreateButton.js
FN:7,(anonymous_0)
FN:16,CreateButton
FN:19,(anonymous_2)
FNF:3
FNH:0
FNDA:0,(anonymous_0)
FNDA:0,CreateButton
FNDA:0,(anonymous_2)
DA:7,0
DA:17,0
DA:19,0
DA:21,0
DA:25,0
LF:5
LH:0
BRF:0
BRH:0
end_of_record
TN:
SF:src\components\Administration\elements\EditFirstName.js
FN:9,(anonymous_0)
FN:29,(anonymous_1)
FN:64,EditFirstName
FN:68,(anonymous_3)
FN:68,(anonymous_4)
FNF:5
FNH:0
FNDA:0,(anonymous_0)
FNDA:0,(anonymous_1)
FNDA:0,EditFirstName
FNDA:0,(anonymous_3)
FNDA:0,(anonymous_4)
DA:9,0
DA:29,0
DA:65,0
DA:66,0
DA:68,0
DA:69,0
DA:70,0
DA:73,0
LF:8
LH:0
BRDA:75,0,0,0
BRDA:75,0,1,0
BRF:2
BRH:0
end_of_record
TN:
SF:src\components\Administration\elements\EditLastName.js
FN:9,(anonymous_0)
FN:29,(anonymous_1)
FN:64,EditLastName
FN:68,(anonymous_3)
FN:68,(anonymous_4)
FNF:5
FNH:0
FNDA:0,(anonymous_0)
FNDA:0,(anonymous_1)
FNDA:0,EditLastName
FNDA:0,(anonymous_3)
FNDA:0,(anonymous_4)
DA:9,0
DA:29,0
DA:65,0
DA:66,0
DA:68,0
DA:69,0
DA:70,0
DA:73,0
LF:8
LH:0
BRDA:75,0,0,0
BRDA:75,0,1,0
BRF:2
BRH:0
end_of_record
TN:
SF:src\components\Administration\elements\EditPassword.js
FN:9,(anonymous_0)
FN:29,(anonymous_1)
FN:64,EditPassword
FN:68,(anonymous_3)
FN:68,(anonymous_4)
FNF:5
FNH:0
FNDA:0,(anonymous_0)
FNDA:0,(anonymous_1)
FNDA:0,EditPassword
FNDA:0,(anonymous_3)
FNDA:0,(anonymous_4)
DA:9,0
DA:29,0
DA:65,0
DA:66,0
DA:68,0
DA:69,0
DA:70,0
DA:73,0
LF:8
LH:0
BRDA:75,0,0,0
BRDA:75,0,1,0
BRF:2
BRH:0
end_of_record
TN:
SF:src\components\Administration\elements\EditUsername.js
FN:8,(anonymous_0)
FN:28,(anonymous_1)
FN:63,EditUsername
FN:67,(anonymous_3)
FN:67,(anonymous_4)
FNF:5
FNH:0
FNDA:0,(anonymous_0)
FNDA:0,(anonymous_1)
FNDA:0,EditUsername
FNDA:0,(anonymous_3)
FNDA:0,(anonymous_4)
DA:8,0
DA:28,0
DA:64,0
DA:65,0
DA:67,0
DA:68,0
DA:69,0
DA:72,0
LF:8
LH:0
BRF:0
BRH:0
end_of_record
TN:
SF:src\components\Administration\elements\NewFirstName.js
FN:9,(anonymous_0)
FN:29,(anonymous_1)
FN:64,NewFirstName
FN:68,(anonymous_3)
FN:68,(anonymous_4)
FNF:5
FNH:0
FNDA:0,(anonymous_0)
FNDA:0,(anonymous_1)
FNDA:0,NewFirstName
FNDA:0,(anonymous_3)
FNDA:0,(anonymous_4)
DA:9,0
DA:29,0
DA:65,0
DA:66,0
DA:68,0
DA:69,0
DA:70,0
DA:73,0
LF:8
LH:0
BRDA:75,0,0,0
BRDA:75,0,1,0
BRF:2
BRH:0
end_of_record
TN:
SF:src\components\Administration\elements\NewLastName.js
FN:9,(anonymous_0)
FN:29,(anonymous_1)
FN:64,NewLastName
FN:68,(anonymous_3)
FN:68,(anonymous_4)
FNF:5
FNH:0
FNDA:0,(anonymous_0)
FNDA:0,(anonymous_1)
FNDA:0,NewLastName
FNDA:0,(anonymous_3)
FNDA:0,(anonymous_4)
DA:9,0
DA:29,0
DA:65,0
DA:66,0
DA:68,0
DA:69,0
DA:70,0
DA:73,0
LF:8
LH:0
BRDA:75,0,0,0
BRDA:75,0,1,0
BRF:2
BRH:0
end_of_record
TN:
SF:src\components\Administration\elements\NewPassword.js
FN:9,(anonymous_0)
FN:29,(anonymous_1)
FN:64,NewPassword
FN:68,(anonymous_3)
FN:68,(anonymous_4)
FNF:5
FNH:0
FNDA:0,(anonymous_0)
FNDA:0,(anonymous_1)
FNDA:0,NewPassword
FNDA:0,(anonymous_3)
FNDA:0,(anonymous_4)
DA:9,0
DA:29,0
DA:65,0
DA:66,0
DA:68,0
DA:69,0
DA:70,0
DA:73,0
LF:8
LH:0
BRDA:75,0,0,0
BRDA:75,0,1,0
BRF:2
BRH:0
end_of_record
TN:
SF:src\components\Administration\elements\NewUsername.js
FN:9,(anonymous_0)
FN:29,(anonymous_1)
FN:64,NewUsername
FN:68,(anonymous_3)
FN:68,(anonymous_4)
FNF:5
FNH:0
FNDA:0,(anonymous_0)
FNDA:0,(anonymous_1)
FNDA:0,NewUsername
FNDA:0,(anonymous_3)
FNDA:0,(anonymous_4)
DA:9,0
DA:29,0
DA:65,0
DA:66,0
DA:68,0
DA:69,0
DA:70,0
DA:73,0
LF:8
LH:0
BRDA:75,0,0,0
BRDA:75,0,1,0
BRF:2
BRH:0
end_of_record
TN:
SF:src\components\Administration\elements\SaveButton.js
FN:6,(anonymous_0)
FN:16,SaveButton
FN:21,(anonymous_2)
FNF:3
FNH:0
FNDA:0,(anonymous_0)
FNDA:0,SaveButton
FNDA:0,(anonymous_2)
DA:6,0
DA:17,0
DA:19,0
DA:21,0
LF:4
LH:0
BRF:0
BRH:0
end_of_record
TN:
SF:src\components\Administration\elements\UserSelect.js
FN:10,(anonymous_0)
FN:39,(anonymous_1)
FN:44,(anonymous_2)
FN:49,UserSelectAdmin
FN:52,(anonymous_4)
FN:53,(anonymous_5)
FN:87,(anonymous_6)
FN:91,(anonymous_7)
FNF:8
FNH:0
FNDA:0,(anonymous_0)
FNDA:0,(anonymous_1)
FNDA:0,(anonymous_2)
FNDA:0,UserSelectAdmin
FNDA:0,(anonymous_4)
FNDA:0,(anonymous_5)
FNDA:0,(anonymous_6)
FNDA:0,(anonymous_7)
DA:10,0
DA:39,0
DA:44,0
DA:50,0
DA:52,0
DA:53,0
DA:58,0
DA:62,0
DA:63,0
DA:65,0
DA:66,0
DA:67,0
DA:69,0
DA:73,0
DA:88,0
DA:92,0
LF:16
LH:0
BRDA:66,0,0,0
BRDA:66,0,1,0
BRF:2
BRH:0
end_of_record
TN:
SF:src\components\Administration\elements\UserStatus.js
FN:8,(anonymous_0)
FN:14,UserStatus
FN:17,(anonymous_2)
FN:17,(anonymous_3)
FNF:4
FNH:0
FNDA:0,(anonymous_0)
FNDA:0,UserStatus
FNDA:0,(anonymous_2)
FNDA:0,(anonymous_3)
DA:8,0
DA:15,0
DA:17,0
DA:18,0
DA:19,0
DA:22,0
DA:24,0
LF:7
LH:0
BRF:0
BRH:0
end_of_record
TN:
SF:src\components\App\Component.js
FN:34,(anonymous_0)
FN:67,(anonymous_1)
FN:90,(anonymous_2)
FN:121,(anonymous_3)
FN:129,(anonymous_4)
FN:137,(anonymous_5)
FN:145,(anonymous_6)
FNF:7
FNH:0
FNDA:0,(anonymous_0)
FNDA:0,(anonymous_1)
FNDA:0,(anonymous_2)
FNDA:0,(anonymous_3)
FNDA:0,(anonymous_4)
FNDA:0,(anonymous_5)
FNDA:0,(anonymous_6)
DA:34,0
DA:36,0
DA:38,0
DA:40,0
DA:42,0
DA:43,0
DA:45,0
DA:47,0
DA:51,0
DA:53,0
DA:55,0
DA:56,0
DA:57,0
DA:63,0
DA:67,0
DA:68,0
DA:76,0
DA:90,0
DA:91,0
DA:94,0
DA:122,0
DA:130,0
DA:138,0
DA:146,0
LF:24
LH:0
BRDA:40,0,0,0
BRDA:40,0,1,0
BRDA:40,1,0,0
BRDA:40,1,1,0
BRDA:53,2,0,0
BRDA:53,2,1,0
BRDA:55,3,0,0
BRDA:55,3,1,0
BRDA:55,4,0,0
BRDA:55,4,1,0
BRDA:64,5,0,0
BRDA:64,5,1,0
BRDA:71,6,0,0
BRDA:71,6,1,0
BRF:14
BRH:0
end_of_record
TN:
SF:src\components\App\Container.js
FN:7,(anonymous_0)
FNF:1
FNH:0
FNDA:0,(anonymous_0)
DA:7,0
DA:9,0
DA:11,0
DA:19,0
LF:4
LH:0
BRF:0
BRH:0
end_of_record
TN:
SF:src\components\App\myGa.js
FN:3,(anonymous_0)
FNF:1
FNH:0
FNDA:0,(anonymous_0)
DA:3,0
DA:4,0
DA:5,0
DA:6,0
DA:8,0
LF:5
LH:0
BRF:0
BRH:0
end_of_record
TN:
SF:src\components\AppBar\Component.js
FN:25,(anonymous_0)
FN:30,(anonymous_1)
FN:34,(anonymous_2)
FN:38,(anonymous_3)
FN:42,(anonymous_4)
FN:46,MenuAppBar
FN:61,(anonymous_6)
FN:61,(anonymous_7)
FN:69,(anonymous_8)
FN:73,(anonymous_9)
FN:77,(anonymous_10)
FN:82,(anonymous_11)
FN:87,(anonymous_12)
FN:92,(anonymous_13)
FN:96,(anonymous_14)
FN:100,(anonymous_15)
FN:104,(anonymous_16)
FN:110,(anonymous_17)
FNF:18
FNH:0
FNDA:0,(anonymous_0)
FNDA:0,(anonymous_1)
FNDA:0,(anonymous_2)
FNDA:0,(anonymous_3)
FNDA:0,(anonymous_4)
FNDA:0,MenuAppBar
FNDA:0,(anonymous_6)
FNDA:0,(anonymous_7)
FNDA:0,(anonymous_8)
FNDA:0,(anonymous_9)
FNDA:0,(anonymous_10)
FNDA:0,(anonymous_11)
FNDA:0,(anonymous_12)
FNDA:0,(anonymous_13)
FNDA:0,(anonymous_14)
FNDA:0,(anonymous_15)
FNDA:0,(anonymous_16)
FNDA:0,(anonymous_17)
DA:25,0
DA:30,0
DA:34,0
DA:38,0
DA:42,0
DA:47,0
DA:48,0
DA:49,0
DA:51,0
DA:52,0
DA:54,0
DA:61,0
DA:62,0
DA:63,0
DA:66,0
DA:69,0
DA:70,0
DA:73,0
DA:74,0
DA:77,0
DA:78,0
DA:79,0
DA:82,0
DA:83,0
DA:84,0
DA:87,0
DA:88,0
DA:89,0
DA:92,0
DA:93,0
DA:96,0
DA:97,0
DA:100,0
DA:101,0
DA:104,0
DA:105,0
DA:108,0
DA:110,0
DA:111,0
DA:131,0
LF:40
LH:0
BRDA:62,0,0,0
BRDA:62,0,1,0
BRDA:62,1,0,0
BRDA:62,1,1,0
BRDA:62,1,2,0
BRDA:62,1,3,0
BRDA:136,2,0,0
BRDA:136,2,1,0
BRDA:136,3,0,0
BRDA:136,3,1,0
BRDA:136,3,2,0
BRDA:154,4,0,0
BRDA:154,4,1,0
BRDA:180,5,0,0
BRDA:180,5,1,0
BRF:15
BRH:0
end_of_record
TN:
SF:src\components\AppBar\Container.js
FNF:0
FNH:0
DA:7,0
DA:9,0
DA:14,0
LF:3
LH:0
BRF:0
BRH:0
end_of_record
TN:
SF:src\components\CategoryMenu\Component.js
FN:9,(anonymous_0)
FN:18,(anonymous_1)
FNF:2
FNH:0
FNDA:0,(anonymous_0)
FNDA:0,(anonymous_1)
DA:7,0
DA:9,0
DA:18,0
DA:19,0
DA:20,0
DA:22,0
DA:24,0
LF:7
LH:0
BRDA:22,0,0,0
BRDA:22,0,1,0
BRDA:30,1,0,0
BRDA:30,1,1,0
BRF:4
BRH:0
end_of_record
TN:
SF:src\components\CategoryMenu\Container.js
FNF:0
FNH:0
DA:4,0
LF:1
LH:0
BRF:0
BRH:0
end_of_record
TN:
SF:src\components\CategoryMenu\CreatePostButton.js
FN:14,(anonymous_0)
FNF:1
FNH:0
FNDA:0,(anonymous_0)
DA:6,0
DA:14,0
DA:15,0
LF:3
LH:0
BRF:0
BRH:0
end_of_record
TN:
SF:src\components\CategoryMenu\Dropdown.js
FN:12,(anonymous_0)
FN:14,(anonymous_1)
FN:18,(anonymous_2)
FN:21,(anonymous_3)
FN:22,(anonymous_4)
FN:28,(anonymous_5)
FNF:6
FNH:0
FNDA:0,(anonymous_0)
FNDA:0,(anonymous_1)
FNDA:0,(anonymous_2)
FNDA:0,(anonymous_3)
FNDA:0,(anonymous_4)
FNDA:0,(anonymous_5)
DA:7,0
DA:12,0
DA:14,0
DA:18,0
DA:19,0
DA:21,0
DA:22,0
DA:23,0
DA:28,0
DA:29,0
DA:30,0
DA:31,0
DA:32,0
DA:36,0
LF:14
LH:0
BRDA:30,0,0,0
BRDA:30,0,1,0
BRDA:31,1,0,0
BRDA:31,1,1,0
BRF:4
BRH:0
end_of_record
TN:
SF:src\components\Comment\Content.js
FN:9,(anonymous_0)
FNF:1
FNH:0
FNDA:0,(anonymous_0)
DA:5,0
DA:9,0
DA:10,0
LF:3
LH:0
BRF:0
BRH:0
end_of_record
TN:
SF:src\components\Comment\index.js
FN:7,(anonymous_0)
FN:9,(anonymous_1)
FN:18,(anonymous_2)
FNF:3
FNH:0
FNDA:0,(anonymous_0)
FNDA:0,(anonymous_1)
FNDA:0,(anonymous_2)
DA:6,0
DA:7,0
DA:9,0
DA:18,0
DA:19,0
LF:5
LH:0
BRF:0
BRH:0
end_of_record
TN:
SF:src\components\Comment\Detail\Component.js
FN:9,(anonymous_0)
FN:15,(anonymous_1)
FN:17,(anonymous_2)
FNF:3
FNH:0
FNDA:0,(anonymous_0)
FNDA:0,(anonymous_1)
FNDA:0,(anonymous_2)
DA:7,0
DA:9,0
DA:15,0
DA:18,0
LF:4
LH:0
BRDA:20,0,0,0
BRDA:20,0,1,0
BRDA:22,1,0,0
BRDA:22,1,1,0
BRDA:22,1,2,0
BRDA:22,1,3,0
BRF:6
BRH:0
end_of_record
TN:
SF:src\components\Comment\Detail\Container.js
FNF:0
FNH:0
DA:7,0
DA:9,0
DA:17,0
LF:3
LH:0
BRF:0
BRH:0
end_of_record
TN:
SF:src\components\Comment\Detail\Timestamp.js
FN:7,(anonymous_0)
FN:10,(anonymous_1)
FNF:2
FNH:0
FNDA:0,(anonymous_0)
FNDA:0,(anonymous_1)
DA:5,0
DA:7,0
DA:10,0
DA:11,0
LF:4
LH:0
BRF:0
BRH:0
end_of_record
TN:
SF:src\components\CommentForm\Component.js
FN:12,(anonymous_0)
FN:19,(anonymous_1)
FN:24,(anonymous_2)
FN:25,(anonymous_3)
FN:43,(anonymous_4)
FN:45,(anonymous_5)
FN:47,(anonymous_6)
FNF:7
FNH:0
FNDA:0,(anonymous_0)
FNDA:0,(anonymous_1)
FNDA:0,(anonymous_2)
FNDA:0,(anonymous_3)
FNDA:0,(anonymous_4)
FNDA:0,(anonymous_5)
FNDA:0,(anonymous_6)
DA:8,0
DA:12,0
DA:19,0
DA:24,0
DA:25,0
DA:43,0
DA:45,0
DA:48,0
LF:8
LH:0
BRF:0
BRH:0
end_of_record
TN:
SF:src\components\CommentForm\Container.js
FNF:0
FNH:0
DA:7,0
DA:9,0
DA:17,0
LF:3
LH:0
BRF:0
BRH:0
end_of_record
TN:
SF:src\components\CommentForm\SubmitButton.js
FN:10,(anonymous_0)
FNF:1
FNH:0
FNDA:0,(anonymous_0)
DA:5,0
DA:10,0
DA:11,0
LF:3
LH:0
BRF:0
BRH:0
end_of_record
TN:
SF:src\components\CommentForm\TextArea.js
FN:9,(anonymous_0)
FN:16,(anonymous_1)
FN:22,(anonymous_2)
FN:29,(anonymous_3)
FN:39,(anonymous_4)
FNF:5
FNH:0
FNDA:0,(anonymous_0)
FNDA:0,(anonymous_1)
FNDA:0,(anonymous_2)
FNDA:0,(anonymous_3)
FNDA:0,(anonymous_4)
DA:6,0
DA:9,0
DA:16,0
DA:22,0
DA:23,0
DA:24,0
DA:25,0
DA:29,0
DA:30,0
DA:40,0
LF:10
LH:0
BRDA:23,0,0,0
BRDA:23,0,1,0
BRF:2
BRH:0
end_of_record
TN:
SF:src\components\CommentList\Item.js
FN:9,(anonymous_0)
FNF:1
FNH:0
FNDA:0,(anonymous_0)
DA:5,0
DA:9,0
DA:10,0
LF:3
LH:0
BRF:0
BRH:0
end_of_record
TN:
SF:src\components\CommentList\index.js
FN:10,(anonymous_0)
FN:11,(anonymous_1)
FN:15,(anonymous_2)
FN:16,(anonymous_3)
FN:18,(anonymous_4)
FNF:5
FNH:0
FNDA:0,(anonymous_0)
FNDA:0,(anonymous_1)
FNDA:0,(anonymous_2)
FNDA:0,(anonymous_3)
FNDA:0,(anonymous_4)
DA:5,0
DA:10,0
DA:11,0
DA:12,0
DA:15,0
DA:16,0
DA:18,0
DA:19,0
LF:8
LH:0
BRDA:19,0,0,0
BRDA:19,0,1,0
BRF:2
BRH:0
end_of_record
TN:
SF:src\components\CreatePostForm\Component.js
FN:20,(anonymous_0)
FN:24,(anonymous_1)
FN:29,(anonymous_2)
FN:31,(anonymous_3)
FN:32,(anonymous_4)
FNF:5
FNH:0
FNDA:0,(anonymous_0)
FNDA:0,(anonymous_1)
FNDA:0,(anonymous_2)
FNDA:0,(anonymous_3)
FNDA:0,(anonymous_4)
DA:9,0
DA:20,0
DA:21,0
DA:22,0
DA:24,0
DA:25,0
DA:26,0
DA:29,0
DA:31,0
DA:32,0
DA:33,0
DA:38,0
LF:12
LH:0
BRDA:25,0,0,0
BRDA:25,0,1,0
BRDA:26,1,0,0
BRDA:26,1,1,0
BRDA:60,2,0,0
BRDA:60,2,1,0
BRDA:63,3,0,0
BRDA:63,3,1,0
BRF:8
BRH:0
end_of_record
TN:
SF:src\components\CreatePostForm\Container.js
FN:15,(anonymous_0)
FN:30,(anonymous_1)
FNF:2
FNH:0
FNDA:0,(anonymous_0)
FNDA:0,(anonymous_1)
DA:15,0
DA:16,0
DA:17,0
DA:18,0
DA:19,0
DA:20,0
DA:22,0
DA:23,0
DA:24,0
DA:25,0
DA:27,0
DA:30,0
DA:36,0
DA:38,0
DA:51,0
LF:15
LH:0
BRDA:17,0,0,0
BRDA:17,0,1,0
BRDA:18,1,0,0
BRDA:18,1,1,0
BRDA:19,2,0,0
BRDA:19,2,1,0
BRDA:20,3,0,0
BRDA:20,3,1,0
BRDA:23,4,0,0
BRDA:23,4,1,0
BRDA:24,5,0,0
BRDA:24,5,1,0
BRF:12
BRH:0
end_of_record
TN:
SF:src\components\ErrorNotification\Component.js
FN:40,(anonymous_0)
FNF:1
FNH:0
FNDA:0,(anonymous_0)
DA:7,0
DA:9,0
DA:41,0
LF:3
LH:0
BRDA:43,0,0,0
BRDA:43,0,1,0
BRF:2
BRH:0
end_of_record
TN:
SF:src\components\ErrorNotification\Container.js
FN:4,(anonymous_0)
FNF:1
FNH:0
FNDA:0,(anonymous_0)
DA:4,0
DA:6,0
LF:2
LH:0
BRF:0
BRH:0
end_of_record
TN:
SF:src\components\ErrorNotification\Message.js
FN:11,(anonymous_0)
FN:13,(anonymous_1)
FN:22,(anonymous_2)
FNF:3
FNH:0
FNDA:0,(anonymous_0)
FNDA:0,(anonymous_1)
FNDA:0,(anonymous_2)
DA:4,0
DA:11,0
DA:13,0
DA:22,0
LF:4
LH:0
BRF:0
BRH:0
end_of_record
TN:
SF:src\components\Exercise\ExerciseEngine.tsx
FN:11,(anonymous_0)
FN:21,(anonymous_1)
FN:30,(anonymous_2)
FN:67,(anonymous_3)
FN:68,(anonymous_4)
FN:84,(anonymous_5)
FN:85,(anonymous_6)
FN:86,(anonymous_7)
FN:101,(anonymous_8)
FN:107,(anonymous_9)
FN:119,(anonymous_10)
FN:129,(anonymous_11)
FN:139,(anonymous_12)
FN:146,(anonymous_13)
FN:153,(anonymous_14)
FN:162,(anonymous_15)
FN:203,(anonymous_16)
FN:211,(anonymous_17)
FN:219,(anonymous_18)
FN:236,(anonymous_19)
FN:245,(anonymous_20)
FN:268,calculateAccuracy
FN:281,(anonymous_22)
FN:288,(anonymous_23)
FN:300,(anonymous_24)
FN:338,(anonymous_25)
FN:370,(anonymous_26)
FN:374,(anonymous_27)
FNF:28
FNH:0
FNDA:0,(anonymous_0)
FNDA:0,(anonymous_1)
FNDA:0,(anonymous_2)
FNDA:0,(anonymous_3)
FNDA:0,(anonymous_4)
FNDA:0,(anonymous_5)
FNDA:0,(anonymous_6)
FNDA:0,(anonymous_7)
FNDA:0,(anonymous_8)
FNDA:0,(anonymous_9)
FNDA:0,(anonymous_10)
FNDA:0,(anonymous_11)
FNDA:0,(anonymous_12)
FNDA:0,(anonymous_13)
FNDA:0,(anonymous_14)
FNDA:0,(anonymous_15)
FNDA:0,(anonymous_16)
FNDA:0,(anonymous_17)
FNDA:0,(anonymous_18)
FNDA:0,(anonymous_19)
FNDA:0,(anonymous_20)
FNDA:0,calculateAccuracy
FNDA:0,(anonymous_22)
FNDA:0,(anonymous_23)
FNDA:0,(anonymous_24)
FNDA:0,(anonymous_25)
FNDA:0,(anonymous_26)
FNDA:0,(anonymous_27)
DA:11,0
DA:21,0
DA:30,0
DA:40,0
DA:41,0
DA:42,0
DA:43,0
DA:46,0
DA:51,0
DA:66,0
DA:67,0
DA:68,0
DA:82,0
DA:84,0
DA:85,0
DA:86,0
DA:94,0
DA:101,0
DA:102,0
DA:103,0
DA:107,0
DA:109,0
DA:110,0
DA:119,0
DA:120,0
DA:121,0
DA:123,0
DA:124,0
DA:125,0
DA:129,0
DA:130,0
DA:131,0
DA:133,0
DA:134,0
DA:135,0
DA:139,0
DA:140,0
DA:141,0
DA:146,0
DA:147,0
DA:153,0
DA:154,0
DA:162,0
DA:163,0
DA:164,0
DA:165,0
DA:168,0
DA:169,0
DA:172,0
DA:175,0
DA:178,0
DA:179,0
DA:180,0
DA:181,0
DA:184,0
DA:186,0
DA:193,0
DA:194,0
DA:195,0
DA:197,0
DA:198,0
DA:203,0
DA:204,0
DA:205,0
DA:206,0
DA:207,0
DA:211,0
DA:212,0
DA:213,0
DA:214,0
DA:215,0
DA:219,0
DA:220,0
DA:222,0
DA:223,0
DA:232,0
DA:236,0
DA:237,0
DA:238,0
DA:239,0
DA:240,0
DA:241,0
DA:245,0
DA:246,0
DA:248,0
DA:249,0
DA:251,0
DA:259,0
DA:270,0
DA:272,0
DA:274,0
DA:276,0
DA:281,0
DA:282,0
DA:283,0
DA:288,0
DA:289,0
DA:290,0
DA:291,0
DA:293,0
DA:294,0
DA:300,0
DA:301,0
DA:302,0
DA:318,0
DA:319,0
DA:326,0
DA:327,0
DA:334,0
DA:339,0
DA:360,0
DA:370,0
DA:374,0
LF:113
LH:0
BRDA:37,0,0,0
BRDA:96,1,0,0
BRDA:96,1,1,0
BRDA:102,2,0,0
BRDA:102,2,1,0
BRDA:109,3,0,0
BRDA:109,3,1,0
BRDA:120,4,0,0
BRDA:120,4,1,0
BRDA:123,5,0,0
BRDA:123,5,1,0
BRDA:133,6,0,0
BRDA:133,6,1,0
BRDA:140,7,0,0
BRDA:140,7,1,0
BRDA:164,8,0,0
BRDA:164,8,1,0
BRDA:179,9,0,0
BRDA:179,9,1,0
BRDA:180,10,0,0
BRDA:180,10,1,0
BRDA:188,11,0,0
BRDA:188,11,1,0
BRDA:197,12,0,0
BRDA:197,12,1,0
BRDA:204,13,0,0
BRDA:204,13,1,0
BRDA:212,14,0,0
BRDA:212,14,1,0
BRDA:220,15,0,0
BRDA:220,15,1,0
BRDA:222,16,0,0
BRDA:222,16,1,0
BRDA:246,17,0,0
BRDA:246,17,1,0
BRDA:246,18,0,0
BRDA:246,18,1,0
BRDA:249,19,0,0
BRDA:249,19,1,0
BRDA:255,20,0,0
BRDA:255,20,1,0
BRDA:270,21,0,0
BRDA:270,21,1,0
BRDA:270,21,2,0
BRDA:282,22,0,0
BRDA:282,22,1,0
BRDA:282,23,0,0
BRDA:282,23,1,0
BRDA:282,23,2,0
BRDA:289,24,0,0
BRDA:289,24,1,0
BRDA:293,25,0,0
BRDA:293,25,1,0
BRDA:301,26,0,0
BRDA:301,26,1,0
BRDA:301,27,0,0
BRDA:301,27,1,0
BRDA:306,28,0,0
BRDA:306,28,1,0
BRDA:318,29,0,0
BRDA:318,29,1,0
BRDA:326,30,0,0
BRDA:326,30,1,0
BRDA:339,31,0,0
BRDA:339,31,1,0
BRDA:343,32,0,0
BRDA:343,32,1,0
BRDA:344,33,0,0
BRDA:344,33,1,0
BRDA:350,34,0,0
BRDA:350,34,1,0
BRF:71
BRH:0
end_of_record
TN:
SF:src\components\Exercise\ExerciseErrorBoundary.tsx
FN:25,(anonymous_0)
FN:35,(anonymous_1)
FN:42,(anonymous_2)
FN:48,(anonymous_3)
FN:63,(anonymous_4)
FN:73,(anonymous_5)
FN:82,(anonymous_6)
FN:100,(anonymous_7)
FN:117,(anonymous_8)
FN:126,(anonymous_9)
FN:138,(anonymous_10)
FN:143,(anonymous_11)
FN:151,(anonymous_12)
FN:154,(anonymous_13)
FN:157,(anonymous_14)
FN:213,(anonymous_15)
FN:309,(anonymous_16)
FNF:17
FNH:0
FNDA:0,(anonymous_0)
FNDA:0,(anonymous_1)
FNDA:0,(anonymous_2)
FNDA:0,(anonymous_3)
FNDA:0,(anonymous_4)
FNDA:0,(anonymous_5)
FNDA:0,(anonymous_6)
FNDA:0,(anonymous_7)
FNDA:0,(anonymous_8)
FNDA:0,(anonymous_9)
FNDA:0,(anonymous_10)
FNDA:0,(anonymous_11)
FNDA:0,(anonymous_12)
FNDA:0,(anonymous_13)
FNDA:0,(anonymous_14)
FNDA:0,(anonymous_15)
FNDA:0,(anonymous_16)
DA:25,0
DA:35,0
DA:42,0
DA:48,0
DA:64,0
DA:65,0
DA:75,0
DA:84,0
DA:86,0
DA:92,0
DA:93,0
DA:97,0
DA:100,0
DA:102,0
DA:114,0
DA:117,0
DA:118,0
DA:126,0
DA:128,0
DA:132,0
DA:134,0
DA:138,0
DA:140,0
DA:143,0
DA:144,0
DA:145,0
DA:146,0
DA:147,0
DA:148,0
DA:151,0
DA:153,0
DA:154,0
DA:157,0
DA:158,0
DA:159,0
DA:161,0
DA:214,0
DA:215,0
DA:216,0
DA:219,0
DA:220,0
DA:230,0
DA:304,0
DA:309,0
DA:314,0
LF:45
LH:0
BRDA:92,0,0,0
BRDA:92,0,1,0
BRDA:132,1,0,0
BRDA:132,1,1,0
BRDA:144,2,0,0
BRDA:144,2,1,0
BRDA:145,3,0,0
BRDA:145,3,1,0
BRDA:146,4,0,0
BRDA:146,4,1,0
BRDA:147,5,0,0
BRDA:147,5,1,0
BRDA:154,6,0,0
BRDA:154,6,1,0
BRDA:159,7,0,0
BRDA:159,7,1,0
BRDA:185,8,0,0
BRDA:185,8,1,0
BRDA:214,9,0,0
BRDA:214,9,1,0
BRDA:219,10,0,0
BRDA:219,10,1,0
BRDA:219,11,0,0
BRDA:219,11,1,0
BRDA:245,12,0,0
BRDA:245,12,1,0
BRDA:262,13,0,0
BRDA:262,13,1,0
BRDA:266,14,0,0
BRDA:266,14,1,0
BRDA:268,15,0,0
BRDA:268,15,1,0
BRDA:327,16,0,0
BRDA:327,16,1,0
BRF:34
BRH:0
end_of_record
TN:
SF:src\components\Exercise\ExerciseHistory.tsx
FN:30,(anonymous_0)
FN:38,(anonymous_1)
FN:54,(anonymous_2)
FN:66,(anonymous_3)
FN:78,(anonymous_4)
FN:83,(anonymous_5)
FN:93,(anonymous_6)
FN:95,(anonymous_7)
FN:99,(anonymous_8)
FN:102,(anonymous_9)
FN:105,(anonymous_10)
FN:115,(anonymous_11)
FN:124,(anonymous_12)
FN:138,(anonymous_13)
FN:145,(anonymous_14)
FN:202,(anonymous_15)
FN:205,(anonymous_16)
FNF:17
FNH:17
FNDA:11,(anonymous_0)
FNDA:10,(anonymous_1)
FNDA:19,(anonymous_2)
FNDA:18,(anonymous_3)
FNDA:19,(anonymous_4)
FNDA:11,(anonymous_5)
FNDA:11,(anonymous_6)
FNDA:21,(anonymous_7)
FNDA:11,(anonymous_8)
FNDA:29,(anonymous_9)
FNDA:29,(anonymous_10)
FNDA:29,(anonymous_11)
FNDA:18,(anonymous_12)
FNDA:1,(anonymous_13)
FNDA:1,(anonymous_14)
FNDA:19,(anonymous_15)
FNDA:1,(anonymous_16)
DA:30,11
DA:38,10
DA:54,19
DA:66,18
DA:78,19
DA:83,1
DA:91,11
DA:93,11
DA:94,11
DA:95,21
DA:99,11
DA:100,11
DA:101,11
DA:102,29
DA:104,11
DA:105,29
DA:108,11
DA:115,11
DA:116,29
DA:117,28
DA:119,1
DA:120,1
DA:121,1
DA:124,11
DA:125,18
DA:126,18
DA:127,18
DA:129,18
DA:130,18
DA:132,18
DA:133,18
DA:135,18
DA:138,11
DA:139,1
DA:140,1
DA:141,0
DA:142,0
DA:145,11
DA:146,1
DA:147,1
DA:151,11
DA:152,1
DA:171,10
DA:203,19
DA:205,1
LF:45
LH:43
BRDA:68,0,0,1
BRDA:68,0,1,17
BRDA:69,1,0,17
BRDA:69,1,1,0
BRDA:85,2,0,10
BRDA:86,3,0,10
BRDA:87,4,0,10
BRDA:101,5,0,10
BRDA:101,5,1,1
BRDA:104,6,0,10
BRDA:104,6,1,1
BRDA:116,7,0,28
BRDA:116,7,1,1
BRDA:129,8,0,0
BRDA:129,8,1,18
BRDA:130,9,0,0
BRDA:130,9,1,18
BRDA:133,10,0,0
BRDA:133,10,1,18
BRDA:139,11,0,0
BRDA:139,11,1,1
BRDA:140,12,0,1
BRDA:140,12,1,0
BRDA:141,13,0,0
BRDA:141,13,1,0
BRDA:146,14,0,1
BRDA:146,14,1,0
BRDA:151,15,0,1
BRDA:151,15,1,10
BRDA:189,16,0,10
BRDA:189,16,1,0
BRDA:208,17,0,18
BRDA:208,17,1,1
BRDA:223,18,0,19
BRDA:223,18,1,1
BRDA:242,19,0,19
BRDA:242,19,1,18
BRDA:251,20,0,19
BRDA:251,20,1,1
BRDA:262,21,0,10
BRDA:262,21,1,1
BRF:41
BRH:31
end_of_record
TN:
SF:src\components\Exercise\ExerciseIntermission.tsx
FN:23,(anonymous_0)
FN:33,(anonymous_1)
FN:43,(anonymous_2)
FN:50,(anonymous_3)
FN:67,(anonymous_4)
FN:75,(anonymous_5)
FN:82,(anonymous_6)
FN:92,(anonymous_7)
FN:107,(anonymous_8)
FN:110,(anonymous_9)
FN:111,(anonymous_10)
FN:121,(anonymous_11)
FN:125,(anonymous_12)
FN:131,(anonymous_13)
FN:135,(anonymous_14)
FN:139,(anonymous_15)
FN:147,(anonymous_16)
FN:157,(anonymous_17)
FN:161,(anonymous_18)
FN:171,(anonymous_19)
FNF:20
FNH:18
FNDA:45,(anonymous_0)
FNDA:28,(anonymous_1)
FNDA:28,(anonymous_2)
FNDA:28,(anonymous_3)
FNDA:30,(anonymous_4)
FNDA:30,(anonymous_5)
FNDA:30,(anonymous_6)
FNDA:31,(anonymous_7)
FNDA:16,(anonymous_8)
FNDA:16,(anonymous_9)
FNDA:16,(anonymous_10)
FNDA:15,(anonymous_11)
FNDA:15,(anonymous_12)
FNDA:0,(anonymous_13)
FNDA:0,(anonymous_14)
FNDA:2,(anonymous_15)
FNDA:51,(anonymous_16)
FNDA:87,(anonymous_17)
FNDA:31,(anonymous_18)
FNDA:29,(anonymous_19)
DA:23,45
DA:33,28
DA:43,28
DA:50,28
DA:67,30
DA:75,30
DA:82,30
DA:92,1
DA:101,31
DA:102,31
DA:103,31
DA:104,31
DA:107,31
DA:108,16
DA:110,15
DA:111,16
DA:112,16
DA:113,1
DA:114,1
DA:115,1
DA:117,15
DA:121,15
DA:125,31
DA:126,15
DA:127,15
DA:128,15
DA:131,31
DA:132,0
DA:135,31
DA:136,0
DA:139,31
DA:140,2
DA:141,1
DA:143,1
DA:147,31
DA:148,51
DA:149,51
DA:151,51
DA:152,0
DA:154,51
DA:157,31
DA:158,87
DA:161,31
DA:162,31
DA:163,26
DA:164,5
DA:165,3
DA:167,2
DA:171,31
DA:172,29
DA:174,29
DA:175,27
DA:176,2
DA:177,0
DA:178,2
DA:179,0
DA:181,2
DA:185,31
DA:187,31
LF:59
LH:54
BRDA:97,0,0,29
BRDA:98,1,0,25
BRDA:108,2,0,1
BRDA:108,2,1,15
BRDA:108,3,0,16
BRDA:108,3,1,15
BRDA:112,4,0,1
BRDA:112,4,1,15
BRDA:140,5,0,1
BRDA:140,5,1,1
BRDA:151,6,0,0
BRDA:151,6,1,51
BRDA:162,7,0,26
BRDA:162,7,1,5
BRDA:164,8,0,3
BRDA:164,8,1,2
BRDA:174,9,0,27
BRDA:174,9,1,2
BRDA:176,10,0,0
BRDA:176,10,1,2
BRDA:178,11,0,0
BRDA:178,11,1,2
BRDA:185,12,0,31
BRDA:185,12,1,29
BRDA:202,13,0,31
BRDA:202,13,1,29
BRDA:220,14,0,31
BRDA:220,14,1,29
BRDA:248,15,0,0
BRDA:248,15,1,31
BRDA:268,16,0,31
BRDA:268,16,1,29
BRDA:284,17,0,0
BRDA:284,17,1,31
BRDA:286,18,0,9
BRDA:286,18,1,22
BRF:36
BRH:31
end_of_record
TN:
SF:src\components\Exercise\FluencyReport.tsx
FN:48,(anonymous_0)
FN:54,(anonymous_1)
FN:63,(anonymous_2)
FN:69,(anonymous_3)
FN:78,(anonymous_4)
FN:84,(anonymous_5)
FN:93,(anonymous_6)
FN:102,(anonymous_7)
FN:118,(anonymous_8)
FN:132,(anonymous_9)
FN:133,(anonymous_10)
FN:134,(anonymous_11)
FN:138,(anonymous_12)
FN:139,(anonymous_13)
FN:144,(anonymous_14)
FN:158,(anonymous_15)
FN:161,(anonymous_16)
FN:171,(anonymous_17)
FN:174,(anonymous_18)
FN:182,(anonymous_19)
FN:194,(anonymous_20)
FN:195,(anonymous_21)
FN:207,(anonymous_22)
FN:218,(anonymous_23)
FN:230,(anonymous_24)
FN:308,(anonymous_25)
FN:316,(anonymous_26)
FN:317,(anonymous_27)
FN:331,(anonymous_28)
FN:340,(anonymous_29)
FN:345,(anonymous_30)
FN:349,(anonymous_31)
FN:388,(anonymous_32)
FN:400,(anonymous_33)
FNF:34
FNH:0
FNDA:0,(anonymous_0)
FNDA:0,(anonymous_1)
FNDA:0,(anonymous_2)
FNDA:0,(anonymous_3)
FNDA:0,(anonymous_4)
FNDA:0,(anonymous_5)
FNDA:0,(anonymous_6)
FNDA:0,(anonymous_7)
FNDA:0,(anonymous_8)
FNDA:0,(anonymous_9)
FNDA:0,(anonymous_10)
FNDA:0,(anonymous_11)
FNDA:0,(anonymous_12)
FNDA:0,(anonymous_13)
FNDA:0,(anonymous_14)
FNDA:0,(anonymous_15)
FNDA:0,(anonymous_16)
FNDA:0,(anonymous_17)
FNDA:0,(anonymous_18)
FNDA:0,(anonymous_19)
FNDA:0,(anonymous_20)
FNDA:0,(anonymous_21)
FNDA:0,(anonymous_22)
FNDA:0,(anonymous_23)
FNDA:0,(anonymous_24)
FNDA:0,(anonymous_25)
FNDA:0,(anonymous_26)
FNDA:0,(anonymous_27)
FNDA:0,(anonymous_28)
FNDA:0,(anonymous_29)
FNDA:0,(anonymous_30)
FNDA:0,(anonymous_31)
FNDA:0,(anonymous_32)
FNDA:0,(anonymous_33)
DA:48,0
DA:54,0
DA:63,0
DA:69,0
DA:78,0
DA:84,0
DA:93,0
DA:100,0
DA:102,0
DA:113,0
DA:114,0
DA:115,0
DA:118,0
DA:119,0
DA:120,0
DA:130,0
DA:131,0
DA:132,0
DA:133,0
DA:134,0
DA:137,0
DA:138,0
DA:139,0
DA:140,0
DA:143,0
DA:144,0
DA:145,0
DA:147,0
DA:158,0
DA:159,0
DA:161,0
DA:171,0
DA:172,0
DA:174,0
DA:182,0
DA:183,0
DA:184,0
DA:187,0
DA:188,0
DA:190,0
DA:191,0
DA:194,0
DA:195,0
DA:196,0
DA:198,0
DA:199,0
DA:200,0
DA:201,0
DA:203,0
DA:207,0
DA:208,0
DA:210,0
DA:212,0
DA:214,0
DA:218,0
DA:219,0
DA:220,0
DA:230,0
DA:231,0
DA:308,0
DA:309,0
DA:316,0
DA:317,0
DA:331,0
DA:332,0
DA:340,0
DA:346,0
DA:349,0
DA:355,0
DA:356,0
DA:370,0
DA:388,0
DA:400,0
LF:73
LH:0
BRDA:73,0,0,0
BRDA:73,0,1,0
BRDA:74,1,0,0
BRDA:74,1,1,0
BRDA:109,2,0,0
BRDA:110,3,0,0
BRDA:119,4,0,0
BRDA:119,4,1,0
BRDA:119,5,0,0
BRDA:119,5,1,0
BRDA:159,6,0,0
BRDA:159,6,1,0
BRDA:159,7,0,0
BRDA:159,7,1,0
BRDA:164,8,0,0
BRDA:164,8,1,0
BRDA:166,9,0,0
BRDA:166,9,1,0
BRDA:172,10,0,0
BRDA:172,10,1,0
BRDA:172,11,0,0
BRDA:172,11,1,0
BRDA:183,12,0,0
BRDA:183,12,1,0
BRDA:183,13,0,0
BRDA:183,13,1,0
BRDA:190,14,0,0
BRDA:190,14,1,0
BRDA:190,15,0,0
BRDA:190,15,1,0
BRDA:198,16,0,0
BRDA:198,16,1,0
BRDA:200,17,0,0
BRDA:200,17,1,0
BRDA:208,18,0,0
BRDA:208,18,1,0
BRDA:208,18,2,0
BRDA:219,19,0,0
BRDA:219,19,1,0
BRDA:316,20,0,0
BRDA:316,20,1,0
BRDA:355,21,0,0
BRDA:355,21,1,0
BRDA:425,22,0,0
BRDA:425,22,1,0
BRDA:439,23,0,0
BRDA:439,23,1,0
BRDA:439,24,0,0
BRDA:439,24,1,0
BRDA:452,25,0,0
BRDA:452,25,1,0
BRF:51
BRH:0
end_of_record
TN:
SF:src\components\Exercise\ProgressIndicator.tsx
FN:22,(anonymous_0)
FN:29,(anonymous_1)
FN:39,(anonymous_2)
FN:46,(anonymous_3)
FN:52,(anonymous_4)
FN:61,(anonymous_5)
FN:74,(anonymous_6)
FN:78,(anonymous_7)
FN:82,(anonymous_8)
FN:88,(anonymous_9)
FNF:10
FNH:10
FNDA:12,(anonymous_0)
FNDA:13,(anonymous_1)
FNDA:1,(anonymous_2)
FNDA:1,(anonymous_3)
FNDA:44,(anonymous_4)
FNDA:14,(anonymous_5)
FNDA:14,(anonymous_6)
FNDA:14,(anonymous_7)
FNDA:14,(anonymous_8)
FNDA:14,(anonymous_9)
DA:22,12
DA:29,13
DA:39,1
DA:46,1
DA:52,44
DA:61,1
DA:72,14
DA:74,14
DA:75,14
DA:78,14
DA:79,14
DA:82,14
DA:83,14
DA:84,14
DA:85,14
DA:88,14
DA:89,14
DA:90,12
DA:91,1
DA:94,14
DA:95,1
DA:110,13
DA:111,1
DA:128,12
LF:24
LH:24
BRDA:68,0,0,13
BRDA:69,1,0,12
BRDA:75,2,0,13
BRDA:75,2,1,1
BRDA:89,3,0,2
BRDA:89,3,1,12
BRDA:90,4,0,11
BRDA:90,4,1,1
BRDA:94,5,0,1
BRDA:94,5,1,13
BRDA:110,6,0,1
BRDA:110,6,1,12
BRDA:149,7,0,12
BRDA:149,7,1,11
BRDA:215,8,0,12
BRDA:215,8,1,2
BRDA:223,9,0,12
BRDA:223,9,1,1
BRDA:231,10,0,12
BRDA:231,10,1,11
BRF:20
BRH:20
end_of_record
TN:
SF:src\components\Exercise\RoutineSelector.tsx
FN:39,(anonymous_0)
FN:44,(anonymous_1)
FN:56,(anonymous_2)
FN:72,(anonymous_3)
FN:79,(anonymous_4)
FN:90,(anonymous_5)
FN:97,(anonymous_6)
FN:104,(anonymous_7)
FN:129,(anonymous_8)
FN:135,(anonymous_9)
FN:138,(anonymous_10)
FN:143,(anonymous_11)
FN:149,(anonymous_12)
FN:155,(anonymous_13)
FN:163,(anonymous_14)
FN:200,(anonymous_15)
FN:204,(anonymous_16)
FN:212,(anonymous_17)
FN:213,(anonymous_18)
FN:216,(anonymous_19)
FN:217,(anonymous_20)
FN:220,(anonymous_21)
FN:228,(anonymous_22)
FN:237,(anonymous_23)
FN:238,(anonymous_24)
FN:242,(anonymous_25)
FN:245,(anonymous_26)
FN:265,(anonymous_27)
FN:298,(anonymous_28)
FN:304,(anonymous_29)
FN:342,(anonymous_30)
FN:354,(anonymous_31)
FN:359,(anonymous_32)
FN:361,(anonymous_33)
FN:367,(anonymous_34)
FN:379,(anonymous_35)
FN:404,(anonymous_36)
FN:408,(anonymous_37)
FN:454,(anonymous_38)
FN:480,(anonymous_39)
FN:492,(anonymous_40)
FNF:41
FNH:27
FNDA:17,(anonymous_0)
FNDA:17,(anonymous_1)
FNDA:30,(anonymous_2)
FNDA:30,(anonymous_3)
FNDA:31,(anonymous_4)
FNDA:62,(anonymous_5)
FNDA:17,(anonymous_6)
FNDA:19,(anonymous_7)
FNDA:18,(anonymous_8)
FNDA:6,(anonymous_9)
FNDA:8,(anonymous_10)
FNDA:0,(anonymous_11)
FNDA:0,(anonymous_12)
FNDA:0,(anonymous_13)
FNDA:15,(anonymous_14)
FNDA:1,(anonymous_15)
FNDA:1,(anonymous_16)
FNDA:3,(anonymous_17)
FNDA:3,(anonymous_18)
FNDA:0,(anonymous_19)
FNDA:0,(anonymous_20)
FNDA:0,(anonymous_21)
FNDA:47,(anonymous_22)
FNDA:17,(anonymous_23)
FNDA:34,(anonymous_24)
FNDA:17,(anonymous_25)
FNDA:0,(anonymous_26)
FNDA:1,(anonymous_27)
FNDA:0,(anonymous_28)
FNDA:0,(anonymous_29)
FNDA:3,(anonymous_30)
FNDA:0,(anonymous_31)
FNDA:0,(anonymous_32)
FNDA:0,(anonymous_33)
FNDA:34,(anonymous_34)
FNDA:0,(anonymous_35)
FNDA:30,(anonymous_36)
FNDA:0,(anonymous_37)
FNDA:60,(anonymous_38)
FNDA:1,(anonymous_39)
FNDA:1,(anonymous_40)
DA:39,17
DA:44,17
DA:56,30
DA:72,30
DA:79,31
DA:90,62
DA:97,17
DA:104,1
DA:116,19
DA:121,19
DA:125,19
DA:126,19
DA:129,19
DA:130,18
DA:133,18
DA:134,3
DA:135,3
DA:136,6
DA:138,8
DA:142,18
DA:143,0
DA:144,0
DA:148,18
DA:149,0
DA:150,0
DA:154,18
DA:155,0
DA:156,0
DA:157,0
DA:163,18
DA:166,15
DA:168,15
DA:169,15
DA:170,15
DA:172,0
DA:173,0
DA:174,0
DA:175,0
DA:177,0
DA:178,0
DA:179,0
DA:181,0
DA:182,0
DA:183,0
DA:185,0
DA:186,0
DA:189,15
DA:190,15
DA:192,0
DA:196,18
DA:200,19
DA:201,1
DA:204,19
DA:205,1
DA:206,1
DA:207,1
DA:209,1
DA:212,19
DA:213,3
DA:216,19
DA:217,0
DA:220,19
DA:221,0
DA:228,19
DA:229,47
DA:230,47
DA:232,0
DA:233,0
DA:234,0
DA:237,19
DA:238,34
DA:242,19
DA:243,17
DA:245,0
DA:266,1
DA:298,0
DA:305,0
DA:306,0
DA:307,0
DA:317,19
DA:318,1
DA:326,18
DA:327,1
DA:334,17
DA:342,3
DA:354,0
DA:360,0
DA:362,0
DA:368,34
DA:379,0
DA:405,30
DA:408,0
DA:455,60
DA:481,1
DA:482,1
DA:492,1
LF:96
LH:61
BRDA:62,0,0,1
BRDA:62,0,1,29
BRDA:81,1,0,16
BRDA:81,1,1,15
BRDA:82,2,0,0
BRDA:82,2,1,15
BRDA:85,3,0,16
BRDA:85,3,1,15
BRDA:86,4,0,0
BRDA:86,4,1,15
BRDA:109,5,0,18
BRDA:110,6,0,18
BRDA:111,7,0,17
BRDA:117,8,0,0
BRDA:117,8,1,19
BRDA:118,9,0,0
BRDA:118,9,1,19
BRDA:133,10,0,3
BRDA:133,10,1,15
BRDA:136,11,0,6
BRDA:136,11,1,4
BRDA:136,11,2,4
BRDA:142,12,0,0
BRDA:142,12,1,18
BRDA:142,13,0,18
BRDA:142,13,1,18
BRDA:144,14,0,0
BRDA:144,14,1,0
BRDA:148,15,0,0
BRDA:148,15,1,18
BRDA:148,16,0,18
BRDA:148,16,1,18
BRDA:150,17,0,0
BRDA:150,17,1,0
BRDA:154,18,0,0
BRDA:154,18,1,18
BRDA:156,19,0,0
BRDA:156,19,1,0
BRDA:157,20,0,0
BRDA:157,20,1,0
BRDA:157,20,2,0
BRDA:157,20,3,0
BRDA:166,21,0,15
BRDA:166,21,1,0
BRDA:166,21,2,0
BRDA:166,21,3,0
BRDA:166,21,4,0
BRDA:173,22,0,0
BRDA:173,22,1,0
BRDA:174,23,0,0
BRDA:174,23,1,0
BRDA:177,24,0,0
BRDA:177,24,1,0
BRDA:178,25,0,0
BRDA:178,25,1,0
BRDA:181,26,0,0
BRDA:181,26,1,0
BRDA:182,27,0,0
BRDA:182,27,1,0
BRDA:189,28,0,15
BRDA:189,28,1,0
BRDA:190,29,0,15
BRDA:190,29,1,0
BRDA:190,30,0,0
BRDA:190,30,1,0
BRDA:192,31,0,0
BRDA:192,31,1,0
BRDA:192,32,0,0
BRDA:192,32,1,0
BRDA:206,33,0,1
BRDA:206,33,1,0
BRDA:229,34,0,47
BRDA:229,34,1,0
BRDA:252,35,0,17
BRDA:252,35,1,16
BRDA:253,36,0,17
BRDA:253,36,1,16
BRDA:273,37,0,1
BRDA:273,37,1,0
BRDA:286,38,0,17
BRDA:286,38,1,16
BRDA:292,39,0,17
BRDA:292,39,1,17
BRDA:305,40,0,0
BRDA:305,40,1,0
BRDA:317,41,0,1
BRDA:317,41,1,18
BRDA:326,42,0,1
BRDA:326,42,1,17
BRDA:341,43,0,17
BRDA:341,43,1,14
BRDA:353,44,0,17
BRDA:353,44,1,0
BRDA:355,45,0,0
BRDA:355,45,1,0
BRDA:392,46,0,17
BRDA:392,46,1,14
BRDA:392,46,2,14
BRDA:416,47,0,30
BRDA:416,47,1,0
BRDA:417,48,0,30
BRDA:417,48,1,0
BRDA:434,49,0,30
BRDA:434,49,1,0
BRDA:441,50,0,30
BRDA:441,50,1,0
BRDA:447,51,0,30
BRDA:447,51,1,30
BRDA:452,52,0,30
BRDA:452,52,1,30
BRDA:452,52,2,30
BRDA:463,53,0,30
BRDA:463,53,1,0
BRDA:479,54,0,1
BRDA:479,54,1,29
BRDA:485,55,0,1
BRDA:485,55,1,29
BRDA:488,56,0,30
BRDA:488,56,1,30
BRDA:504,57,0,17
BRDA:504,57,1,1
BRF:121
BRH:67
end_of_record
TN:
SF:src\components\Exercise\SessionSummary.tsx
FN:43,(anonymous_0)
FN:50,(anonymous_1)
FN:59,(anonymous_2)
FN:63,(anonymous_3)
FN:72,(anonymous_4)
FN:78,(anonymous_5)
FN:87,(anonymous_6)
FN:93,(anonymous_7)
FN:101,(anonymous_8)
FN:113,(anonymous_9)
FN:138,(anonymous_10)
FN:144,(anonymous_11)
FN:151,(anonymous_12)
FN:215,(anonymous_13)
FN:241,(anonymous_14)
FN:251,(anonymous_15)
FN:256,(anonymous_16)
FN:266,(anonymous_17)
FN:279,(anonymous_18)
FN:311,(anonymous_19)
FN:320,(anonymous_20)
FN:345,(anonymous_21)
FNF:22
FNH:21
FNDA:36,(anonymous_0)
FNDA:36,(anonymous_1)
FNDA:36,(anonymous_2)
FNDA:144,(anonymous_3)
FNDA:144,(anonymous_4)
FNDA:34,(anonymous_5)
FNDA:32,(anonymous_6)
FNDA:34,(anonymous_7)
FNDA:36,(anonymous_8)
FNDA:36,(anonymous_9)
FNDA:106,(anonymous_10)
FNDA:72,(anonymous_11)
FNDA:36,(anonymous_12)
FNDA:36,(anonymous_13)
FNDA:36,(anonymous_14)
FNDA:34,(anonymous_15)
FNDA:0,(anonymous_16)
FNDA:36,(anonymous_17)
FNDA:34,(anonymous_18)
FNDA:36,(anonymous_19)
FNDA:32,(anonymous_20)
FNDA:36,(anonymous_21)
DA:43,36
DA:50,36
DA:59,36
DA:63,144
DA:72,144
DA:78,34
DA:87,32
DA:93,34
DA:101,1
DA:110,36
DA:113,36
DA:114,36
DA:115,36
DA:117,36
DA:125,36
DA:129,36
DA:138,36
DA:139,106
DA:140,106
DA:141,106
DA:144,36
DA:145,72
DA:146,64
DA:147,0
DA:148,0
DA:151,36
DA:152,36
DA:215,36
DA:216,36
DA:241,36
DA:242,36
DA:244,34
DA:252,34
DA:266,36
DA:267,36
DA:269,34
DA:280,34
DA:311,36
DA:312,36
DA:314,32
DA:321,32
DA:345,36
DA:346,36
DA:348,34
DA:388,36
LF:45
LH:43
BRDA:106,0,0,32
BRDA:107,1,0,32
BRDA:117,2,0,4
BRDA:117,2,1,32
BRDA:118,3,0,0
BRDA:118,3,1,32
BRDA:119,4,0,32
BRDA:119,4,1,0
BRDA:120,5,0,0
BRDA:120,5,1,0
BRDA:121,6,0,0
BRDA:121,6,1,0
BRDA:122,7,0,0
BRDA:122,7,1,0
BRDA:125,8,0,4
BRDA:125,8,1,32
BRDA:126,9,0,32
BRDA:126,9,1,0
BRDA:127,10,0,0
BRDA:127,10,1,0
BRDA:145,11,0,8
BRDA:145,11,1,64
BRDA:146,12,0,64
BRDA:146,12,1,0
BRDA:147,13,0,0
BRDA:147,13,1,0
BRDA:242,14,0,2
BRDA:242,14,1,34
BRDA:267,15,0,2
BRDA:267,15,1,34
BRDA:287,16,0,34
BRDA:287,16,1,0
BRDA:312,17,0,4
BRDA:312,17,1,32
BRDA:312,18,0,36
BRDA:312,18,1,34
BRDA:333,19,0,0
BRDA:333,19,1,32
BRDA:334,20,0,32
BRDA:334,20,1,0
BRDA:346,21,0,2
BRDA:346,21,1,34
BRDA:351,22,0,34
BRDA:351,22,1,2
BRDA:362,23,0,34
BRDA:362,23,1,2
BRDA:373,24,0,34
BRDA:373,24,1,2
BRDA:408,25,0,4
BRDA:408,25,1,32
BRDA:409,26,0,32
BRDA:409,26,1,0
BRDA:415,27,0,36
BRDA:415,27,1,4
BRDA:416,28,0,36
BRDA:416,28,1,36
BRDA:416,28,2,32
BRDA:417,29,0,36
BRDA:417,29,1,0
BRDA:442,30,0,36
BRDA:442,30,1,36
BRF:61
BRH:42
end_of_record
TN:
SF:src\components\Exercise\WordDisplay.tsx
FN:14,(anonymous_0)
FN:32,(anonymous_1)
FN:44,(anonymous_2)
FN:56,(anonymous_3)
FN:66,(anonymous_4)
FN:78,(anonymous_5)
FN:93,(anonymous_6)
FN:104,(anonymous_7)
FN:114,(anonymous_8)
FN:124,(anonymous_9)
FN:132,(anonymous_10)
FN:186,(anonymous_11)
FNF:12
FNH:11
FNDA:20,(anonymous_0)
FNDA:8,(anonymous_1)
FNDA:1,(anonymous_2)
FNDA:1,(anonymous_3)
FNDA:2,(anonymous_4)
FNDA:0,(anonymous_5)
FNDA:11,(anonymous_6)
FNDA:1,(anonymous_7)
FNDA:1,(anonymous_8)
FNDA:11,(anonymous_9)
FNDA:11,(anonymous_10)
FNDA:9,(anonymous_11)
DA:14,20
DA:31,1
DA:32,8
DA:43,1
DA:44,1
DA:55,1
DA:56,1
DA:66,2
DA:78,1
DA:93,1
DA:102,11
DA:104,11
DA:105,1
DA:106,1
DA:114,11
DA:115,1
DA:116,1
DA:124,11
DA:125,11
DA:128,2
DA:129,2
DA:132,11
DA:133,11
DA:135,9
DA:157,11
DA:158,1
DA:172,10
DA:173,1
DA:186,9
DA:188,9
DA:209,9
DA:216,9
LF:32
LH:32
BRDA:96,0,0,0
BRDA:97,1,0,0
BRDA:98,2,0,0
BRDA:105,3,0,1
BRDA:105,3,1,0
BRDA:105,4,0,1
BRDA:105,4,1,1
BRDA:115,5,0,1
BRDA:115,5,1,0
BRDA:115,6,0,1
BRDA:115,6,1,1
BRDA:125,7,0,9
BRDA:125,7,1,2
BRDA:125,8,0,11
BRDA:125,8,1,9
BRDA:128,9,0,2
BRDA:128,9,1,1
BRDA:128,10,0,2
BRDA:128,10,1,1
BRDA:129,11,0,1
BRDA:129,11,1,1
BRDA:133,12,0,2
BRDA:133,12,1,9
BRDA:137,13,0,9
BRDA:137,13,1,9
BRDA:139,14,0,8
BRDA:139,14,1,1
BRDA:145,15,0,9
BRDA:145,15,1,9
BRDA:157,16,0,1
BRDA:157,16,1,10
BRDA:172,17,0,1
BRDA:172,17,1,9
BRDA:189,18,0,1
BRDA:189,18,1,8
BRDA:199,19,0,9
BRDA:199,19,1,1
BRDA:209,20,0,0
BRDA:209,20,1,9
BRDA:222,21,0,0
BRDA:222,21,1,9
BRF:41
BRH:34
end_of_record
TN:
SF:src\components\Exercise\WordHistory.tsx
FN:45,(anonymous_0)
FN:51,(anonymous_1)
FN:62,(anonymous_2)
FN:74,(anonymous_3)
FN:86,(anonymous_4)
FN:93,(anonymous_5)
FN:98,(anonymous_6)
FN:118,(anonymous_7)
FN:124,(anonymous_8)
FN:127,(anonymous_9)
FN:132,(anonymous_10)
FN:139,(anonymous_11)
FN:145,(anonymous_12)
FN:149,(anonymous_13)
FN:156,(anonymous_14)
FN:175,(anonymous_15)
FN:188,(anonymous_16)
FN:189,(anonymous_17)
FN:190,(anonymous_18)
FN:191,(anonymous_19)
FN:192,(anonymous_20)
FN:204,(anonymous_21)
FN:212,(anonymous_22)
FN:218,(anonymous_23)
FN:222,(anonymous_24)
FN:228,(anonymous_25)
FN:234,(anonymous_26)
FN:242,(anonymous_27)
FN:243,(anonymous_28)
FN:250,(anonymous_29)
FN:257,(anonymous_30)
FN:258,(anonymous_31)
FN:261,(anonymous_32)
FN:270,(anonymous_33)
FN:313,(anonymous_34)
FN:425,(anonymous_35)
FN:437,(anonymous_36)
FN:442,(anonymous_37)
FN:444,(anonymous_38)
FN:461,(anonymous_39)
FN:466,(anonymous_40)
FN:468,(anonymous_41)
FN:474,(anonymous_42)
FN:486,(anonymous_43)
FN:503,(anonymous_44)
FN:505,(anonymous_45)
FN:535,(anonymous_46)
FN:547,(anonymous_47)
FNF:48
FNH:0
FNDA:0,(anonymous_0)
FNDA:0,(anonymous_1)
FNDA:0,(anonymous_2)
FNDA:0,(anonymous_3)
FNDA:0,(anonymous_4)
FNDA:0,(anonymous_5)
FNDA:0,(anonymous_6)
FNDA:0,(anonymous_7)
FNDA:0,(anonymous_8)
FNDA:0,(anonymous_9)
FNDA:0,(anonymous_10)
FNDA:0,(anonymous_11)
FNDA:0,(anonymous_12)
FNDA:0,(anonymous_13)
FNDA:0,(anonymous_14)
FNDA:0,(anonymous_15)
FNDA:0,(anonymous_16)
FNDA:0,(anonymous_17)
FNDA:0,(anonymous_18)
FNDA:0,(anonymous_19)
FNDA:0,(anonymous_20)
FNDA:0,(anonymous_21)
FNDA:0,(anonymous_22)
FNDA:0,(anonymous_23)
FNDA:0,(anonymous_24)
FNDA:0,(anonymous_25)
FNDA:0,(anonymous_26)
FNDA:0,(anonymous_27)
FNDA:0,(anonymous_28)
FNDA:0,(anonymous_29)
FNDA:0,(anonymous_30)
FNDA:0,(anonymous_31)
FNDA:0,(anonymous_32)
FNDA:0,(anonymous_33)
FNDA:0,(anonymous_34)
FNDA:0,(anonymous_35)
FNDA:0,(anonymous_36)
FNDA:0,(anonymous_37)
FNDA:0,(anonymous_38)
FNDA:0,(anonymous_39)
FNDA:0,(anonymous_40)
FNDA:0,(anonymous_41)
FNDA:0,(anonymous_42)
FNDA:0,(anonymous_43)
FNDA:0,(anonymous_44)
FNDA:0,(anonymous_45)
FNDA:0,(anonymous_46)
FNDA:0,(anonymous_47)
DA:45,0
DA:51,0
DA:62,0
DA:74,0
DA:86,0
DA:93,0
DA:98,0
DA:108,0
DA:109,0
DA:114,0
DA:115,0
DA:118,0
DA:119,0
DA:122,0
DA:123,0
DA:124,0
DA:125,0
DA:127,0
DA:131,0
DA:132,0
DA:133,0
DA:134,0
DA:138,0
DA:139,0
DA:140,0
DA:144,0
DA:145,0
DA:148,0
DA:149,0
DA:150,0
DA:156,0
DA:157,0
DA:159,0
DA:161,0
DA:163,0
DA:165,0
DA:167,0
DA:171,0
DA:175,0
DA:176,0
DA:177,0
DA:187,0
DA:188,0
DA:189,0
DA:190,0
DA:191,0
DA:192,0
DA:194,0
DA:204,0
DA:205,0
DA:206,0
DA:207,0
DA:208,0
DA:212,0
DA:213,0
DA:214,0
DA:218,0
DA:219,0
DA:222,0
DA:223,0
DA:224,0
DA:225,0
DA:228,0
DA:229,0
DA:230,0
DA:231,0
DA:234,0
DA:235,0
DA:237,0
DA:238,0
DA:240,0
DA:242,0
DA:243,0
DA:245,0
DA:246,0
DA:247,0
DA:250,0
DA:251,0
DA:252,0
DA:253,0
DA:254,0
DA:257,0
DA:258,0
DA:261,0
DA:262,0
DA:271,0
DA:314,0
DA:324,0
DA:325,0
DA:345,0
DA:425,0
DA:437,0
DA:443,0
DA:445,0
DA:461,0
DA:467,0
DA:469,0
DA:475,0
DA:486,0
DA:504,0
DA:505,0
DA:536,0
DA:548,0
DA:549,0
LF:104
LH:0
BRDA:76,0,0,0
BRDA:76,0,1,0
BRDA:77,1,0,0
BRDA:77,1,1,0
BRDA:103,2,0,0
BRDA:104,3,0,0
BRDA:105,4,0,0
BRDA:122,5,0,0
BRDA:122,5,1,0
BRDA:125,6,0,0
BRDA:125,6,1,0
BRDA:125,6,2,0
BRDA:131,7,0,0
BRDA:131,7,1,0
BRDA:131,8,0,0
BRDA:131,8,1,0
BRDA:133,9,0,0
BRDA:133,9,1,0
BRDA:133,10,0,0
BRDA:133,10,1,0
BRDA:138,11,0,0
BRDA:138,11,1,0
BRDA:138,12,0,0
BRDA:138,12,1,0
BRDA:144,13,0,0
BRDA:144,13,1,0
BRDA:148,14,0,0
BRDA:148,14,1,0
BRDA:150,15,0,0
BRDA:150,15,1,0
BRDA:157,16,0,0
BRDA:157,16,1,0
BRDA:157,16,2,0
BRDA:157,16,3,0
BRDA:157,16,4,0
BRDA:176,17,0,0
BRDA:176,17,1,0
BRDA:192,18,0,0
BRDA:192,18,1,0
BRDA:207,19,0,0
BRDA:207,19,1,0
BRDA:213,20,0,0
BRDA:213,20,1,0
BRDA:219,21,0,0
BRDA:219,21,1,0
BRDA:223,22,0,0
BRDA:223,22,1,0
BRDA:224,23,0,0
BRDA:224,23,1,0
BRDA:229,24,0,0
BRDA:229,24,1,0
BRDA:230,25,0,0
BRDA:230,25,1,0
BRDA:235,26,0,0
BRDA:235,26,1,0
BRDA:240,27,0,0
BRDA:240,27,1,0
BRDA:240,28,0,0
BRDA:240,28,1,0
BRDA:245,29,0,0
BRDA:245,29,1,0
BRDA:246,30,0,0
BRDA:246,30,1,0
BRDA:251,31,0,0
BRDA:251,31,1,0
BRDA:278,32,0,0
BRDA:278,32,1,0
BRDA:324,33,0,0
BRDA:324,33,1,0
BRDA:353,34,0,0
BRDA:353,34,1,0
BRDA:419,35,0,0
BRDA:419,35,1,0
BRDA:424,36,0,0
BRDA:424,36,1,0
BRDA:436,37,0,0
BRDA:436,37,1,0
BRDA:438,38,0,0
BRDA:438,38,1,0
BRDA:460,39,0,0
BRDA:460,39,1,0
BRDA:462,40,0,0
BRDA:462,40,1,0
BRDA:552,41,0,0
BRDA:552,41,1,0
BRDA:563,42,0,0
BRDA:563,42,1,0
BRDA:574,43,0,0
BRDA:574,43,1,0
BRF:89
BRH:0
end_of_record
TN:
SF:src\components\Exercise\flowTypes.ts
FNF:0
FNH:0
LF:0
LH:0
BRF:0
BRH:0
end_of_record
TN:
SF:src\components\Exercise\index.ts
FNF:0
FNH:0
LF:0
LH:0
BRF:0
BRH:0
end_of_record
TN:
SF:src\components\Exercise\progressTypes.ts
FNF:0
FNH:0
LF:0
LH:0
BRF:0
BRH:0
end_of_record
TN:
SF:src\components\Exercise\runTestSuite.js
FN:48,(anonymous_0)
FN:62,(anonymous_1)
FN:69,(anonymous_2)
FN:78,(anonymous_3)
FN:123,(anonymous_4)
FNF:5
FNH:0
FNDA:0,(anonymous_0)
FNDA:0,(anonymous_1)
FNDA:0,(anonymous_2)
FNDA:0,(anonymous_3)
FNDA:0,(anonymous_4)
DA:8,0
DA:9,0
DA:12,0
DA:23,0
DA:37,0
DA:43,0
DA:44,0
DA:47,0
DA:48,0
DA:49,0
DA:50,0
DA:51,0
DA:53,0
DA:54,0
DA:55,0
DA:56,0
DA:61,0
DA:62,0
DA:63,0
DA:64,0
DA:65,0
DA:67,0
DA:68,0
DA:69,0
DA:70,0
DA:72,0
DA:77,0
DA:78,0
DA:79,0
DA:80,0
DA:81,0
DA:83,0
DA:84,0
DA:85,0
DA:86,0
DA:87,0
DA:92,0
DA:93,0
DA:95,0
DA:123,0
DA:124,0
DA:125,0
DA:129,0
DA:130,0
DA:131,0
DA:132,0
DA:135,0
DA:136,0
DA:137,0
DA:138,0
DA:141,0
DA:142,0
DA:143,0
DA:144,0
DA:145,0
DA:147,0
DA:148,0
DA:149,0
DA:150,0
DA:152,0
DA:153,0
DA:154,0
DA:155,0
DA:157,0
DA:158,0
DA:159,0
DA:160,0
DA:161,0
DA:163,0
DA:164,0
LF:70
LH:0
BRDA:51,0,0,0
BRDA:51,0,1,0
BRDA:53,1,0,0
BRDA:53,1,1,0
BRDA:55,2,0,0
BRDA:55,2,1,0
BRDA:65,3,0,0
BRDA:65,3,1,0
BRDA:67,4,0,0
BRDA:67,4,1,0
BRDA:72,5,0,0
BRDA:72,5,1,0
BRDA:81,6,0,0
BRDA:81,6,1,0
BRDA:83,7,0,0
BRDA:83,7,1,0
BRDA:85,8,0,0
BRDA:85,8,1,0
BRDA:86,9,0,0
BRDA:86,9,1,0
BRDA:124,10,0,0
BRDA:124,10,1,0
BRDA:130,11,0,0
BRDA:130,11,1,0
BRDA:131,12,0,0
BRDA:131,12,1,0
BRDA:137,13,0,0
BRDA:137,13,1,0
BRF:28
BRH:0
end_of_record
TN:
SF:src\components\Exercise\types.ts
FNF:0
FNH:0
DA:103,2
DA:122,2
LF:2
LH:2
BRF:0
BRH:0
end_of_record
TN:
SF:src\components\Header\Component.js
FN:15,(anonymous_0)
FN:18,(anonymous_1)
FN:31,(anonymous_2)
FNF:3
FNH:0
FNDA:0,(anonymous_0)
FNDA:0,(anonymous_1)
FNDA:0,(anonymous_2)
DA:8,0
DA:15,0
DA:18,0
DA:31,0
DA:32,0
LF:5
LH:0
BRDA:34,0,0,0
BRDA:34,0,1,0
BRF:2
BRH:0
end_of_record
TN:
SF:src\components\Header\Container.js
FNF:0
FNH:0
DA:7,0
DA:9,0
DA:14,0
LF:3
LH:0
BRF:0
BRH:0
end_of_record
TN:
SF:src\components\Header\Logo.js
FN:12,(anonymous_0)
FN:21,(anonymous_1)
FNF:2
FNH:0
FNDA:0,(anonymous_0)
FNDA:0,(anonymous_1)
DA:6,0
DA:12,0
DA:21,0
LF:3
LH:0
BRF:0
BRH:0
end_of_record
TN:
SF:src\components\Header\NavLink.js
FN:12,(anonymous_0)
FN:23,(anonymous_1)
FN:34,(anonymous_2)
FNF:3
FNH:0
FNDA:0,(anonymous_0)
FNDA:0,(anonymous_1)
FNDA:0,(anonymous_2)
DA:5,0
DA:12,0
DA:23,0
DA:34,0
LF:4
LH:0
BRF:0
BRH:0
end_of_record
TN:
SF:src\components\Header\DarkButton\Component.js
FN:14,(anonymous_0)
FN:19,(anonymous_1)
FNF:2
FNH:0
FNDA:0,(anonymous_0)
FNDA:0,(anonymous_1)
DA:6,0
DA:14,0
DA:19,0
DA:20,0
LF:4
LH:0
BRF:0
BRH:0
end_of_record
TN:
SF:src\components\Header\DarkButton\Container.js
FNF:0
FNH:0
DA:5,0
DA:7,0
LF:2
LH:0
BRF:0
BRH:0
end_of_record
TN:
SF:src\components\Header\DarkButton\Icon.js
FN:12,(anonymous_0)
FN:21,(anonymous_1)
FNF:2
FNH:0
FNDA:0,(anonymous_0)
FNDA:0,(anonymous_1)
DA:5,0
DA:12,0
DA:21,0
DA:22,0
LF:4
LH:0
BRF:0
BRH:0
end_of_record
TN:
SF:src\components\Header\Username\Text.js
FN:10,(anonymous_0)
FNF:1
FNH:0
FNDA:0,(anonymous_0)
DA:4,0
DA:10,0
LF:2
LH:0
BRF:0
BRH:0
end_of_record
TN:
SF:src\components\Header\Username\index.js
FN:8,(anonymous_0)
FN:9,(anonymous_1)
FN:13,(anonymous_2)
FNF:3
FNH:0
FNDA:0,(anonymous_0)
FNDA:0,(anonymous_1)
FNDA:0,(anonymous_2)
DA:6,0
DA:8,0
DA:9,0
DA:13,0
DA:14,0
LF:5
LH:0
BRF:0
BRH:0
end_of_record
TN:
SF:src\components\Home\MainSection.js
FNF:0
FNH:0
DA:3,0
LF:1
LH:0
BRF:0
BRH:0
end_of_record
TN:
SF:src\components\Home\index.js
FN:59,(anonymous_0)
FNF:1
FNH:0
FNDA:0,(anonymous_0)
DA:13,0
DA:59,0
DA:61,0
LF:3
LH:0
BRF:0
BRH:0
end_of_record
TN:
SF:src\components\Interactions\InteractionsHome.js
FN:18,InteractionsHome
FN:25,(anonymous_1)
FN:31,(anonymous_2)
FN:35,(anonymous_3)
FN:41,(anonymous_4)
FN:49,(anonymous_5)
FN:53,(anonymous_6)
FNF:7
FNH:0
FNDA:0,InteractionsHome
FNDA:0,(anonymous_1)
FNDA:0,(anonymous_2)
FNDA:0,(anonymous_3)
FNDA:0,(anonymous_4)
FNDA:0,(anonymous_5)
FNDA:0,(anonymous_6)
DA:19,0
DA:20,0
DA:21,0
DA:23,0
DA:25,0
DA:26,0
DA:27,0
DA:31,0
DA:32,0
DA:35,0
DA:36,0
DA:37,0
DA:41,0
DA:42,0
DA:43,0
DA:44,0
DA:49,0
DA:50,0
DA:53,0
DA:54,0
DA:57,0
DA:59,0
DA:92,0
LF:23
LH:0
BRDA:26,0,0,0
BRDA:26,0,1,0
BRDA:36,1,0,0
BRDA:36,1,1,0
BRDA:42,2,0,0
BRDA:42,2,1,0
BRDA:43,3,0,0
BRDA:43,3,1,0
BRDA:61,4,0,0
BRDA:61,4,1,0
BRF:10
BRH:0
end_of_record
TN:
SF:src\components\Interactions\InteractionsHomeContainer.js
FN:7,(anonymous_0)
FNF:1
FNH:0
FNDA:0,(anonymous_0)
DA:7,0
DA:16,0
DA:18,0
DA:26,0
LF:4
LH:0
BRF:0
BRH:0
end_of_record
TN:
SF:src\components\Interactions\elements\InteractionButton.js
FN:6,(anonymous_0)
FN:15,InteractionButton
FN:20,(anonymous_2)
FNF:3
FNH:0
FNDA:0,(anonymous_0)
FNDA:0,InteractionButton
FNDA:0,(anonymous_2)
DA:6,0
DA:16,0
DA:18,0
DA:20,0
LF:4
LH:0
BRF:0
BRH:0
end_of_record
TN:
SF:src\components\Interactions\elements\InteractionForm.js
FN:11,(anonymous_0)
FN:40,(anonymous_1)
FN:46,(anonymous_2)
FN:51,(anonymous_3)
FN:56,(anonymous_4)
FN:68,InteractionForm
FN:76,(anonymous_6)
FN:91,(anonymous_7)
FN:91,(anonymous_8)
FN:97,(anonymous_9)
FNF:10
FNH:0
FNDA:0,(anonymous_0)
FNDA:0,(anonymous_1)
FNDA:0,(anonymous_2)
FNDA:0,(anonymous_3)
FNDA:0,(anonymous_4)
FNDA:0,InteractionForm
FNDA:0,(anonymous_6)
FNDA:0,(anonymous_7)
FNDA:0,(anonymous_8)
FNDA:0,(anonymous_9)
DA:11,0
DA:40,0
DA:46,0
DA:51,0
DA:56,0
DA:70,0
DA:76,0
DA:78,0
DA:80,0
DA:87,0
DA:91,0
DA:92,0
DA:95,0
DA:97,0
LF:14
LH:0
BRF:0
BRH:0
end_of_record
TN:
SF:src\components\Interactions\elements\InteractionTable.js
FN:18,(anonymous_0)
FN:23,(anonymous_1)
FN:28,(anonymous_2)
FN:32,(anonymous_3)
FN:77,TablePaginationActions
FN:81,(anonymous_5)
FN:85,(anonymous_6)
FN:112,InteractionTable
FN:116,(anonymous_8)
FN:120,(anonymous_9)
FN:125,parseInteractions
FN:129,(anonymous_11)
FN:135,(anonymous_12)
FN:136,(anonymous_13)
FN:185,(anonymous_14)
FN:193,(anonymous_15)
FNF:16
FNH:0
FNDA:0,(anonymous_0)
FNDA:0,(anonymous_1)
FNDA:0,(anonymous_2)
FNDA:0,(anonymous_3)
FNDA:0,TablePaginationActions
FNDA:0,(anonymous_5)
FNDA:0,(anonymous_6)
FNDA:0,InteractionTable
FNDA:0,(anonymous_8)
FNDA:0,(anonymous_9)
FNDA:0,parseInteractions
FNDA:0,(anonymous_11)
FNDA:0,(anonymous_12)
FNDA:0,(anonymous_13)
FNDA:0,(anonymous_14)
FNDA:0,(anonymous_15)
DA:18,0
DA:23,0
DA:28,0
DA:32,0
DA:36,0
DA:78,0
DA:79,0
DA:81,0
DA:82,0
DA:85,0
DA:86,0
DA:89,0
DA:105,0
DA:113,0
DA:114,0
DA:116,0
DA:117,0
DA:120,0
DA:121,0
DA:122,0
DA:127,0
DA:129,0
DA:131,0
DA:132,0
DA:133,0
DA:135,0
DA:136,0
DA:138,0
DA:139,0
DA:140,0
DA:143,0
DA:144,0
DA:145,0
DA:147,0
DA:166,0
DA:169,0
DA:171,0
DA:173,0
DA:186,0
DA:193,0
LF:40
LH:0
BRDA:92,0,0,0
BRDA:92,0,1,0
BRDA:99,1,0,0
BRDA:99,1,1,0
BRDA:135,2,0,0
BRDA:135,2,1,0
BRDA:136,3,0,0
BRDA:136,3,1,0
BRDA:138,4,0,0
BRDA:138,4,1,0
BRDA:138,5,0,0
BRDA:138,5,1,0
BRDA:139,6,0,0
BRDA:139,6,1,0
BRDA:140,7,0,0
BRDA:140,7,1,0
BRDA:144,8,0,0
BRDA:144,8,1,0
BRDA:145,9,0,0
BRDA:145,9,1,0
BRDA:156,10,0,0
BRDA:156,10,1,0
BRDA:200,11,0,0
BRDA:200,11,1,0
BRF:24
BRH:0
end_of_record
TN:
SF:src\components\LoginForm\Component.js
FN:10,(anonymous_0)
FN:13,(anonymous_1)
FN:19,(anonymous_2)
FNF:3
FNH:0
FNDA:0,(anonymous_0)
FNDA:0,(anonymous_1)
FNDA:0,(anonymous_2)
DA:10,0
DA:11,0
DA:13,0
DA:14,0
DA:15,0
DA:19,0
DA:20,0
DA:23,0
LF:8
LH:0
BRDA:14,0,0,0
BRDA:14,0,1,0
BRF:2
BRH:0
end_of_record
TN:
SF:src\components\LoginForm\Container.js
FN:8,(anonymous_0)
FNF:1
FNH:0
FNDA:0,(anonymous_0)
DA:8,0
DA:12,0
DA:14,0
DA:23,0
LF:4
LH:0
BRF:0
BRH:0
end_of_record
TN:
SF:src\components\Post\index.js
FN:5,(anonymous_0)
FNF:1
FNH:0
FNDA:0,(anonymous_0)
DA:5,0
DA:6,0
LF:2
LH:0
BRDA:11,0,0,0
BRDA:11,0,1,0
BRF:2
BRH:0
end_of_record
TN:
SF:src\components\Post\Content\Detail.js
FN:24,(anonymous_0)
FN:28,(anonymous_1)
FNF:2
FNH:0
FNDA:0,(anonymous_0)
FNDA:0,(anonymous_1)
DA:8,0
DA:24,0
DA:28,0
DA:29,0
LF:4
LH:0
BRDA:31,0,0,0
BRDA:31,0,1,0
BRDA:35,1,0,0
BRDA:35,1,1,0
BRF:4
BRH:0
end_of_record
TN:
SF:src\components\Post\Content\FullText.js
FN:7,(anonymous_0)
FN:11,(anonymous_1)
FN:14,(anonymous_2)
FNF:3
FNH:0
FNDA:0,(anonymous_0)
FNDA:0,(anonymous_1)
FNDA:0,(anonymous_2)
DA:5,0
DA:7,0
DA:11,0
DA:14,0
DA:15,0
LF:5
LH:0
BRF:0
BRH:0
end_of_record
TN:
SF:src\components\Post\Content\Preview.js
FN:11,(anonymous_0)
FNF:1
FNH:0
FNDA:0,(anonymous_0)
DA:4,0
DA:11,0
LF:2
LH:0
BRF:0
BRH:0
end_of_record
TN:
SF:src\components\Post\Content\Title.js
FN:17,(anonymous_0)
FN:18,(anonymous_1)
FN:26,(anonymous_2)
FN:40,(anonymous_3)
FNF:4
FNH:0
FNDA:0,(anonymous_0)
FNDA:0,(anonymous_1)
FNDA:0,(anonymous_2)
FNDA:0,(anonymous_3)
DA:6,0
DA:17,0
DA:18,0
DA:26,0
DA:27,0
DA:29,0
DA:32,0
DA:33,0
DA:36,0
DA:40,0
DA:41,0
LF:11
LH:0
BRDA:18,0,0,0
BRDA:18,0,1,0
BRDA:27,1,0,0
BRDA:27,1,1,0
BRDA:27,1,2,0
BRDA:32,2,0,0
BRDA:32,2,1,0
BRF:7
BRH:0
end_of_record
TN:
SF:src\components\Post\Content\index.js
FN:52,(anonymous_0)
FN:84,(anonymous_1)
FN:92,(anonymous_2)
FNF:3
FNH:0
FNDA:0,(anonymous_0)
FNDA:0,(anonymous_1)
FNDA:0,(anonymous_2)
DA:6,0
DA:52,0
DA:64,0
DA:84,0
DA:92,0
LF:5
LH:0
BRF:0
BRH:0
end_of_record
TN:
SF:src\components\Post\Vote\Button.js
FN:19,(anonymous_0)
FN:34,(anonymous_1)
FNF:2
FNH:0
FNDA:0,(anonymous_0)
FNDA:0,(anonymous_1)
DA:4,0
DA:19,0
DA:34,0
LF:3
LH:0
BRDA:34,0,0,0
BRDA:34,0,1,0
BRF:2
BRH:0
end_of_record
TN:
SF:src\components\Post\Vote\Component.js
FN:18,(anonymous_0)
FN:33,(anonymous_1)
FN:44,(anonymous_2)
FN:46,(anonymous_3)
FN:50,(anonymous_4)
FN:68,(anonymous_5)
FN:81,(anonymous_6)
FN:83,(anonymous_7)
FN:85,(anonymous_8)
FNF:9
FNH:0
FNDA:0,(anonymous_0)
FNDA:0,(anonymous_1)
FNDA:0,(anonymous_2)
FNDA:0,(anonymous_3)
FNDA:0,(anonymous_4)
FNDA:0,(anonymous_5)
FNDA:0,(anonymous_6)
FNDA:0,(anonymous_7)
FNDA:0,(anonymous_8)
DA:9,0
DA:18,0
DA:34,0
DA:35,0
DA:36,0
DA:46,0
DA:47,0
DA:51,0
DA:52,0
DA:53,0
DA:59,0
DA:60,0
DA:69,0
DA:70,0
DA:71,0
DA:72,0
DA:81,0
DA:83,0
DA:87,0
LF:19
LH:0
BRDA:46,0,0,0
BRDA:46,0,1,0
BRDA:46,0,2,0
BRDA:47,1,0,0
BRDA:47,1,1,0
BRDA:51,2,0,0
BRDA:51,2,1,0
BRDA:59,3,0,0
BRDA:59,3,1,0
BRDA:59,4,0,0
BRDA:59,4,1,0
BRDA:70,5,0,0
BRDA:70,5,1,0
BRDA:81,6,0,0
BRDA:81,6,1,0
BRDA:83,7,0,0
BRDA:83,7,1,0
BRF:17
BRH:0
end_of_record
TN:
SF:src\components\Post\Vote\Container.js
FNF:0
FNH:0
DA:7,0
DA:9,0
DA:17,0
LF:3
LH:0
BRF:0
BRH:0
end_of_record
TN:
SF:src\components\Post\Vote\Downvote.js
FN:5,(anonymous_0)
FNF:1
FNH:0
FNDA:0,(anonymous_0)
DA:4,0
DA:6,0
LF:2
LH:0
BRDA:6,0,0,0
BRDA:6,0,1,0
BRF:2
BRH:0
end_of_record
TN:
SF:src\components\Post\Vote\Upvote.js
FN:5,(anonymous_0)
FNF:1
FNH:0
FNDA:0,(anonymous_0)
DA:4,0
DA:6,0
LF:2
LH:0
BRDA:6,0,0,0
BRDA:6,0,1,0
BRF:2
BRH:0
end_of_record
TN:
SF:src\components\PostDetail\CommentSection.js
FN:5,(anonymous_0)
FNF:1
FNH:0
FNDA:0,(anonymous_0)
DA:5,0
DA:6,0
LF:2
LH:0
BRDA:7,0,0,0
BRDA:7,0,1,0
BRDA:7,1,0,0
BRDA:7,1,1,0
BRF:4
BRH:0
end_of_record
TN:
SF:src\components\PostDetail\Component.js
FN:10,(anonymous_0)
FN:14,(anonymous_1)
FN:20,(anonymous_2)
FNF:3
FNH:0
FNDA:0,(anonymous_0)
FNDA:0,(anonymous_1)
FNDA:0,(anonymous_2)
DA:11,0
DA:15,0
DA:16,0
DA:21,0
DA:22,0
DA:23,0
DA:24,0
LF:7
LH:0
BRDA:15,0,0,0
BRDA:15,0,1,0
BRDA:15,1,0,0
BRDA:15,1,1,0
BRDA:22,2,0,0
BRDA:22,2,1,0
BRDA:23,3,0,0
BRDA:23,3,1,0
BRDA:33,4,0,0
BRDA:33,4,1,0
BRF:10
BRH:0
end_of_record
TN:
SF:src\components\PostDetail\Container.js
FN:7,(anonymous_0)
FNF:1
FNH:0
FNDA:0,(anonymous_0)
DA:7,0
DA:12,0
DA:14,0
DA:22,0
LF:4
LH:0
BRF:0
BRH:0
end_of_record
TN:
SF:src\components\PostDetail\Post.js
FN:7,(anonymous_0)
FN:19,(anonymous_1)
FNF:2
FNH:0
FNDA:0,(anonymous_0)
FNDA:0,(anonymous_1)
DA:5,0
DA:7,0
DA:19,0
DA:20,0
LF:4
LH:0
BRF:0
BRH:0
end_of_record
TN:
SF:src\components\PostDetail\InfoBar\Component.js
FN:8,(anonymous_0)
FN:9,(anonymous_1)
FN:11,(anonymous_2)
FN:13,(anonymous_3)
FN:22,(anonymous_4)
FN:24,(anonymous_5)
FNF:6
FNH:0
FNDA:0,(anonymous_0)
FNDA:0,(anonymous_1)
FNDA:0,(anonymous_2)
FNDA:0,(anonymous_3)
FNDA:0,(anonymous_4)
FNDA:0,(anonymous_5)
DA:5,0
DA:8,0
DA:9,0
DA:11,0
DA:13,0
DA:22,0
DA:25,0
LF:7
LH:0
BRDA:9,0,0,0
BRDA:9,0,1,0
BRDA:30,1,0,0
BRDA:30,1,1,0
BRDA:30,1,2,0
BRDA:30,1,3,0
BRF:6
BRH:0
end_of_record
TN:
SF:src\components\PostDetail\InfoBar\Container.js
FNF:0
FNH:0
DA:7,0
DA:9,0
DA:17,0
LF:3
LH:0
BRF:0
BRH:0
end_of_record
TN:
SF:src\components\PostList\Component.js
FN:8,(anonymous_0)
FN:16,(anonymous_1)
FN:20,(anonymous_2)
FN:30,(anonymous_3)
FN:31,(anonymous_4)
FN:35,(anonymous_5)
FN:41,(anonymous_6)
FNF:7
FNH:0
FNDA:0,(anonymous_0)
FNDA:0,(anonymous_1)
FNDA:0,(anonymous_2)
FNDA:0,(anonymous_3)
FNDA:0,(anonymous_4)
FNDA:0,(anonymous_5)
FNDA:0,(anonymous_6)
DA:8,0
DA:9,0
DA:10,0
DA:11,0
DA:12,0
DA:13,0
DA:17,0
DA:21,0
DA:27,0
DA:30,0
DA:31,0
DA:32,0
DA:37,0
DA:42,0
DA:43,0
DA:44,0
LF:16
LH:0
BRDA:11,0,0,0
BRDA:11,0,1,0
BRDA:11,1,0,0
BRDA:11,1,1,0
BRDA:11,1,2,0
BRDA:11,1,3,0
BRDA:12,2,0,0
BRDA:12,2,1,0
BRDA:12,3,0,0
BRDA:12,3,1,0
BRDA:21,4,0,0
BRDA:21,4,1,0
BRDA:22,5,0,0
BRDA:22,5,1,0
BRDA:22,5,2,0
BRDA:22,5,3,0
BRDA:42,6,0,0
BRDA:42,6,1,0
BRDA:43,7,0,0
BRDA:43,7,1,0
BRDA:43,8,0,0
BRDA:43,8,1,0
BRF:22
BRH:0
end_of_record
TN:
SF:src\components\PostList\Container.js
FN:5,(anonymous_0)
FNF:1
FNH:0
FNDA:0,(anonymous_0)
DA:5,0
DA:10,0
DA:12,0
LF:3
LH:0
BRF:0
BRH:0
end_of_record
TN:
SF:src\components\PostList\Item.js
FN:13,(anonymous_0)
FNF:1
FNH:0
FNDA:0,(anonymous_0)
DA:13,0
DA:14,0
LF:2
LH:0
BRF:0
BRH:0
end_of_record
TN:
SF:src\components\PostList\PostTable.js
FN:19,(anonymous_0)
FN:24,(anonymous_1)
FN:29,(anonymous_2)
FN:33,(anonymous_3)
FN:37,(anonymous_4)
FN:41,(anonymous_5)
FN:48,TablePaginationActions
FN:52,(anonymous_7)
FN:56,(anonymous_8)
FN:83,PostTable
FN:87,(anonymous_10)
FN:91,(anonymous_11)
FN:115,(anonymous_12)
FNF:13
FNH:0
FNDA:0,(anonymous_0)
FNDA:0,(anonymous_1)
FNDA:0,(anonymous_2)
FNDA:0,(anonymous_3)
FNDA:0,(anonymous_4)
FNDA:0,(anonymous_5)
FNDA:0,TablePaginationActions
FNDA:0,(anonymous_7)
FNDA:0,(anonymous_8)
FNDA:0,PostTable
FNDA:0,(anonymous_10)
FNDA:0,(anonymous_11)
FNDA:0,(anonymous_12)
DA:19,0
DA:24,0
DA:29,0
DA:33,0
DA:37,0
DA:41,0
DA:49,0
DA:50,0
DA:52,0
DA:53,0
DA:56,0
DA:57,0
DA:60,0
DA:76,0
DA:84,0
DA:85,0
DA:87,0
DA:88,0
DA:91,0
DA:92,0
DA:93,0
DA:96,0
DA:98,0
DA:100,0
DA:116,0
LF:25
LH:0
BRDA:63,0,0,0
BRDA:63,0,1,0
BRDA:70,1,0,0
BRDA:70,1,1,0
BRDA:121,2,0,0
BRDA:121,2,1,0
BRF:6
BRH:0
end_of_record
TN:
SF:src\components\RRFluencyReport\FluencyReport.js
FN:12,(anonymous_0)
FN:39,(anonymous_1)
FN:112,(anonymous_2)
FNF:3
FNH:0
FNDA:0,(anonymous_0)
FNDA:0,(anonymous_1)
FNDA:0,(anonymous_2)
DA:12,0
DA:39,0
DA:40,0
DA:41,0
DA:42,0
DA:110,0
DA:112,0
DA:116,0
DA:118,0
LF:9
LH:0
BRDA:94,0,0,0
BRDA:94,0,1,0
BRF:2
BRH:0
end_of_record
TN:
SF:src\components\RRFluencyReport\FluencyReportForm.js
FN:61,(anonymous_0)
FN:98,(anonymous_1)
FN:111,(anonymous_2)
FN:142,(anonymous_3)
FN:150,(anonymous_4)
FN:157,(anonymous_5)
FN:169,(anonymous_6)
FN:195,(anonymous_7)
FN:203,(anonymous_8)
FN:299,(anonymous_9)
FNF:10
FNH:0
FNDA:0,(anonymous_0)
FNDA:0,(anonymous_1)
FNDA:0,(anonymous_2)
FNDA:0,(anonymous_3)
FNDA:0,(anonymous_4)
FNDA:0,(anonymous_5)
FNDA:0,(anonymous_6)
FNDA:0,(anonymous_7)
FNDA:0,(anonymous_8)
FNDA:0,(anonymous_9)
DA:27,0
DA:42,0
DA:61,0
DA:63,0
DA:99,0
DA:100,0
DA:105,0
DA:106,0
DA:107,0
DA:108,0
DA:113,0
DA:114,0
DA:115,0
DA:116,0
DA:118,0
DA:119,0
DA:121,0
DA:122,0
DA:124,0
DA:125,0
DA:127,0
DA:128,0
DA:130,0
DA:131,0
DA:133,0
DA:134,0
DA:142,0
DA:143,0
DA:144,0
DA:145,0
DA:150,0
DA:151,0
DA:152,0
DA:153,0
DA:159,0
DA:160,0
DA:170,0
DA:171,0
DA:172,0
DA:173,0
DA:174,0
DA:175,0
DA:176,0
DA:177,0
DA:179,0
DA:181,0
DA:183,0
DA:185,0
DA:187,0
DA:189,0
DA:191,0
DA:195,0
DA:197,0
DA:198,0
DA:199,0
DA:200,0
DA:205,0
DA:206,0
DA:297,0
DA:299,0
DA:305,0
DA:324,0
DA:334,0
LF:63
LH:0
BRDA:113,0,0,0
BRDA:113,0,1,0
BRDA:114,1,0,0
BRDA:114,1,1,0
BRDA:115,2,0,0
BRDA:115,2,1,0
BRDA:118,3,0,0
BRDA:118,3,1,0
BRDA:121,4,0,0
BRDA:121,4,1,0
BRDA:124,5,0,0
BRDA:124,5,1,0
BRDA:127,6,0,0
BRDA:127,6,1,0
BRDA:130,7,0,0
BRDA:130,7,1,0
BRDA:133,8,0,0
BRDA:133,8,1,0
BRDA:143,9,0,0
BRDA:143,9,1,0
BRDA:151,10,0,0
BRDA:151,10,1,0
BRDA:159,11,0,0
BRDA:159,11,1,0
BRDA:177,12,0,0
BRDA:177,12,1,0
BRDA:177,12,2,0
BRDA:177,12,3,0
BRDA:177,12,4,0
BRDA:177,12,5,0
BRDA:177,12,6,0
BRDA:240,13,0,0
BRDA:240,13,1,0
BRDA:274,14,0,0
BRDA:274,14,1,0
BRDA:285,15,0,0
BRDA:285,15,1,0
BRDA:285,15,2,0
BRDA:286,16,0,0
BRDA:286,16,1,0
BRF:40
BRH:0
end_of_record
TN:
SF:src\components\RRFluencyReport\FluencyReportFormContainer.js
FN:12,(anonymous_0)
FNF:1
FNH:0
FNDA:0,(anonymous_0)
DA:12,0
DA:16,0
DA:18,0
DA:28,0
LF:4
LH:0
BRF:0
BRH:0
end_of_record
TN:
SF:src\components\RRFluencyReport\FluencyReportHistory.js
FN:21,(anonymous_0)
FN:32,(anonymous_1)
FN:35,(anonymous_2)
FN:36,(anonymous_3)
FN:37,(anonymous_4)
FN:40,(anonymous_5)
FN:41,(anonymous_6)
FN:42,(anonymous_7)
FN:45,(anonymous_8)
FN:46,(anonymous_9)
[...]
FN:304,(anonymous_37)
FN:313,(anonymous_38)
FN:328,(anonymous_39)
FN:348,(anonymous_40)
FN:360,(anonymous_41)
FN:366,(anonymous_42)
FNF:43
FNH:0
FNDA:0,(anonymous_0)
FNDA:0,(anonymous_1)
FNDA:0,(anonymous_2)
FNDA:0,(anonymous_3)
FNDA:0,(anonymous_4)
FNDA:0,(anonymous_5)
FNDA:0,(anonymous_6)
FNDA:0,(anonymous_7)
FNDA:0,(anonymous_8)
FNDA:0,(anonymous_9)
FNDA:0,(anonymous_10)
FNDA:0,(anonymous_11)
FNDA:0,(anonymous_12)
FNDA:0,(anonymous_13)
FNDA:0,(anonymous_14)
FNDA:0,(anonymous_15)
FNDA:0,(anonymous_16)
FNDA:0,(anonymous_17)
FNDA:0,(anonymous_18)
FNDA:0,(anonymous_19)
FNDA:0,(anonymous_20)
FNDA:0,(anonymous_21)
FNDA:0,(anonymous_22)
FNDA:0,(anonymous_23)
FNDA:0,(anonymous_24)
FNDA:0,(anonymous_25)
FNDA:0,(anonymous_26)
FNDA:0,(anonymous_27)
FNDA:0,(anonymous_28)
FNDA:0,(anonymous_29)
FNDA:0,(anonymous_30)
FNDA:0,(anonymous_31)
FNDA:0,(anonymous_32)
FNDA:0,(anonymous_33)
FNDA:0,(anonymous_34)
FNDA:0,(anonymous_35)
FNDA:0,(anonymous_36)
FNDA:0,(anonymous_37)
FNDA:0,(anonymous_38)
FNDA:0,(anonymous_39)
FNDA:0,(anonymous_40)
FNDA:0,(anonymous_41)
FNDA:0,(anonymous_42)
DA:10,0
DA:11,0
DA:14,0
DA:15,0
DA:20,0
DA:26,0
DA:33,0
DA:40,0
DA:42,0
DA:55,0
DA:56,0
DA:58,0
DA:59,0
DA:61,0
DA:64,0
DA:67,0
DA:70,0
DA:71,0
DA:74,0
DA:79,0
DA:84,0
DA:89,0
DA:90,0
DA:100,0
DA:106,0
DA:107,0
DA:110,0
DA:111,0
DA:114,0
DA:115,0
DA:120,0
DA:121,0
DA:122,0
DA:123,0
DA:126,0
DA:128,0
DA:129,0
DA:130,0
DA:131,0
DA:134,0
DA:135,0
DA:136,0
DA:137,0
DA:140,0
DA:141,0
DA:142,0
DA:145,0
DA:146,0
DA:147,0
DA:151,0
DA:154,0
DA:155,0
DA:160,0
DA:161,0
DA:162,0
DA:164,0
DA:169,0
DA:170,0
DA:171,0
DA:173,0
DA:178,0
DA:179,0
DA:180,0
DA:181,0
DA:183,0
DA:184,0
DA:185,0
DA:190,0
DA:227,0
DA:250,0
DA:269,0
DA:272,0
DA:273,0
DA:274,0
DA:275,0
DA:280,0
DA:281,0
DA:282,0
DA:283,0
DA:288,0
DA:289,0
DA:295,0
DA:300,0
DA:303,0
DA:304,0
DA:305,0
DA:306,0
DA:309,0
DA:314,0
DA:328,0
DA:330,0
DA:333,0
DA:336,0
DA:339,0
DA:342,0
DA:343,0
DA:344,0
DA:345,0
DA:348,0
DA:350,0
DA:351,0
DA:352,0
DA:356,0
DA:360,0
DA:361,0
DA:365,0
DA:366,0
DA:367,0
DA:375,0
DA:377,0
DA:381,0
LF:111
LH:0
BRDA:59,0,0,0
BRDA:59,0,1,0
BRDA:71,1,0,0
BRDA:71,1,1,0
BRDA:161,2,0,0
BRDA:161,2,1,0
BRDA:177,3,0,0
BRDA:190,4,0,0
BRDA:227,5,0,0
BRDA:250,6,0,0
BRDA:288,7,0,0
BRDA:288,7,1,0
BRDA:305,8,0,0
BRDA:305,8,1,0
BRDA:317,9,0,0
BRDA:317,9,1,0
BRDA:317,9,2,0
BRDA:351,10,0,0
BRDA:351,10,1,0
BRDA:367,11,0,0
BRDA:367,11,1,0
BRDA:368,12,0,0
BRDA:368,12,1,0
BRDA:368,12,2,0
BRDA:368,12,3,0
BRF:25
BRH:0
end_of_record
TN:
SF:src\types\index.ts
FNF:0
FNH:0
LF:0
LH:0
BRF:0
BRH:0
end_of_record
TN:
SF:src\types\routineBuilder.ts
FNF:0
FNH:0
LF:0
LH:0
BRF:0
BRH:0
end_of_record
TN:
SF:src\types\store.ts
FNF:0
FNH:0
LF:0
LH:0
BRF:0
BRH:0
end_of_record
TN:
SF:src\util\api.js
FN:6,(anonymous_0)
FN:24,(anonymous_1)
FN:39,(anonymous_2)
FN:50,(anonymous_3)
FN:65,(anonymous_4)
FN:77,(anonymous_5)
FN:98,login
FN:103,signup
FN:108,getPosts
FN:112,getPostsByDate
FN:116,getProfile
FN:120,getPost
FN:124,createPost
FN:128,deletePost
FN:132,createComment
FN:136,deleteComment
FN:140,castVote
FN:152,createInteraction
FN:156,deleteInteraction
FN:160,getInteractions
FN:164,getInteractionSettings
FN:168,getRoutineSettings
FN:172,getRoutines
FN:176,updateRoutine
FN:180,getUsers
FN:184,getUser
FN:188,getUserRoutines
FN:192,createRoutine
FN:196,deleteRoutine
FN:200,updateUser
FN:204,createUser
FN:208,getViewHistory
FN:214,buildQuery
FNF:33
FNH:0
FNDA:0,(anonymous_0)
FNDA:0,(anonymous_1)
FNDA:0,(anonymous_2)
FNDA:0,(anonymous_3)
FNDA:0,(anonymous_4)
FNDA:0,(anonymous_5)
FNDA:0,login
FNDA:0,signup
FNDA:0,getPosts
FNDA:0,getPostsByDate
FNDA:0,getProfile
FNDA:0,getPost
FNDA:0,createPost
FNDA:0,deletePost
FNDA:0,createComment
FNDA:0,deleteComment
FNDA:0,castVote
FNDA:0,createInteraction
FNDA:0,deleteInteraction
FNDA:0,getInteractions
FNDA:0,getInteractionSettings
FNDA:0,getRoutineSettings
FNDA:0,getRoutines
FNDA:0,updateRoutine
FNDA:0,getUsers
FNDA:0,getUser
FNDA:0,getUserRoutines
FNDA:0,createRoutine
FNDA:0,deleteRoutine
FNDA:0,updateUser
FNDA:0,createUser
FNDA:0,getViewHistory
FNDA:0,buildQuery
DA:3,0
DA:5,0
DA:7,0
DA:14,0
DA:15,0
DA:17,0
DA:18,0
DA:19,0
DA:22,0
DA:25,0
DA:34,0
DA:35,0
DA:37,0
DA:38,0
DA:39,0
DA:40,0
DA:44,0
DA:45,0
DA:48,0
DA:51,0
DA:60,0
DA:61,0
DA:63,0
DA:64,0
DA:65,0
DA:66,0
DA:70,0
DA:71,0
DA:74,0
DA:78,0
DA:86,0
DA:87,0
DA:89,0
DA:90,0
DA:91,0
DA:94,0
DA:99,0
DA:100,0
DA:104,0
DA:105,0
DA:109,0
DA:113,0
DA:117,0
DA:121,0
DA:125,0
DA:129,0
DA:133,0
DA:137,0
DA:141,0
DA:147,0
DA:149,0
DA:153,0
DA:157,0
DA:161,0
DA:165,0
DA:169,0
DA:173,0
DA:177,0
DA:181,0
DA:185,0
DA:189,0
DA:193,0
DA:197,0
DA:201,0
DA:205,0
DA:209,0
DA:216,0
DA:217,0
DA:218,0
DA:219,0
DA:220,0
DA:221,0
DA:222,0
DA:224,0
DA:226,0
DA:227,0
DA:243,0
DA:244,0
DA:260,0
DA:261,0
DA:278,0
DA:297,0
DA:298,0
DA:312,0
DA:313,0
DA:327,0
DA:328,0
DA:343,0
DA:360,0
LF:89
LH:0
BRDA:3,0,0,0
BRDA:3,0,1,0
BRDA:6,1,0,0
BRDA:10,2,0,0
BRDA:10,2,1,0
BRDA:17,3,0,0
BRDA:17,3,1,0
BRDA:18,4,0,0
BRDA:18,4,1,0
BRDA:24,5,0,0
BRDA:29,6,0,0
BRDA:29,6,1,0
BRDA:37,7,0,0
BRDA:37,7,1,0
BRDA:38,8,0,0
BRDA:38,8,1,0
BRDA:44,9,0,0
BRDA:44,9,1,0
BRDA:50,10,0,0
BRDA:55,11,0,0
BRDA:55,11,1,0
BRDA:63,12,0,0
BRDA:63,12,1,0
BRDA:64,13,0,0
BRDA:64,13,1,0
BRDA:70,14,0,0
BRDA:70,14,1,0
BRDA:77,15,0,0
BRDA:82,16,0,0
BRDA:82,16,1,0
BRDA:89,17,0,0
BRDA:89,17,1,0
BRDA:90,18,0,0
BRDA:90,18,1,0
BRDA:224,19,0,0
BRDA:224,19,1,0
BRDA:224,19,2,0
BRDA:226,20,0,0
BRDA:226,20,1,0
BRDA:226,21,0,0
BRDA:226,21,1,0
BRDA:243,22,0,0
BRDA:243,22,1,0
BRDA:243,23,0,0
BRDA:243,23,1,0
BRDA:260,24,0,0
BRDA:260,24,1,0
BRDA:260,25,0,0
BRDA:260,25,1,0
BRDA:297,26,0,0
BRDA:297,26,1,0
BRDA:297,27,0,0
BRDA:297,27,1,0
BRDA:312,28,0,0
BRDA:312,28,1,0
BRDA:312,29,0,0
BRDA:312,29,1,0
BRDA:327,30,0,0
BRDA:327,30,1,0
BRDA:327,31,0,0
BRDA:327,31,1,0
BRF:61
BRH:0
end_of_record
TN:
SF:src\util\history.js
FN:10,(anonymous_0)
FN:14,(anonymous_1)
FN:18,(anonymous_2)
FN:21,(anonymous_3)
FNF:4
FNH:0
FNDA:0,(anonymous_0)
FNDA:0,(anonymous_1)
FNDA:0,(anonymous_2)
FNDA:0,(anonymous_3)
DA:9,0
DA:11,0
DA:15,0
DA:19,0
DA:21,0
LF:5
LH:0
BRF:0
BRH:0
end_of_record
TN:
SF:src\util\validators.js
FN:1,(anonymous_0)
FN:6,(anonymous_1)
FN:11,(anonymous_2)
FN:14,(anonymous_3)
FN:17,(anonymous_4)
FN:20,(anonymous_5)
FN:23,(anonymous_6)
FN:32,(anonymous_7)
FN:32,(anonymous_8)
FN:33,(anonymous_9)
FN:33,(anonymous_10)
FN:34,(anonymous_11)
FN:35,(anonymous_12)
FN:36,(anonymous_13)
FN:37,(anonymous_14)
FN:39,(anonymous_15)
FN:40,(anonymous_16)
FN:58,(anonymous_17)
FN:60,(anonymous_18)
FN:62,(anonymous_19)
FN:63,(anonymous_20)
FNF:21
FNH:0
FNDA:0,(anonymous_0)
FNDA:0,(anonymous_1)
FNDA:0,(anonymous_2)
FNDA:0,(anonymous_3)
FNDA:0,(anonymous_4)
FNDA:0,(anonymous_5)
FNDA:0,(anonymous_6)
FNDA:0,(anonymous_7)
FNDA:0,(anonymous_8)
FNDA:0,(anonymous_9)
FNDA:0,(anonymous_10)
FNDA:0,(anonymous_11)
FNDA:0,(anonymous_12)
FNDA:0,(anonymous_13)
FNDA:0,(anonymous_14)
FNDA:0,(anonymous_15)
FNDA:0,(anonymous_16)
FNDA:0,(anonymous_17)
FNDA:0,(anonymous_18)
FNDA:0,(anonymous_19)
FNDA:0,(anonymous_20)
DA:1,0
DA:2,0
DA:6,0
DA:7,0
DA:11,0
DA:12,0
DA:14,0
DA:15,0
DA:17,0
DA:18,0
DA:20,0
DA:21,0
DA:23,0
DA:24,0
DA:25,0
DA:26,0
DA:28,0
DA:32,0
DA:33,0
DA:34,0
DA:35,0
DA:36,0
DA:37,0
DA:39,0
DA:40,0
DA:41,0
DA:44,0
DA:45,0
DA:47,0
DA:48,0
DA:49,0
DA:50,0
DA:51,0
DA:52,0
DA:53,0
DA:54,0
DA:55,0
DA:56,0
DA:58,0
DA:59,0
DA:60,0
DA:61,0
DA:62,0
DA:63,0
LF:44
LH:0
BRDA:2,0,0,0
BRDA:2,0,1,0
BRDA:2,1,0,0
BRDA:2,1,1,0
BRDA:7,2,0,0
BRDA:7,2,1,0
BRDA:7,3,0,0
BRDA:7,3,1,0
BRDA:12,4,0,0
BRDA:12,4,1,0
BRDA:15,5,0,0
BRDA:15,5,1,0
BRDA:18,6,0,0
BRDA:18,6,1,0
BRDA:21,7,0,0
BRDA:21,7,1,0
BRDA:39,8,0,0
BRDA:39,8,1,0
BRDA:41,9,0,0
BRDA:41,9,1,0
BRDA:41,10,0,0
BRDA:41,10,1,0
BRDA:59,11,0,0
BRDA:59,11,1,0
BRDA:61,12,0,0
BRDA:61,12,1,0
BRDA:62,13,0,0
BRDA:62,13,1,0
BRDA:63,14,0,0
BRDA:63,14,1,0
BRF:30
BRH:0
end_of_record
TN:
SF:src\util\withAuth.js
FN:3,withAuth
FN:4,(anonymous_1)
FNF:2
FNH:0
FNDA:0,withAuth
FNDA:0,(anonymous_1)
DA:4,0
DA:9,0
LF:2
LH:0
BRF:0
BRH:0
end_of_record
TN:
SF:src\util\blacklists\index.js
FN:103,getBlacklist
FNF:1
FNH:0
FNDA:0,getBlacklist
DA:105,0
DA:107,0
DA:109,0
DA:112,0
DA:114,0
DA:116,0
DA:118,0
DA:120,0
DA:122,0
DA:124,0
DA:126,0
DA:128,0
DA:130,0
DA:132,0
DA:134,0
DA:136,0
DA:138,0
DA:140,0
DA:142,0
DA:144,0
DA:146,0
DA:151,0
DA:153,0
DA:156,0
DA:158,0
DA:160,0
DA:162,0
DA:164,0
DA:166,0
DA:168,0
DA:170,0
DA:172,0
DA:174,0
DA:176,0
DA:178,0
DA:180,0
DA:182,0
DA:184,0
DA:186,0
DA:188,0
DA:190,0
DA:196,0
DA:198,0
DA:200,0
DA:203,0
DA:205,0
DA:207,0
DA:209,0
DA:211,0
DA:213,0
DA:215,0
DA:217,0
DA:219,0
DA:221,0
DA:223,0
DA:225,0
DA:227,0
DA:229,0
DA:231,0
DA:233,0
DA:235,0
DA:237,0
DA:242,0
DA:244,0
DA:247,0
DA:249,0
DA:251,0
DA:253,0
DA:255,0
DA:257,0
DA:259,0
DA:261,0
DA:263,0
DA:265,0
DA:267,0
DA:269,0
DA:271,0
DA:273,0
DA:275,0
DA:277,0
DA:279,0
DA:281,0
DA:287,0
DA:289,0
DA:291,0
DA:294,0
DA:296,0
DA:298,0
DA:300,0
DA:302,0
DA:304,0
DA:306,0
DA:308,0
DA:310,0
DA:312,0
DA:314,0
DA:316,0
DA:318,0
DA:320,0
DA:322,0
DA:324,0
DA:326,0
DA:328,0
DA:333,0
DA:335,0
DA:338,0
DA:340,0
DA:342,0
DA:344,0
DA:346,0
DA:348,0
DA:350,0
DA:352,0
DA:354,0
DA:356,0
DA:358,0
DA:360,0
DA:362,0
DA:364,0
DA:366,0
DA:368,0
DA:370,0
DA:372,0
DA:379,0
LF:124
LH:0
BRDA:105,0,0,0
BRDA:105,0,1,0
BRDA:107,1,0,0
BRDA:107,1,1,0
BRDA:109,2,0,0
BRDA:109,2,1,0
BRDA:109,2,2,0
BRDA:109,2,3,0
BRDA:109,2,4,0
BRDA:109,2,5,0
BRDA:109,2,6,0
BRDA:109,2,7,0
BRDA:109,2,8,0
BRDA:109,2,9,0
BRDA:109,2,10,0
BRDA:109,2,11,0
BRDA:109,2,12,0
BRDA:109,2,13,0
BRDA:109,2,14,0
BRDA:109,2,15,0
BRDA:109,2,16,0
BRDA:109,2,17,0
BRDA:151,3,0,0
BRDA:151,3,1,0
BRDA:153,4,0,0
BRDA:153,4,1,0
BRDA:153,4,2,0
BRDA:153,4,3,0
BRDA:153,4,4,0
BRDA:153,4,5,0
BRDA:153,4,6,0
BRDA:153,4,7,0
BRDA:153,4,8,0
BRDA:153,4,9,0
BRDA:153,4,10,0
BRDA:153,4,11,0
BRDA:153,4,12,0
BRDA:153,4,13,0
BRDA:153,4,14,0
BRDA:153,4,15,0
BRDA:153,4,16,0
BRDA:153,4,17,0
BRDA:196,5,0,0
BRDA:196,5,1,0
BRDA:198,6,0,0
BRDA:198,6,1,0
BRDA:200,7,0,0
BRDA:200,7,1,0
BRDA:200,7,2,0
BRDA:200,7,3,0
BRDA:200,7,4,0
BRDA:200,7,5,0
BRDA:200,7,6,0
BRDA:200,7,7,0
BRDA:200,7,8,0
BRDA:200,7,9,0
BRDA:200,7,10,0
BRDA:200,7,11,0
BRDA:200,7,12,0
BRDA:200,7,13,0
BRDA:200,7,14,0
BRDA:200,7,15,0
BRDA:200,7,16,0
BRDA:200,7,17,0
BRDA:242,8,0,0
BRDA:242,8,1,0
BRDA:244,9,0,0
BRDA:244,9,1,0
BRDA:244,9,2,0
BRDA:244,9,3,0
BRDA:244,9,4,0
BRDA:244,9,5,0
BRDA:244,9,6,0
BRDA:244,9,7,0
BRDA:244,9,8,0
BRDA:244,9,9,0
BRDA:244,9,10,0
BRDA:244,9,11,0
BRDA:244,9,12,0
BRDA:244,9,13,0
BRDA:244,9,14,0
BRDA:244,9,15,0
BRDA:244,9,16,0
BRDA:244,9,17,0
BRDA:287,10,0,0
BRDA:287,10,1,0
BRDA:289,11,0,0
BRDA:289,11,1,0
BRDA:291,12,0,0
BRDA:291,12,1,0
BRDA:291,12,2,0
BRDA:291,12,3,0
BRDA:291,12,4,0
BRDA:291,12,5,0
BRDA:291,12,6,0
BRDA:291,12,7,0
BRDA:291,12,8,0
BRDA:291,12,9,0
BRDA:291,12,10,0
BRDA:291,12,11,0
BRDA:291,12,12,0
BRDA:291,12,13,0
BRDA:291,12,14,0
BRDA:291,12,15,0
BRDA:291,12,16,0
BRDA:291,12,17,0
BRDA:333,13,0,0
BRDA:333,13,1,0
BRDA:335,14,0,0
BRDA:335,14,1,0
BRDA:335,14,2,0
BRDA:335,14,3,0
BRDA:335,14,4,0
BRDA:335,14,5,0
BRDA:335,14,6,0
BRDA:335,14,7,0
BRDA:335,14,8,0
BRDA:335,14,9,0
BRDA:335,14,10,0
BRDA:335,14,11,0
BRDA:335,14,12,0
BRDA:335,14,13,0
BRDA:335,14,14,0
BRDA:335,14,15,0
BRDA:335,14,16,0
BRDA:335,14,17,0
BRF:126
BRH:0
end_of_record
TN:
SF:src\utils\formPersistence.ts
FN:19,(anonymous_0)
FN:39,(anonymous_1)
FN:68,(anonymous_2)
FN:80,(anonymous_3)
FN:105,(anonymous_4)
FN:119,(anonymous_5)
FN:126,(anonymous_6)
FN:131,(anonymous_7)
FN:139,(anonymous_8)
FN:151,(anonymous_9)
FN:158,(anonymous_10)
FN:170,(anonymous_11)
FN:181,(anonymous_12)
FN:188,(anonymous_13)
FN:221,(anonymous_14)
FN:253,(anonymous_15)
FNF:16
FNH:0
FNDA:0,(anonymous_0)
FNDA:0,(anonymous_1)
FNDA:0,(anonymous_2)
FNDA:0,(anonymous_3)
FNDA:0,(anonymous_4)
FNDA:0,(anonymous_5)
FNDA:0,(anonymous_6)
FNDA:0,(anonymous_7)
FNDA:0,(anonymous_8)
FNDA:0,(anonymous_9)
FNDA:0,(anonymous_10)
FNDA:0,(anonymous_11)
FNDA:0,(anonymous_12)
FNDA:0,(anonymous_13)
FNDA:0,(anonymous_14)
FNDA:0,(anonymous_15)
DA:5,0
DA:6,0
DA:19,0
DA:23,0
DA:24,0
DA:25,0
DA:30,0
DA:32,0
DA:39,0
DA:42,0
DA:43,0
DA:44,0
DA:46,0
DA:47,0
DA:50,0
DA:53,0
DA:54,0
DA:55,0
DA:58,0
DA:60,0
DA:61,0
DA:68,0
DA:69,0
DA:70,0
DA:71,0
DA:73,0
DA:80,0
DA:81,0
DA:82,0
DA:84,0
DA:85,0
DA:87,0
DA:88,0
DA:90,0
DA:91,0
DA:92,0
DA:94,0
DA:95,0
DA:99,0
DA:105,0
DA:107,0
DA:116,0
DA:117,0
DA:120,0
DA:127,0
DA:128,0
DA:131,0
DA:132,0
DA:140,0
DA:141,0
DA:142,0
DA:145,0
DA:152,0
DA:159,0
DA:160,0
DA:161,0
DA:164,0
DA:171,0
DA:172,0
DA:173,0
DA:181,0
DA:182,0
DA:188,0
DA:189,0
DA:190,0
DA:191,0
DA:193,0
DA:194,0
DA:196,0
DA:197,0
DA:198,0
DA:201,0
DA:202,0
DA:211,0
DA:213,0
DA:214,0
DA:221,0
DA:222,0
DA:224,0
DA:225,0
DA:226,0
DA:228,0
DA:229,0
DA:230,0
DA:232,0
DA:233,0
DA:234,0
DA:237,0
DA:238,0
DA:250,0
DA:253,0
LF:91
LH:0
BRDA:46,0,0,0
BRDA:46,0,1,0
BRDA:53,1,0,0
BRDA:53,1,1,0
BRDA:87,2,0,0
BRDA:87,2,1,0
BRDA:87,3,0,0
BRDA:87,3,1,0
BRDA:90,4,0,0
BRDA:90,4,1,0
BRDA:94,5,0,0
BRDA:94,5,1,0
BRDA:127,6,0,0
BRDA:127,6,1,0
BRDA:140,7,0,0
BRDA:140,7,1,0
BRDA:159,8,0,0
BRDA:159,8,1,0
BRDA:171,9,0,0
BRDA:171,9,1,0
BRDA:193,10,0,0
BRDA:193,10,1,0
BRDA:193,11,0,0
BRDA:193,11,1,0
BRDA:196,12,0,0
BRDA:196,12,1,0
BRDA:201,13,0,0
BRDA:201,13,1,0
BRDA:228,14,0,0
BRDA:228,14,1,0
BRDA:228,15,0,0
BRDA:228,15,1,0
BRDA:232,16,0,0
BRDA:232,16,1,0
BRDA:237,17,0,0
BRDA:237,17,1,0
BRF:36
BRH:0
end_of_record
TN:
SF:src\utils\phoneticFiltering.ts
FN:19,(anonymous_0)
FN:68,(anonymous_1)
FN:85,(anonymous_2)
FN:90,(anonymous_3)
FN:100,(anonymous_4)
FN:106,(anonymous_5)
FN:114,(anonymous_6)
FN:133,(anonymous_7)
FN:155,(anonymous_8)
FN:170,(anonymous_9)
FN:171,(anonymous_10)
FN:179,(anonymous_11)
FN:180,(anonymous_12)
FNF:13
FNH:0
FNDA:0,(anonymous_0)
FNDA:0,(anonymous_1)
FNDA:0,(anonymous_2)
FNDA:0,(anonymous_3)
FNDA:0,(anonymous_4)
FNDA:0,(anonymous_5)
FNDA:0,(anonymous_6)
FNDA:0,(anonymous_7)
FNDA:0,(anonymous_8)
FNDA:0,(anonymous_9)
FNDA:0,(anonymous_10)
FNDA:0,(anonymous_11)
FNDA:0,(anonymous_12)
DA:19,0
DA:23,0
DA:26,0
DA:27,0
DA:31,0
DA:32,0
DA:35,0
DA:37,0
DA:39,0
DA:42,0
DA:45,0
DA:46,0
DA:49,0
DA:50,0
DA:54,0
DA:55,0
DA:57,0
DA:58,0
DA:61,0
DA:63,0
DA:65,0
DA:68,0
DA:69,0
DA:75,0
DA:76,0
DA:79,0
DA:85,0
DA:90,0
DA:91,0
DA:92,0
DA:100,0
DA:104,0
DA:106,0
DA:107,0
DA:114,0
DA:117,0
DA:120,0
DA:121,0
DA:125,0
DA:126,0
DA:133,0
DA:134,0
DA:141,0
DA:142,0
DA:143,0
DA:149,0
DA:155,0
DA:160,0
DA:162,0
DA:163,0
DA:166,0
DA:169,0
DA:170,0
DA:171,0
DA:172,0
DA:174,0
DA:178,0
DA:179,0
DA:180,0
DA:181,0
DA:184,0
DA:187,0
DA:191,0
DA:192,0
DA:195,0
DA:198,0
LF:66
LH:0
BRDA:26,0,0,0
BRDA:26,0,1,0
BRDA:26,1,0,0
BRDA:26,1,1,0
BRDA:31,2,0,0
BRDA:31,2,1,0
BRDA:42,3,0,0
BRDA:42,3,1,0
BRDA:49,4,0,0
BRDA:49,4,1,0
BRDA:49,5,0,0
BRDA:49,5,1,0
BRDA:57,6,0,0
BRDA:57,6,1,0
BRDA:57,7,0,0
BRDA:57,7,1,0
BRDA:63,8,0,0
BRDA:63,8,1,0
BRDA:63,9,0,0
BRDA:63,9,1,0
BRDA:91,10,0,0
BRDA:91,10,1,0
BRDA:120,11,0,0
BRDA:120,11,1,0
BRDA:125,12,0,0
BRDA:125,12,1,0
BRDA:125,13,0,0
BRDA:125,13,1,0
BRDA:125,13,2,0
BRDA:133,14,0,0
BRDA:133,14,1,0
BRDA:133,15,0,0
BRDA:133,15,1,0
BRDA:142,16,0,0
BRDA:142,16,1,0
BRDA:142,17,0,0
BRDA:142,17,1,0
BRDA:162,18,0,0
BRDA:162,18,1,0
BRDA:169,19,0,0
BRDA:169,19,1,0
BRDA:172,20,0,0
BRDA:172,20,1,0
BRDA:178,21,0,0
BRDA:178,21,1,0
BRDA:181,22,0,0
BRDA:181,22,1,0
BRDA:184,23,0,0
BRDA:184,23,1,0
BRDA:185,24,0,0
BRDA:185,24,1,0
BRDA:191,25,0,0
BRDA:191,25,1,0
BRDA:191,26,0,0
BRDA:191,26,1,0
BRDA:192,27,0,0
BRDA:192,27,1,0
BRF:57
BRH:0
end_of_record
TN:
SF:src\utils\sessionPersistence.ts
FN:13,(anonymous_0)
FN:25,(anonymous_1)
FN:33,(anonymous_2)
FN:47,(anonymous_3)
FN:67,(anonymous_4)
FN:79,(anonymous_5)
FN:90,(anonymous_6)
FN:110,(anonymous_7)
FN:130,(anonymous_8)
FN:141,(anonymous_9)
FN:153,(anonymous_10)
FN:168,(anonymous_11)
FN:179,(anonymous_12)
FN:186,(anonymous_13)
FN:217,(anonymous_14)
FN:223,(anonymous_15)
FN:225,(anonymous_16)
FNF:17
FNH:0
FNDA:0,(anonymous_0)
FNDA:0,(anonymous_1)
FNDA:0,(anonymous_2)
FNDA:0,(anonymous_3)
FNDA:0,(anonymous_4)
FNDA:0,(anonymous_5)
FNDA:0,(anonymous_6)
FNDA:0,(anonymous_7)
FNDA:0,(anonymous_8)
FNDA:0,(anonymous_9)
FNDA:0,(anonymous_10)
FNDA:0,(anonymous_11)
FNDA:0,(anonymous_12)
FNDA:0,(anonymous_13)
FNDA:0,(anonymous_14)
FNDA:0,(anonymous_15)
FNDA:0,(anonymous_16)
DA:5,0
DA:14,0
DA:15,0
DA:16,0
DA:17,0
DA:18,0
DA:20,0
DA:26,0
DA:28,0
DA:29,0
DA:33,0
DA:39,0
DA:40,0
DA:42,0
DA:43,0
DA:48,0
DA:50,0
DA:51,0
DA:52,0
DA:54,0
DA:57,0
DA:58,0
DA:59,0
DA:60,0
DA:63,0
DA:67,0
DA:73,0
DA:74,0
DA:75,0
DA:80,0
DA:82,0
DA:83,0
DA:85,0
DA:91,0
DA:93,0
DA:94,0
DA:100,0
DA:101,0
DA:103,0
DA:105,0
DA:106,0
DA:111,0
DA:113,0
DA:114,0
DA:115,0
DA:117,0
DA:120,0
DA:122,0
DA:124,0
DA:125,0
DA:126,0
DA:131,0
DA:133,0
DA:134,0
DA:136,0
DA:142,0
DA:144,0
DA:145,0
DA:146,0
DA:148,0
DA:149,0
DA:154,0
DA:156,0
DA:157,0
DA:158,0
DA:160,0
DA:162,0
DA:163,0
DA:164,0
DA:169,0
DA:171,0
DA:172,0
DA:174,0
DA:180,0
DA:181,0
DA:182,0
DA:187,0
DA:188,0
DA:191,0
DA:192,0
DA:193,0
DA:194,0
DA:195,0
DA:200,0
DA:201,0
DA:202,0
DA:204,0
DA:206,0
DA:207,0
DA:214,0
DA:215,0
DA:220,0
DA:225,0
DA:226,0
DA:228,0
DA:232,0
DA:237,0
DA:238,0
LF:98
LH:0
BRDA:26,0,0,0
BRDA:26,0,1,0
BRDA:48,1,0,0
BRDA:48,1,1,0
BRDA:52,2,0,0
BRDA:52,2,1,0
BRDA:58,3,0,0
BRDA:58,3,1,0
BRDA:66,4,0,0
BRDA:66,4,1,0
BRDA:80,5,0,0
BRDA:80,5,1,0
BRDA:91,6,0,0
BRDA:91,6,1,0
BRDA:97,7,0,0
BRDA:97,7,1,0
BRDA:97,7,2,0
BRDA:100,8,0,0
BRDA:100,8,1,0
BRDA:111,9,0,0
BRDA:111,9,1,0
BRDA:115,10,0,0
BRDA:115,10,1,0
BRDA:131,11,0,0
BRDA:131,11,1,0
BRDA:142,12,0,0
BRDA:142,12,1,0
BRDA:154,13,0,0
BRDA:154,13,1,0
BRDA:158,14,0,0
BRDA:158,14,1,0
BRDA:169,15,0,0
BRDA:169,15,1,0
BRDA:187,16,0,0
BRDA:187,16,1,0
BRDA:194,17,0,0
BRDA:194,17,1,0
BRDA:237,18,0,0
BRDA:237,18,1,0
BRF:39
BRH:0
end_of_record
TN:
SF:src\validation\routineValidation.ts
FN:28,(anonymous_0)
FN:51,(anonymous_1)
FN:119,(anonymous_2)
FN:134,(anonymous_3)
FN:135,(anonymous_4)
FN:142,(anonymous_5)
FN:148,(anonymous_6)
FN:160,(anonymous_7)
FN:167,(anonymous_8)
FN:182,(anonymous_9)
FNF:10
FNH:0
FNDA:0,(anonymous_0)
FNDA:0,(anonymous_1)
FNDA:0,(anonymous_2)
FNDA:0,(anonymous_3)
FNDA:0,(anonymous_4)
FNDA:0,(anonymous_5)
FNDA:0,(anonymous_6)
FNDA:0,(anonymous_7)
FNDA:0,(anonymous_8)
FNDA:0,(anonymous_9)
DA:28,0
DA:29,0
DA:32,0
DA:33,0
DA:34,0
DA:35,0
DA:36,0
DA:37,0
DA:41,0
DA:42,0
DA:45,0
DA:51,0
DA:52,0
DA:55,0
DA:56,0
DA:57,0
DA:58,0
DA:62,0
DA:63,0
DA:64,0
DA:65,0
DA:66,0
DA:67,0
DA:71,0
DA:72,0
DA:73,0
DA:74,0
DA:75,0
DA:76,0
DA:80,0
DA:81,0
DA:90,0
DA:91,0
DA:95,0
DA:96,0
DA:99,0
DA:100,0
DA:105,0
DA:106,0
DA:107,0
DA:108,0
DA:109,0
DA:113,0
DA:119,0
DA:123,0
DA:126,0
DA:127,0
DA:130,0
DA:131,0
DA:134,0
DA:135,0
DA:137,0
DA:138,0
DA:142,0
DA:143,0
DA:144,0
DA:148,0
DA:149,0
DA:150,0
DA:154,0
DA:160,0
DA:161,0
DA:167,0
DA:168,0
DA:170,0
DA:171,0
DA:172,0
DA:173,0
DA:174,0
DA:176,0
DA:182,0
DA:183,0
LF:72
LH:0
BRDA:32,0,0,0
BRDA:32,0,1,0
BRDA:32,1,0,0
BRDA:32,1,1,0
BRDA:34,2,0,0
BRDA:34,2,1,0
BRDA:36,3,0,0
BRDA:36,3,1,0
BRDA:41,4,0,0
BRDA:41,4,1,0
BRDA:41,5,0,0
BRDA:41,5,1,0
BRDA:55,6,0,0
BRDA:55,6,1,0
BRDA:57,7,0,0
BRDA:57,7,1,0
BRDA:62,8,0,0
BRDA:62,8,1,0
BRDA:62,9,0,0
BRDA:62,9,1,0
BRDA:64,10,0,0
BRDA:64,10,1,0
BRDA:66,11,0,0
BRDA:66,11,1,0
BRDA:71,12,0,0
BRDA:71,12,1,0
BRDA:71,13,0,0
BRDA:71,13,1,0
BRDA:73,14,0,0
BRDA:73,14,1,0
BRDA:75,15,0,0
BRDA:75,15,1,0
BRDA:80,16,0,0
BRDA:80,16,1,0
BRDA:80,17,0,0
BRDA:80,17,1,0
BRDA:82,18,0,0
BRDA:82,18,1,0
BRDA:83,19,0,0
BRDA:83,19,1,0
BRDA:84,20,0,0
BRDA:84,20,1,0
BRDA:85,21,0,0
BRDA:85,21,1,0
BRDA:90,22,0,0
BRDA:90,22,1,0
BRDA:95,23,0,0
BRDA:95,23,1,0
BRDA:95,24,0,0
BRDA:95,24,1,0
BRDA:95,24,2,0
BRDA:95,24,3,0
BRDA:95,24,4,0
BRDA:99,25,0,0
BRDA:99,25,1,0
BRDA:99,26,0,0
BRDA:99,26,1,0
BRDA:99,26,2,0
BRDA:105,27,0,0
BRDA:105,27,1,0
BRDA:106,28,0,0
BRDA:106,28,1,0
BRDA:106,29,0,0
BRDA:106,29,1,0
BRDA:108,30,0,0
BRDA:108,30,1,0
BRDA:130,31,0,0
BRDA:130,31,1,0
BRDA:130,32,0,0
BRDA:130,32,1,0
BRDA:137,33,0,0
BRDA:137,33,1,0
BRDA:143,34,0,0
BRDA:143,34,1,0
BRDA:149,35,0,0
BRDA:149,35,1,0
BRDA:170,36,0,0
BRDA:170,36,1,0
BRDA:171,37,0,0
BRDA:171,37,1,0
BRDA:172,38,0,0
BRDA:172,38,1,0
BRDA:173,39,0,0
BRDA:173,39,1,0
BRDA:174,40,0,0
BRDA:174,40,1,0
BRF:86
BRH:0
end_of_record
