TN:
SF:src\categories.js
FNF:0
FNH:0
DA:1,2
LF:1
LH:1
BRF:0
BRH:0
end_of_record
TN:
SF:src\exerciseThemeHandler.js
FN:60,(anonymous_0)
FNF:1
FNH:1
FNDA:63,(anonymous_0)
DA:3,4
DA:25,4
DA:27,4
DA:35,4
DA:44,4
DA:51,4
DA:55,4
DA:60,63
LF:8
LH:8
BRF:0
BRH:0
end_of_record
TN:
SF:src\globalStyle.js
FN:5,(anonymous_0)
FNF:1
FNH:1
FNDA:41,(anonymous_0)
DA:3,2
DA:5,41
LF:2
LH:2
BRF:0
BRH:0
end_of_record
TN:
SF:src\index.js
FNF:0
FNH:0
DA:12,0
DA:13,0
DA:15,0
DA:23,0
LF:4
LH:0
BRF:0
BRH:0
end_of_record
TN:
SF:src\serviceWorker.js
FN:23,register
FN:34,(anonymous_1)
FN:43,(anonymous_2)
FN:57,registerValidSW
FN:60,(anonymous_4)
FN:61,(anonymous_5)
FN:66,(anonymous_6)
FN:96,(anonymous_7)
FN:101,checkValidServiceWorker
FN:104,(anonymous_9)
FN:112,(anonymous_10)
FN:113,(anonymous_11)
FN:122,(anonymous_12)
FN:129,unregister
FN:131,(anonymous_14)
FNF:15
FNH:0
FNDA:0,register
FNDA:0,(anonymous_1)
FNDA:0,(anonymous_2)
FNDA:0,registerValidSW
FNDA:0,(anonymous_4)
FNDA:0,(anonymous_5)
FNDA:0,(anonymous_6)
FNDA:0,(anonymous_7)
FNDA:0,checkValidServiceWorker
FNDA:0,(anonymous_9)
FNDA:0,(anonymous_10)
FNDA:0,(anonymous_11)
FNDA:0,(anonymous_12)
FNDA:0,unregister
FNDA:0,(anonymous_14)
DA:13,0
DA:24,0
DA:26,0
DA:27,0
DA:31,0
DA:34,0
DA:35,0
DA:37,0
DA:39,0
DA:43,0
DA:44,0
DA:51,0
DA:58,0
DA:61,0
DA:62,0
DA:63,0
DA:64,0
DA:66,0
DA:67,0
DA:68,0
DA:72,0
DA:78,0
DA:79,0
DA:85,0
DA:88,0
DA:89,0
DA:97,0
DA:103,0
DA:106,0
DA:107,0
DA:112,0
DA:113,0
DA:114,0
DA:119,0
DA:123,0
DA:130,0
DA:131,0
DA:132,0
LF:38
LH:0
BRDA:14,0,0,0
BRDA:14,0,1,0
BRDA:14,0,2,0
BRDA:24,1,0,0
BRDA:24,1,1,0
BRDA:24,2,0,0
BRDA:24,2,1,0
BRDA:27,3,0,0
BRDA:27,3,1,0
BRDA:37,4,0,0
BRDA:37,4,1,0
BRDA:63,5,0,0
BRDA:63,5,1,0
BRDA:67,6,0,0
BRDA:67,6,1,0
BRDA:68,7,0,0
BRDA:68,7,1,0
BRDA:78,8,0,0
BRDA:78,8,1,0
BRDA:78,9,0,0
BRDA:78,9,1,0
BRDA:88,10,0,0
BRDA:88,10,1,0
BRDA:88,11,0,0
BRDA:88,11,1,0
BRDA:107,12,0,0
BRDA:107,12,1,0
BRDA:108,13,0,0
BRDA:108,13,1,0
BRDA:108,13,2,0
BRDA:130,14,0,0
BRDA:130,14,1,0
BRF:32
BRH:0
end_of_record
TN:
SF:src\store.js
FNF:0
FNH:0
DA:23,2
LF:1
LH:1
BRDA:23,0,0,2
BRDA:23,0,1,2
BRF:2
BRH:2
end_of_record
TN:
SF:src\theme.js
FN:50,(anonymous_0)
FNF:1
FNH:0
FNDA:0,(anonymous_0)
DA:1,0
DA:8,0
DA:23,0
DA:50,0
LF:4
LH:0
BRDA:50,0,0,0
BRDA:50,0,1,0
BRF:2
BRH:0
end_of_record
TN:
SF:src\themeHandler.js
FN:27,(anonymous_0)
FNF:1
FNH:1
FNDA:76,(anonymous_0)
DA:3,4
DA:25,4
DA:27,76
LF:3
LH:3
BRF:0
BRH:0
end_of_record
TN:
SF:src\actions\administration.js
FN:24,(anonymous_0)
FN:25,(anonymous_1)
FN:27,(anonymous_2)
FN:27,(anonymous_3)
FN:43,(anonymous_4)
FN:44,(anonymous_5)
FN:46,(anonymous_6)
FN:46,(anonymous_7)
FN:63,(anonymous_8)
FN:64,(anonymous_9)
FN:66,(anonymous_10)
FN:66,(anonymous_11)
FN:83,(anonymous_12)
FN:84,(anonymous_13)
FN:86,(anonymous_14)
FN:86,(anonymous_15)
FN:98,updateUserId
FN:104,updateNewUsername
FN:110,updateNewPassword
FN:116,updateNewFirstName
FN:122,updateNewLastName
FN:128,updateUsername
FN:134,updatePassword
FN:140,updateFirstName
FN:146,updateLastName
FN:152,updateActive
FN:158,changePassword
FN:164,createNewUser
FN:170,cancelCreateNewUser
FNF:29
FNH:0
FNDA:0,(anonymous_0)
FNDA:0,(anonymous_1)
FNDA:0,(anonymous_2)
FNDA:0,(anonymous_3)
FNDA:0,(anonymous_4)
FNDA:0,(anonymous_5)
FNDA:0,(anonymous_6)
FNDA:0,(anonymous_7)
FNDA:0,(anonymous_8)
FNDA:0,(anonymous_9)
FNDA:0,(anonymous_10)
FNDA:0,(anonymous_11)
FNDA:0,(anonymous_12)
FNDA:0,(anonymous_13)
FNDA:0,(anonymous_14)
FNDA:0,(anonymous_15)
FNDA:0,updateUserId
FNDA:0,updateNewUsername
FNDA:0,updateNewPassword
FNDA:0,updateNewFirstName
FNDA:0,updateNewLastName
FNDA:0,updateUsername
FNDA:0,updatePassword
FNDA:0,updateFirstName
FNDA:0,updateLastName
FNDA:0,updateActive
FNDA:0,changePassword
FNDA:0,createNewUser
FNDA:0,cancelCreateNewUser
DA:3,2
DA:4,2
DA:6,2
DA:7,2
DA:8,2
DA:9,2
DA:11,2
DA:12,2
DA:13,2
DA:14,2
DA:15,2
DA:16,2
DA:17,2
DA:19,2
DA:20,2
DA:21,2
DA:23,2
DA:24,2
DA:25,2
DA:27,2
DA:28,0
DA:29,0
DA:30,0
DA:31,0
DA:32,0
DA:34,0
DA:38,2
DA:39,2
DA:40,2
DA:42,2
DA:43,2
DA:44,2
DA:46,2
DA:47,0
DA:48,0
DA:49,0
DA:50,0
DA:51,0
DA:53,0
DA:58,2
DA:59,2
DA:60,2
DA:62,2
DA:63,2
DA:64,2
DA:66,2
DA:67,0
DA:68,0
DA:69,0
DA:70,0
DA:71,0
DA:73,0
DA:78,2
DA:79,2
DA:80,2
DA:82,2
DA:83,2
DA:84,2
DA:86,2
DA:87,0
DA:88,0
DA:89,0
DA:90,0
DA:91,0
DA:93,0
DA:99,0
DA:105,0
DA:111,0
DA:117,0
DA:123,0
DA:129,0
DA:135,0
DA:141,0
DA:147,0
DA:153,0
DA:159,0
DA:165,0
DA:171,0
LF:78
LH:41
BRF:0
BRH:0
end_of_record
TN:
SF:src\actions\auth.js
FN:8,(anonymous_0)
FN:9,(anonymous_1)
FN:11,(anonymous_2)
FN:11,(anonymous_3)
FN:21,(anonymous_4)
FN:21,(anonymous_5)
FN:31,(anonymous_6)
FN:32,(anonymous_7)
FN:34,(anonymous_8)
FN:34,(anonymous_9)
FN:45,(anonymous_10)
FNF:11
FNH:0
FNDA:0,(anonymous_0)
FNDA:0,(anonymous_1)
FNDA:0,(anonymous_2)
FNDA:0,(anonymous_3)
FNDA:0,(anonymous_4)
FNDA:0,(anonymous_5)
FNDA:0,(anonymous_6)
FNDA:0,(anonymous_7)
FNDA:0,(anonymous_8)
FNDA:0,(anonymous_9)
FNDA:0,(anonymous_10)
DA:3,2
DA:4,2
DA:5,2
DA:7,2
DA:8,2
DA:9,2
DA:11,2
DA:12,0
DA:13,0
DA:14,0
DA:15,0
DA:17,0
DA:21,2
DA:23,0
DA:26,2
DA:27,2
DA:28,2
DA:30,2
DA:31,2
DA:32,2
DA:34,2
DA:35,0
DA:36,0
DA:37,0
DA:38,0
DA:40,0
DA:44,2
DA:45,2
LF:28
LH:17
BRDA:23,0,0,0
BRDA:23,0,1,0
BRF:2
BRH:0
end_of_record
TN:
SF:src\actions\error.js
FN:2,(anonymous_0)
FN:5,(anonymous_1)
FN:8,(anonymous_2)
FN:8,(anonymous_3)
FN:11,(anonymous_4)
FN:14,(anonymous_5)
FN:14,(anonymous_6)
FNF:7
FNH:0
FNDA:0,(anonymous_0)
FNDA:0,(anonymous_1)
FNDA:0,(anonymous_2)
FNDA:0,(anonymous_3)
FNDA:0,(anonymous_4)
FNDA:0,(anonymous_5)
FNDA:0,(anonymous_6)
DA:1,2
DA:2,2
DA:4,2
DA:5,2
DA:8,2
DA:9,0
DA:10,0
DA:11,0
DA:14,2
DA:15,0
DA:16,0
LF:11
LH:6
BRF:0
BRH:0
end_of_record
TN:
SF:src\actions\exerciseHistory.js
FN:15,addExercise
FN:21,addExerciseNumber
FN:27,setExercisePause
FN:33,updateCompleted
FN:39,updateTotal
FN:45,setModalOpen
FN:51,setRange
FN:57,updateTimeLeft
FN:63,updateTime
FN:69,setInProgress
FN:75,setIsCompleted
FN:81,addQueryResult
FN:87,clearQueryResults
FNF:13
FNH:0
FNDA:0,addExercise
FNDA:0,addExerciseNumber
FNDA:0,setExercisePause
FNDA:0,updateCompleted
FNDA:0,updateTotal
FNDA:0,setModalOpen
FNDA:0,setRange
FNDA:0,updateTimeLeft
FNDA:0,updateTime
FNDA:0,setInProgress
FNDA:0,setIsCompleted
FNDA:0,addQueryResult
FNDA:0,clearQueryResults
DA:1,4
DA:2,4
DA:3,4
DA:4,4
DA:5,4
DA:6,4
DA:7,4
DA:8,4
DA:9,4
DA:10,4
DA:11,4
DA:12,4
DA:13,4
DA:16,0
DA:22,0
DA:28,0
DA:34,0
DA:40,0
DA:46,0
DA:52,0
DA:58,0
DA:64,0
DA:70,0
DA:76,0
DA:82,0
DA:88,0
LF:26
LH:13
BRF:0
BRH:0
end_of_record
TN:
SF:src\actions\formData.js
FN:32,setChanged
FN:38,loadSetting1FormData
FN:44,addSetting1FormData
FN:50,deleteSetting1FormData
FN:56,loadSetting2FormData
FN:63,addSetting2FormData
FN:69,deleteSetting2FormData
FN:75,loadSetting3FormData
FN:81,addSetting3FormData
FN:87,deleteSetting3FormData
FN:93,loadSetting4FormData
FN:99,addSetting4FormData
FN:105,deleteSetting4FormData
FN:111,loadSetting5FormData
FN:117,addSetting5FormData
FN:123,deleteSetting5FormData
FN:129,loadSetting6FormData
FN:135,addSetting6FormData
FN:141,deleteSetting6FormData
FN:147,loadCombinedData
FN:153,mutateCombinedData
FN:159,resetFormData
FNF:22
FNH:0
FNDA:0,setChanged
FNDA:0,loadSetting1FormData
FNDA:0,addSetting1FormData
FNDA:0,deleteSetting1FormData
FNDA:0,loadSetting2FormData
FNDA:0,addSetting2FormData
FNDA:0,deleteSetting2FormData
FNDA:0,loadSetting3FormData
FNDA:0,addSetting3FormData
FNDA:0,deleteSetting3FormData
FNDA:0,loadSetting4FormData
FNDA:0,addSetting4FormData
FNDA:0,deleteSetting4FormData
FNDA:0,loadSetting5FormData
FNDA:0,addSetting5FormData
FNDA:0,deleteSetting5FormData
FNDA:0,loadSetting6FormData
FNDA:0,addSetting6FormData
FNDA:0,deleteSetting6FormData
FNDA:0,loadCombinedData
FNDA:0,mutateCombinedData
FNDA:0,resetFormData
DA:1,2
DA:2,2
DA:3,2
DA:5,2
DA:6,2
DA:7,2
DA:9,2
DA:10,2
DA:11,2
DA:13,2
DA:14,2
DA:15,2
DA:17,2
DA:18,2
DA:19,2
DA:21,2
DA:22,2
DA:23,2
DA:25,2
DA:26,2
DA:27,2
DA:29,2
DA:33,0
DA:39,0
DA:45,0
DA:51,0
DA:57,0
DA:64,0
DA:70,0
DA:76,0
DA:82,0
DA:88,0
DA:94,0
DA:100,0
DA:106,0
DA:112,0
DA:118,0
DA:124,0
DA:130,0
DA:136,0
DA:142,0
DA:148,0
DA:154,0
DA:160,0
LF:44
LH:22
BRF:0
BRH:0
end_of_record
TN:
SF:src\actions\interaction.js
FN:8,(anonymous_0)
FN:9,(anonymous_1)
FN:11,(anonymous_2)
FN:11,(anonymous_3)
FN:29,(anonymous_4)
FN:30,(anonymous_5)
FN:32,(anonymous_6)
FN:32,(anonymous_7)
FN:49,(anonymous_8)
FN:50,(anonymous_9)
FN:52,(anonymous_10)
FN:52,(anonymous_11)
FN:69,(anonymous_12)
FN:70,(anonymous_13)
FN:72,(anonymous_14)
FN:72,(anonymous_15)
FNF:16
FNH:0
FNDA:0,(anonymous_0)
FNDA:0,(anonymous_1)
FNDA:0,(anonymous_2)
FNDA:0,(anonymous_3)
FNDA:0,(anonymous_4)
FNDA:0,(anonymous_5)
FNDA:0,(anonymous_6)
FNDA:0,(anonymous_7)
FNDA:0,(anonymous_8)
FNDA:0,(anonymous_9)
FNDA:0,(anonymous_10)
FNDA:0,(anonymous_11)
FNDA:0,(anonymous_12)
FNDA:0,(anonymous_13)
FNDA:0,(anonymous_14)
FNDA:0,(anonymous_15)
DA:3,2
DA:4,2
DA:5,2
DA:7,2
DA:8,2
DA:9,2
DA:11,2
DA:12,0
DA:13,0
DA:14,0
DA:15,0
DA:16,0
DA:18,0
DA:24,2
DA:25,2
DA:26,2
DA:28,2
DA:29,2
DA:30,2
DA:32,2
DA:33,0
DA:34,0
DA:35,0
DA:36,0
DA:37,0
DA:39,0
DA:44,2
DA:45,2
DA:46,2
DA:48,2
DA:49,2
DA:50,2
DA:52,2
DA:53,0
DA:54,0
DA:55,0
DA:56,0
DA:57,0
DA:59,0
DA:64,2
DA:65,2
DA:66,2
DA:68,2
DA:69,2
DA:70,2
DA:72,2
DA:73,0
DA:74,0
DA:75,0
DA:76,0
DA:78,0
DA:79,0
LF:52
LH:28
BRF:0
BRH:0
end_of_record
TN:
SF:src\actions\interactions.js
FN:9,(anonymous_0)
FN:10,(anonymous_1)
FN:12,(anonymous_2)
FN:12,(anonymous_3)
FN:27,(anonymous_4)
FN:28,(anonymous_5)
FN:30,(anonymous_6)
FN:30,(anonymous_7)
FNF:8
FNH:0
FNDA:0,(anonymous_0)
FNDA:0,(anonymous_1)
FNDA:0,(anonymous_2)
FNDA:0,(anonymous_3)
FNDA:0,(anonymous_4)
FNDA:0,(anonymous_5)
FNDA:0,(anonymous_6)
FNDA:0,(anonymous_7)
DA:3,0
DA:4,0
DA:5,0
DA:8,0
DA:9,0
DA:10,0
DA:12,0
DA:13,0
DA:14,0
DA:15,0
DA:16,0
DA:18,0
DA:22,0
DA:23,0
DA:24,0
DA:26,0
DA:27,0
DA:28,0
DA:30,0
DA:31,0
DA:32,0
DA:33,0
DA:34,0
DA:35,0
DA:37,0
LF:25
LH:0
BRF:0
BRH:0
end_of_record
TN:
SF:src\actions\modeSelect.js
FN:4,(anonymous_0)
FN:5,(anonymous_1)
FNF:2
FNH:0
FNDA:0,(anonymous_0)
FNDA:0,(anonymous_1)
DA:1,2
DA:2,2
DA:4,2
DA:5,2
LF:4
LH:4
BRF:0
BRH:0
end_of_record
TN:
SF:src\actions\posts.js
FN:18,(anonymous_0)
FN:19,(anonymous_1)
FN:21,(anonymous_2)
FN:21,(anonymous_3)
FN:36,(anonymous_4)
FN:37,(anonymous_5)
FN:39,(anonymous_6)
FN:39,(anonymous_7)
FN:49,(anonymous_8)
FN:49,(anonymous_9)
FN:64,(anonymous_10)
FN:65,(anonymous_11)
FN:67,(anonymous_12)
FN:67,(anonymous_13)
FN:82,(anonymous_14)
FN:83,(anonymous_15)
FN:85,(anonymous_16)
FN:85,(anonymous_17)
FN:101,(anonymous_18)
FN:102,(anonymous_19)
FN:104,(anonymous_20)
FN:104,(anonymous_21)
FN:121,(anonymous_22)
FN:122,(anonymous_23)
FN:124,(anonymous_24)
FN:124,(anonymous_25)
FN:141,(anonymous_26)
FN:142,(anonymous_27)
FN:144,(anonymous_28)
FN:144,(anonymous_29)
FN:161,(anonymous_30)
FN:162,(anonymous_31)
FN:164,(anonymous_32)
FN:164,(anonymous_33)
FNF:34
FNH:0
FNDA:0,(anonymous_0)
FNDA:0,(anonymous_1)
FNDA:0,(anonymous_2)
FNDA:0,(anonymous_3)
FNDA:0,(anonymous_4)
FNDA:0,(anonymous_5)
FNDA:0,(anonymous_6)
FNDA:0,(anonymous_7)
FNDA:0,(anonymous_8)
FNDA:0,(anonymous_9)
FNDA:0,(anonymous_10)
FNDA:0,(anonymous_11)
FNDA:0,(anonymous_12)
FNDA:0,(anonymous_13)
FNDA:0,(anonymous_14)
FNDA:0,(anonymous_15)
FNDA:0,(anonymous_16)
FNDA:0,(anonymous_17)
FNDA:0,(anonymous_18)
FNDA:0,(anonymous_19)
FNDA:0,(anonymous_20)
FNDA:0,(anonymous_21)
FNDA:0,(anonymous_22)
FNDA:0,(anonymous_23)
FNDA:0,(anonymous_24)
FNDA:0,(anonymous_25)
FNDA:0,(anonymous_26)
FNDA:0,(anonymous_27)
FNDA:0,(anonymous_28)
FNDA:0,(anonymous_29)
FNDA:0,(anonymous_30)
FNDA:0,(anonymous_31)
FNDA:0,(anonymous_32)
FNDA:0,(anonymous_33)
DA:13,4
DA:14,4
DA:15,4
DA:17,4
DA:18,4
DA:19,4
DA:21,4
DA:22,0
DA:23,0
DA:24,0
DA:25,0
DA:27,0
DA:31,4
DA:32,4
DA:33,4
DA:35,4
DA:36,4
DA:37,4
DA:39,4
DA:40,0
DA:41,0
DA:42,0
DA:43,0
DA:45,0
DA:49,4
DA:50,0
DA:51,0
DA:52,0
DA:53,0
DA:55,0
DA:59,4
DA:60,4
DA:61,4
DA:63,4
DA:64,4
DA:65,4
DA:67,4
DA:68,0
DA:69,0
DA:70,0
DA:71,0
DA:73,0
DA:77,4
DA:78,4
DA:79,4
DA:81,4
DA:82,4
DA:83,4
DA:85,4
DA:86,0
DA:87,0
DA:88,0
DA:89,0
DA:90,0
DA:92,0
DA:96,4
DA:97,4
DA:98,4
DA:100,4
DA:101,4
DA:102,4
DA:104,4
DA:105,0
DA:106,0
DA:107,0
DA:108,0
DA:109,0
DA:110,0
DA:112,0
DA:116,4
DA:117,4
DA:118,4
DA:120,4
DA:121,4
DA:122,4
DA:124,4
DA:125,0
DA:126,0
DA:127,0
DA:128,0
DA:129,0
DA:130,0
DA:132,0
DA:136,4
DA:137,4
DA:138,4
DA:140,4
DA:141,4
DA:142,4
DA:144,4
DA:145,0
DA:146,0
DA:147,0
DA:148,0
DA:149,0
DA:150,0
DA:152,0
DA:156,4
DA:157,4
DA:158,4
DA:160,4
DA:161,4
DA:162,4
DA:164,4
DA:165,0
DA:166,0
DA:167,0
DA:168,0
DA:169,0
DA:171,0
LF:110
LH:57
BRDA:21,0,0,0
BRDA:49,1,0,0
BRF:2
BRH:0
end_of_record
TN:
SF:src\actions\routineBuilder.js
FN:32,(anonymous_0)
FN:33,(anonymous_1)
FN:35,(anonymous_2)
FN:35,(anonymous_3)
FN:51,(anonymous_4)
FN:52,(anonymous_5)
FN:54,(anonymous_6)
FN:54,(anonymous_7)
FN:70,(anonymous_8)
FN:71,(anonymous_9)
FN:73,(anonymous_10)
FN:73,(anonymous_11)
FN:89,(anonymous_12)
FN:90,(anonymous_13)
FN:92,(anonymous_14)
FN:92,(anonymous_15)
FN:108,(anonymous_16)
FN:109,(anonymous_17)
FN:111,(anonymous_18)
FN:111,(anonymous_19)
FN:122,updateUserId
FN:128,resetRoutineBuilder
FN:134,resetStepList
FN:140,resetForm
FN:146,updateName
FN:152,updateDescription
FN:158,updateId
FN:164,updateIndex
FN:170,insertStep
FN:176,removeStep
FN:182,updateStep
FN:188,updateVowels
FN:194,updateConsonants
FN:200,addConsonant
FN:206,removeConsonant
FN:212,updateMode
FN:218,updateRangeVal
FN:224,updateRepetitions
FN:230,updateSyllables
FN:236,updatePosition
FN:242,updateGradeLevel
FN:248,updateIntermissionText
FN:254,updateIsIntermission
FNF:43
FNH:0
FNDA:0,(anonymous_0)
FNDA:0,(anonymous_1)
FNDA:0,(anonymous_2)
FNDA:0,(anonymous_3)
FNDA:0,(anonymous_4)
FNDA:0,(anonymous_5)
FNDA:0,(anonymous_6)
FNDA:0,(anonymous_7)
FNDA:0,(anonymous_8)
FNDA:0,(anonymous_9)
FNDA:0,(anonymous_10)
FNDA:0,(anonymous_11)
FNDA:0,(anonymous_12)
FNDA:0,(anonymous_13)
FNDA:0,(anonymous_14)
FNDA:0,(anonymous_15)
FNDA:0,(anonymous_16)
FNDA:0,(anonymous_17)
FNDA:0,(anonymous_18)
FNDA:0,(anonymous_19)
FNDA:0,updateUserId
FNDA:0,resetRoutineBuilder
FNDA:0,resetStepList
FNDA:0,resetForm
FNDA:0,updateName
FNDA:0,updateDescription
FNDA:0,updateId
FNDA:0,updateIndex
FNDA:0,insertStep
FNDA:0,removeStep
FNDA:0,updateStep
FNDA:0,updateVowels
FNDA:0,updateConsonants
FNDA:0,addConsonant
FNDA:0,removeConsonant
FNDA:0,updateMode
FNDA:0,updateRangeVal
FNDA:0,updateRepetitions
FNDA:0,updateSyllables
FNDA:0,updatePosition
FNDA:0,updateGradeLevel
FNDA:0,updateIntermissionText
FNDA:0,updateIsIntermission
DA:3,2
DA:4,2
DA:5,2
DA:6,2
DA:7,2
DA:8,2
DA:9,2
DA:10,2
DA:11,2
DA:12,2
DA:13,2
DA:14,2
DA:15,2
DA:16,2
DA:17,2
DA:18,2
DA:19,2
DA:20,2
DA:21,2
DA:22,2
DA:23,2
DA:24,2
DA:25,2
DA:27,2
DA:28,2
DA:29,2
DA:31,2
DA:32,2
DA:33,2
DA:35,2
DA:36,0
DA:37,0
DA:38,0
DA:39,0
DA:40,0
DA:42,0
DA:46,2
DA:47,2
DA:48,2
DA:50,2
DA:51,2
DA:52,2
DA:54,2
DA:55,0
DA:56,0
DA:57,0
DA:58,0
DA:59,0
DA:61,0
DA:65,2
DA:66,2
DA:67,2
DA:69,2
DA:70,2
DA:71,2
DA:73,2
DA:74,0
DA:75,0
DA:76,0
DA:77,0
DA:78,0
DA:80,0
DA:84,2
DA:85,2
DA:86,2
DA:88,2
DA:89,2
DA:90,2
DA:92,2
DA:93,0
DA:94,0
DA:95,0
DA:96,0
DA:97,0
DA:99,0
DA:103,2
DA:104,2
DA:105,2
DA:107,2
DA:108,2
DA:109,2
DA:111,2
DA:112,0
DA:113,0
DA:114,0
DA:115,0
DA:116,0
DA:118,0
DA:123,0
DA:129,0
DA:135,0
DA:141,0
DA:147,0
DA:153,0
DA:159,0
DA:165,0
DA:171,0
DA:177,0
DA:183,0
DA:189,0
DA:195,0
DA:201,0
DA:207,0
DA:213,0
DA:219,0
DA:225,0
DA:231,0
DA:237,0
DA:243,0
DA:249,0
DA:255,0
LF:111
LH:58
BRF:0
BRH:0
end_of_record
TN:
SF:src\actions\routineSelect.js
FN:14,(anonymous_0)
FN:15,(anonymous_1)
FN:17,(anonymous_2)
FN:17,(anonymous_3)
FN:33,resetRoutineSelect
FN:39,updateId
FN:45,updateName
FN:51,updateDescription
FN:57,updateActiveRoutine
FNF:9
FNH:0
FNDA:0,(anonymous_0)
FNDA:0,(anonymous_1)
FNDA:0,(anonymous_2)
FNDA:0,(anonymous_3)
FNDA:0,resetRoutineSelect
FNDA:0,updateId
FNDA:0,updateName
FNDA:0,updateDescription
FNDA:0,updateActiveRoutine
DA:3,4
DA:4,4
DA:5,4
DA:7,4
DA:8,4
DA:9,4
DA:10,4
DA:11,4
DA:13,4
DA:14,4
DA:15,4
DA:17,4
DA:18,0
DA:19,0
DA:20,0
DA:21,0
DA:22,0
DA:23,0
DA:25,0
DA:26,0
DA:29,0
DA:34,0
DA:40,0
DA:46,0
DA:52,0
DA:58,0
LF:26
LH:12
BRDA:20,0,0,0
BRDA:20,0,1,0
BRF:2
BRH:0
end_of_record
TN:
SF:src\actions\theme.js
FN:2,(anonymous_0)
FNF:1
FNH:0
FNDA:0,(anonymous_0)
DA:1,2
DA:2,2
LF:2
LH:2
BRF:0
BRH:0
end_of_record
TN:
SF:src\actions\viewHistory.js
FN:12,(anonymous_0)
FN:13,(anonymous_1)
FN:15,(anonymous_2)
FN:15,(anonymous_3)
FN:26,updateStartDate
FN:32,updateEndDate
FN:38,updateFilter
FNF:7
FNH:0
FNDA:0,(anonymous_0)
FNDA:0,(anonymous_1)
FNDA:0,(anonymous_2)
FNDA:0,(anonymous_3)
FNDA:0,updateStartDate
FNDA:0,updateEndDate
FNDA:0,updateFilter
DA:3,2
DA:4,2
DA:5,2
DA:7,2
DA:8,2
DA:9,2
DA:11,2
DA:12,2
DA:13,2
DA:15,2
DA:16,0
DA:17,0
DA:18,0
DA:19,0
DA:20,0
DA:22,0
DA:27,0
DA:33,0
DA:39,0
LF:19
LH:10
BRF:0
BRH:0
end_of_record
TN:
SF:src\actions\word.js
FN:20,buildGraphQL
FN:36,resetWordCard
FN:42,addVowel
FN:48,addRoutineVowel
FN:54,addWord
FN:60,removeVowel
FN:66,removeWord
FN:72,addConsonant
FN:78,removeConsonant
FN:84,addSyllables
FN:90,setPosition
FN:96,setAge
FN:102,setLimit
FN:108,setMode
FN:114,setIntermissionText
FNF:15
FNH:0
FNDA:0,buildGraphQL
FNDA:0,resetWordCard
FNDA:0,addVowel
FNDA:0,addRoutineVowel
FNDA:0,addWord
FNDA:0,removeVowel
FNDA:0,removeWord
FNDA:0,addConsonant
FNDA:0,removeConsonant
FNDA:0,addSyllables
FNDA:0,setPosition
FNDA:0,setAge
FNDA:0,setLimit
FNDA:0,setMode
FNDA:0,setIntermissionText
DA:3,4
DA:4,4
DA:5,4
DA:6,4
DA:7,4
DA:8,4
DA:9,4
DA:10,4
DA:11,4
DA:12,4
DA:13,4
DA:14,4
DA:15,4
DA:16,4
DA:18,4
DA:22,0
DA:23,0
DA:28,0
DA:37,0
DA:43,0
DA:49,0
DA:55,0
DA:61,0
DA:67,0
DA:73,0
DA:79,0
DA:85,0
DA:91,0
DA:97,0
DA:103,0
DA:109,0
DA:115,0
LF:32
LH:15
BRF:0
BRH:0
end_of_record
TN:
SF:src\components\Administration\Component.js
FN:33,(anonymous_0)
FN:45,(anonymous_1)
FN:49,(anonymous_2)
FN:53,(anonymous_3)
FN:57,(anonymous_4)
FN:76,(anonymous_5)
FN:80,(anonymous_6)
FN:94,(anonymous_7)
FN:100,(anonymous_8)
FN:111,(anonymous_9)
FN:136,(anonymous_10)
FN:139,(anonymous_11)
FN:145,(anonymous_12)
FN:149,(anonymous_13)
FN:153,(anonymous_14)
FN:157,(anonymous_15)
FN:161,(anonymous_16)
FN:444,(anonymous_17)
FN:447,(anonymous_18)
FNF:19
FNH:0
FNDA:0,(anonymous_0)
FNDA:0,(anonymous_1)
FNDA:0,(anonymous_2)
FNDA:0,(anonymous_3)
FNDA:0,(anonymous_4)
FNDA:0,(anonymous_5)
FNDA:0,(anonymous_6)
FNDA:0,(anonymous_7)
FNDA:0,(anonymous_8)
FNDA:0,(anonymous_9)
FNDA:0,(anonymous_10)
FNDA:0,(anonymous_11)
FNDA:0,(anonymous_12)
FNDA:0,(anonymous_13)
FNDA:0,(anonymous_14)
FNDA:0,(anonymous_15)
FNDA:0,(anonymous_16)
FNDA:0,(anonymous_17)
FNDA:0,(anonymous_18)
DA:34,0
DA:36,0
DA:37,0
DA:38,0
DA:40,0
DA:41,0
DA:50,0
DA:54,0
DA:60,0
DA:68,0
DA:69,0
DA:72,0
DA:77,0
DA:82,0
DA:90,0
DA:96,0
DA:101,0
DA:102,0
DA:105,0
DA:112,0
DA:114,0
DA:116,0
DA:117,0
DA:124,0
DA:127,0
DA:128,0
DA:133,0
DA:137,0
DA:139,0
DA:140,0
DA:142,0
DA:146,0
DA:150,0
DA:154,0
DA:158,0
DA:163,0
DA:164,0
DA:165,0
DA:168,0
DA:169,0
DA:170,0
DA:172,0
DA:173,0
DA:175,0
DA:176,0
DA:177,0
DA:178,0
DA:180,0
DA:181,0
DA:182,0
DA:183,0
DA:184,0
DA:186,0
DA:189,0
DA:198,0
DA:206,0
DA:214,0
DA:221,0
DA:222,0
DA:223,0
DA:226,0
DA:227,0
DA:230,0
DA:231,0
DA:234,0
DA:235,0
DA:236,0
DA:239,0
DA:442,2
DA:444,2
DA:445,0
DA:447,0
DA:448,0
DA:449,0
DA:453,0
DA:454,0
DA:457,0
LF:77
LH:2
BRDA:68,0,0,0
BRDA:68,0,1,0
BRDA:102,1,0,0
BRDA:102,1,1,0
BRDA:114,2,0,0
BRDA:114,2,1,0
BRDA:127,3,0,0
BRDA:127,3,1,0
BRDA:127,4,0,0
BRDA:127,4,1,0
BRDA:127,4,2,0
BRDA:140,5,0,0
BRDA:140,5,1,0
BRDA:221,6,0,0
BRDA:221,6,1,0
BRDA:226,7,0,0
BRDA:226,7,1,0
BRDA:230,8,0,0
BRDA:230,8,1,0
BRDA:234,9,0,0
BRDA:234,9,1,0
BRDA:243,10,0,0
BRDA:243,10,1,0
BRDA:292,11,0,0
BRDA:292,11,1,0
BRDA:357,12,0,0
BRDA:357,12,1,0
BRDA:357,13,0,0
BRDA:357,13,1,0
BRDA:382,14,0,0
BRDA:382,14,1,0
BRDA:382,15,0,0
BRDA:382,15,1,0
BRDA:408,16,0,0
BRDA:408,16,1,0
BRDA:448,17,0,0
BRDA:448,17,1,0
BRDA:453,18,0,0
BRDA:453,18,1,0
BRF:39
BRH:0
end_of_record
TN:
SF:src\components\Administration\Container.js
FN:9,(anonymous_0)
FNF:1
FNH:0
FNDA:0,(anonymous_0)
DA:9,2
DA:26,2
DA:28,2
DA:36,2
LF:4
LH:4
BRF:0
BRH:0
end_of_record
TN:
SF:src\components\Administration\elements\CancelButton.js
FN:6,(anonymous_0)
FN:16,CancelButton
FN:21,(anonymous_2)
FNF:3
FNH:0
FNDA:0,(anonymous_0)
FNDA:0,CancelButton
FNDA:0,(anonymous_2)
DA:6,2
DA:17,0
DA:19,0
DA:21,0
LF:4
LH:1
BRF:0
BRH:0
end_of_record
TN:
SF:src\components\Administration\elements\ChangePassword.js
FN:6,(anonymous_0)
FN:16,ChangePasswordButton
FN:21,(anonymous_2)
FNF:3
FNH:0
FNDA:0,(anonymous_0)
FNDA:0,ChangePasswordButton
FNDA:0,(anonymous_2)
DA:6,2
DA:17,0
DA:19,0
DA:21,0
LF:4
LH:1
BRF:0
BRH:0
end_of_record
TN:
SF:src\components\Administration\elements\CreateButton.js
FN:7,(anonymous_0)
FN:16,CreateButton
FN:19,(anonymous_2)
FNF:3
FNH:0
FNDA:0,(anonymous_0)
FNDA:0,CreateButton
FNDA:0,(anonymous_2)
DA:7,2
DA:17,0
DA:19,0
DA:21,0
DA:25,0
LF:5
LH:1
BRF:0
BRH:0
end_of_record
TN:
SF:src\components\Administration\elements\EditFirstName.js
FN:9,(anonymous_0)
FN:29,(anonymous_1)
FN:64,EditFirstName
FN:68,(anonymous_3)
FN:68,(anonymous_4)
FNF:5
FNH:0
FNDA:0,(anonymous_0)
FNDA:0,(anonymous_1)
FNDA:0,EditFirstName
FNDA:0,(anonymous_3)
FNDA:0,(anonymous_4)
DA:9,2
DA:29,2
DA:65,0
DA:66,0
DA:68,0
DA:69,0
DA:70,0
DA:73,0
LF:8
LH:2
BRDA:75,0,0,0
BRDA:75,0,1,0
BRF:2
BRH:0
end_of_record
TN:
SF:src\components\Administration\elements\EditLastName.js
FN:9,(anonymous_0)
FN:29,(anonymous_1)
FN:64,EditLastName
FN:68,(anonymous_3)
FN:68,(anonymous_4)
FNF:5
FNH:0
FNDA:0,(anonymous_0)
FNDA:0,(anonymous_1)
FNDA:0,EditLastName
FNDA:0,(anonymous_3)
FNDA:0,(anonymous_4)
DA:9,2
DA:29,2
DA:65,0
DA:66,0
DA:68,0
DA:69,0
DA:70,0
DA:73,0
LF:8
LH:2
BRDA:75,0,0,0
BRDA:75,0,1,0
BRF:2
BRH:0
end_of_record
TN:
SF:src\components\Administration\elements\EditPassword.js
FN:9,(anonymous_0)
FN:29,(anonymous_1)
FN:64,EditPassword
FN:68,(anonymous_3)
FN:68,(anonymous_4)
FNF:5
FNH:0
FNDA:0,(anonymous_0)
FNDA:0,(anonymous_1)
FNDA:0,EditPassword
FNDA:0,(anonymous_3)
FNDA:0,(anonymous_4)
DA:9,2
DA:29,2
DA:65,0
DA:66,0
DA:68,0
DA:69,0
DA:70,0
DA:73,0
LF:8
LH:2
BRDA:75,0,0,0
BRDA:75,0,1,0
BRF:2
BRH:0
end_of_record
TN:
SF:src\components\Administration\elements\EditUsername.js
FN:8,(anonymous_0)
FN:28,(anonymous_1)
FN:63,EditUsername
FN:67,(anonymous_3)
FN:67,(anonymous_4)
FNF:5
FNH:0
FNDA:0,(anonymous_0)
FNDA:0,(anonymous_1)
FNDA:0,EditUsername
FNDA:0,(anonymous_3)
FNDA:0,(anonymous_4)
DA:8,2
DA:28,2
DA:64,0
DA:65,0
DA:67,0
DA:68,0
DA:69,0
DA:72,0
LF:8
LH:2
BRF:0
BRH:0
end_of_record
TN:
SF:src\components\Administration\elements\NewFirstName.js
FN:9,(anonymous_0)
FN:29,(anonymous_1)
FN:64,NewFirstName
FN:68,(anonymous_3)
FN:68,(anonymous_4)
FNF:5
FNH:0
FNDA:0,(anonymous_0)
FNDA:0,(anonymous_1)
FNDA:0,NewFirstName
FNDA:0,(anonymous_3)
FNDA:0,(anonymous_4)
DA:9,2
DA:29,2
DA:65,0
DA:66,0
DA:68,0
DA:69,0
DA:70,0
DA:73,0
LF:8
LH:2
BRDA:75,0,0,0
BRDA:75,0,1,0
BRF:2
BRH:0
end_of_record
TN:
SF:src\components\Administration\elements\NewLastName.js
FN:9,(anonymous_0)
FN:29,(anonymous_1)
FN:64,NewLastName
FN:68,(anonymous_3)
FN:68,(anonymous_4)
FNF:5
FNH:0
FNDA:0,(anonymous_0)
FNDA:0,(anonymous_1)
FNDA:0,NewLastName
FNDA:0,(anonymous_3)
FNDA:0,(anonymous_4)
DA:9,2
DA:29,2
DA:65,0
DA:66,0
DA:68,0
DA:69,0
DA:70,0
DA:73,0
LF:8
LH:2
BRDA:75,0,0,0
BRDA:75,0,1,0
BRF:2
BRH:0
end_of_record
TN:
SF:src\components\Administration\elements\NewPassword.js
FN:9,(anonymous_0)
FN:29,(anonymous_1)
FN:64,NewPassword
FN:68,(anonymous_3)
FN:68,(anonymous_4)
FNF:5
FNH:0
FNDA:0,(anonymous_0)
FNDA:0,(anonymous_1)
FNDA:0,NewPassword
FNDA:0,(anonymous_3)
FNDA:0,(anonymous_4)
DA:9,2
DA:29,2
DA:65,0
DA:66,0
DA:68,0
DA:69,0
DA:70,0
DA:73,0
LF:8
LH:2
BRDA:75,0,0,0
BRDA:75,0,1,0
BRF:2
BRH:0
end_of_record
TN:
SF:src\components\Administration\elements\NewUsername.js
FN:9,(anonymous_0)
FN:29,(anonymous_1)
FN:64,NewUsername
FN:68,(anonymous_3)
FN:68,(anonymous_4)
FNF:5
FNH:0
FNDA:0,(anonymous_0)
FNDA:0,(anonymous_1)
FNDA:0,NewUsername
FNDA:0,(anonymous_3)
FNDA:0,(anonymous_4)
DA:9,2
DA:29,2
DA:65,0
DA:66,0
DA:68,0
DA:69,0
DA:70,0
DA:73,0
LF:8
LH:2
BRDA:75,0,0,0
BRDA:75,0,1,0
BRF:2
BRH:0
end_of_record
TN:
SF:src\components\Administration\elements\SaveButton.js
FN:6,(anonymous_0)
FN:16,SaveButton
FN:21,(anonymous_2)
FNF:3
FNH:0
FNDA:0,(anonymous_0)
FNDA:0,SaveButton
FNDA:0,(anonymous_2)
DA:6,2
DA:17,0
DA:19,0
DA:21,0
LF:4
LH:1
BRF:0
BRH:0
end_of_record
TN:
SF:src\components\Administration\elements\UserSelect.js
FN:10,(anonymous_0)
FN:39,(anonymous_1)
FN:44,(anonymous_2)
FN:49,UserSelectAdmin
FN:52,(anonymous_4)
FN:53,(anonymous_5)
FN:87,(anonymous_6)
FN:91,(anonymous_7)
FNF:8
FNH:0
FNDA:0,(anonymous_0)
FNDA:0,(anonymous_1)
FNDA:0,(anonymous_2)
FNDA:0,UserSelectAdmin
FNDA:0,(anonymous_4)
FNDA:0,(anonymous_5)
FNDA:0,(anonymous_6)
FNDA:0,(anonymous_7)
DA:10,2
DA:39,2
DA:44,2
DA:50,0
DA:52,0
DA:53,0
DA:58,0
DA:62,0
DA:63,0
DA:65,0
DA:66,0
DA:67,0
DA:69,0
DA:73,0
DA:88,0
DA:92,0
LF:16
LH:3
BRDA:66,0,0,0
BRDA:66,0,1,0
BRF:2
BRH:0
end_of_record
TN:
SF:src\components\Administration\elements\UserStatus.js
FN:8,(anonymous_0)
FN:14,UserStatus
FN:17,(anonymous_2)
FN:17,(anonymous_3)
FNF:4
FNH:0
FNDA:0,(anonymous_0)
FNDA:0,UserStatus
FNDA:0,(anonymous_2)
FNDA:0,(anonymous_3)
DA:8,2
DA:15,0
DA:17,0
DA:18,0
DA:19,0
DA:22,0
DA:24,0
LF:7
LH:1
BRF:0
BRH:0
end_of_record
TN:
SF:src\components\App\Component.js
FN:34,(anonymous_0)
FN:67,(anonymous_1)
FN:90,(anonymous_2)
FN:121,(anonymous_3)
FN:129,(anonymous_4)
FN:137,(anonymous_5)
FN:145,(anonymous_6)
FNF:7
FNH:6
FNDA:42,(anonymous_0)
FNDA:0,(anonymous_1)
FNDA:1,(anonymous_2)
FNDA:41,(anonymous_3)
FNDA:123,(anonymous_4)
FNDA:123,(anonymous_5)
FNDA:123,(anonymous_6)
DA:34,2
DA:36,42
DA:38,41
DA:40,41
DA:42,0
DA:43,0
DA:45,0
DA:47,0
DA:51,41
DA:53,164
DA:55,40
DA:56,40
DA:57,40
DA:63,41
DA:67,41
DA:68,0
DA:76,41
DA:90,41
DA:91,1
DA:94,41
DA:122,41
DA:130,123
DA:138,123
DA:146,123
LF:24
LH:19
BRDA:40,0,0,0
BRDA:40,0,1,41
BRDA:40,1,0,41
BRDA:40,1,1,41
BRDA:53,2,0,40
BRDA:53,2,1,124
BRDA:55,3,0,40
BRDA:55,3,1,0
BRDA:55,4,0,40
BRDA:55,4,1,40
BRDA:64,5,0,41
BRDA:64,5,1,0
BRDA:71,6,0,0
BRDA:71,6,1,0
BRF:14
BRH:9
end_of_record
TN:
SF:src\components\App\Container.js
FN:7,(anonymous_0)
FNF:1
FNH:0
FNDA:0,(anonymous_0)
DA:7,0
DA:9,0
DA:11,0
DA:19,0
LF:4
LH:0
BRF:0
BRH:0
end_of_record
TN:
SF:src\components\App\myGa.js
FN:3,(anonymous_0)
FNF:1
FNH:1
FNDA:1,(anonymous_0)
DA:3,2
DA:4,1
DA:5,1
DA:6,1
DA:8,1
LF:5
LH:5
BRF:0
BRH:0
end_of_record
TN:
SF:src\components\AppBar\Component.js
FN:25,(anonymous_0)
FN:30,(anonymous_1)
FN:34,(anonymous_2)
FN:38,(anonymous_3)
FN:42,(anonymous_4)
FN:46,MenuAppBar
FN:61,(anonymous_6)
FN:61,(anonymous_7)
FN:69,(anonymous_8)
FN:73,(anonymous_9)
FN:77,(anonymous_10)
FN:82,(anonymous_11)
FN:87,(anonymous_12)
FN:92,(anonymous_13)
FN:96,(anonymous_14)
FN:100,(anonymous_15)
FN:104,(anonymous_16)
FN:110,(anonymous_17)
FNF:18
FNH:0
FNDA:0,(anonymous_0)
FNDA:0,(anonymous_1)
FNDA:0,(anonymous_2)
FNDA:0,(anonymous_3)
FNDA:0,(anonymous_4)
FNDA:0,MenuAppBar
FNDA:0,(anonymous_6)
FNDA:0,(anonymous_7)
FNDA:0,(anonymous_8)
FNDA:0,(anonymous_9)
FNDA:0,(anonymous_10)
FNDA:0,(anonymous_11)
FNDA:0,(anonymous_12)
FNDA:0,(anonymous_13)
FNDA:0,(anonymous_14)
FNDA:0,(anonymous_15)
FNDA:0,(anonymous_16)
FNDA:0,(anonymous_17)
DA:25,0
DA:30,0
DA:34,0
DA:38,0
DA:42,0
DA:47,0
DA:48,0
DA:49,0
DA:51,0
DA:52,0
DA:54,0
DA:61,0
DA:62,0
DA:63,0
DA:66,0
DA:69,0
DA:70,0
DA:73,0
DA:74,0
DA:77,0
DA:78,0
DA:79,0
DA:82,0
DA:83,0
DA:84,0
DA:87,0
DA:88,0
DA:89,0
DA:92,0
DA:93,0
DA:96,0
DA:97,0
DA:100,0
DA:101,0
DA:104,0
DA:105,0
DA:108,0
DA:110,0
DA:111,0
DA:131,0
LF:40
LH:0
BRDA:62,0,0,0
BRDA:62,0,1,0
BRDA:62,1,0,0
BRDA:62,1,1,0
BRDA:62,1,2,0
BRDA:62,1,3,0
BRDA:136,2,0,0
BRDA:136,2,1,0
BRDA:136,3,0,0
BRDA:136,3,1,0
BRDA:136,3,2,0
BRDA:154,4,0,0
BRDA:154,4,1,0
BRDA:180,5,0,0
BRDA:180,5,1,0
BRF:15
BRH:0
end_of_record
TN:
SF:src\components\AppBar\Container.js
FNF:0
FNH:0
DA:7,0
DA:9,0
DA:14,0
LF:3
LH:0
BRF:0
BRH:0
end_of_record
TN:
SF:src\components\CategoryMenu\Component.js
FN:9,(anonymous_0)
FN:18,(anonymous_1)
FNF:2
FNH:0
FNDA:0,(anonymous_0)
FNDA:0,(anonymous_1)
DA:7,0
DA:9,0
DA:18,0
DA:19,0
DA:20,0
DA:22,0
DA:24,0
LF:7
LH:0
BRDA:22,0,0,0
BRDA:22,0,1,0
BRDA:30,1,0,0
BRDA:30,1,1,0
BRF:4
BRH:0
end_of_record
TN:
SF:src\components\CategoryMenu\Container.js
FNF:0
FNH:0
DA:4,0
LF:1
LH:0
BRF:0
BRH:0
end_of_record
TN:
SF:src\components\CategoryMenu\CreatePostButton.js
FN:14,(anonymous_0)
FNF:1
FNH:0
FNDA:0,(anonymous_0)
DA:6,0
DA:14,0
DA:15,0
LF:3
LH:0
BRF:0
BRH:0
end_of_record
TN:
SF:src\components\CategoryMenu\Dropdown.js
FN:12,(anonymous_0)
FN:14,(anonymous_1)
FN:18,(anonymous_2)
FN:21,(anonymous_3)
FN:22,(anonymous_4)
FN:28,(anonymous_5)
FNF:6
FNH:0
FNDA:0,(anonymous_0)
FNDA:0,(anonymous_1)
FNDA:0,(anonymous_2)
FNDA:0,(anonymous_3)
FNDA:0,(anonymous_4)
FNDA:0,(anonymous_5)
DA:7,0
DA:12,0
DA:14,0
DA:18,0
DA:19,0
DA:21,0
DA:22,0
DA:23,0
DA:28,0
DA:29,0
DA:30,0
DA:31,0
DA:32,0
DA:36,0
LF:14
LH:0
BRDA:30,0,0,0
BRDA:30,0,1,0
BRDA:31,1,0,0
BRDA:31,1,1,0
BRF:4
BRH:0
end_of_record
TN:
SF:src\components\Comment\Content.js
FN:9,(anonymous_0)
FNF:1
FNH:0
FNDA:0,(anonymous_0)
DA:5,0
DA:9,0
DA:10,0
LF:3
LH:0
BRF:0
BRH:0
end_of_record
TN:
SF:src\components\Comment\index.js
FN:7,(anonymous_0)
FN:9,(anonymous_1)
FN:18,(anonymous_2)
FNF:3
FNH:0
FNDA:0,(anonymous_0)
FNDA:0,(anonymous_1)
FNDA:0,(anonymous_2)
DA:6,0
DA:7,0
DA:9,0
DA:18,0
DA:19,0
LF:5
LH:0
BRF:0
BRH:0
end_of_record
TN:
SF:src\components\Comment\Detail\Component.js
FN:9,(anonymous_0)
FN:15,(anonymous_1)
FN:17,(anonymous_2)
FNF:3
FNH:0
FNDA:0,(anonymous_0)
FNDA:0,(anonymous_1)
FNDA:0,(anonymous_2)
DA:7,0
DA:9,0
DA:15,0
DA:18,0
LF:4
LH:0
BRDA:20,0,0,0
BRDA:20,0,1,0
BRDA:22,1,0,0
BRDA:22,1,1,0
BRDA:22,1,2,0
BRDA:22,1,3,0
BRF:6
BRH:0
end_of_record
TN:
SF:src\components\Comment\Detail\Container.js
FNF:0
FNH:0
DA:7,0
DA:9,0
DA:17,0
LF:3
LH:0
BRF:0
BRH:0
end_of_record
TN:
SF:src\components\Comment\Detail\Timestamp.js
FN:7,(anonymous_0)
FN:10,(anonymous_1)
FNF:2
FNH:0
FNDA:0,(anonymous_0)
FNDA:0,(anonymous_1)
DA:5,0
DA:7,0
DA:10,0
DA:11,0
LF:4
LH:0
BRF:0
BRH:0
end_of_record
TN:
SF:src\components\CommentForm\Component.js
FN:12,(anonymous_0)
FN:19,(anonymous_1)
FN:24,(anonymous_2)
FN:25,(anonymous_3)
FN:43,(anonymous_4)
FN:45,(anonymous_5)
FN:47,(anonymous_6)
FNF:7
FNH:0
FNDA:0,(anonymous_0)
FNDA:0,(anonymous_1)
FNDA:0,(anonymous_2)
FNDA:0,(anonymous_3)
FNDA:0,(anonymous_4)
FNDA:0,(anonymous_5)
FNDA:0,(anonymous_6)
DA:8,0
DA:12,0
DA:19,0
DA:24,0
DA:25,0
DA:43,0
DA:45,0
DA:48,0
LF:8
LH:0
BRF:0
BRH:0
end_of_record
TN:
SF:src\components\CommentForm\Container.js
FNF:0
FNH:0
DA:7,0
DA:9,0
DA:17,0
LF:3
LH:0
BRF:0
BRH:0
end_of_record
TN:
SF:src\components\CommentForm\SubmitButton.js
FN:10,(anonymous_0)
FNF:1
FNH:0
FNDA:0,(anonymous_0)
DA:5,0
DA:10,0
DA:11,0
LF:3
LH:0
BRF:0
BRH:0
end_of_record
TN:
SF:src\components\CommentForm\TextArea.js
FN:9,(anonymous_0)
FN:16,(anonymous_1)
FN:22,(anonymous_2)
FN:29,(anonymous_3)
FN:39,(anonymous_4)
FNF:5
FNH:0
FNDA:0,(anonymous_0)
FNDA:0,(anonymous_1)
FNDA:0,(anonymous_2)
FNDA:0,(anonymous_3)
FNDA:0,(anonymous_4)
DA:6,0
DA:9,0
DA:16,0
DA:22,0
DA:23,0
DA:24,0
DA:25,0
DA:29,0
DA:30,0
DA:40,0
LF:10
LH:0
BRDA:23,0,0,0
BRDA:23,0,1,0
BRF:2
BRH:0
end_of_record
TN:
SF:src\components\CommentList\Item.js
FN:9,(anonymous_0)
FNF:1
FNH:0
FNDA:0,(anonymous_0)
DA:5,0
DA:9,0
DA:10,0
LF:3
LH:0
BRF:0
BRH:0
end_of_record
TN:
SF:src\components\CommentList\index.js
FN:10,(anonymous_0)
FN:11,(anonymous_1)
FN:15,(anonymous_2)
FN:16,(anonymous_3)
FN:18,(anonymous_4)
FNF:5
FNH:0
FNDA:0,(anonymous_0)
FNDA:0,(anonymous_1)
FNDA:0,(anonymous_2)
FNDA:0,(anonymous_3)
FNDA:0,(anonymous_4)
DA:5,0
DA:10,0
DA:11,0
DA:12,0
DA:15,0
DA:16,0
DA:18,0
DA:19,0
LF:8
LH:0
BRDA:19,0,0,0
BRDA:19,0,1,0
BRF:2
BRH:0
end_of_record
TN:
SF:src\components\CreatePostForm\Component.js
FN:20,(anonymous_0)
FN:24,(anonymous_1)
FN:29,(anonymous_2)
FN:31,(anonymous_3)
FN:32,(anonymous_4)
FNF:5
FNH:0
FNDA:0,(anonymous_0)
FNDA:0,(anonymous_1)
FNDA:0,(anonymous_2)
FNDA:0,(anonymous_3)
FNDA:0,(anonymous_4)
DA:9,2
DA:20,2
DA:21,0
DA:22,0
DA:24,0
DA:25,0
DA:26,0
DA:29,0
DA:31,0
DA:32,0
DA:33,0
DA:38,0
LF:12
LH:2
BRDA:25,0,0,0
BRDA:25,0,1,0
BRDA:26,1,0,0
BRDA:26,1,1,0
BRDA:60,2,0,0
BRDA:60,2,1,0
BRDA:63,3,0,0
BRDA:63,3,1,0
BRF:8
BRH:0
end_of_record
TN:
SF:src\components\CreatePostForm\Container.js
FN:15,(anonymous_0)
FN:30,(anonymous_1)
FNF:2
FNH:0
FNDA:0,(anonymous_0)
FNDA:0,(anonymous_1)
DA:15,2
DA:16,0
DA:17,0
DA:18,0
DA:19,0
DA:20,0
DA:22,0
DA:23,0
DA:24,0
DA:25,0
DA:27,0
DA:30,2
DA:36,2
DA:38,2
DA:51,2
LF:15
LH:5
BRDA:17,0,0,0
BRDA:17,0,1,0
BRDA:18,1,0,0
BRDA:18,1,1,0
BRDA:19,2,0,0
BRDA:19,2,1,0
BRDA:20,3,0,0
BRDA:20,3,1,0
BRDA:23,4,0,0
BRDA:23,4,1,0
BRDA:24,5,0,0
BRDA:24,5,1,0
BRF:12
BRH:0
end_of_record
TN:
SF:src\components\ErrorNotification\Component.js
FN:40,(anonymous_0)
FNF:1
FNH:1
FNDA:41,(anonymous_0)
DA:7,2
DA:9,2
DA:41,41
LF:3
LH:3
BRDA:43,0,0,41
BRDA:43,0,1,0
BRF:2
BRH:1
end_of_record
TN:
SF:src\components\ErrorNotification\Container.js
FN:4,(anonymous_0)
FNF:1
FNH:1
FNDA:41,(anonymous_0)
DA:4,41
DA:6,2
LF:2
LH:2
BRF:0
BRH:0
end_of_record
TN:
SF:src\components\ErrorNotification\Message.js
FN:11,(anonymous_0)
FN:13,(anonymous_1)
FN:22,(anonymous_2)
FNF:3
FNH:0
FNDA:0,(anonymous_0)
FNDA:0,(anonymous_1)
FNDA:0,(anonymous_2)
DA:4,2
DA:11,0
DA:13,0
DA:22,0
LF:4
LH:1
BRF:0
BRH:0
end_of_record
TN:
SF:src\components\Header\Component.js
FN:15,(anonymous_0)
FN:18,(anonymous_1)
FN:31,(anonymous_2)
FNF:3
FNH:0
FNDA:0,(anonymous_0)
FNDA:0,(anonymous_1)
FNDA:0,(anonymous_2)
DA:8,0
DA:15,0
DA:18,0
DA:31,0
DA:32,0
LF:5
LH:0
BRDA:34,0,0,0
BRDA:34,0,1,0
BRF:2
BRH:0
end_of_record
TN:
SF:src\components\Header\Container.js
FNF:0
FNH:0
DA:7,0
DA:9,0
DA:14,0
LF:3
LH:0
BRF:0
BRH:0
end_of_record
TN:
SF:src\components\Header\Logo.js
FN:12,(anonymous_0)
FN:21,(anonymous_1)
FNF:2
FNH:0
FNDA:0,(anonymous_0)
FNDA:0,(anonymous_1)
DA:6,0
DA:12,0
DA:21,0
LF:3
LH:0
BRF:0
BRH:0
end_of_record
TN:
SF:src\components\Header\NavLink.js
FN:12,(anonymous_0)
FN:23,(anonymous_1)
FN:34,(anonymous_2)
FNF:3
FNH:0
FNDA:0,(anonymous_0)
FNDA:0,(anonymous_1)
FNDA:0,(anonymous_2)
DA:5,0
DA:12,0
DA:23,0
DA:34,0
LF:4
LH:0
BRF:0
BRH:0
end_of_record
TN:
SF:src\components\Header\DarkButton\Component.js
FN:14,(anonymous_0)
FN:19,(anonymous_1)
FNF:2
FNH:0
FNDA:0,(anonymous_0)
FNDA:0,(anonymous_1)
DA:6,0
DA:14,0
DA:19,0
DA:20,0
LF:4
LH:0
BRF:0
BRH:0
end_of_record
TN:
SF:src\components\Header\DarkButton\Container.js
FNF:0
FNH:0
DA:5,0
DA:7,0
LF:2
LH:0
BRF:0
BRH:0
end_of_record
TN:
SF:src\components\Header\DarkButton\Icon.js
FN:12,(anonymous_0)
FN:21,(anonymous_1)
FNF:2
FNH:0
FNDA:0,(anonymous_0)
FNDA:0,(anonymous_1)
DA:5,0
DA:12,0
DA:21,0
DA:22,0
LF:4
LH:0
BRF:0
BRH:0
end_of_record
TN:
SF:src\components\Header\Username\Text.js
FN:10,(anonymous_0)
FNF:1
FNH:0
FNDA:0,(anonymous_0)
DA:4,0
DA:10,0
LF:2
LH:0
BRF:0
BRH:0
end_of_record
TN:
SF:src\components\Header\Username\index.js
FN:8,(anonymous_0)
FN:9,(anonymous_1)
FN:13,(anonymous_2)
FNF:3
FNH:0
FNDA:0,(anonymous_0)
FNDA:0,(anonymous_1)
FNDA:0,(anonymous_2)
DA:6,0
DA:8,0
DA:9,0
DA:13,0
DA:14,0
LF:5
LH:0
BRF:0
BRH:0
end_of_record
TN:
SF:src\components\Home\MainSection.js
FNF:0
FNH:0
DA:3,0
LF:1
LH:0
BRF:0
BRH:0
end_of_record
TN:
SF:src\components\Home\index.js
FN:59,(anonymous_0)
FNF:1
FNH:0
FNDA:0,(anonymous_0)
DA:13,0
DA:59,0
DA:61,0
LF:3
LH:0
BRF:0
BRH:0
end_of_record
TN:
SF:src\components\Interactions\InteractionsHome.js
FN:17,InteractionsHome
FN:24,(anonymous_1)
FN:30,(anonymous_2)
FN:34,(anonymous_3)
FN:40,(anonymous_4)
FN:48,(anonymous_5)
FN:52,(anonymous_6)
FNF:7
FNH:0
FNDA:0,InteractionsHome
FNDA:0,(anonymous_1)
FNDA:0,(anonymous_2)
FNDA:0,(anonymous_3)
FNDA:0,(anonymous_4)
FNDA:0,(anonymous_5)
FNDA:0,(anonymous_6)
DA:18,0
DA:19,0
DA:20,0
DA:22,0
DA:24,0
DA:25,0
DA:26,0
DA:30,0
DA:31,0
DA:34,0
DA:35,0
DA:36,0
DA:40,0
DA:41,0
DA:42,0
DA:43,0
DA:48,0
DA:49,0
DA:52,0
DA:53,0
DA:56,0
DA:58,0
LF:22
LH:0
BRDA:25,0,0,0
BRDA:25,0,1,0
BRDA:35,1,0,0
BRDA:35,1,1,0
BRDA:41,2,0,0
BRDA:41,2,1,0
BRDA:42,3,0,0
BRDA:42,3,1,0
BRDA:60,4,0,0
BRDA:60,4,1,0
BRF:10
BRH:0
end_of_record
TN:
SF:src\components\Interactions\InteractionsHomeContainer.js
FN:7,(anonymous_0)
FNF:1
FNH:0
FNDA:0,(anonymous_0)
DA:7,2
DA:16,2
DA:18,2
DA:26,2
LF:4
LH:4
BRF:0
BRH:0
end_of_record
TN:
SF:src\components\Interactions\elements\InteractionButton.js
FN:6,(anonymous_0)
FN:15,InteractionButton
FN:20,(anonymous_2)
FNF:3
FNH:0
FNDA:0,(anonymous_0)
FNDA:0,InteractionButton
FNDA:0,(anonymous_2)
DA:6,0
DA:16,0
DA:18,0
DA:20,0
LF:4
LH:0
BRF:0
BRH:0
end_of_record
TN:
SF:src\components\Interactions\elements\InteractionForm.js
FN:11,(anonymous_0)
FN:40,(anonymous_1)
FN:46,(anonymous_2)
FN:51,(anonymous_3)
FN:56,(anonymous_4)
FN:68,InteractionForm
FN:76,(anonymous_6)
FN:91,(anonymous_7)
FN:91,(anonymous_8)
FN:97,(anonymous_9)
FNF:10
FNH:0
FNDA:0,(anonymous_0)
FNDA:0,(anonymous_1)
FNDA:0,(anonymous_2)
FNDA:0,(anonymous_3)
FNDA:0,(anonymous_4)
FNDA:0,InteractionForm
FNDA:0,(anonymous_6)
FNDA:0,(anonymous_7)
FNDA:0,(anonymous_8)
FNDA:0,(anonymous_9)
DA:11,2
DA:40,2
DA:46,2
DA:51,2
DA:56,2
DA:70,0
DA:76,0
DA:78,0
DA:80,0
DA:87,0
DA:91,0
DA:92,0
DA:95,0
DA:97,0
LF:14
LH:5
BRF:0
BRH:0
end_of_record
TN:
SF:src\components\Interactions\elements\InteractionTable.js
FN:18,(anonymous_0)
FN:23,(anonymous_1)
FN:28,(anonymous_2)
FN:32,(anonymous_3)
FN:77,TablePaginationActions
FN:81,(anonymous_5)
FN:85,(anonymous_6)
FN:112,InteractionTable
FN:116,(anonymous_8)
FN:120,(anonymous_9)
FN:125,parseInteractions
FN:129,(anonymous_11)
FN:135,(anonymous_12)
FN:136,(anonymous_13)
FN:185,(anonymous_14)
FN:193,(anonymous_15)
FNF:16
FNH:0
FNDA:0,(anonymous_0)
FNDA:0,(anonymous_1)
FNDA:0,(anonymous_2)
FNDA:0,(anonymous_3)
FNDA:0,TablePaginationActions
FNDA:0,(anonymous_5)
FNDA:0,(anonymous_6)
FNDA:0,InteractionTable
FNDA:0,(anonymous_8)
FNDA:0,(anonymous_9)
FNDA:0,parseInteractions
FNDA:0,(anonymous_11)
FNDA:0,(anonymous_12)
FNDA:0,(anonymous_13)
FNDA:0,(anonymous_14)
FNDA:0,(anonymous_15)
DA:18,2
DA:23,2
DA:28,2
DA:32,2
DA:36,2
DA:78,0
DA:79,0
DA:81,0
DA:82,0
DA:85,0
DA:86,0
DA:89,0
DA:105,2
DA:113,0
DA:114,0
DA:116,0
DA:117,0
DA:120,0
DA:121,0
DA:122,0
DA:127,0
DA:129,0
DA:131,0
DA:132,0
DA:133,0
DA:135,0
DA:136,0
DA:138,0
DA:139,0
DA:140,0
DA:143,0
DA:144,0
DA:145,0
DA:147,0
DA:166,0
DA:169,0
DA:171,0
DA:173,0
DA:186,0
DA:193,0
LF:40
LH:6
BRDA:92,0,0,0
BRDA:92,0,1,0
BRDA:99,1,0,0
BRDA:99,1,1,0
BRDA:135,2,0,0
BRDA:135,2,1,0
BRDA:136,3,0,0
BRDA:136,3,1,0
BRDA:138,4,0,0
BRDA:138,4,1,0
BRDA:138,5,0,0
BRDA:138,5,1,0
BRDA:139,6,0,0
BRDA:139,6,1,0
BRDA:140,7,0,0
BRDA:140,7,1,0
BRDA:144,8,0,0
BRDA:144,8,1,0
BRDA:145,9,0,0
BRDA:145,9,1,0
BRDA:156,10,0,0
BRDA:156,10,1,0
BRDA:200,11,0,0
BRDA:200,11,1,0
BRF:24
BRH:0
end_of_record
TN:
SF:src\components\LoginForm\Component.js
FN:10,(anonymous_0)
FN:13,(anonymous_1)
FN:19,(anonymous_2)
FNF:3
FNH:0
FNDA:0,(anonymous_0)
FNDA:0,(anonymous_1)
FNDA:0,(anonymous_2)
DA:10,2
DA:11,0
DA:13,0
DA:14,0
DA:15,0
DA:19,0
DA:20,0
DA:23,0
LF:8
LH:1
BRDA:14,0,0,0
BRDA:14,0,1,0
BRF:2
BRH:0
end_of_record
TN:
SF:src\components\LoginForm\Container.js
FN:8,(anonymous_0)
FNF:1
FNH:0
FNDA:0,(anonymous_0)
DA:8,2
DA:12,2
DA:14,2
DA:23,2
LF:4
LH:4
BRF:0
BRH:0
end_of_record
TN:
SF:src\components\Post\index.js
FN:5,(anonymous_0)
FNF:1
FNH:0
FNDA:0,(anonymous_0)
DA:5,2
DA:6,0
LF:2
LH:1
BRDA:11,0,0,0
BRDA:11,0,1,0
BRF:2
BRH:0
end_of_record
TN:
SF:src\components\Post\Content\Detail.js
FN:24,(anonymous_0)
FN:28,(anonymous_1)
FNF:2
FNH:0
FNDA:0,(anonymous_0)
FNDA:0,(anonymous_1)
DA:8,0
DA:24,0
DA:28,0
DA:29,0
LF:4
LH:0
BRDA:31,0,0,0
BRDA:31,0,1,0
BRDA:35,1,0,0
BRDA:35,1,1,0
BRF:4
BRH:0
end_of_record
TN:
SF:src\components\Post\Content\FullText.js
FN:7,(anonymous_0)
FN:11,(anonymous_1)
FN:14,(anonymous_2)
FNF:3
FNH:0
FNDA:0,(anonymous_0)
FNDA:0,(anonymous_1)
FNDA:0,(anonymous_2)
DA:5,0
DA:7,0
DA:11,0
DA:14,0
DA:15,0
LF:5
LH:0
BRF:0
BRH:0
end_of_record
TN:
SF:src\components\Post\Content\Preview.js
FN:11,(anonymous_0)
FNF:1
FNH:0
FNDA:0,(anonymous_0)
DA:4,0
DA:11,0
LF:2
LH:0
BRF:0
BRH:0
end_of_record
TN:
SF:src\components\Post\Content\Title.js
FN:17,(anonymous_0)
FN:18,(anonymous_1)
FN:26,(anonymous_2)
FN:40,(anonymous_3)
FNF:4
FNH:0
FNDA:0,(anonymous_0)
FNDA:0,(anonymous_1)
FNDA:0,(anonymous_2)
FNDA:0,(anonymous_3)
DA:6,0
DA:17,0
DA:18,0
DA:26,0
DA:27,0
DA:29,0
DA:32,0
DA:33,0
DA:36,0
DA:40,0
DA:41,0
LF:11
LH:0
BRDA:18,0,0,0
BRDA:18,0,1,0
BRDA:27,1,0,0
BRDA:27,1,1,0
BRDA:27,1,2,0
BRDA:32,2,0,0
BRDA:32,2,1,0
BRF:7
BRH:0
end_of_record
TN:
SF:src\components\Post\Content\index.js
FN:52,(anonymous_0)
FN:84,(anonymous_1)
FN:92,(anonymous_2)
FNF:3
FNH:0
FNDA:0,(anonymous_0)
FNDA:0,(anonymous_1)
FNDA:0,(anonymous_2)
DA:6,2
DA:52,2
DA:64,0
DA:84,0
DA:92,0
LF:5
LH:2
BRF:0
BRH:0
end_of_record
TN:
SF:src\components\Post\Vote\Button.js
FN:19,(anonymous_0)
FN:34,(anonymous_1)
FNF:2
FNH:0
FNDA:0,(anonymous_0)
FNDA:0,(anonymous_1)
DA:4,2
DA:19,0
DA:34,0
LF:3
LH:1
BRDA:34,0,0,0
BRDA:34,0,1,0
BRF:2
BRH:0
end_of_record
TN:
SF:src\components\Post\Vote\Component.js
FN:18,(anonymous_0)
FN:33,(anonymous_1)
FN:44,(anonymous_2)
FN:46,(anonymous_3)
FN:50,(anonymous_4)
FN:68,(anonymous_5)
FN:81,(anonymous_6)
FN:83,(anonymous_7)
FN:85,(anonymous_8)
FNF:9
FNH:0
FNDA:0,(anonymous_0)
FNDA:0,(anonymous_1)
FNDA:0,(anonymous_2)
FNDA:0,(anonymous_3)
FNDA:0,(anonymous_4)
FNDA:0,(anonymous_5)
FNDA:0,(anonymous_6)
FNDA:0,(anonymous_7)
FNDA:0,(anonymous_8)
DA:9,2
DA:18,0
DA:34,0
DA:35,0
DA:36,0
DA:46,0
DA:47,0
DA:51,0
DA:52,0
DA:53,0
DA:59,0
DA:60,0
DA:69,0
DA:70,0
DA:71,0
DA:72,0
DA:81,0
DA:83,0
DA:87,0
LF:19
LH:1
BRDA:46,0,0,0
BRDA:46,0,1,0
BRDA:46,0,2,0
BRDA:47,1,0,0
BRDA:47,1,1,0
BRDA:51,2,0,0
BRDA:51,2,1,0
BRDA:59,3,0,0
BRDA:59,3,1,0
BRDA:59,4,0,0
BRDA:59,4,1,0
BRDA:70,5,0,0
BRDA:70,5,1,0
BRDA:81,6,0,0
BRDA:81,6,1,0
BRDA:83,7,0,0
BRDA:83,7,1,0
BRF:17
BRH:0
end_of_record
TN:
SF:src\components\Post\Vote\Container.js
FNF:0
FNH:0
DA:7,2
DA:9,2
DA:17,2
LF:3
LH:3
BRF:0
BRH:0
end_of_record
TN:
SF:src\components\Post\Vote\Downvote.js
FN:5,(anonymous_0)
FNF:1
FNH:0
FNDA:0,(anonymous_0)
DA:4,2
DA:6,0
LF:2
LH:1
BRDA:6,0,0,0
BRDA:6,0,1,0
BRF:2
BRH:0
end_of_record
TN:
SF:src\components\Post\Vote\Upvote.js
FN:5,(anonymous_0)
FNF:1
FNH:0
FNDA:0,(anonymous_0)
DA:4,2
DA:6,0
LF:2
LH:1
BRDA:6,0,0,0
BRDA:6,0,1,0
BRF:2
BRH:0
end_of_record
TN:
SF:src\components\PostDetail\CommentSection.js
FN:5,(anonymous_0)
FNF:1
FNH:0
FNDA:0,(anonymous_0)
DA:5,0
DA:6,0
LF:2
LH:0
BRDA:7,0,0,0
BRDA:7,0,1,0
BRDA:7,1,0,0
BRDA:7,1,1,0
BRF:4
BRH:0
end_of_record
TN:
SF:src\components\PostDetail\Component.js
FN:10,(anonymous_0)
FN:14,(anonymous_1)
FN:20,(anonymous_2)
FNF:3
FNH:0
FNDA:0,(anonymous_0)
FNDA:0,(anonymous_1)
FNDA:0,(anonymous_2)
DA:11,0
DA:15,0
DA:16,0
DA:21,0
DA:22,0
DA:23,0
DA:24,0
LF:7
LH:0
BRDA:15,0,0,0
BRDA:15,0,1,0
BRDA:15,1,0,0
BRDA:15,1,1,0
BRDA:22,2,0,0
BRDA:22,2,1,0
BRDA:23,3,0,0
BRDA:23,3,1,0
BRDA:33,4,0,0
BRDA:33,4,1,0
BRF:10
BRH:0
end_of_record
TN:
SF:src\components\PostDetail\Container.js
FN:7,(anonymous_0)
FNF:1
FNH:0
FNDA:0,(anonymous_0)
DA:7,0
DA:12,0
DA:14,0
DA:22,0
LF:4
LH:0
BRF:0
BRH:0
end_of_record
TN:
SF:src\components\PostDetail\Post.js
FN:7,(anonymous_0)
FN:19,(anonymous_1)
FNF:2
FNH:0
FNDA:0,(anonymous_0)
FNDA:0,(anonymous_1)
DA:5,0
DA:7,0
DA:19,0
DA:20,0
LF:4
LH:0
BRF:0
BRH:0
end_of_record
TN:
SF:src\components\PostDetail\InfoBar\Component.js
FN:8,(anonymous_0)
FN:9,(anonymous_1)
FN:11,(anonymous_2)
FN:13,(anonymous_3)
FN:22,(anonymous_4)
FN:24,(anonymous_5)
FNF:6
FNH:0
FNDA:0,(anonymous_0)
FNDA:0,(anonymous_1)
FNDA:0,(anonymous_2)
FNDA:0,(anonymous_3)
FNDA:0,(anonymous_4)
FNDA:0,(anonymous_5)
DA:5,0
DA:8,0
DA:9,0
DA:11,0
DA:13,0
DA:22,0
DA:25,0
LF:7
LH:0
BRDA:9,0,0,0
BRDA:9,0,1,0
BRDA:30,1,0,0
BRDA:30,1,1,0
BRDA:30,1,2,0
BRDA:30,1,3,0
BRF:6
BRH:0
end_of_record
TN:
SF:src\components\PostDetail\InfoBar\Container.js
FNF:0
FNH:0
DA:7,0
DA:9,0
DA:17,0
LF:3
LH:0
BRF:0
BRH:0
end_of_record
TN:
SF:src\components\PostList\Component.js
FN:8,(anonymous_0)
FN:16,(anonymous_1)
FN:20,(anonymous_2)
FN:30,(anonymous_3)
FN:31,(anonymous_4)
FN:35,(anonymous_5)
FN:41,(anonymous_6)
FNF:7
FNH:0
FNDA:0,(anonymous_0)
FNDA:0,(anonymous_1)
FNDA:0,(anonymous_2)
FNDA:0,(anonymous_3)
FNDA:0,(anonymous_4)
FNDA:0,(anonymous_5)
FNDA:0,(anonymous_6)
DA:8,0
DA:9,0
DA:10,0
DA:11,0
DA:12,0
DA:13,0
DA:17,0
DA:21,0
DA:27,0
DA:30,0
DA:31,0
DA:32,0
DA:37,0
DA:42,0
DA:43,0
DA:44,0
LF:16
LH:0
BRDA:11,0,0,0
BRDA:11,0,1,0
BRDA:11,1,0,0
BRDA:11,1,1,0
BRDA:11,1,2,0
BRDA:11,1,3,0
BRDA:12,2,0,0
BRDA:12,2,1,0
BRDA:12,3,0,0
BRDA:12,3,1,0
BRDA:21,4,0,0
BRDA:21,4,1,0
BRDA:22,5,0,0
BRDA:22,5,1,0
BRDA:22,5,2,0
BRDA:22,5,3,0
BRDA:42,6,0,0
BRDA:42,6,1,0
BRDA:43,7,0,0
BRDA:43,7,1,0
BRDA:43,8,0,0
BRDA:43,8,1,0
BRF:22
BRH:0
end_of_record
TN:
SF:src\components\PostList\Container.js
FN:5,(anonymous_0)
FNF:1
FNH:0
FNDA:0,(anonymous_0)
DA:5,2
DA:10,2
DA:12,2
LF:3
LH:3
BRF:0
BRH:0
end_of_record
TN:
SF:src\components\PostList\Item.js
FN:13,(anonymous_0)
FNF:1
FNH:0
FNDA:0,(anonymous_0)
DA:13,2
DA:14,0
LF:2
LH:1
BRF:0
BRH:0
end_of_record
TN:
SF:src\components\PostList\PostTable.js
FN:19,(anonymous_0)
FN:24,(anonymous_1)
FN:29,(anonymous_2)
FN:33,(anonymous_3)
FN:37,(anonymous_4)
FN:41,(anonymous_5)
FN:48,TablePaginationActions
FN:52,(anonymous_7)
FN:56,(anonymous_8)
FN:83,PostTable
FN:87,(anonymous_10)
FN:91,(anonymous_11)
FN:115,(anonymous_12)
FNF:13
FNH:0
FNDA:0,(anonymous_0)
FNDA:0,(anonymous_1)
FNDA:0,(anonymous_2)
FNDA:0,(anonymous_3)
FNDA:0,(anonymous_4)
FNDA:0,(anonymous_5)
FNDA:0,TablePaginationActions
FNDA:0,(anonymous_7)
FNDA:0,(anonymous_8)
FNDA:0,PostTable
FNDA:0,(anonymous_10)
FNDA:0,(anonymous_11)
FNDA:0,(anonymous_12)
DA:19,2
DA:24,2
DA:29,2
DA:33,2
DA:37,2
DA:41,2
DA:49,0
DA:50,0
DA:52,0
DA:53,0
DA:56,0
DA:57,0
DA:60,0
DA:76,2
DA:84,0
DA:85,0
DA:87,0
DA:88,0
DA:91,0
DA:92,0
DA:93,0
DA:96,0
DA:98,0
DA:100,0
DA:116,0
LF:25
LH:7
BRDA:63,0,0,0
BRDA:63,0,1,0
BRDA:70,1,0,0
BRDA:70,1,1,0
BRDA:121,2,0,0
BRDA:121,2,1,0
BRF:6
BRH:0
end_of_record
TN:
SF:src\components\RRFluencyReport\FluencyReport.js
FN:12,(anonymous_0)
FN:39,(anonymous_1)
FN:112,(anonymous_2)
FNF:3
FNH:0
FNDA:0,(anonymous_0)
FNDA:0,(anonymous_1)
FNDA:0,(anonymous_2)
DA:12,0
DA:39,0
DA:40,0
DA:41,0
DA:42,0
DA:110,0
DA:112,0
DA:116,0
DA:118,0
LF:9
LH:0
BRDA:94,0,0,0
BRDA:94,0,1,0
BRF:2
BRH:0
end_of_record
TN:
SF:src\components\RRFluencyReport\FluencyReportForm.js
FN:61,(anonymous_0)
FN:98,(anonymous_1)
FN:111,(anonymous_2)
FN:142,(anonymous_3)
FN:150,(anonymous_4)
FN:157,(anonymous_5)
FN:169,(anonymous_6)
FN:195,(anonymous_7)
FN:203,(anonymous_8)
FN:299,(anonymous_9)
FNF:10
FNH:0
FNDA:0,(anonymous_0)
FNDA:0,(anonymous_1)
FNDA:0,(anonymous_2)
FNDA:0,(anonymous_3)
FNDA:0,(anonymous_4)
FNDA:0,(anonymous_5)
FNDA:0,(anonymous_6)
FNDA:0,(anonymous_7)
FNDA:0,(anonymous_8)
FNDA:0,(anonymous_9)
DA:27,0
DA:42,0
DA:61,0
DA:63,0
DA:99,0
DA:100,0
DA:105,0
DA:106,0
DA:107,0
DA:108,0
DA:113,0
DA:114,0
DA:115,0
DA:116,0
DA:118,0
DA:119,0
DA:121,0
DA:122,0
DA:124,0
DA:125,0
DA:127,0
DA:128,0
DA:130,0
DA:131,0
DA:133,0
DA:134,0
DA:142,0
DA:143,0
DA:144,0
DA:145,0
DA:150,0
DA:151,0
DA:152,0
DA:153,0
DA:159,0
DA:160,0
DA:170,0
DA:171,0
DA:172,0
DA:173,0
DA:174,0
DA:175,0
DA:176,0
DA:177,0
DA:179,0
DA:181,0
DA:183,0
DA:185,0
DA:187,0
DA:189,0
DA:191,0
DA:195,0
DA:197,0
DA:198,0
DA:199,0
DA:200,0
DA:205,0
DA:206,0
DA:297,0
DA:299,0
DA:305,0
DA:324,0
DA:334,0
LF:63
LH:0
BRDA:113,0,0,0
BRDA:113,0,1,0
BRDA:114,1,0,0
BRDA:114,1,1,0
BRDA:115,2,0,0
BRDA:115,2,1,0
BRDA:118,3,0,0
BRDA:118,3,1,0
BRDA:121,4,0,0
BRDA:121,4,1,0
BRDA:124,5,0,0
BRDA:124,5,1,0
BRDA:127,6,0,0
BRDA:127,6,1,0
BRDA:130,7,0,0
BRDA:130,7,1,0
BRDA:133,8,0,0
BRDA:133,8,1,0
BRDA:143,9,0,0
BRDA:143,9,1,0
BRDA:151,10,0,0
BRDA:151,10,1,0
BRDA:159,11,0,0
BRDA:159,11,1,0
BRDA:177,12,0,0
BRDA:177,12,1,0
BRDA:177,12,2,0
BRDA:177,12,3,0
BRDA:177,12,4,0
BRDA:177,12,5,0
BRDA:177,12,6,0
BRDA:240,13,0,0
BRDA:240,13,1,0
BRDA:274,14,0,0
BRDA:274,14,1,0
BRDA:285,15,0,0
BRDA:285,15,1,0
BRDA:285,15,2,0
BRDA:286,16,0,0
BRDA:286,16,1,0
BRF:40
BRH:0
end_of_record
TN:
SF:src\components\RRFluencyReport\FluencyReportFormContainer.js
FN:12,(anonymous_0)
FNF:1
FNH:0
FNDA:0,(anonymous_0)
DA:12,0
DA:16,0
DA:18,0
DA:28,0
LF:4
LH:0
BRF:0
BRH:0
end_of_record
TN:
SF:src\components\RRFluencyReport\FluencyReportHistory.js
FN:21,(anonymous_0)
FN:32,(anonymous_1)
FN:35,(anonymous_2)
FN:36,(anonymous_3)
FN:37,(anonymous_4)
FN:40,(anonymous_5)
FN:41,(anonymous_6)
FN:42,(anonymous_7)
FN:45,(anonymous_8)
FN:46,(anonymous_9)
FN:47,(anonymous_10)
FN:50,(anonymous_11)
FN:51,(anonymous_12)
FN:52,(anonymous_13)
FN:55,(anonymous_14)
FN:56,(anonymous_15)
FN:57,(anonymous_16)
FN:60,(anonymous_17)
FN:61,(anonymous_18)
FN:62,(anonymous_19)
FN:66,(anonymous_20)
FN:76,(anonymous_21)
FN:76,(anonymous_22)
FN:86,(anonymous_23)
FN:106,(anonymous_24)
FN:177,(anonymous_25)
FN:196,(anonymous_26)
FN:265,(anonymous_27)
FN:266,(anonymous_28)
FN:267,(anonymous_29)
FN:273,(anonymous_30)
FNF:31
FNH:0
FNDA:0,(anonymous_0)
FNDA:0,(anonymous_1)
FNDA:0,(anonymous_2)
FNDA:0,(anonymous_3)
FNDA:0,(anonymous_4)
FNDA:0,(anonymous_5)
FNDA:0,(anonymous_6)
FNDA:0,(anonymous_7)
FNDA:0,(anonymous_8)
FNDA:0,(anonymous_9)
FNDA:0,(anonymous_10)
FNDA:0,(anonymous_11)
FNDA:0,(anonymous_12)
FNDA:0,(anonymous_13)
FNDA:0,(anonymous_14)
FNDA:0,(anonymous_15)
FNDA:0,(anonymous_16)
FNDA:0,(anonymous_17)
FNDA:0,(anonymous_18)
FNDA:0,(anonymous_19)
FNDA:0,(anonymous_20)
FNDA:0,(anonymous_21)
FNDA:0,(anonymous_22)
FNDA:0,(anonymous_23)
FNDA:0,(anonymous_24)
FNDA:0,(anonymous_25)
FNDA:0,(anonymous_26)
FNDA:0,(anonymous_27)
FNDA:0,(anonymous_28)
FNDA:0,(anonymous_29)
FNDA:0,(anonymous_30)
DA:22,0
DA:23,0
DA:27,0
DA:28,0
DA:34,0
DA:35,0
DA:36,0
DA:37,0
DA:39,0
DA:40,0
DA:41,0
DA:42,0
DA:44,0
DA:45,0
DA:46,0
DA:47,0
DA:49,0
DA:50,0
DA:51,0
DA:52,0
DA:54,0
DA:55,0
DA:56,0
DA:57,0
DA:59,0
DA:60,0
DA:61,0
DA:62,0
DA:67,0
DA:68,0
DA:76,0
DA:78,0
DA:79,0
DA:80,0
DA:81,0
DA:87,0
DA:89,0
DA:91,0
DA:93,0
DA:95,0
DA:97,0
DA:99,0
DA:101,0
DA:109,0
DA:110,0
DA:112,0
DA:114,0
DA:115,0
DA:118,0
DA:119,0
DA:120,0
DA:121,0
DA:123,0
DA:127,0
DA:128,0
DA:131,0
DA:132,0
DA:133,0
DA:136,0
DA:137,0
DA:140,0
DA:141,0
DA:142,0
DA:145,0
DA:146,0
DA:149,0
DA:150,0
DA:151,0
DA:154,0
DA:155,0
DA:158,0
DA:159,0
DA:160,0
DA:163,0
DA:164,0
DA:167,0
DA:168,0
DA:169,0
DA:172,0
DA:178,0
DA:180,0
DA:197,0
DA:265,0
DA:266,0
DA:267,0
DA:273,0
DA:279,0
LF:87
LH:0
BRDA:34,0,0,0
BRDA:34,0,1,0
BRDA:39,1,0,0
BRDA:39,1,1,0
BRDA:44,2,0,0
BRDA:44,2,1,0
BRDA:49,3,0,0
BRDA:49,3,1,0
BRDA:54,4,0,0
BRDA:54,4,1,0
BRDA:59,5,0,0
BRDA:59,5,1,0
BRDA:67,6,0,0
BRDA:67,6,1,0
BRDA:87,7,0,0
BRDA:87,7,1,0
BRDA:87,7,2,0
BRDA:87,7,3,0
BRDA:87,7,4,0
BRDA:87,7,5,0
BRDA:87,7,6,0
BRDA:109,8,0,0
BRDA:109,8,1,0
BRDA:112,9,0,0
BRDA:112,9,1,0
BRDA:112,9,2,0
BRDA:112,9,3,0
BRDA:112,9,4,0
BRDA:112,9,5,0
BRDA:112,9,6,0
BRDA:114,10,0,0
BRDA:114,10,1,0
BRDA:127,11,0,0
BRDA:127,11,1,0
BRDA:136,12,0,0
BRDA:136,12,1,0
BRDA:145,13,0,0
BRDA:145,13,1,0
BRDA:154,14,0,0
BRDA:154,14,1,0
BRDA:163,15,0,0
BRDA:163,15,1,0
BRDA:181,16,0,0
BRDA:181,16,1,0
BRDA:182,17,0,0
BRDA:182,17,1,0
BRDA:182,18,0,0
BRDA:182,18,1,0
BRDA:207,19,0,0
BRDA:207,19,1,0
BRDA:207,20,0,0
BRDA:207,20,1,0
BRDA:217,21,0,0
BRDA:217,21,1,0
BRDA:218,22,0,0
BRDA:218,22,1,0
BRDA:219,23,0,0
BRDA:219,23,1,0
BRDA:220,24,0,0
BRDA:220,24,1,0
BRDA:221,25,0,0
BRDA:221,25,1,0
BRDA:227,26,0,0
BRDA:227,26,1,0
BRDA:227,27,0,0
BRDA:227,27,1,0
BRDA:237,28,0,0
BRDA:237,28,1,0
BRDA:238,29,0,0
BRDA:238,29,1,0
BRDA:239,30,0,0
BRDA:239,30,1,0
BRDA:245,31,0,0
BRDA:245,31,1,0
BRDA:245,32,0,0
BRDA:245,32,1,0
BRDA:255,33,0,0
BRDA:255,33,1,0
BRDA:256,34,0,0
BRDA:256,34,1,0
BRDA:257,35,0,0
BRDA:257,35,1,0
BRDA:258,36,0,0
BRDA:258,36,1,0
BRDA:266,37,0,0
BRDA:266,37,1,0
BRDA:266,38,0,0
BRDA:266,38,1,0
BRF:88
BRH:0
end_of_record
TN:
SF:src\components\RRFluencyReport\FluencyReportHistoryContainer.js
FN:24,(anonymous_0)
FNF:1
FNH:0
FNDA:0,(anonymous_0)
DA:24,0
DA:35,0
DA:58,0
LF:3
LH:0
BRF:0
BRH:0
end_of_record
TN:
SF:src\components\RRFluencyReport\LabelLoaders.js
FN:1,(anonymous_0)
FN:20,(anonymous_1)
FN:43,(anonymous_2)
FN:56,(anonymous_3)
FNF:4
FNH:0
FNDA:0,(anonymous_0)
FNDA:0,(anonymous_1)
FNDA:0,(anonymous_2)
FNDA:0,(anonymous_3)
DA:1,0
DA:2,0
DA:4,0
DA:6,0
DA:8,0
DA:10,0
DA:12,0
DA:14,0
DA:16,0
DA:20,0
DA:21,0
DA:23,0
DA:25,0
DA:27,0
DA:29,0
DA:31,0
DA:33,0
DA:35,0
DA:37,0
DA:39,0
DA:43,0
DA:44,0
DA:46,0
DA:48,0
DA:50,0
DA:52,0
DA:56,0
DA:57,0
DA:59,0
DA:61,0
DA:63,0
DA:65,0
DA:67,0
LF:33
LH:0
BRDA:2,0,0,0
BRDA:2,0,1,0
BRDA:2,0,2,0
BRDA:2,0,3,0
BRDA:2,0,4,0
BRDA:2,0,5,0
BRDA:2,0,6,0
BRDA:21,1,0,0
BRDA:21,1,1,0
BRDA:21,1,2,0
BRDA:21,1,3,0
BRDA:21,1,4,0
BRDA:21,1,5,0
BRDA:21,1,6,0
BRDA:21,1,7,0
BRDA:21,1,8,0
BRDA:44,2,0,0
BRDA:44,2,1,0
BRDA:44,2,2,0
BRDA:44,2,3,0
BRDA:57,3,0,0
BRDA:57,3,1,0
BRDA:57,3,2,0
BRDA:57,3,3,0
BRDA:57,3,4,0
BRF:25
BRH:0
end_of_record
TN:
SF:src\components\RRFluencyReport\showResults.js
FN:1,(anonymous_0)
FN:1,(anonymous_1)
FN:3,showResults
FNF:3
FNH:0
FNDA:0,(anonymous_0)
FNDA:0,(anonymous_1)
FNDA:0,showResults
DA:1,0
DA:4,0
DA:5,0
LF:3
LH:0
BRF:0
BRH:0
end_of_record
TN:
SF:src\components\RRFluencyReport\validate.js
FN:1,validate
FN:10,(anonymous_1)
FNF:2
FNH:0
FNDA:0,validate
FNDA:0,(anonymous_1)
DA:2,0
DA:3,0
DA:10,0
DA:11,0
DA:12,0
DA:15,0
LF:6
LH:0
BRDA:11,0,0,0
BRDA:11,0,1,0
BRF:2
BRH:0
end_of_record
TN:
SF:src\components\RRLayout\Blacklist.js
FNF:0
FNH:0
DA:1,0
LF:1
LH:0
BRF:0
BRH:0
end_of_record
TN:
SF:src\components\RRLayout\ExerciseHistory.js
FN:77,(anonymous_0)
FN:87,(anonymous_1)
FN:96,(anonymous_2)
FN:103,(anonymous_3)
FN:105,(anonymous_4)
FN:128,(anonymous_5)
FN:148,(anonymous_6)
FN:225,ExerciseHistoryWrapper
FNF:8
FNH:0
FNDA:0,(anonymous_0)
FNDA:0,(anonymous_1)
FNDA:0,(anonymous_2)
FNDA:0,(anonymous_3)
FNDA:0,(anonymous_4)
FNDA:0,(anonymous_5)
FNDA:0,(anonymous_6)
FNDA:0,ExerciseHistoryWrapper
DA:20,2
DA:29,2
DA:70,2
DA:78,0
DA:80,0
DA:84,0
DA:89,0
DA:90,0
DA:97,0
DA:98,0
DA:100,0
DA:105,0
DA:108,0
DA:110,0
DA:111,0
DA:113,0
DA:115,0
DA:116,0
DA:118,0
DA:119,0
DA:121,0
DA:124,0
DA:125,0
DA:126,0
DA:128,0
DA:129,0
DA:130,0
DA:131,0
DA:132,0
DA:133,0
DA:136,0
DA:139,0
DA:141,0
DA:142,0
DA:143,0
DA:145,0
DA:146,0
DA:148,0
DA:149,0
DA:150,0
DA:151,0
DA:152,0
DA:153,0
DA:157,0
DA:162,0
DA:166,0
DA:167,0
DA:172,0
DA:173,0
DA:182,0
DA:190,0
DA:192,0
DA:211,0
DA:214,0
DA:220,2
DA:226,0
DA:229,0
DA:230,0
DA:231,0
DA:232,0
DA:233,0
DA:236,0
DA:237,0
DA:238,0
DA:239,0
DA:240,0
DA:242,0
LF:67
LH:4
BRDA:98,0,0,0
BRDA:98,0,1,0
BRDA:108,1,0,0
BRDA:108,1,1,0
BRDA:113,2,0,0
BRDA:113,2,1,0
BRDA:116,3,0,0
BRDA:116,3,1,0
BRDA:118,4,0,0
BRDA:118,4,1,0
BRDA:124,5,0,0
BRDA:124,5,1,0
BRDA:124,6,0,0
BRDA:124,6,1,0
BRDA:130,7,0,0
BRDA:130,7,1,0
BRDA:132,8,0,0
BRDA:132,8,1,0
BRDA:139,9,0,0
BRDA:139,9,1,0
BRDA:139,10,0,0
BRDA:139,10,1,0
BRDA:141,11,0,0
BRDA:141,11,1,0
BRDA:142,12,0,0
BRDA:142,12,1,0
BRDA:143,13,0,0
BRDA:143,13,1,0
BRDA:150,14,0,0
BRDA:150,14,1,0
BRDA:152,15,0,0
BRDA:152,15,1,0
BRDA:166,16,0,0
BRDA:166,16,1,0
BRDA:166,17,0,0
BRDA:166,17,1,0
BRDA:166,17,2,0
BRDA:166,17,3,0
BRDA:172,18,0,0
BRDA:172,18,1,0
BRDA:172,19,0,0
BRDA:172,19,1,0
BRDA:176,20,0,0
BRDA:176,20,1,0
BRDA:190,21,0,0
BRDA:190,21,1,0
BRDA:190,22,0,0
BRDA:190,22,1,0
BRDA:236,23,0,0
BRDA:236,23,1,0
BRDA:237,24,0,0
BRDA:237,24,1,0
BRDA:238,25,0,0
BRDA:238,25,1,0
BRDA:239,26,0,0
BRDA:239,26,1,0
BRDA:240,27,0,0
BRDA:240,27,1,0
BRF:58
BRH:0
end_of_record
TN:
SF:src\components\RRLayout\ExerciseHistoryContainer.js
FN:5,(anonymous_0)
FN:10,(anonymous_1)
FN:11,(anonymous_2)
FNF:3
FNH:0
FNDA:0,(anonymous_0)
FNDA:0,(anonymous_1)
FNDA:0,(anonymous_2)
DA:5,2
DA:10,2
DA:12,0
DA:16,2
LF:4
LH:3
BRF:0
BRH:0
end_of_record
TN:
SF:src\components\RRLayout\Intermission.js
FN:6,Intermission
FNF:1
FNH:0
FNDA:0,Intermission
DA:7,0
DA:8,0
DA:10,0
LF:3
LH:0
BRF:0
BRH:0
end_of_record
TN:
SF:src\components\RRLayout\IntermissionContainer.js
FN:4,(anonymous_0)
FN:10,(anonymous_1)
FNF:2
FNH:0
FNDA:0,(anonymous_0)
FNDA:0,(anonymous_1)
DA:4,4
DA:10,4
DA:15,4
LF:3
LH:3
BRF:0
BRH:0
end_of_record
TN:
SF:src\components\RRLayout\ProgressIndicator.js
FN:10,(anonymous_0)
FN:11,(anonymous_1)
FN:13,ProgressIndicator
FNF:3
FNH:0
FNDA:0,(anonymous_0)
FNDA:0,(anonymous_1)
FNDA:0,ProgressIndicator
DA:10,4
DA:11,4
DA:14,0
DA:15,0
DA:18,0
DA:19,0
DA:20,0
DA:21,0
DA:22,0
DA:25,0
DA:26,0
DA:27,0
DA:28,0
DA:29,0
DA:31,0
DA:32,0
DA:33,0
DA:35,0
DA:36,0
DA:37,0
DA:38,0
DA:39,0
DA:43,0
DA:45,0
DA:47,0
DA:48,0
DA:50,0
DA:52,0
DA:54,0
DA:56,0
DA:60,0
DA:61,0
DA:82,0
DA:83,0
DA:110,4
LF:35
LH:3
BRDA:25,0,0,0
BRDA:25,0,1,0
BRDA:26,1,0,0
BRDA:26,1,1,0
BRDA:27,2,0,0
BRDA:27,2,1,0
BRDA:28,3,0,0
BRDA:28,3,1,0
BRDA:29,4,0,0
BRDA:29,4,1,0
BRDA:35,5,0,0
BRDA:35,5,1,0
BRDA:35,6,0,0
BRDA:35,6,1,0
BRDA:35,6,2,0
BRDA:35,6,3,0
BRDA:36,7,0,0
BRDA:36,7,1,0
BRDA:45,8,0,0
BRDA:45,8,1,0
BRDA:47,9,0,0
BRDA:47,9,1,0
BRDA:48,10,0,0
BRDA:48,10,1,0
BRDA:54,11,0,0
BRDA:54,11,1,0
BRDA:54,12,0,0
BRDA:54,12,1,0
BRDA:54,12,2,0
BRDA:60,13,0,0
BRDA:60,13,1,0
BRDA:60,14,0,0
BRDA:60,14,1,0
BRDA:63,15,0,0
BRDA:63,15,1,0
BRDA:63,16,0,0
BRDA:63,16,1,0
BRDA:63,16,2,0
BRDA:72,17,0,0
BRDA:72,17,1,0
BRDA:72,18,0,0
BRDA:72,18,1,0
BRDA:82,19,0,0
BRDA:82,19,1,0
BRDA:82,20,0,0
BRDA:82,20,1,0
BRDA:82,20,2,0
BRDA:85,21,0,0
BRDA:85,21,1,0
BRDA:85,22,0,0
BRDA:85,22,1,0
BRDA:85,22,2,0
BRDA:94,23,0,0
BRDA:94,23,1,0
BRDA:94,24,0,0
BRDA:94,24,1,0
BRF:56
BRH:0
end_of_record
TN:
SF:src\components\RRLayout\ProgressIndicatorContainer.js
FN:4,(anonymous_0)
FN:17,(anonymous_1)
FNF:2
FNH:0
FNDA:0,(anonymous_0)
FNDA:0,(anonymous_1)
DA:4,4
DA:17,4
DA:21,4
LF:3
LH:3
BRF:0
BRH:0
end_of_record
TN:
SF:src\components\RRLayout\RRHome.js
FN:23,(anonymous_0)
FN:75,(anonymous_1)
FN:79,(anonymous_2)
FN:83,(anonymous_3)
FN:87,(anonymous_4)
FNF:5
FNH:0
FNDA:0,(anonymous_0)
FNDA:0,(anonymous_1)
FNDA:0,(anonymous_2)
FNDA:0,(anonymous_3)
FNDA:0,(anonymous_4)
DA:23,2
DA:24,0
DA:25,0
DA:26,0
DA:29,0
DA:30,0
DA:31,0
DA:32,0
DA:33,0
DA:35,0
DA:36,0
DA:37,0
DA:38,0
DA:39,0
DA:41,0
DA:42,0
DA:44,0
DA:45,0
DA:46,0
DA:51,0
DA:52,0
DA:53,0
DA:54,0
DA:58,0
DA:59,0
DA:60,0
DA:61,0
DA:65,0
DA:66,0
DA:67,0
DA:71,0
DA:72,0
DA:75,0
DA:76,0
DA:79,0
DA:80,0
DA:83,0
DA:84,0
DA:87,0
DA:88,0
DA:91,0
LF:41
LH:1
BRDA:36,0,0,0
BRDA:36,0,1,0
BRDA:37,1,0,0
BRDA:37,1,1,0
BRDA:38,2,0,0
BRDA:38,2,1,0
BRDA:39,3,0,0
BRDA:39,3,1,0
BRDA:51,4,0,0
BRDA:51,4,1,0
BRDA:58,5,0,0
BRDA:58,5,1,0
BRDA:65,6,0,0
BRDA:65,6,1,0
BRDA:71,7,0,0
BRDA:71,7,1,0
BRDA:95,8,0,0
BRDA:95,8,1,0
BRDA:129,9,0,0
BRDA:129,9,1,0
BRF:20
BRH:0
end_of_record
TN:
SF:src\components\RRLayout\RRHomeContainer.js
FNF:0
FNH:0
DA:5,2
DA:9,2
LF:2
LH:2
BRF:0
BRH:0
end_of_record
TN:
SF:src\components\RRLayout\Range.jsx
FN:5,(anonymous_0)
FN:10,(anonymous_1)
FN:14,(anonymous_2)
FNF:3
FNH:0
FNDA:0,(anonymous_0)
FNDA:0,(anonymous_1)
FNDA:0,(anonymous_2)
DA:6,0
DA:7,0
DA:11,0
DA:16,0
DA:17,0
DA:18,0
LF:6
LH:0
BRDA:28,0,0,0
BRDA:28,0,1,0
BRF:2
BRH:0
end_of_record
TN:
SF:src\components\RRLayout\RoutineBuilder.js
FN:3,(anonymous_0)
FN:7,(anonymous_1)
FN:31,(anonymous_2)
FN:44,(anonymous_3)
FN:61,(anonymous_4)
FN:73,(anonymous_5)
FN:87,(anonymous_6)
FN:182,(anonymous_7)
FNF:8
FNH:0
FNDA:0,(anonymous_0)
FNDA:0,(anonymous_1)
FNDA:0,(anonymous_2)
FNDA:0,(anonymous_3)
FNDA:0,(anonymous_4)
FNDA:0,(anonymous_5)
FNDA:0,(anonymous_6)
FNDA:0,(anonymous_7)
DA:3,3
DA:7,3
DA:9,0
DA:10,0
DA:11,0
DA:12,0
DA:15,0
DA:17,0
DA:18,0
DA:21,0
DA:23,0
DA:26,0
DA:28,0
DA:29,0
DA:31,0
DA:32,0
DA:37,0
DA:38,0
DA:41,0
DA:44,3
DA:45,0
DA:56,0
DA:58,0
DA:61,3
DA:62,0
DA:63,0
DA:65,0
DA:66,0
DA:67,0
DA:70,0
DA:73,3
DA:74,0
DA:77,0
DA:80,0
DA:82,0
DA:84,0
DA:87,3
DA:88,0
DA:93,0
DA:96,0
DA:99,0
DA:100,0
DA:104,0
DA:107,0
DA:110,0
DA:111,0
DA:113,0
DA:115,0
DA:116,0
DA:118,0
DA:120,0
DA:122,0
DA:124,0
DA:127,0
DA:128,0
DA:129,0
DA:130,0
DA:131,0
DA:132,0
DA:142,0
DA:143,0
DA:144,0
DA:146,0
DA:147,0
DA:148,0
DA:151,0
DA:154,0
DA:156,0
DA:160,0
DA:163,0
DA:169,0
DA:172,0
DA:175,0
DA:178,0
DA:182,3
DA:183,0
DA:186,0
DA:189,0
DA:192,0
DA:195,0
DA:198,0
DA:199,0
DA:201,0
DA:204,0
LF:84
LH:7
BRDA:17,0,0,0
BRDA:17,0,1,0
BRDA:18,1,0,0
BRDA:18,1,1,0
BRDA:23,2,0,0
BRDA:23,2,1,0
BRDA:28,3,0,0
BRDA:28,3,1,0
BRDA:37,4,0,0
BRDA:37,4,1,0
BRDA:56,5,0,0
BRDA:56,5,1,0
BRDA:118,6,0,0
BRDA:118,6,1,0
BRDA:120,7,0,0
BRDA:120,7,1,0
BRDA:120,8,0,0
BRDA:120,8,1,0
BRDA:142,9,0,0
BRDA:142,9,1,0
BRDA:146,10,0,0
BRDA:146,10,1,0
BRDA:151,11,0,0
BRDA:151,11,1,0
BRDA:154,12,0,0
BRDA:154,12,1,0
BRDA:163,13,0,0
BRDA:163,13,1,0
BRDA:172,14,0,0
BRDA:172,14,1,0
BRF:30
BRH:0
end_of_record
TN:
SF:src\components\RRLayout\RoutineDescription.js
FN:8,(anonymous_0)
FN:16,(anonymous_1)
FN:25,(anonymous_2)
FN:37,(anonymous_3)
FNF:4
FNH:0
FNDA:0,(anonymous_0)
FNDA:0,(anonymous_1)
FNDA:0,(anonymous_2)
FNDA:0,(anonymous_3)
DA:9,0
DA:11,0
DA:17,0
DA:18,0
DA:19,0
DA:21,0
DA:27,0
DA:29,0
DA:30,0
DA:32,0
DA:39,0
DA:48,3
LF:12
LH:1
BRDA:17,0,0,0
BRDA:17,0,1,0
BRDA:27,1,0,0
BRDA:27,1,1,0
BRF:4
BRH:0
end_of_record
TN:
SF:src\components\RRLayout\RoutineDescriptionContainer.js
FN:6,(anonymous_0)
FN:18,(anonymous_1)
FNF:2
FNH:0
FNDA:0,(anonymous_0)
FNDA:0,(anonymous_1)
DA:6,0
DA:18,0
DA:22,0
LF:3
LH:0
BRF:0
BRH:0
end_of_record
TN:
SF:src\components\RRLayout\RoutineSelect.js
FN:10,(anonymous_0)
FN:47,(anonymous_1)
FN:79,(anonymous_2)
FN:86,(anonymous_3)
FN:90,(anonymous_4)
FN:94,(anonymous_5)
FN:135,(anonymous_6)
FN:139,(anonymous_7)
FN:159,(anonymous_8)
FN:187,(anonymous_9)
FNF:10
FNH:3
FNDA:0,(anonymous_0)
FNDA:1,(anonymous_1)
FNDA:17,(anonymous_2)
FNDA:0,(anonymous_3)
FNDA:0,(anonymous_4)
FNDA:0,(anonymous_5)
FNDA:0,(anonymous_6)
FNDA:0,(anonymous_7)
FNDA:16,(anonymous_8)
FNDA:0,(anonymous_9)
DA:10,3
DA:47,3
DA:80,17
DA:82,16
DA:87,0
DA:91,0
DA:96,0
DA:97,0
DA:99,0
DA:100,0
DA:101,0
DA:102,0
DA:107,0
DA:108,0
DA:110,0
DA:111,0
DA:112,0
DA:113,0
DA:119,0
DA:120,0
DA:121,0
DA:122,0
DA:123,0
DA:124,0
DA:125,0
DA:126,0
DA:127,0
DA:128,0
DA:129,0
DA:130,0
DA:140,0
DA:142,0
DA:144,0
DA:145,0
DA:146,0
DA:147,0
DA:152,0
DA:153,0
DA:154,0
DA:155,0
DA:156,0
DA:160,16
DA:161,16
DA:164,16
DA:165,16
DA:167,16
DA:168,0
DA:169,0
DA:171,0
DA:175,0
DA:187,0
LF:51
LH:9
BRDA:87,0,0,0
BRDA:87,0,1,0
BRDA:96,1,0,0
BRDA:96,1,1,0
BRDA:97,2,0,0
BRDA:97,2,1,0
BRDA:97,3,0,0
BRDA:97,3,1,0
BRDA:107,4,0,0
BRDA:107,4,1,0
BRDA:108,5,0,0
BRDA:108,5,1,0
BRDA:108,6,0,0
BRDA:108,6,1,0
BRDA:119,7,0,0
BRDA:119,7,1,0
BRDA:119,8,0,0
BRDA:119,8,1,0
BRDA:125,9,0,0
BRDA:125,9,1,0
BRDA:125,10,0,0
BRDA:125,10,1,0
BRDA:144,11,0,0
BRDA:144,11,1,0
BRDA:146,12,0,0
BRDA:146,12,1,0
BRDA:168,13,0,0
BRDA:168,13,1,0
BRDA:180,14,0,0
BRDA:180,14,1,0
BRF:30
BRH:0
end_of_record
TN:
SF:src\components\RRLayout\RoutineSelectContainer.js
FN:7,(anonymous_0)
FNF:1
FNH:0
FNDA:0,(anonymous_0)
DA:7,3
DA:18,3
DA:20,3
DA:28,3
LF:4
LH:4
BRF:0
BRH:0
end_of_record
TN:
SF:src\components\RRLayout\Routines.js
FNF:0
FNH:0
DA:1,0
LF:1
LH:0
BRF:0
BRH:0
end_of_record
TN:
SF:src\components\RRLayout\Timer.js
FN:21,(anonymous_0)
FN:62,(anonymous_1)
FN:69,(anonymous_2)
FN:73,(anonymous_3)
FN:109,(anonymous_4)
FN:164,(anonymous_5)
FN:180,(anonymous_6)
FN:195,(anonymous_7)
FN:201,(anonymous_8)
FN:216,(anonymous_9)
FN:228,(anonymous_10)
FN:317,(anonymous_11)
FN:325,(anonymous_12)
FN:347,(anonymous_13)
FN:369,(anonymous_14)
FN:380,difference
FN:382,(anonymous_16)
FN:459,(anonymous_17)
FNF:18
FNH:0
FNDA:0,(anonymous_0)
FNDA:0,(anonymous_1)
FNDA:0,(anonymous_2)
FNDA:0,(anonymous_3)
FNDA:0,(anonymous_4)
FNDA:0,(anonymous_5)
FNDA:0,(anonymous_6)
FNDA:0,(anonymous_7)
FNDA:0,(anonymous_8)
FNDA:0,(anonymous_9)
FNDA:0,(anonymous_10)
FNDA:0,(anonymous_11)
FNDA:0,(anonymous_12)
FNDA:0,(anonymous_13)
FNDA:0,(anonymous_14)
FNDA:0,difference
FNDA:0,(anonymous_16)
FNDA:0,(anonymous_17)
DA:22,0
DA:24,0
DA:40,0
DA:42,0
DA:43,0
DA:45,0
DA:46,0
DA:47,0
DA:48,0
DA:49,0
DA:51,0
DA:52,0
DA:53,0
DA:54,0
DA:55,0
DA:56,0
DA:58,0
DA:59,0
DA:63,0
DA:64,0
DA:65,0
DA:67,0
DA:75,0
DA:77,0
DA:79,0
DA:80,0
DA:85,0
DA:87,0
DA:88,0
DA:90,0
DA:93,0
DA:96,0
DA:97,0
DA:98,0
DA:100,0
DA:102,0
DA:103,0
DA:116,0
DA:117,0
DA:118,0
DA:120,0
DA:121,0
DA:122,0
DA:123,0
DA:125,0
DA:126,0
DA:127,0
DA:128,0
DA:129,0
DA:130,0
DA:133,0
DA:134,0
DA:142,0
DA:143,0
DA:144,0
DA:146,0
DA:148,0
DA:150,0
DA:152,0
DA:154,0
DA:156,0
DA:158,0
DA:160,0
DA:166,0
DA:170,0
DA:172,0
DA:176,0
DA:181,0
DA:183,0
DA:184,0
DA:185,0
DA:187,0
DA:189,0
DA:195,0
DA:202,0
DA:203,0
DA:204,0
DA:205,0
DA:207,0
DA:209,0
DA:216,0
DA:220,0
DA:221,0
DA:223,0
DA:224,0
DA:231,0
DA:232,0
DA:236,0
DA:237,0
DA:250,0
DA:252,0
DA:253,0
DA:255,0
DA:258,0
DA:259,0
DA:260,0
DA:262,0
DA:266,0
DA:268,0
DA:270,0
DA:272,0
DA:274,0
DA:276,0
DA:278,0
DA:280,0
DA:284,0
DA:286,0
DA:287,0
DA:289,0
DA:295,0
DA:299,0
DA:301,0
DA:303,0
DA:305,0
DA:309,0
DA:318,0
DA:320,0
DA:322,0
DA:329,0
DA:330,0
DA:331,0
DA:333,0
DA:334,0
DA:335,0
DA:336,0
DA:339,0
DA:342,0
DA:343,0
DA:351,0
DA:352,0
DA:353,0
DA:355,0
DA:356,0
DA:357,0
DA:358,0
DA:361,0
DA:364,0
DA:365,0
DA:370,0
DA:371,0
DA:372,0
DA:373,0
DA:374,0
DA:375,0
DA:376,0
DA:378,0
DA:381,0
DA:382,0
DA:386,0
DA:387,0
DA:388,0
DA:402,0
DA:404,0
DA:416,0
DA:417,0
DA:418,0
DA:419,0
DA:420,0
DA:421,0
DA:422,0
DA:426,0
DA:427,0
DA:428,0
DA:429,0
DA:430,0
DA:431,0
DA:432,0
DA:433,0
DA:434,0
DA:436,0
DA:438,0
DA:450,0
DA:461,0
DA:462,0
DA:464,0
DA:466,0
DA:468,0
DA:470,0
DA:471,0
DA:478,0
DA:480,0
DA:482,0
DA:484,0
DA:487,0
DA:513,0
DA:515,0
DA:532,0
DA:571,3
LF:188
LH:1
BRDA:64,0,0,0
BRDA:64,0,1,0
BRDA:77,1,0,0
BRDA:77,1,1,0
BRDA:85,2,0,0
BRDA:85,2,1,0
BRDA:123,3,0,0
BRDA:123,3,1,0
BRDA:125,4,0,0
BRDA:125,4,1,0
BRDA:133,5,0,0
BRDA:133,5,1,0
BRDA:134,6,0,0
BRDA:134,6,1,0
BRDA:146,7,0,0
BRDA:146,7,1,0
BRDA:146,7,2,0
BRDA:146,7,3,0
BRDA:231,8,0,0
BRDA:231,8,1,0
BRDA:231,9,0,0
BRDA:231,9,1,0
BRDA:236,10,0,0
BRDA:236,10,1,0
BRDA:236,11,0,0
BRDA:236,11,1,0
BRDA:250,12,0,0
BRDA:250,12,1,0
BRDA:250,13,0,0
BRDA:250,13,1,0
BRDA:258,14,0,0
BRDA:258,14,1,0
BRDA:258,15,0,0
BRDA:258,15,1,0
BRDA:266,16,0,0
BRDA:266,16,1,0
BRDA:266,17,0,0
BRDA:266,17,1,0
BRDA:266,17,2,0
BRDA:268,18,0,0
BRDA:268,18,1,0
BRDA:284,19,0,0
BRDA:284,19,1,0
BRDA:295,20,0,0
BRDA:295,20,1,0
BRDA:301,21,0,0
BRDA:301,21,1,0
BRDA:303,22,0,0
BRDA:303,22,1,0
BRDA:388,23,0,0
BRDA:388,23,1,0
BRDA:404,24,0,0
BRDA:404,24,1,0
BRDA:436,25,0,0
BRDA:436,25,1,0
BRDA:450,26,0,0
BRDA:450,26,1,0
BRDA:466,27,0,0
BRDA:466,27,1,0
BRDA:466,28,0,0
BRDA:466,28,1,0
BRDA:470,29,0,0
BRDA:470,29,1,0
BRDA:470,30,0,0
BRDA:470,30,1,0
BRDA:478,31,0,0
BRDA:478,31,1,0
BRDA:480,32,0,0
BRDA:480,32,1,0
BRDA:480,33,0,0
BRDA:480,33,1,0
BRDA:482,34,0,0
BRDA:482,34,1,0
BRDA:482,35,0,0
BRDA:482,35,1,0
BRDA:482,35,2,0
BRDA:484,36,0,0
BRDA:484,36,1,0
BRDA:484,37,0,0
BRDA:484,37,1,0
BRDA:497,38,0,0
BRDA:497,38,1,0
BRDA:513,39,0,0
BRDA:513,39,1,0
BRDA:513,40,0,0
BRDA:513,40,1,0
BRF:86
BRH:0
end_of_record
TN:
SF:src\components\RRLayout\TimerContainer.js
FN:29,(anonymous_0)
FN:38,(anonymous_1)
FN:39,(anonymous_2)
FN:42,(anonymous_3)
FN:45,(anonymous_4)
FN:48,(anonymous_5)
FN:51,(anonymous_6)
FN:54,(anonymous_7)
FN:57,(anonymous_8)
FN:60,(anonymous_9)
FN:63,(anonymous_10)
FN:66,(anonymous_11)
FN:69,(anonymous_12)
FN:72,(anonymous_13)
FN:75,(anonymous_14)
FN:78,(anonymous_15)
FN:81,(anonymous_16)
FN:84,(anonymous_17)
FN:87,(anonymous_18)
FN:90,(anonymous_19)
FN:93,(anonymous_20)
FNF:21
FNH:0
FNDA:0,(anonymous_0)
FNDA:0,(anonymous_1)
FNDA:0,(anonymous_2)
FNDA:0,(anonymous_3)
FNDA:0,(anonymous_4)
FNDA:0,(anonymous_5)
FNDA:0,(anonymous_6)
FNDA:0,(anonymous_7)
FNDA:0,(anonymous_8)
FNDA:0,(anonymous_9)
FNDA:0,(anonymous_10)
FNDA:0,(anonymous_11)
FNDA:0,(anonymous_12)
FNDA:0,(anonymous_13)
FNDA:0,(anonymous_14)
FNDA:0,(anonymous_15)
FNDA:0,(anonymous_16)
FNDA:0,(anonymous_17)
FNDA:0,(anonymous_18)
FNDA:0,(anonymous_19)
FNDA:0,(anonymous_20)
DA:29,2
DA:38,2
DA:40,0
DA:43,0
DA:46,0
DA:49,0
DA:52,0
DA:55,0
DA:58,0
DA:61,0
DA:64,0
DA:67,0
DA:70,0
DA:73,0
DA:76,0
DA:79,0
DA:82,0
DA:85,0
DA:88,0
DA:91,0
DA:94,0
DA:98,2
LF:22
LH:3
BRF:0
BRH:0
end_of_record
TN:
SF:src\components\RRLayout\VowelCheckboxes.js
FNF:0
FNH:0
DA:1,0
LF:1
LH:0
BRF:0
BRH:0
end_of_record
TN:
SF:src\components\RRLayout\WordCard.js
FN:17,(anonymous_0)
FN:23,(anonymous_1)
FN:181,(anonymous_2)
FN:186,(anonymous_3)
FN:191,(anonymous_4)
FNF:5
FNH:0
FNDA:0,(anonymous_0)
FNDA:0,(anonymous_1)
FNDA:0,(anonymous_2)
FNDA:0,(anonymous_3)
FNDA:0,(anonymous_4)
DA:17,3
DA:18,0
DA:19,0
DA:21,0
DA:23,0
DA:24,0
DA:25,0
DA:26,0
DA:27,0
DA:29,0
DA:30,0
DA:32,0
DA:34,0
DA:35,0
DA:51,0
DA:52,0
DA:68,0
DA:69,0
DA:86,0
DA:105,0
DA:106,0
DA:120,0
DA:121,0
DA:135,0
DA:136,0
DA:151,0
DA:169,0
DA:173,0
DA:176,0
DA:186,0
DA:187,0
DA:191,0
DA:192,0
DA:194,0
DA:197,0
DA:198,0
DA:199,0
DA:200,0
DA:204,0
DA:205,0
DA:206,0
DA:209,0
DA:210,0
DA:212,0
DA:223,0
DA:224,0
DA:227,0
DA:230,0
DA:232,0
DA:233,0
DA:234,0
DA:237,0
DA:238,0
DA:241,0
DA:242,0
DA:244,0
DA:247,0
DA:248,0
DA:249,0
DA:260,0
DA:276,0
DA:279,0
DA:281,0
DA:283,0
DA:284,0
DA:287,0
DA:288,0
DA:291,0
DA:292,0
DA:293,0
DA:294,0
DA:296,0
DA:299,0
DA:313,0
DA:316,0
DA:317,0
DA:318,0
DA:321,0
DA:326,0
DA:336,0
DA:339,0
DA:340,0
DA:343,0
DA:344,0
DA:355,0
DA:356,0
DA:363,0
DA:364,0
DA:372,0
DA:381,0
DA:390,3
DA:394,3
LF:92
LH:3
BRDA:32,0,0,0
BRDA:32,0,1,0
BRDA:32,0,2,0
BRDA:34,1,0,0
BRDA:34,1,1,0
BRDA:34,2,0,0
BRDA:34,2,1,0
BRDA:51,3,0,0
BRDA:51,3,1,0
BRDA:51,4,0,0
BRDA:51,4,1,0
BRDA:68,5,0,0
BRDA:68,5,1,0
BRDA:68,6,0,0
BRDA:68,6,1,0
BRDA:105,7,0,0
BRDA:105,7,1,0
BRDA:105,8,0,0
BRDA:105,8,1,0
BRDA:120,9,0,0
BRDA:120,9,1,0
BRDA:120,10,0,0
BRDA:120,10,1,0
BRDA:135,11,0,0
BRDA:135,11,1,0
BRDA:135,12,0,0
BRDA:135,12,1,0
BRDA:177,13,0,0
BRDA:177,13,1,0
BRDA:192,14,0,0
BRDA:192,14,1,0
BRDA:197,15,0,0
BRDA:197,15,1,0
BRDA:197,16,0,0
BRDA:197,16,1,0
BRDA:204,17,0,0
BRDA:204,17,1,0
BRDA:204,18,0,0
BRDA:204,18,1,0
BRDA:205,19,0,0
BRDA:205,19,1,0
BRDA:205,20,0,0
BRDA:205,20,1,0
BRDA:209,21,0,0
BRDA:209,21,1,0
BRDA:209,22,0,0
BRDA:209,22,1,0
BRDA:227,23,0,0
BRDA:227,23,1,0
BRDA:227,24,0,0
BRDA:227,24,1,0
BRDA:227,24,2,0
BRDA:234,25,0,0
BRDA:234,25,1,0
BRDA:237,26,0,0
BRDA:237,26,1,0
BRDA:237,27,0,0
BRDA:237,27,1,0
BRDA:241,28,0,0
BRDA:241,28,1,0
BRDA:241,29,0,0
BRDA:241,29,1,0
BRDA:279,30,0,0
BRDA:279,30,1,0
BRDA:279,31,0,0
BRDA:279,31,1,0
BRDA:291,32,0,0
BRDA:291,32,1,0
BRDA:293,33,0,0
BRDA:293,33,1,0
BRDA:313,34,0,0
BRDA:313,34,1,0
BRDA:313,35,0,0
BRDA:313,35,1,0
BRDA:316,36,0,0
BRDA:316,36,1,0
BRDA:336,37,0,0
BRDA:336,37,1,0
BRDA:339,38,0,0
BRDA:339,38,1,0
BRDA:339,39,0,0
BRDA:339,39,1,0
BRDA:339,39,2,0
BRDA:343,40,0,0
BRDA:343,40,1,0
BRDA:355,41,0,0
BRDA:355,41,1,0
BRDA:363,42,0,0
BRDA:363,42,1,0
BRF:89
BRH:0
end_of_record
TN:
SF:src\components\RRLayout\WordCardContainer.js
FN:11,(anonymous_0)
FN:28,(anonymous_1)
FN:29,(anonymous_2)
FN:32,(anonymous_3)
FN:35,(anonymous_4)
FN:38,(anonymous_5)
FN:41,(anonymous_6)
FN:44,(anonymous_7)
FN:47,(anonymous_8)
FNF:9
FNH:0
FNDA:0,(anonymous_0)
FNDA:0,(anonymous_1)
FNDA:0,(anonymous_2)
FNDA:0,(anonymous_3)
FNDA:0,(anonymous_4)
FNDA:0,(anonymous_5)
FNDA:0,(anonymous_6)
FNDA:0,(anonymous_7)
FNDA:0,(anonymous_8)
DA:11,2
DA:28,2
DA:30,0
DA:33,0
DA:36,0
DA:39,0
DA:42,0
DA:45,0
DA:48,0
DA:52,2
LF:10
LH:3
BRF:0
BRH:0
end_of_record
TN:
SF:src\components\RRLayout\WordHistory.js
FN:13,WordHistory
FN:40,(anonymous_1)
FNF:2
FNH:0
FNDA:0,WordHistory
FNDA:0,(anonymous_1)
DA:15,0
DA:17,0
DA:18,0
DA:20,0
DA:21,0
DA:24,0
DA:25,0
DA:29,0
DA:30,0
DA:32,0
DA:35,0
DA:37,0
DA:41,0
DA:55,0
LF:14
LH:0
BRDA:20,0,0,0
BRDA:20,0,1,0
BRDA:20,1,0,0
BRDA:20,1,1,0
BRDA:24,2,0,0
BRDA:24,2,1,0
BRDA:24,3,0,0
BRDA:24,3,1,0
BRDA:29,4,0,0
BRDA:29,4,1,0
BRDA:29,5,0,0
BRDA:29,5,1,0
BRF:12
BRH:0
end_of_record
TN:
SF:src\components\RRLayout\WordHistoryContainer.js
FN:4,(anonymous_0)
FN:10,(anonymous_1)
FNF:2
FNH:0
FNDA:0,(anonymous_0)
FNDA:0,(anonymous_1)
DA:4,0
DA:10,0
DA:14,0
LF:3
LH:0
BRF:0
BRH:0
end_of_record
TN:
SF:src\components\RRLayout\elements\Sentence.js
FN:8,(anonymous_0)
FN:16,(anonymous_1)
FN:23,(anonymous_2)
FN:40,SentenceWrapper
FNF:4
FNH:0
FNDA:0,(anonymous_0)
FNDA:0,(anonymous_1)
FNDA:0,(anonymous_2)
FNDA:0,SentenceWrapper
DA:9,0
DA:11,0
DA:12,0
DA:18,0
DA:19,0
DA:24,0
DA:26,0
DA:27,0
DA:33,0
DA:41,0
DA:42,0
DA:44,0
LF:12
LH:0
BRDA:26,0,0,0
BRDA:26,0,1,0
BRF:2
BRH:0
end_of_record
TN:
SF:src\components\RRLayout\elements\VowelCheckbox.js
FN:9,(anonymous_0)
FN:17,(anonymous_1)
FN:26,(anonymous_2)
FN:30,(anonymous_3)
FNF:4
FNH:0
FNDA:0,(anonymous_0)
FNDA:0,(anonymous_1)
FNDA:0,(anonymous_2)
FNDA:0,(anonymous_3)
DA:10,0
DA:12,0
DA:13,0
DA:14,0
DA:19,0
DA:20,0
DA:22,0
DA:27,0
DA:29,0
DA:30,0
DA:37,0
LF:11
LH:0
BRDA:30,0,0,0
BRDA:30,0,1,0
BRDA:30,1,0,0
BRDA:30,1,1,0
BRF:4
BRH:0
end_of_record
TN:
SF:src\components\RRLayout\elements\Word.js
FN:9,(anonymous_0)
FN:17,(anonymous_1)
FN:21,(anonymous_2)
FN:28,(anonymous_3)
FNF:4
FNH:0
FNDA:0,(anonymous_0)
FNDA:0,(anonymous_1)
FNDA:0,(anonymous_2)
FNDA:0,(anonymous_3)
DA:10,0
DA:12,0
DA:13,0
DA:18,0
DA:23,0
DA:24,0
DA:29,0
DA:31,0
DA:32,0
DA:38,0
DA:44,4
LF:11
LH:1
BRDA:31,0,0,0
BRDA:31,0,1,0
BRF:2
BRH:0
end_of_record
TN:
SF:src\components\RandomlyRead\ExerciseHistory.js
FN:77,(anonymous_0)
FN:87,(anonymous_1)
FN:94,(anonymous_2)
FN:101,(anonymous_3)
FN:103,(anonymous_4)
FN:126,(anonymous_5)
FN:146,(anonymous_6)
FN:262,ExerciseHistoryWrapper
FNF:8
FNH:0
FNDA:0,(anonymous_0)
FNDA:0,(anonymous_1)
FNDA:0,(anonymous_2)
FNDA:0,(anonymous_3)
FNDA:0,(anonymous_4)
FNDA:0,(anonymous_5)
FNDA:0,(anonymous_6)
FNDA:0,ExerciseHistoryWrapper
DA:20,4
DA:29,4
DA:70,4
DA:78,0
DA:80,0
DA:84,0
DA:89,0
DA:90,0
DA:95,0
DA:96,0
DA:98,0
DA:103,0
DA:106,0
DA:108,0
DA:109,0
DA:111,0
DA:113,0
DA:114,0
DA:116,0
DA:117,0
DA:119,0
DA:122,0
DA:123,0
DA:124,0
DA:126,0
DA:127,0
DA:128,0
DA:129,0
DA:130,0
DA:131,0
DA:134,0
DA:137,0
DA:139,0
DA:140,0
DA:141,0
DA:143,0
DA:144,0
DA:146,0
DA:147,0
DA:148,0
DA:149,0
DA:150,0
DA:151,0
DA:155,0
DA:160,0
DA:164,0
DA:165,0
DA:185,0
DA:186,0
DA:208,0
DA:221,0
DA:223,0
DA:247,0
DA:251,0
DA:257,4
DA:263,0
DA:266,0
DA:267,0
DA:268,0
DA:269,0
DA:270,0
DA:273,0
DA:274,0
DA:275,0
DA:276,0
DA:277,0
DA:279,0
LF:67
LH:4
BRDA:96,0,0,0
BRDA:96,0,1,0
BRDA:106,1,0,0
BRDA:106,1,1,0
BRDA:111,2,0,0
BRDA:111,2,1,0
BRDA:114,3,0,0
BRDA:114,3,1,0
BRDA:116,4,0,0
BRDA:116,4,1,0
BRDA:122,5,0,0
BRDA:122,5,1,0
BRDA:122,6,0,0
BRDA:122,6,1,0
BRDA:128,7,0,0
BRDA:128,7,1,0
BRDA:130,8,0,0
BRDA:130,8,1,0
BRDA:137,9,0,0
BRDA:137,9,1,0
BRDA:137,10,0,0
BRDA:137,10,1,0
BRDA:139,11,0,0
BRDA:139,11,1,0
BRDA:140,12,0,0
BRDA:140,12,1,0
BRDA:141,13,0,0
BRDA:141,13,1,0
BRDA:148,14,0,0
BRDA:148,14,1,0
BRDA:150,15,0,0
BRDA:150,15,1,0
BRDA:164,16,0,0
BRDA:164,16,1,0
BRDA:164,17,0,0
BRDA:164,17,1,0
BRDA:164,17,2,0
BRDA:185,18,0,0
BRDA:185,18,1,0
BRDA:185,19,0,0
BRDA:185,19,1,0
BRDA:185,19,2,0
BRDA:187,20,0,0
BRDA:187,20,1,0
BRDA:189,21,0,0
BRDA:189,21,1,0
BRDA:189,22,0,0
BRDA:189,22,1,0
BRDA:189,22,2,0
BRDA:189,22,3,0
BRDA:191,23,0,0
BRDA:191,23,1,0
BRDA:191,24,0,0
BRDA:191,24,1,0
BRDA:201,25,0,0
BRDA:201,25,1,0
BRDA:201,26,0,0
BRDA:201,26,1,0
BRDA:201,27,0,0
BRDA:201,27,1,0
BRDA:201,28,0,0
BRDA:201,28,1,0
BRDA:203,29,0,0
BRDA:203,29,1,0
BRDA:203,30,0,0
BRDA:203,30,1,0
BRDA:203,31,0,0
BRDA:203,31,1,0
BRDA:203,32,0,0
BRDA:203,32,1,0
BRDA:221,33,0,0
BRDA:221,33,1,0
BRDA:221,34,0,0
BRDA:221,34,1,0
BRDA:221,34,2,0
BRDA:273,35,0,0
BRDA:273,35,1,0
BRDA:274,36,0,0
BRDA:274,36,1,0
BRDA:275,37,0,0
BRDA:275,37,1,0
BRDA:276,38,0,0
BRDA:276,38,1,0
BRDA:277,39,0,0
BRDA:277,39,1,0
BRF:85
BRH:0
end_of_record
TN:
SF:src\components\RandomlyRead\Home.js
FN:38,TabPanel
FN:64,a11yProps
FN:71,LinkTab
FN:75,(anonymous_3)
FN:83,(anonymous_4)
FN:130,(anonymous_5)
FN:135,updatePathname
FN:159,handleShortcut
FN:269,(anonymous_8)
FN:276,(anonymous_9)
FN:288,(anonymous_10)
FN:295,(anonymous_11)
FN:307,(anonymous_12)
FN:314,(anonymous_13)
FNF:14
FNH:9
FNDA:113,TabPanel
FNDA:111,a11yProps
FNDA:161,LinkTab
FNDA:17,(anonymous_3)
FNDA:39,(anonymous_4)
FNDA:14,(anonymous_5)
FNDA:14,updatePathname
FNDA:1,handleShortcut
FNDA:1,(anonymous_8)
FNDA:0,(anonymous_9)
FNDA:0,(anonymous_10)
FNDA:0,(anonymous_11)
FNDA:0,(anonymous_12)
FNDA:0,(anonymous_13)
DA:39,113
DA:41,111
DA:58,4
DA:65,111
DA:72,161
DA:76,17
DA:83,4
DA:84,39
DA:85,37
DA:86,37
DA:87,37
DA:89,37
DA:92,37
DA:93,37
DA:94,37
DA:95,37
DA:97,37
DA:98,37
DA:99,37
DA:100,37
DA:101,37
DA:103,37
DA:104,37
DA:106,37
DA:108,37
DA:109,111
DA:110,0
DA:114,37
DA:115,37
DA:117,0
DA:120,37
DA:122,37
DA:123,111
DA:124,0
DA:128,37
DA:130,37
DA:131,14
DA:132,14
DA:140,14
DA:142,14
DA:144,14
DA:146,14
DA:147,42
DA:148,0
DA:149,0
DA:153,14
DA:154,14
DA:155,14
DA:162,1
DA:164,1
DA:166,1
DA:168,1
DA:170,1
DA:171,1
DA:172,1
DA:173,1
DA:174,1
DA:175,1
DA:176,1
DA:177,1
DA:178,1
DA:181,1
DA:182,3
DA:183,0
DA:184,0
DA:188,1
DA:189,1
DA:190,1
DA:192,1
DA:198,37
DA:199,37
DA:202,37
DA:203,0
DA:204,0
DA:208,37
DA:209,0
DA:210,0
DA:215,37
DA:269,1
DA:276,0
DA:288,0
DA:295,0
DA:307,0
DA:314,0
LF:84
LH:68
BRDA:49,0,0,111
BRDA:49,0,1,37
BRDA:98,1,0,0
BRDA:98,1,1,37
BRDA:99,2,0,0
BRDA:99,2,1,37
BRDA:100,3,0,0
BRDA:100,3,1,37
BRDA:101,4,0,0
BRDA:101,4,1,37
BRDA:109,5,0,0
BRDA:109,5,1,111
BRDA:114,6,0,37
BRDA:114,6,1,0
BRDA:123,7,0,0
BRDA:123,7,1,111
BRDA:142,8,0,1
BRDA:142,8,1,13
BRDA:147,9,0,0
BRDA:147,9,1,42
BRDA:166,10,0,0
BRDA:166,10,1,1
BRDA:170,11,0,1
BRDA:170,11,1,0
BRDA:182,12,0,0
BRDA:182,12,1,3
BRDA:202,13,0,0
BRDA:202,13,1,37
BRDA:208,14,0,0
BRDA:208,14,1,37
BRDA:208,15,0,37
BRDA:208,15,1,37
BRDA:265,16,0,35
BRDA:265,16,1,2
BRDA:284,17,0,1
BRDA:284,17,1,36
BRDA:303,18,0,1
BRDA:303,18,1,36
BRDA:359,19,0,37
BRDA:359,19,1,0
BRDA:359,20,0,37
BRDA:359,20,1,0
BRF:42
BRH:27
end_of_record
TN:
SF:src\components\RandomlyRead\RoutineDescription.js
FN:16,(anonymous_0)
FN:31,(anonymous_1)
FN:40,(anonymous_2)
FN:52,(anonymous_3)
FN:74,(anonymous_4)
FN:95,(anonymous_5)
FN:116,(anonymous_6)
FN:134,(anonymous_7)
FN:138,(anonymous_8)
FN:142,(anonymous_9)
FN:161,(anonymous_10)
FN:162,(anonymous_11)
FN:203,(anonymous_12)
FN:224,(anonymous_13)
FN:253,(anonymous_14)
FN:268,RoutineDescriptionWrapper
FNF:16
FNH:0
FNDA:0,(anonymous_0)
FNDA:0,(anonymous_1)
FNDA:0,(anonymous_2)
FNDA:0,(anonymous_3)
FNDA:0,(anonymous_4)
FNDA:0,(anonymous_5)
FNDA:0,(anonymous_6)
FNDA:0,(anonymous_7)
FNDA:0,(anonymous_8)
FNDA:0,(anonymous_9)
FNDA:0,(anonymous_10)
FNDA:0,(anonymous_11)
FNDA:0,(anonymous_12)
FNDA:0,(anonymous_13)
FNDA:0,(anonymous_14)
FNDA:0,RoutineDescriptionWrapper
DA:17,0
DA:19,0
DA:24,0
DA:25,0
DA:27,0
DA:28,0
DA:32,0
DA:33,0
DA:34,0
DA:36,0
DA:42,0
DA:44,0
DA:45,0
DA:47,0
DA:53,0
DA:55,0
DA:56,0
DA:58,0
DA:60,0
DA:61,0
DA:64,0
DA:66,0
DA:67,0
DA:68,0
DA:69,0
DA:70,0
DA:71,0
DA:76,0
DA:78,0
DA:80,0
DA:81,0
DA:84,0
DA:85,0
DA:87,0
DA:88,0
DA:91,0
DA:97,0
DA:99,0
DA:101,0
DA:102,0
DA:105,0
DA:106,0
DA:108,0
DA:109,0
DA:112,0
DA:117,0
DA:119,0
DA:121,0
DA:122,0
DA:125,0
DA:127,0
DA:128,0
DA:129,0
DA:130,0
DA:135,0
DA:139,0
DA:143,0
DA:145,0
DA:147,0
DA:161,0
DA:162,0
DA:164,0
DA:203,0
DA:227,0
DA:229,0
DA:231,0
DA:232,0
DA:234,0
DA:238,0
DA:240,0
DA:242,0
DA:243,0
DA:244,0
DA:245,0
DA:247,0
DA:250,0
DA:254,0
DA:255,0
DA:257,0
DA:263,4
DA:269,0
DA:270,0
DA:273,0
DA:274,0
DA:275,0
DA:276,0
DA:277,0
DA:279,0
DA:280,0
DA:281,0
DA:282,0
DA:283,0
DA:285,0
LF:93
LH:1
BRDA:32,0,0,0
BRDA:32,0,1,0
BRDA:42,1,0,0
BRDA:42,1,1,0
BRDA:61,2,0,0
BRDA:61,2,1,0
BRDA:81,3,0,0
BRDA:81,3,1,0
BRDA:88,4,0,0
BRDA:88,4,1,0
BRDA:102,5,0,0
BRDA:102,5,1,0
BRDA:109,6,0,0
BRDA:109,6,1,0
BRDA:112,7,0,0
BRDA:112,7,1,0
BRDA:122,8,0,0
BRDA:122,8,1,0
BRDA:203,9,0,0
BRDA:203,9,1,0
BRDA:203,9,2,0
BRDA:213,10,0,0
BRDA:213,10,1,0
BRDA:213,10,2,0
BRDA:213,10,3,0
BRDA:231,11,0,0
BRDA:231,11,1,0
BRDA:242,12,0,0
BRDA:242,12,1,0
BRDA:244,13,0,0
BRDA:244,13,1,0
BRDA:254,14,0,0
BRDA:254,14,1,0
BRDA:254,15,0,0
BRDA:254,15,1,0
BRDA:280,16,0,0
BRDA:280,16,1,0
BRDA:281,17,0,0
BRDA:281,17,1,0
BRDA:282,18,0,0
BRDA:282,18,1,0
BRDA:283,19,0,0
BRDA:283,19,1,0
BRF:43
BRH:0
end_of_record
TN:
SF:src\components\RandomlyRead\RoutineSelect.js
FN:10,(anonymous_0)
FN:47,(anonymous_1)
FN:79,(anonymous_2)
FN:86,(anonymous_3)
FN:94,(anonymous_4)
FN:104,(anonymous_5)
FN:156,(anonymous_6)
FN:160,(anonymous_7)
FN:181,(anonymous_8)
FN:217,(anonymous_9)
FNF:10
FNH:0
FNDA:0,(anonymous_0)
FNDA:0,(anonymous_1)
FNDA:0,(anonymous_2)
FNDA:0,(anonymous_3)
FNDA:0,(anonymous_4)
FNDA:0,(anonymous_5)
FNDA:0,(anonymous_6)
FNDA:0,(anonymous_7)
FNDA:0,(anonymous_8)
FNDA:0,(anonymous_9)
DA:10,2
DA:47,2
DA:80,0
DA:82,0
DA:87,0
DA:88,0
DA:89,0
DA:90,0
DA:95,0
DA:97,0
DA:98,0
DA:100,0
DA:107,0
DA:110,0
DA:111,0
DA:114,0
DA:115,0
DA:119,0
DA:120,0
DA:121,0
DA:122,0
DA:126,0
DA:127,0
DA:131,0
DA:132,0
DA:133,0
DA:134,0
DA:140,0
DA:141,0
DA:142,0
DA:143,0
DA:144,0
DA:145,0
DA:146,0
DA:147,0
DA:148,0
DA:149,0
DA:150,0
DA:151,0
DA:161,0
[...]
DA:67,0
DA:69,0
DA:71,0
DA:73,0
DA:75,0
DA:77,0
DA:79,0
DA:81,0
DA:83,6
LF:25
LH:3
BRDA:36,0,0,6
BRDA:37,1,0,0
BRDA:37,1,1,0
BRDA:37,1,2,0
BRDA:37,1,3,0
BRDA:37,1,4,0
BRDA:37,1,5,0
BRDA:37,1,6,0
BRDA:37,1,7,0
BRDA:37,1,8,0
BRDA:37,1,9,0
BRDA:37,1,10,0
BRDA:37,1,11,0
BRDA:37,1,12,0
BRDA:37,1,13,0
BRDA:37,1,14,0
BRDA:37,1,15,0
BRDA:37,1,16,0
BRDA:37,1,17,0
BRDA:37,1,18,0
BRDA:37,1,19,0
BRDA:37,1,20,0
BRDA:37,1,21,0
BRDA:37,1,22,6
BRF:24
BRH:2
end_of_record
TN:
SF:src\reducers\interaction.js
FN:20,(anonymous_0)
FN:46,(anonymous_1)
FNF:2
FNH:1
FNDA:6,(anonymous_0)
FNDA:0,(anonymous_1)
DA:17,2
DA:21,6
DA:23,0
DA:25,0
DA:27,0
DA:30,0
DA:32,0
DA:34,0
DA:37,0
DA:39,0
DA:41,0
DA:44,0
DA:46,0
DA:47,0
DA:49,0
DA:52,0
DA:55,6
LF:17
LH:3
BRDA:20,0,0,6
BRDA:21,1,0,0
BRDA:21,1,1,0
BRDA:21,1,2,0
BRDA:21,1,3,0
BRDA:21,1,4,0
BRDA:21,1,5,0
BRDA:21,1,6,0
BRDA:21,1,7,0
BRDA:21,1,8,0
BRDA:21,1,9,0
BRDA:21,1,10,0
BRDA:21,1,11,0
BRDA:21,1,12,0
BRDA:21,1,13,6
BRF:15
BRH:2
end_of_record
TN:
SF:src\reducers\modeSelect.js
FN:6,(anonymous_0)
FNF:1
FNH:1
FNDA:6,(anonymous_0)
DA:3,2
DA:4,2
DA:7,6
DA:9,0
DA:11,0
DA:13,6
LF:6
LH:4
BRDA:3,0,0,2
BRDA:3,0,1,2
BRDA:6,1,0,6
BRDA:7,2,0,0
BRDA:7,2,1,0
BRDA:7,2,2,6
BRF:6
BRH:4
end_of_record
TN:
SF:src\reducers\posts.js
FN:31,(anonymous_0)
FN:32,(anonymous_1)
FN:35,(anonymous_2)
FN:68,(anonymous_3)
FNF:4
FNH:1
FNDA:0,(anonymous_0)
FNDA:0,(anonymous_1)
FNDA:6,(anonymous_2)
FNDA:0,(anonymous_3)
DA:29,2
DA:31,2
DA:32,0
DA:36,6
DA:38,0
DA:40,0
DA:42,0
DA:45,0
DA:47,0
DA:49,0
DA:52,0
DA:54,0
DA:56,0
DA:59,0
DA:61,0
DA:63,0
DA:66,0
DA:68,0
DA:69,0
DA:71,0
DA:74,0
DA:76,0
DA:78,0
DA:81,0
DA:83,0
DA:85,0
DA:88,0
DA:90,0
DA:91,0
DA:98,0
DA:101,0
DA:104,6
LF:32
LH:4
BRDA:32,0,0,0
BRDA:32,0,1,0
BRDA:35,1,0,6
BRDA:36,2,0,0
BRDA:36,2,1,0
BRDA:36,2,2,0
BRDA:36,2,3,0
BRDA:36,2,4,0
BRDA:36,2,5,0
BRDA:36,2,6,0
BRDA:36,2,7,0
BRDA:36,2,8,0
BRDA:36,2,9,0
BRDA:36,2,10,0
BRDA:36,2,11,0
BRDA:36,2,12,0
BRDA:36,2,13,0
BRDA:36,2,14,0
BRDA:36,2,15,0
BRDA:36,2,16,0
BRDA:36,2,17,0
BRDA:36,2,18,0
BRDA:36,2,19,0
BRDA:36,2,20,0
BRDA:36,2,21,0
BRDA:36,2,22,0
BRDA:36,2,23,0
BRDA:36,2,24,0
BRDA:36,2,25,6
BRF:29
BRH:2
end_of_record
TN:
SF:src\reducers\routineBuilder.js
FN:72,(anonymous_0)
FN:87,(anonymous_1)
FN:149,(anonymous_2)
FN:159,(anonymous_3)
FNF:4
FNH:1
FNDA:6,(anonymous_0)
FNDA:0,(anonymous_1)
FNDA:0,(anonymous_2)
FNDA:0,(anonymous_3)
DA:49,2
DA:73,6
DA:76,0
DA:78,0
DA:80,0
DA:83,0
DA:85,0
DA:88,0
DA:92,0
DA:95,0
DA:97,0
DA:99,0
DA:102,0
DA:104,0
DA:106,0
DA:109,0
DA:111,0
DA:113,0
DA:116,0
DA:119,0
DA:122,0
DA:128,0
DA:139,0
DA:141,0
DA:143,0
DA:145,0
DA:147,0
DA:149,0
DA:151,0
DA:153,0
DA:155,0
DA:157,0
DA:159,0
DA:161,0
DA:163,0
DA:165,0
DA:167,0
DA:169,0
DA:171,0
DA:173,0
DA:175,0
DA:178,0
DA:181,6
LF:43
LH:3
BRDA:72,0,0,6
BRDA:73,1,0,0
BRDA:73,1,1,0
BRDA:73,1,2,0
BRDA:73,1,3,0
BRDA:73,1,4,0
BRDA:73,1,5,0
BRDA:73,1,6,0
BRDA:73,1,7,0
BRDA:73,1,8,0
BRDA:73,1,9,0
BRDA:73,1,10,0
BRDA:73,1,11,0
BRDA:73,1,12,0
BRDA:73,1,13,0
BRDA:73,1,14,0
BRDA:73,1,15,0
BRDA:73,1,16,0
BRDA:73,1,17,0
BRDA:73,1,18,0
BRDA:73,1,19,0
BRDA:73,1,20,0
BRDA:73,1,21,0
BRDA:73,1,22,0
BRDA:73,1,23,0
BRDA:73,1,24,0
BRDA:73,1,25,0
BRDA:73,1,26,0
BRDA:73,1,27,0
BRDA:73,1,28,0
BRDA:73,1,29,0
BRDA:73,1,30,0
BRDA:73,1,31,0
BRDA:73,1,32,0
BRDA:73,1,33,0
BRDA:73,1,34,0
BRDA:73,1,35,0
BRDA:73,1,36,0
BRDA:73,1,37,0
BRDA:73,1,38,0
BRDA:73,1,39,6
BRDA:88,2,0,0
BRDA:88,2,1,0
BRF:43
BRH:2
end_of_record
TN:
SF:src\reducers\routineSelect.js
FN:22,(anonymous_0)
FNF:1
FNH:1
FNDA:6,(anonymous_0)
DA:13,2
DA:23,6
DA:26,0
DA:28,0
DA:30,0
DA:33,0
DA:35,0
DA:37,0
DA:39,0
DA:41,0
DA:44,0
DA:47,6
LF:12
LH:3
BRDA:22,0,0,6
BRDA:23,1,0,0
BRDA:23,1,1,0
BRDA:23,1,2,0
BRDA:23,1,3,0
BRDA:23,1,4,0
BRDA:23,1,5,0
BRDA:23,1,6,0
BRDA:23,1,7,0
BRDA:23,1,8,0
BRDA:23,1,9,6
BRF:11
BRH:2
end_of_record
TN:
SF:src\reducers\theme.js
FN:6,(anonymous_0)
FNF:1
FNH:1
FNDA:6,(anonymous_0)
DA:3,2
DA:4,2
DA:7,6
DA:9,0
DA:11,6
LF:5
LH:4
BRDA:6,0,0,6
BRDA:7,1,0,0
BRDA:7,1,1,6
BRF:3
BRH:2
end_of_record
TN:
SF:src\reducers\viewHistory.js
FN:18,(anonymous_0)
FNF:1
FNH:1
FNDA:6,(anonymous_0)
DA:10,2
DA:19,6
DA:21,0
DA:23,0
DA:25,0
DA:28,0
DA:31,0
DA:34,0
DA:37,0
DA:40,6
LF:10
LH:3
BRDA:18,0,0,6
BRDA:19,1,0,0
BRDA:19,1,1,0
BRDA:19,1,2,0
BRDA:19,1,3,0
BRDA:19,1,4,0
BRDA:19,1,5,0
BRDA:19,1,6,0
BRDA:19,1,7,6
BRF:9
BRH:2
end_of_record
TN:
SF:src\reducers\word.js
FN:31,(anonymous_0)
FN:42,(anonymous_1)
FNF:2
FNH:1
FNDA:6,(anonymous_0)
FNDA:0,(anonymous_1)
DA:18,2
DA:32,6
DA:34,0
DA:36,0
DA:38,0
DA:40,0
DA:42,0
DA:44,0
DA:46,0
DA:48,0
DA:50,0
DA:52,0
DA:54,0
DA:56,0
DA:58,0
DA:60,0
DA:62,0
DA:64,0
DA:67,6
LF:19
LH:3
BRDA:31,0,0,6
BRDA:32,1,0,0
BRDA:32,1,1,0
BRDA:32,1,2,0
BRDA:32,1,3,0
BRDA:32,1,4,0
BRDA:32,1,5,0
BRDA:32,1,6,0
BRDA:32,1,7,0
BRDA:32,1,8,0
BRDA:32,1,9,0
BRDA:32,1,10,0
BRDA:32,1,11,0
BRDA:32,1,12,0
BRDA:32,1,13,0
BRDA:32,1,14,0
BRDA:32,1,15,0
BRDA:32,1,16,6
BRDA:36,2,0,0
BRDA:36,2,1,0
BRDA:42,3,0,0
BRDA:42,3,1,0
BRDA:50,4,0,0
BRDA:50,4,1,0
BRF:24
BRH:2
end_of_record
TN:
SF:src\tests\RandomlyRead.test.config.js
FN:36,(anonymous_0)
FN:38,(anonymous_1)
FN:52,(anonymous_2)
FN:55,(anonymous_3)
FN:60,(anonymous_4)
FN:67,(anonymous_5)
FN:75,(anonymous_6)
FN:245,(anonymous_7)
FN:279,(anonymous_8)
FN:288,(anonymous_9)
FN:294,(anonymous_10)
FN:298,(anonymous_11)
FN:303,(anonymous_12)
FN:314,(anonymous_13)
FN:317,(anonymous_14)
FN:328,(anonymous_15)
FN:333,(anonymous_16)
FN:343,(anonymous_17)
FNF:18
FNH:0
FNDA:0,(anonymous_0)
FNDA:0,(anonymous_1)
FNDA:0,(anonymous_2)
FNDA:0,(anonymous_3)
FNDA:0,(anonymous_4)
FNDA:0,(anonymous_5)
FNDA:0,(anonymous_6)
FNDA:0,(anonymous_7)
FNDA:0,(anonymous_8)
FNDA:0,(anonymous_9)
FNDA:0,(anonymous_10)
FNDA:0,(anonymous_11)
FNDA:0,(anonymous_12)
FNDA:0,(anonymous_13)
FNDA:0,(anonymous_14)
FNDA:0,(anonymous_15)
FNDA:0,(anonymous_16)
FNDA:0,(anonymous_17)
DA:5,0
DA:36,0
DA:38,0
DA:39,0
DA:40,0
DA:41,0
DA:42,0
DA:44,0
DA:49,0
DA:52,0
DA:53,0
DA:55,0
DA:60,0
DA:67,0
DA:75,0
DA:76,0
DA:77,0
DA:80,0
DA:81,0
DA:86,0
DA:243,0
DA:245,0
DA:280,0
DA:281,0
DA:282,0
DA:283,0
DA:284,0
DA:288,0
DA:290,0
DA:295,0
DA:296,0
DA:297,0
DA:298,0
DA:304,0
DA:305,0
DA:312,0
DA:315,0
DA:317,0
DA:318,0
DA:319,0
DA:321,0
DA:322,0
DA:326,0
DA:328,0
DA:334,0
DA:335,0
DA:336,0
DA:337,0
DA:339,0
DA:341,0
DA:343,0
LF:51
LH:0
BRDA:39,0,0,0
BRDA:39,0,1,0
BRDA:41,1,0,0
BRDA:41,1,1,0
BRDA:80,2,0,0
BRDA:80,2,1,0
BRDA:80,3,0,0
BRDA:80,3,1,0
BRDA:245,4,0,0
BRDA:279,5,0,0
BRDA:284,6,0,0
BRDA:284,6,1,0
BRDA:294,7,0,0
BRDA:305,8,0,0
BRDA:305,8,1,0
BRDA:305,8,2,0
BRDA:321,9,0,0
BRDA:321,9,1,0
BRDA:339,10,0,0
BRDA:339,10,1,0
BRDA:339,10,2,0
BRF:21
BRH:0
end_of_record
TN:
SF:src\tests\manualGraphQLTest.js
FN:81,createApolloClient
FN:86,(anonymous_1)
FN:110,runManualTests
FN:165,(anonymous_3)
FN:166,(anonymous_4)
FN:169,(anonymous_5)
FN:188,(anonymous_6)
FN:189,(anonymous_7)
FN:192,(anonymous_8)
FNF:9
FNH:0
FNDA:0,createApolloClient
FNDA:0,(anonymous_1)
FNDA:0,runManualTests
FNDA:0,(anonymous_3)
FNDA:0,(anonymous_4)
FNDA:0,(anonymous_5)
FNDA:0,(anonymous_6)
FNDA:0,(anonymous_7)
FNDA:0,(anonymous_8)
DA:13,0
DA:82,0
DA:86,0
DA:87,0
DA:95,0
DA:111,0
DA:113,0
DA:114,0
DA:116,0
DA:117,0
DA:118,0
DA:120,0
DA:122,0
DA:124,0
DA:125,0
DA:128,0
DA:131,0
DA:132,0
DA:137,0
DA:139,0
DA:140,0
DA:142,0
DA:150,0
DA:152,0
DA:159,0
DA:163,0
DA:164,0
DA:165,0
DA:166,0
DA:168,0
DA:169,0
DA:170,0
DA:171,0
DA:172,0
DA:174,0
DA:175,0
DA:179,0
DA:186,0
DA:187,0
DA:189,0
DA:190,0
DA:193,0
DA:194,0
LF:43
LH:0
BRDA:14,0,0,0
BRDA:14,0,1,0
BRDA:90,1,0,0
BRDA:90,1,1,0
BRDA:124,2,0,0
BRDA:124,2,1,0
BRDA:170,3,0,0
BRDA:170,3,1,0
BRDA:171,4,0,0
BRDA:171,4,1,0
BRDA:174,5,0,0
BRDA:174,5,1,0
BRDA:186,6,0,0
BRDA:186,6,1,0
BRDA:186,7,0,0
BRDA:186,7,1,0
BRDA:190,8,0,0
BRDA:190,8,1,0
BRF:18
BRH:0
end_of_record
TN:
SF:src\tests\runGraphQLTests.js
FN:29,(anonymous_0)
FN:62,(anonymous_1)
FN:67,(anonymous_2)
FNF:3
FNH:0
FNDA:0,(anonymous_0)
FNDA:0,(anonymous_1)
FNDA:0,(anonymous_2)
DA:10,0
DA:11,0
DA:13,0
DA:15,0
DA:23,0
DA:29,0
DA:30,0
DA:32,0
DA:33,0
DA:42,0
DA:43,0
DA:46,0
DA:47,0
DA:48,0
DA:51,0
DA:55,0
DA:56,0
DA:57,0
DA:58,0
DA:60,0
DA:61,0
DA:62,0
DA:65,0
DA:66,0
DA:67,0
DA:69,0
DA:70,0
DA:71,0
DA:72,0
DA:73,0
DA:75,0
DA:77,0
DA:78,0
LF:33
LH:0
BRDA:60,0,0,0
BRDA:60,0,1,0
BRDA:65,1,0,0
BRDA:65,1,1,0
BRF:4
BRH:0
end_of_record
TN:
SF:src\tests\runRandomlyReadTests.js
FN:44,(anonymous_0)
FN:48,(anonymous_1)
FN:54,(anonymous_2)
FN:60,(anonymous_3)
FN:61,(anonymous_4)
FN:62,(anonymous_5)
FN:63,(anonymous_6)
FN:66,(anonymous_7)
FN:72,(anonymous_8)
FN:93,(anonymous_9)
FN:106,(anonymous_10)
FN:107,(anonymous_11)
FN:126,(anonymous_12)
FN:131,(anonymous_13)
FN:140,(anonymous_14)
FN:153,(anonymous_15)
FN:162,(anonymous_16)
FN:190,(anonymous_17)
FN:193,(anonymous_18)
FN:194,(anonymous_19)
FN:195,(anonymous_20)
FN:196,(anonymous_21)
FN:216,(anonymous_22)
FN:219,(anonymous_23)
FN:250,(anonymous_24)
FN:266,(anonymous_25)
FNF:26
FNH:0
FNDA:0,(anonymous_0)
FNDA:0,(anonymous_1)
FNDA:0,(anonymous_2)
FNDA:0,(anonymous_3)
FNDA:0,(anonymous_4)
FNDA:0,(anonymous_5)
FNDA:0,(anonymous_6)
FNDA:0,(anonymous_7)
FNDA:0,(anonymous_8)
FNDA:0,(anonymous_9)
FNDA:0,(anonymous_10)
FNDA:0,(anonymous_11)
FNDA:0,(anonymous_12)
FNDA:0,(anonymous_13)
FNDA:0,(anonymous_14)
FNDA:0,(anonymous_15)
FNDA:0,(anonymous_16)
FNDA:0,(anonymous_17)
FNDA:0,(anonymous_18)
FNDA:0,(anonymous_19)
FNDA:0,(anonymous_20)
FNDA:0,(anonymous_21)
FNDA:0,(anonymous_22)
FNDA:0,(anonymous_23)
FNDA:0,(anonymous_24)
FNDA:0,(anonymous_25)
DA:8,0
DA:9,0
DA:10,0
DA:13,0
DA:25,0
DA:44,0
DA:45,0
DA:48,0
DA:49,0
DA:50,0
DA:51,0
DA:54,0
DA:55,0
DA:56,0
DA:57,0
DA:60,0
DA:61,0
DA:62,0
DA:63,0
DA:66,0
DA:67,0
DA:69,0
DA:70,0
DA:72,0
DA:73,0
DA:74,0
DA:75,0
DA:76,0
DA:78,0
DA:79,0
DA:83,0
DA:84,0
DA:85,0
DA:88,0
DA:89,0
DA:93,0
DA:94,0
DA:95,0
DA:97,0
DA:98,0
DA:105,0
DA:106,0
DA:107,0
DA:108,0
DA:110,0
DA:111,0
DA:112,0
DA:114,0
DA:115,0
DA:119,0
DA:120,0
DA:121,0
DA:126,0
DA:127,0
DA:129,0
DA:131,0
DA:132,0
DA:133,0
DA:136,0
DA:140,0
DA:141,0
DA:143,0
DA:144,0
DA:145,0
DA:152,0
DA:153,0
DA:155,0
DA:156,0
DA:157,0
DA:160,0
DA:161,0
DA:162,0
DA:165,0
DA:170,0
DA:171,0
DA:173,0
DA:176,0
DA:180,0
DA:183,0
DA:184,0
DA:185,0
DA:190,0
DA:191,0
DA:193,0
DA:194,0
DA:195,0
DA:196,0
DA:198,0
DA:200,0
DA:203,0
DA:204,0
DA:205,0
DA:207,0
DA:209,0
DA:211,0
DA:216,0
DA:217,0
DA:218,0
DA:219,0
DA:220,0
DA:221,0
DA:222,0
DA:228,0
DA:229,0
DA:231,0
DA:232,0
DA:235,0
DA:238,0
DA:250,0
DA:251,0
DA:259,0
DA:260,0
DA:262,0
DA:266,0
DA:267,0
DA:270,0
DA:271,0
DA:272,0
DA:276,0
DA:279,0
DA:282,0
DA:285,0
DA:288,0
DA:289,0
DA:290,0
DA:292,0
DA:293,0
DA:298,0
DA:299,0
DA:302,0
LF:130
LH:0
BRDA:44,0,0,0
BRDA:74,1,0,0
BRDA:74,1,1,0
BRDA:83,2,0,0
BRDA:83,2,1,0
BRDA:110,3,0,0
BRDA:110,3,1,0
BRDA:155,4,0,0
BRDA:155,4,1,0
BRDA:161,5,0,0
BRDA:161,5,1,0
BRDA:161,6,0,0
BRDA:161,6,1,0
BRDA:165,7,0,0
BRDA:165,7,1,0
BRDA:165,7,2,0
BRDA:165,7,3,0
BRDA:170,8,0,0
BRDA:170,8,1,0
BRDA:199,9,0,0
BRDA:199,9,1,0
BRDA:201,10,0,0
BRDA:201,10,1,0
BRDA:203,11,0,0
BRDA:203,11,1,0
BRDA:203,12,0,0
BRDA:203,12,1,0
BRDA:206,13,0,0
BRDA:206,13,1,0
BRDA:208,14,0,0
BRDA:208,14,1,0
BRDA:210,15,0,0
BRDA:210,15,1,0
BRDA:212,16,0,0
BRDA:212,16,1,0
BRDA:217,17,0,0
BRDA:217,17,1,0
BRDA:221,18,0,0
BRDA:221,18,1,0
BRDA:228,19,0,0
BRDA:228,19,1,0
BRDA:228,20,0,0
BRDA:228,20,1,0
BRDA:231,21,0,0
BRDA:231,21,1,0
BRDA:244,22,0,0
BRDA:244,22,1,0
BRDA:270,23,0,0
BRDA:270,23,1,0
BRDA:288,24,0,0
BRDA:288,24,1,0
BRDA:298,25,0,0
BRDA:298,25,1,0
BRF:53
BRH:0
end_of_record
TN:
SF:src\types\index.ts
FNF:0
FNH:0
LF:0
LH:0
BRF:0
BRH:0
end_of_record
TN:
SF:src\types\store.ts
FNF:0
FNH:0
LF:0
LH:0
BRF:0
BRH:0
end_of_record
TN:
SF:src\util\api.js
FN:6,(anonymous_0)
FN:24,(anonymous_1)
FN:39,(anonymous_2)
FN:50,(anonymous_3)
FN:65,(anonymous_4)
FN:77,(anonymous_5)
FN:98,login
FN:103,signup
FN:108,getPosts
FN:112,getPostsByDate
FN:116,getProfile
FN:120,getPost
FN:124,createPost
FN:128,deletePost
FN:132,createComment
FN:136,deleteComment
FN:140,castVote
FN:152,createInteraction
FN:156,deleteInteraction
FN:160,getInteractions
FN:164,getInteractionSettings
FN:168,getRoutineSettings
FN:172,getRoutines
FN:176,updateRoutine
FN:180,getUsers
FN:184,getUser
FN:188,getUserRoutines
FN:192,createRoutine
FN:196,deleteRoutine
FN:200,updateUser
FN:204,createUser
FN:208,getViewHistory
FN:214,buildQuery
FNF:33
FNH:0
FNDA:0,(anonymous_0)
FNDA:0,(anonymous_1)
FNDA:0,(anonymous_2)
FNDA:0,(anonymous_3)
FNDA:0,(anonymous_4)
FNDA:0,(anonymous_5)
FNDA:0,login
FNDA:0,signup
FNDA:0,getPosts
FNDA:0,getPostsByDate
FNDA:0,getProfile
FNDA:0,getPost
FNDA:0,createPost
FNDA:0,deletePost
FNDA:0,createComment
FNDA:0,deleteComment
FNDA:0,castVote
FNDA:0,createInteraction
FNDA:0,deleteInteraction
FNDA:0,getInteractions
FNDA:0,getInteractionSettings
FNDA:0,getRoutineSettings
FNDA:0,getRoutines
FNDA:0,updateRoutine
FNDA:0,getUsers
FNDA:0,getUser
FNDA:0,getUserRoutines
FNDA:0,createRoutine
FNDA:0,deleteRoutine
FNDA:0,updateUser
FNDA:0,createUser
FNDA:0,getViewHistory
FNDA:0,buildQuery
DA:3,4
DA:5,4
DA:7,0
DA:14,0
DA:15,0
DA:17,0
DA:18,0
DA:19,0
DA:22,0
DA:25,0
DA:34,0
DA:35,0
DA:37,0
DA:38,0
DA:39,0
DA:40,0
DA:44,0
DA:45,0
DA:48,0
DA:51,0
DA:60,0
DA:61,0
DA:63,0
DA:64,0
DA:65,0
DA:66,0
DA:70,0
DA:71,0
DA:74,0
DA:78,0
DA:86,0
DA:87,0
DA:89,0
DA:90,0
DA:91,0
DA:94,0
DA:99,0
DA:100,0
DA:104,0
DA:105,0
DA:109,0
DA:113,0
DA:117,0
DA:121,0
DA:125,0
DA:129,0
DA:133,0
DA:137,0
DA:141,0
DA:147,0
DA:149,0
DA:153,0
DA:157,0
DA:161,0
DA:165,0
DA:169,0
DA:173,0
DA:177,0
DA:181,0
DA:185,0
DA:189,0
DA:193,0
DA:197,0
DA:201,0
DA:205,0
DA:209,0
DA:216,0
DA:217,0
DA:218,0
DA:219,0
DA:220,0
DA:221,0
DA:222,0
DA:224,0
DA:226,0
DA:227,0
DA:243,0
DA:244,0
DA:260,0
DA:261,0
DA:278,0
DA:297,0
DA:298,0
DA:312,0
DA:313,0
DA:327,0
DA:328,0
DA:343,0
DA:360,0
LF:89
LH:2
BRDA:3,0,0,4
BRDA:3,0,1,0
BRDA:6,1,0,0
BRDA:10,2,0,0
BRDA:10,2,1,0
BRDA:17,3,0,0
BRDA:17,3,1,0
BRDA:18,4,0,0
BRDA:18,4,1,0
BRDA:24,5,0,0
BRDA:29,6,0,0
BRDA:29,6,1,0
BRDA:37,7,0,0
BRDA:37,7,1,0
BRDA:38,8,0,0
BRDA:38,8,1,0
BRDA:44,9,0,0
BRDA:44,9,1,0
BRDA:50,10,0,0
BRDA:55,11,0,0
BRDA:55,11,1,0
BRDA:63,12,0,0
BRDA:63,12,1,0
BRDA:64,13,0,0
BRDA:64,13,1,0
BRDA:70,14,0,0
BRDA:70,14,1,0
BRDA:77,15,0,0
BRDA:82,16,0,0
BRDA:82,16,1,0
BRDA:89,17,0,0
BRDA:89,17,1,0
BRDA:90,18,0,0
BRDA:90,18,1,0
BRDA:224,19,0,0
BRDA:224,19,1,0
BRDA:224,19,2,0
BRDA:226,20,0,0
BRDA:226,20,1,0
BRDA:226,21,0,0
BRDA:226,21,1,0
BRDA:243,22,0,0
BRDA:243,22,1,0
BRDA:243,23,0,0
BRDA:243,23,1,0
BRDA:260,24,0,0
BRDA:260,24,1,0
BRDA:260,25,0,0
BRDA:260,25,1,0
BRDA:297,26,0,0
BRDA:297,26,1,0
BRDA:297,27,0,0
BRDA:297,27,1,0
BRDA:312,28,0,0
BRDA:312,28,1,0
BRDA:312,29,0,0
BRDA:312,29,1,0
BRDA:327,30,0,0
BRDA:327,30,1,0
BRDA:327,31,0,0
BRDA:327,31,1,0
BRF:61
BRH:1
end_of_record
TN:
SF:src\util\history.js
FN:10,(anonymous_0)
FN:14,(anonymous_1)
FN:18,(anonymous_2)
FN:21,(anonymous_3)
FNF:4
FNH:0
FNDA:0,(anonymous_0)
FNDA:0,(anonymous_1)
FNDA:0,(anonymous_2)
FNDA:0,(anonymous_3)
DA:9,0
DA:11,0
DA:15,0
DA:19,0
DA:21,0
LF:5
LH:0
BRF:0
BRH:0
end_of_record
TN:
SF:src\util\validators.js
FN:1,(anonymous_0)
FN:6,(anonymous_1)
FN:11,(anonymous_2)
FN:14,(anonymous_3)
FN:17,(anonymous_4)
FN:20,(anonymous_5)
FN:23,(anonymous_6)
FN:32,(anonymous_7)
FN:32,(anonymous_8)
FN:33,(anonymous_9)
FN:33,(anonymous_10)
FN:34,(anonymous_11)
FN:35,(anonymous_12)
FN:36,(anonymous_13)
FN:37,(anonymous_14)
FN:39,(anonymous_15)
FN:40,(anonymous_16)
FN:58,(anonymous_17)
FN:60,(anonymous_18)
FN:62,(anonymous_19)
FN:63,(anonymous_20)
FNF:21
FNH:2
FNDA:0,(anonymous_0)
FNDA:0,(anonymous_1)
FNDA:0,(anonymous_2)
FNDA:0,(anonymous_3)
FNDA:0,(anonymous_4)
FNDA:0,(anonymous_5)
FNDA:0,(anonymous_6)
FNDA:24,(anonymous_7)
FNDA:0,(anonymous_8)
FNDA:2,(anonymous_9)
FNDA:0,(anonymous_10)
FNDA:0,(anonymous_11)
FNDA:0,(anonymous_12)
FNDA:0,(anonymous_13)
FNDA:0,(anonymous_14)
FNDA:0,(anonymous_15)
FNDA:0,(anonymous_16)
FNDA:0,(anonymous_17)
FNDA:0,(anonymous_18)
FNDA:0,(anonymous_19)
FNDA:0,(anonymous_20)
DA:1,2
DA:2,0
DA:6,2
DA:7,0
DA:11,2
DA:12,0
DA:14,2
DA:15,0
DA:17,2
DA:18,0
DA:20,2
DA:21,0
DA:23,2
DA:24,0
DA:25,0
DA:26,0
DA:28,0
DA:32,24
DA:33,2
DA:34,2
DA:35,2
DA:36,2
DA:37,2
DA:39,2
DA:40,2
DA:41,0
DA:44,2
DA:45,2
DA:47,2
DA:48,2
DA:49,2
DA:50,2
DA:51,2
DA:52,2
DA:53,2
DA:54,2
DA:55,2
DA:56,2
DA:58,2
DA:59,0
DA:60,2
DA:61,0
DA:62,2
DA:63,2
LF:44
LH:31
BRDA:2,0,0,0
BRDA:2,0,1,0
BRDA:2,1,0,0
BRDA:2,1,1,0
BRDA:7,2,0,0
BRDA:7,2,1,0
BRDA:7,3,0,0
BRDA:7,3,1,0
BRDA:12,4,0,0
BRDA:12,4,1,0
BRDA:15,5,0,0
BRDA:15,5,1,0
BRDA:18,6,0,0
BRDA:18,6,1,0
BRDA:21,7,0,0
BRDA:21,7,1,0
BRDA:39,8,0,0
BRDA:39,8,1,0
BRDA:41,9,0,0
BRDA:41,9,1,0
BRDA:41,10,0,0
BRDA:41,10,1,0
BRDA:59,11,0,0
BRDA:59,11,1,0
BRDA:61,12,0,0
BRDA:61,12,1,0
BRDA:62,13,0,0
BRDA:62,13,1,0
BRDA:63,14,0,0
BRDA:63,14,1,0
BRF:30
BRH:0
end_of_record
TN:
SF:src\util\withAuth.js
FN:3,withAuth
FN:4,(anonymous_1)
FNF:2
FNH:1
FNDA:25,withAuth
FNDA:0,(anonymous_1)
DA:4,25
DA:9,25
LF:2
LH:2
BRF:0
BRH:0
end_of_record
TN:
SF:src\util\blacklists\index.js
FN:103,getBlacklist
FNF:1
FNH:0
FNDA:0,getBlacklist
DA:105,0
DA:107,0
DA:109,0
DA:112,0
DA:114,0
DA:116,0
DA:118,0
DA:120,0
DA:122,0
DA:124,0
DA:126,0
DA:128,0
DA:130,0
DA:132,0
DA:134,0
DA:136,0
DA:138,0
DA:140,0
DA:142,0
DA:144,0
DA:146,0
DA:151,0
DA:153,0
DA:156,0
DA:158,0
DA:160,0
DA:162,0
DA:164,0
DA:166,0
DA:168,0
DA:170,0
DA:172,0
DA:174,0
DA:176,0
DA:178,0
DA:180,0
DA:182,0
DA:184,0
DA:186,0
DA:188,0
DA:190,0
DA:196,0
DA:198,0
DA:200,0
DA:203,0
DA:205,0
DA:207,0
DA:209,0
DA:211,0
DA:213,0
DA:215,0
DA:217,0
DA:219,0
DA:221,0
DA:223,0
DA:225,0
DA:227,0
DA:229,0
DA:231,0
DA:233,0
DA:235,0
DA:237,0
DA:242,0
DA:244,0
DA:247,0
DA:249,0
DA:251,0
DA:253,0
DA:255,0
DA:257,0
DA:259,0
DA:261,0
DA:263,0
DA:265,0
DA:267,0
DA:269,0
DA:271,0
DA:273,0
DA:275,0
DA:277,0
DA:279,0
DA:281,0
DA:287,0
DA:289,0
DA:291,0
DA:294,0
DA:296,0
DA:298,0
DA:300,0
DA:302,0
DA:304,0
DA:306,0
DA:308,0
DA:310,0
DA:312,0
DA:314,0
DA:316,0
DA:318,0
DA:320,0
DA:322,0
DA:324,0
DA:326,0
DA:328,0
DA:333,0
DA:335,0
DA:338,0
DA:340,0
DA:342,0
DA:344,0
DA:346,0
DA:348,0
DA:350,0
DA:352,0
DA:354,0
DA:356,0
DA:358,0
DA:360,0
DA:362,0
DA:364,0
DA:366,0
DA:368,0
DA:370,0
DA:372,0
DA:379,0
LF:124
LH:0
BRDA:105,0,0,0
BRDA:105,0,1,0
BRDA:107,1,0,0
BRDA:107,1,1,0
BRDA:109,2,0,0
BRDA:109,2,1,0
BRDA:109,2,2,0
BRDA:109,2,3,0
BRDA:109,2,4,0
BRDA:109,2,5,0
BRDA:109,2,6,0
BRDA:109,2,7,0
BRDA:109,2,8,0
BRDA:109,2,9,0
BRDA:109,2,10,0
BRDA:109,2,11,0
BRDA:109,2,12,0
BRDA:109,2,13,0
BRDA:109,2,14,0
BRDA:109,2,15,0
BRDA:109,2,16,0
BRDA:109,2,17,0
BRDA:151,3,0,0
BRDA:151,3,1,0
BRDA:153,4,0,0
BRDA:153,4,1,0
BRDA:153,4,2,0
BRDA:153,4,3,0
BRDA:153,4,4,0
BRDA:153,4,5,0
BRDA:153,4,6,0
BRDA:153,4,7,0
BRDA:153,4,8,0
BRDA:153,4,9,0
BRDA:153,4,10,0
BRDA:153,4,11,0
BRDA:153,4,12,0
BRDA:153,4,13,0
BRDA:153,4,14,0
BRDA:153,4,15,0
BRDA:153,4,16,0
BRDA:153,4,17,0
BRDA:196,5,0,0
BRDA:196,5,1,0
BRDA:198,6,0,0
BRDA:198,6,1,0
BRDA:200,7,0,0
BRDA:200,7,1,0
BRDA:200,7,2,0
BRDA:200,7,3,0
BRDA:200,7,4,0
BRDA:200,7,5,0
BRDA:200,7,6,0
BRDA:200,7,7,0
BRDA:200,7,8,0
BRDA:200,7,9,0
BRDA:200,7,10,0
BRDA:200,7,11,0
BRDA:200,7,12,0
BRDA:200,7,13,0
BRDA:200,7,14,0
BRDA:200,7,15,0
BRDA:200,7,16,0
BRDA:200,7,17,0
BRDA:242,8,0,0
BRDA:242,8,1,0
BRDA:244,9,0,0
BRDA:244,9,1,0
BRDA:244,9,2,0
BRDA:244,9,3,0
BRDA:244,9,4,0
BRDA:244,9,5,0
BRDA:244,9,6,0
BRDA:244,9,7,0
BRDA:244,9,8,0
BRDA:244,9,9,0
BRDA:244,9,10,0
BRDA:244,9,11,0
BRDA:244,9,12,0
BRDA:244,9,13,0
BRDA:244,9,14,0
BRDA:244,9,15,0
BRDA:244,9,16,0
BRDA:244,9,17,0
BRDA:287,10,0,0
BRDA:287,10,1,0
BRDA:289,11,0,0
BRDA:289,11,1,0
BRDA:291,12,0,0
BRDA:291,12,1,0
BRDA:291,12,2,0
BRDA:291,12,3,0
BRDA:291,12,4,0
BRDA:291,12,5,0
BRDA:291,12,6,0
BRDA:291,12,7,0
BRDA:291,12,8,0
BRDA:291,12,9,0
BRDA:291,12,10,0
BRDA:291,12,11,0
BRDA:291,12,12,0
BRDA:291,12,13,0
BRDA:291,12,14,0
BRDA:291,12,15,0
BRDA:291,12,16,0
BRDA:291,12,17,0
BRDA:333,13,0,0
BRDA:333,13,1,0
BRDA:335,14,0,0
BRDA:335,14,1,0
BRDA:335,14,2,0
BRDA:335,14,3,0
BRDA:335,14,4,0
BRDA:335,14,5,0
BRDA:335,14,6,0
BRDA:335,14,7,0
BRDA:335,14,8,0
BRDA:335,14,9,0
BRDA:335,14,10,0
BRDA:335,14,11,0
BRDA:335,14,12,0
BRDA:335,14,13,0
BRDA:335,14,14,0
BRDA:335,14,15,0
BRDA:335,14,16,0
BRDA:335,14,17,0
BRF:126
BRH:0
end_of_record
